[ 2017-11-10T16:51:54+08:00 ] 127.0.0.1 /
INFO: [ app_init ] --START--
INFO: Run Behavior\BuildLiteBehavior [ RunTime:0.000065s ]
INFO: [ app_init ] --END-- [ RunTime:0.011478s ]
INFO: [ app_begin ] --START--
INFO: Run Behavior\ReadHtmlCacheBehavior [ RunTime:0.019968s ]
INFO: [ app_begin ] --END-- [ RunTime:0.020095s ]
NOTIC: [8] Undefined index: stime D:\www\phpweb\railway.xingzhi.com\Common\Common\function.php 第 64 行.
NOTIC: [8] Undefined index: stime D:\www\phpweb\railway.xingzhi.com\Common\Common\function.php 第 66 行.
NOTIC: [8] Undefined index: stime D:\www\phpweb\railway.xingzhi.com\Common\Common\function.php 第 68 行.
NOTIC: [8] Undefined index: etime D:\www\phpweb\railway.xingzhi.com\Common\Common\function.php 第 64 行.
NOTIC: [8] Undefined index: etime D:\www\phpweb\railway.xingzhi.com\Common\Common\function.php 第 66 行.
NOTIC: [8] Undefined index: etime D:\www\phpweb\railway.xingzhi.com\Common\Common\function.php 第 68 行.
SQL: SHOW COLUMNS FROM `reailwayinfo` [ RunTime:0.0096s ]
SQL: SHOW COLUMNS FROM `reailwayinfo` [ RunTime:0.0084s ]
SQL: SELECT * FROM reailwayinfo WHERE begintime BETWEEN '2017-01-01 00:00:00' and '2017-11-10 23:59:59' ORDER BY begintime DESC [ RunTime:0.0067s ]
INFO: [ view_parse ] --START--
INFO: [ template_filter ] --START--
INFO: Run Behavior\ContentReplaceBehavior [ RunTime:0.000127s ]
INFO: [ template_filter ] --END-- [ RunTime:0.000230s ]
INFO: Run Behavior\ParseTemplateBehavior [ RunTime:0.054989s ]
INFO: [ view_parse ] --END-- [ RunTime:0.055102s ]
INFO: [ view_filter ] --START--
INFO: Run Behavior\WriteHtmlCacheBehavior [ RunTime:0.004658s ]
INFO: [ view_filter ] --END-- [ RunTime:0.004744s ]
INFO: [ app_end ] --START--
INFO: Run Behavior\ShowPageTraceBehavior [ RunTime:0.008908s ]
INFO: [ app_end ] --END-- [ RunTime:0.009022s ]

[ 2017-11-10T16:51:56+08:00 ] 127.0.0.1 /home/reailwayinfo/addticket
INFO: [ app_init ] --START--
INFO: Run Behavior\BuildLiteBehavior [ RunTime:0.000014s ]
INFO: [ app_init ] --END-- [ RunTime:0.000536s ]
INFO: [ app_begin ] --START--
INFO: Run Behavior\ReadHtmlCacheBehavior [ RunTime:0.000697s ]
INFO: [ app_begin ] --END-- [ RunTime:0.000739s ]
INFO: [ view_parse ] --START--
INFO: [ template_filter ] --START--
INFO: Run Behavior\ContentReplaceBehavior [ RunTime:0.000091s ]
INFO: [ template_filter ] --END-- [ RunTime:0.000165s ]
INFO: Run Behavior\ParseTemplateBehavior [ RunTime:0.018594s ]
INFO: [ view_parse ] --END-- [ RunTime:0.018649s ]
INFO: [ view_filter ] --START--
INFO: Run Behavior\WriteHtmlCacheBehavior [ RunTime:0.000450s ]
INFO: [ view_filter ] --END-- [ RunTime:0.000479s ]
INFO: [ app_end ] --START--
INFO: Run Behavior\ShowPageTraceBehavior [ RunTime:0.000687s ]
INFO: [ app_end ] --END-- [ RunTime:0.000722s ]

[ 2017-11-10T16:51:56+08:00 ] 127.0.0.1 /api/get_selectorstation
INFO: [ app_init ] --START--
INFO: Run Behavior\BuildLiteBehavior [ RunTime:0.000015s ]
INFO: [ app_init ] --END-- [ RunTime:0.000495s ]
INFO: [ app_begin ] --START--
INFO: Run Behavior\ReadHtmlCacheBehavior [ RunTime:0.000807s ]
INFO: [ app_begin ] --END-- [ RunTime:0.000845s ]
SQL: SHOW COLUMNS FROM `selectorstation` [ RunTime:0.0031s ]
SQL: SELECT * FROM selectorstation [ RunTime:0.0003s ]
INFO: [ app_end ] --START--
INFO: Run Behavior\ShowPageTraceBehavior [ RunTime:0.000956s ]
INFO: [ app_end ] --END-- [ RunTime:0.000989s ]

[ 2017-11-10T16:51:56+08:00 ] 127.0.0.1 /api/get_selectorstation
INFO: [ app_init ] --START--
INFO: Run Behavior\BuildLiteBehavior [ RunTime:0.000011s ]
INFO: [ app_init ] --END-- [ RunTime:0.000398s ]
INFO: [ app_begin ] --START--
INFO: Run Behavior\ReadHtmlCacheBehavior [ RunTime:0.000566s ]
INFO: [ app_begin ] --END-- [ RunTime:0.000601s ]
SQL: SHOW COLUMNS FROM `selectorstation` [ RunTime:0.0032s ]
SQL: SELECT * FROM selectorstation [ RunTime:0.0002s ]
INFO: [ app_end ] --START--
INFO: Run Behavior\ShowPageTraceBehavior [ RunTime:0.000604s ]
INFO: [ app_end ] --END-- [ RunTime:0.000638s ]

[ 2017-11-10T16:52:43+08:00 ] 127.0.0.1 /api/add_ticket?Amount=141&BAmount=&BeginTime=2017-11-09+08%3A34&BuyStation=%E9%94%A6%E5%B7%9E%E5%8D%97%E7%AB%99&EStation=%E5%8C%97%E4%BA%AC%E7%AB%99&Notes=&ReailwayCode=D12&SeatNum=10F&SStation=%E9%94%A6%E5%B7%9E%E5%8D%97%E7%AB%99&ReailwayNum=15&ReailwayType=%E5%8A%A8%E8%BD%A6&ReailwaySeatType=%E4%BA%8C%E7%AD%89%E5%BA%A7
INFO: [ app_init ] --START--
INFO: Run Behavior\BuildLiteBehavior [ RunTime:0.000010s ]
INFO: [ app_init ] --END-- [ RunTime:0.000449s ]
INFO: [ app_begin ] --START--
INFO: Run Behavior\ReadHtmlCacheBehavior [ RunTime:0.000570s ]
INFO: [ app_begin ] --END-- [ RunTime:0.000604s ]
SQL: SHOW COLUMNS FROM `reailwayinfo` [ RunTime:0.0036s ]
NOTIC: [8] Undefined index: SStation D:\www\phpweb\railway.xingzhi.com\Common\Common\function.php 第 64 行.
NOTIC: [8] Undefined index: EStation D:\www\phpweb\railway.xingzhi.com\Common\Common\function.php 第 64 行.
NOTIC: [8] Undefined index: BeginTime D:\www\phpweb\railway.xingzhi.com\Common\Common\function.php 第 64 行.
NOTIC: [8] Undefined index: Amount D:\www\phpweb\railway.xingzhi.com\Common\Common\function.php 第 64 行.
NOTIC: [8] Undefined index: BAmount D:\www\phpweb\railway.xingzhi.com\Common\Common\function.php 第 64 行.
NOTIC: [8] Undefined index: Notes D:\www\phpweb\railway.xingzhi.com\Common\Common\function.php 第 64 行.
NOTIC: [8] Undefined index: ReailwayCode D:\www\phpweb\railway.xingzhi.com\Common\Common\function.php 第 64 行.
NOTIC: [8] Undefined index: SeatNum D:\www\phpweb\railway.xingzhi.com\Common\Common\function.php 第 64 行.
NOTIC: [8] Undefined index: BuyStation D:\www\phpweb\railway.xingzhi.com\Common\Common\function.php 第 64 行.
NOTIC: [8] Undefined index: ReailwayNum D:\www\phpweb\railway.xingzhi.com\Common\Common\function.php 第 64 行.
NOTIC: [8] Undefined index: ReailwayType D:\www\phpweb\railway.xingzhi.com\Common\Common\function.php 第 64 行.
NOTIC: [8] Undefined index: ReailwaySeatType D:\www\phpweb\railway.xingzhi.com\Common\Common\function.php 第 64 行.
SQL: SHOW COLUMNS FROM `reailwayinfo` [ RunTime:0.0033s ]
SQL: SELECT id, sstation, estation, addtime, begintime, 
				amount, bamount, notes, reailwaycode, seatnum, 
				buystation, ticketpic, reailwaynum, reailwaytype, reailwayseattype 
				FROM reailwayinfo 
				WHERE sstation = '锦州南站' 
				AND estation = '北京站' 
				AND reailwaycode = 'D12'  
				AND begintime = '2017-11-09 08:34'  [ RunTime:0.0013s ]
SQL: INSERT INTO `reailwayinfo` (`sstation`,`estation`,`addtime`,`begintime`,`amount`,`bamount`,`notes`,`reailwaycode`,`seatnum`,`buystation`,`ticketpic`,`reailwaynum`,`reailwaytype`,`reailwayseattype`) VALUES ('锦州南站','北京站','2017-11-10 16:52:43','2017-11-09 08:34','141','0','','D12','10F','锦州南站','','15','动车','二等座') [ RunTime:0.0013s ]
INFO: [ app_end ] --START--
INFO: Run Behavior\ShowPageTraceBehavior [ RunTime:0.000631s ]
INFO: [ app_end ] --END-- [ RunTime:0.000661s ]

[ 2017-11-10T16:52:48+08:00 ] 127.0.0.1 /
INFO: [ app_init ] --START--
INFO: Run Behavior\BuildLiteBehavior [ RunTime:0.000012s ]
INFO: [ app_init ] --END-- [ RunTime:0.000420s ]
INFO: [ app_begin ] --START--
INFO: Run Behavior\ReadHtmlCacheBehavior [ RunTime:0.000628s ]
INFO: [ app_begin ] --END-- [ RunTime:0.000704s ]
NOTIC: [8] Undefined index: stime D:\www\phpweb\railway.xingzhi.com\Common\Common\function.php 第 64 行.
NOTIC: [8] Undefined index: stime D:\www\phpweb\railway.xingzhi.com\Common\Common\function.php 第 66 行.
NOTIC: [8] Undefined index: stime D:\www\phpweb\railway.xingzhi.com\Common\Common\function.php 第 68 行.
NOTIC: [8] Undefined index: etime D:\www\phpweb\railway.xingzhi.com\Common\Common\function.php 第 64 行.
NOTIC: [8] Undefined index: etime D:\www\phpweb\railway.xingzhi.com\Common\Common\function.php 第 66 行.
NOTIC: [8] Undefined index: etime D:\www\phpweb\railway.xingzhi.com\Common\Common\function.php 第 68 行.
SQL: SHOW COLUMNS FROM `reailwayinfo` [ RunTime:0.0032s ]
SQL: SHOW COLUMNS FROM `reailwayinfo` [ RunTime:0.0032s ]
SQL: SELECT * FROM reailwayinfo WHERE begintime BETWEEN '2017-01-01 00:00:00' and '2017-11-10 23:59:59' ORDER BY begintime DESC [ RunTime:0.0007s ]
INFO: [ view_parse ] --START--
INFO: [ template_filter ] --START--
INFO: Run Behavior\ContentReplaceBehavior [ RunTime:0.000049s ]
INFO: [ template_filter ] --END-- [ RunTime:0.000090s ]
INFO: Run Behavior\ParseTemplateBehavior [ RunTime:0.007535s ]
INFO: [ view_parse ] --END-- [ RunTime:0.007574s ]
INFO: [ view_filter ] --START--
INFO: Run Behavior\WriteHtmlCacheBehavior [ RunTime:0.000455s ]
INFO: [ view_filter ] --END-- [ RunTime:0.000483s ]
INFO: [ app_end ] --START--
INFO: Run Behavior\ShowPageTraceBehavior [ RunTime:0.000551s ]
INFO: [ app_end ] --END-- [ RunTime:0.000587s ]

