[ 2018-06-23T10:59:11+08:00 ] 127.0.0.1 /
INFO: [ app_init ] --START--
INFO: Run Behavior\BuildLiteBehavior [ RunTime:0.000013s ]
INFO: [ app_init ] --END-- [ RunTime:0.000600s ]
INFO: [ app_begin ] --START--
INFO: Run Behavior\ReadHtmlCacheBehavior [ RunTime:0.000896s ]
INFO: [ app_begin ] --END-- [ RunTime:0.000936s ]
NOTIC: [8] Undefined index: stime D:\www\phpweb\railway.xingzhi.com\Common\Common\function.php 第 64 行.
NOTIC: [8] Undefined index: stime D:\www\phpweb\railway.xingzhi.com\Common\Common\function.php 第 66 行.
NOTIC: [8] Undefined index: stime D:\www\phpweb\railway.xingzhi.com\Common\Common\function.php 第 68 行.
NOTIC: [8] Undefined index: etime D:\www\phpweb\railway.xingzhi.com\Common\Common\function.php 第 64 行.
NOTIC: [8] Undefined index: etime D:\www\phpweb\railway.xingzhi.com\Common\Common\function.php 第 66 行.
NOTIC: [8] Undefined index: etime D:\www\phpweb\railway.xingzhi.com\Common\Common\function.php 第 68 行.
SQL: SHOW COLUMNS FROM `reailwayinfo` [ RunTime:0.0094s ]
SQL: SHOW COLUMNS FROM `reailwayinfo` [ RunTime:0.0053s ]
SQL: SELECT * FROM reailwayinfo WHERE begintime BETWEEN '2018-01-01 00:00:00' and '2018-06-23 23:59:59' ORDER BY begintime DESC [ RunTime:0.0011s ]
INFO: [ view_parse ] --START--
INFO: [ template_filter ] --START--
INFO: Run Behavior\ContentReplaceBehavior [ RunTime:0.000054s ]
INFO: [ template_filter ] --END-- [ RunTime:0.000109s ]
INFO: Run Behavior\ParseTemplateBehavior [ RunTime:0.066820s ]
INFO: [ view_parse ] --END-- [ RunTime:0.066879s ]
INFO: [ view_filter ] --START--
INFO: Run Behavior\WriteHtmlCacheBehavior [ RunTime:0.000805s ]
INFO: [ view_filter ] --END-- [ RunTime:0.000839s ]
INFO: [ app_end ] --START--
INFO: Run Behavior\ShowPageTraceBehavior [ RunTime:0.019624s ]
INFO: [ app_end ] --END-- [ RunTime:0.019687s ]

