[ 2018-02-07T00:06:26+08:00 ] 127.0.0.1 /
INFO: [ app_init ] --START--
INFO: Run Behavior\BuildLiteBehavior [ RunTime:0.000024s ]
INFO: [ app_init ] --END-- [ RunTime:0.001235s ]
INFO: [ app_begin ] --START--
INFO: Run Behavior\ReadHtmlCacheBehavior [ RunTime:0.002172s ]
INFO: [ app_begin ] --END-- [ RunTime:0.002265s ]
NOTIC: [8] Undefined index: stime D:\www\phpweb\railway.xingzhi.com\Common\Common\function.php 第 64 行.
NOTIC: [8] Undefined index: stime D:\www\phpweb\railway.xingzhi.com\Common\Common\function.php 第 66 行.
NOTIC: [8] Undefined index: stime D:\www\phpweb\railway.xingzhi.com\Common\Common\function.php 第 68 行.
NOTIC: [8] Undefined index: etime D:\www\phpweb\railway.xingzhi.com\Common\Common\function.php 第 64 行.
NOTIC: [8] Undefined index: etime D:\www\phpweb\railway.xingzhi.com\Common\Common\function.php 第 66 行.
NOTIC: [8] Undefined index: etime D:\www\phpweb\railway.xingzhi.com\Common\Common\function.php 第 68 行.
SQL: SHOW COLUMNS FROM `reailwayinfo` [ RunTime:0.0095s ]
SQL: SHOW COLUMNS FROM `reailwayinfo` [ RunTime:0.0091s ]
SQL: SELECT * FROM reailwayinfo WHERE begintime BETWEEN '2018-01-01 00:00:00' and '2018-02-07 23:59:59' ORDER BY begintime DESC [ RunTime:0.0025s ]
INFO: [ view_parse ] --START--
INFO: [ template_filter ] --START--
INFO: Run Behavior\ContentReplaceBehavior [ RunTime:0.000060s ]
INFO: [ template_filter ] --END-- [ RunTime:0.000110s ]
INFO: Run Behavior\ParseTemplateBehavior [ RunTime:0.058661s ]
INFO: [ view_parse ] --END-- [ RunTime:0.058739s ]
INFO: [ view_filter ] --START--
INFO: Run Behavior\WriteHtmlCacheBehavior [ RunTime:0.001028s ]
INFO: [ view_filter ] --END-- [ RunTime:0.001065s ]
INFO: [ app_end ] --START--
INFO: Run Behavior\ShowPageTraceBehavior [ RunTime:0.020594s ]
INFO: [ app_end ] --END-- [ RunTime:0.020662s ]

[ 2018-02-07T00:06:47+08:00 ] 127.0.0.1 /
INFO: [ app_init ] --START--
INFO: Run Behavior\BuildLiteBehavior [ RunTime:0.000010s ]
INFO: [ app_init ] --END-- [ RunTime:0.000449s ]
INFO: [ app_begin ] --START--
INFO: Run Behavior\ReadHtmlCacheBehavior [ RunTime:0.000704s ]
INFO: [ app_begin ] --END-- [ RunTime:0.000740s ]
NOTIC: [8] Undefined index: stime D:\www\phpweb\railway.xingzhi.com\Common\Common\function.php 第 64 行.
NOTIC: [8] Undefined index: stime D:\www\phpweb\railway.xingzhi.com\Common\Common\function.php 第 66 行.
NOTIC: [8] Undefined index: stime D:\www\phpweb\railway.xingzhi.com\Common\Common\function.php 第 68 行.
NOTIC: [8] Undefined index: etime D:\www\phpweb\railway.xingzhi.com\Common\Common\function.php 第 64 行.
NOTIC: [8] Undefined index: etime D:\www\phpweb\railway.xingzhi.com\Common\Common\function.php 第 66 行.
NOTIC: [8] Undefined index: etime D:\www\phpweb\railway.xingzhi.com\Common\Common\function.php 第 68 行.
SQL: SHOW COLUMNS FROM `reailwayinfo` [ RunTime:0.0042s ]
SQL: SHOW COLUMNS FROM `reailwayinfo` [ RunTime:0.0041s ]
SQL: SELECT * FROM reailwayinfo WHERE begintime BETWEEN '2018-01-01 00:00:00' and '2018-02-07 23:59:59' ORDER BY begintime DESC [ RunTime:0.0004s ]
INFO: [ view_parse ] --START--
INFO: [ template_filter ] --START--
INFO: Run Behavior\ContentReplaceBehavior [ RunTime:0.000083s ]
INFO: [ template_filter ] --END-- [ RunTime:0.000142s ]
INFO: Run Behavior\ParseTemplateBehavior [ RunTime:0.008067s ]
INFO: [ view_parse ] --END-- [ RunTime:0.008107s ]
INFO: [ view_filter ] --START--
INFO: Run Behavior\WriteHtmlCacheBehavior [ RunTime:0.000611s ]
INFO: [ view_filter ] --END-- [ RunTime:0.000643s ]
INFO: [ app_end ] --START--
INFO: Run Behavior\ShowPageTraceBehavior [ RunTime:0.000924s ]
INFO: [ app_end ] --END-- [ RunTime:0.000983s ]

[ 2018-02-07T00:07:08+08:00 ] 127.0.0.1 /home/reailwayinfo/index?stime=2017-01-01&etime=2017-12-31
INFO: [ app_init ] --START--
INFO: Run Behavior\BuildLiteBehavior [ RunTime:0.000011s ]
INFO: [ app_init ] --END-- [ RunTime:0.000478s ]
INFO: [ app_begin ] --START--
INFO: Run Behavior\ReadHtmlCacheBehavior [ RunTime:0.000590s ]
INFO: [ app_begin ] --END-- [ RunTime:0.000627s ]
NOTIC: [8] Undefined index: stime D:\www\phpweb\railway.xingzhi.com\Common\Common\function.php 第 64 行.
NOTIC: [8] Undefined index: etime D:\www\phpweb\railway.xingzhi.com\Common\Common\function.php 第 64 行.
SQL: SHOW COLUMNS FROM `reailwayinfo` [ RunTime:0.0045s ]
SQL: SHOW COLUMNS FROM `reailwayinfo` [ RunTime:0.0040s ]
SQL: SELECT * FROM reailwayinfo WHERE begintime BETWEEN '2017-01-01 00:00:00' and '2017-12-31 23:59:59' ORDER BY begintime DESC [ RunTime:0.0008s ]
INFO: [ view_parse ] --START--
INFO: [ template_filter ] --START--
INFO: Run Behavior\ContentReplaceBehavior [ RunTime:0.000046s ]
INFO: [ template_filter ] --END-- [ RunTime:0.000077s ]
INFO: Run Behavior\ParseTemplateBehavior [ RunTime:0.006987s ]
INFO: [ view_parse ] --END-- [ RunTime:0.007025s ]
INFO: [ view_filter ] --START--
INFO: Run Behavior\WriteHtmlCacheBehavior [ RunTime:0.000414s ]
INFO: [ view_filter ] --END-- [ RunTime:0.000442s ]
INFO: [ app_end ] --START--
INFO: Run Behavior\ShowPageTraceBehavior [ RunTime:0.000757s ]
INFO: [ app_end ] --END-- [ RunTime:0.000806s ]

[ 2018-02-07T00:07:10+08:00 ] 127.0.0.1 /home/reailwayinfo/index?stime=2017-01-01&etime=2017-12-31
INFO: [ app_init ] --START--
INFO: Run Behavior\BuildLiteBehavior [ RunTime:0.000011s ]
INFO: [ app_init ] --END-- [ RunTime:0.000465s ]
INFO: [ app_begin ] --START--
INFO: Run Behavior\ReadHtmlCacheBehavior [ RunTime:0.000590s ]
INFO: [ app_begin ] --END-- [ RunTime:0.000628s ]
NOTIC: [8] Undefined index: stime D:\www\phpweb\railway.xingzhi.com\Common\Common\function.php 第 64 行.
NOTIC: [8] Undefined index: etime D:\www\phpweb\railway.xingzhi.com\Common\Common\function.php 第 64 行.
SQL: SHOW COLUMNS FROM `reailwayinfo` [ RunTime:0.0040s ]
SQL: SHOW COLUMNS FROM `reailwayinfo` [ RunTime:0.0039s ]
SQL: SELECT * FROM reailwayinfo WHERE begintime BETWEEN '2017-01-01 00:00:00' and '2017-12-31 23:59:59' ORDER BY begintime DESC [ RunTime:0.0008s ]
INFO: [ view_parse ] --START--
INFO: [ template_filter ] --START--
INFO: Run Behavior\ContentReplaceBehavior [ RunTime:0.000046s ]
INFO: [ template_filter ] --END-- [ RunTime:0.000079s ]
INFO: Run Behavior\ParseTemplateBehavior [ RunTime:0.006958s ]
INFO: [ view_parse ] --END-- [ RunTime:0.006996s ]
INFO: [ view_filter ] --START--
INFO: Run Behavior\WriteHtmlCacheBehavior [ RunTime:0.000419s ]
INFO: [ view_filter ] --END-- [ RunTime:0.000446s ]
INFO: [ app_end ] --START--
INFO: Run Behavior\ShowPageTraceBehavior [ RunTime:0.000694s ]
INFO: [ app_end ] --END-- [ RunTime:0.000729s ]

[ 2018-02-07T00:10:06+08:00 ] 127.0.0.1 /
INFO: [ app_init ] --START--
INFO: Run Behavior\BuildLiteBehavior [ RunTime:0.000011s ]
INFO: [ app_init ] --END-- [ RunTime:0.000434s ]
INFO: [ app_begin ] --START--
INFO: Run Behavior\ReadHtmlCacheBehavior [ RunTime:0.000651s ]
INFO: [ app_begin ] --END-- [ RunTime:0.000691s ]
NOTIC: [8] Undefined index: stime D:\www\phpweb\railway.xingzhi.com\Common\Common\function.php 第 64 行.
NOTIC: [8] Undefined index: stime D:\www\phpweb\railway.xingzhi.com\Common\Common\function.php 第 66 行.
NOTIC: [8] Undefined index: stime D:\www\phpweb\railway.xingzhi.com\Common\Common\function.php 第 68 行.
NOTIC: [8] Undefined index: etime D:\www\phpweb\railway.xingzhi.com\Common\Common\function.php 第 64 行.
NOTIC: [8] Undefined index: etime D:\www\phpweb\railway.xingzhi.com\Common\Common\function.php 第 66 行.
NOTIC: [8] Undefined index: etime D:\www\phpweb\railway.xingzhi.com\Common\Common\function.php 第 68 行.
SQL: SHOW COLUMNS FROM `reailwayinfo` [ RunTime:0.0043s ]
SQL: SHOW COLUMNS FROM `reailwayinfo` [ RunTime:0.0039s ]
SQL: SELECT * FROM reailwayinfo WHERE begintime BETWEEN '2018-01-01 00:00:00' and '2018-02-07 23:59:59' ORDER BY begintime DESC [ RunTime:0.0004s ]
INFO: [ view_parse ] --START--
INFO: [ template_filter ] --START--
INFO: Run Behavior\ContentReplaceBehavior [ RunTime:0.000083s ]
INFO: [ template_filter ] --END-- [ RunTime:0.000136s ]
INFO: Run Behavior\ParseTemplateBehavior [ RunTime:0.007781s ]
INFO: [ view_parse ] --END-- [ RunTime:0.007823s ]
INFO: [ view_filter ] --START--
INFO: Run Behavior\WriteHtmlCacheBehavior [ RunTime:0.000517s ]
INFO: [ view_filter ] --END-- [ RunTime:0.000546s ]
INFO: [ app_end ] --START--
INFO: Run Behavior\ShowPageTraceBehavior [ RunTime:0.001004s ]
INFO: [ app_end ] --END-- [ RunTime:0.001048s ]

[ 2018-02-07T00:10:12+08:00 ] 127.0.0.1 /home/reailwayinfo/addticket
INFO: [ app_init ] --START--
INFO: Run Behavior\BuildLiteBehavior [ RunTime:0.000012s ]
INFO: [ app_init ] --END-- [ RunTime:0.000412s ]
INFO: [ app_begin ] --START--
INFO: Run Behavior\ReadHtmlCacheBehavior [ RunTime:0.000610s ]
INFO: [ app_begin ] --END-- [ RunTime:0.000652s ]
INFO: [ view_parse ] --START--
INFO: [ template_filter ] --START--
INFO: Run Behavior\ContentReplaceBehavior [ RunTime:0.000065s ]
INFO: [ template_filter ] --END-- [ RunTime:0.000111s ]
INFO: Run Behavior\ParseTemplateBehavior [ RunTime:0.024738s ]
INFO: [ view_parse ] --END-- [ RunTime:0.024784s ]
INFO: [ view_filter ] --START--
INFO: Run Behavior\WriteHtmlCacheBehavior [ RunTime:0.000508s ]
INFO: [ view_filter ] --END-- [ RunTime:0.000538s ]
INFO: [ app_end ] --START--
INFO: Run Behavior\ShowPageTraceBehavior [ RunTime:0.000634s ]
INFO: [ app_end ] --END-- [ RunTime:0.000671s ]

[ 2018-02-07T00:10:12+08:00 ] 127.0.0.1 /api/get_selectorstation
INFO: [ app_init ] --START--
INFO: Run Behavior\BuildLiteBehavior [ RunTime:0.000013s ]
INFO: [ app_init ] --END-- [ RunTime:0.000410s ]
INFO: [ app_begin ] --START--
INFO: Run Behavior\ReadHtmlCacheBehavior [ RunTime:0.000617s ]
INFO: [ app_begin ] --END-- [ RunTime:0.000657s ]
SQL: SHOW COLUMNS FROM `selectorstation` [ RunTime:0.0040s ]
SQL: SELECT * FROM selectorstation [ RunTime:0.0003s ]
INFO: [ app_end ] --START--
INFO: Run Behavior\ShowPageTraceBehavior [ RunTime:0.000693s ]
INFO: [ app_end ] --END-- [ RunTime:0.000728s ]

[ 2018-02-07T00:10:12+08:00 ] 127.0.0.1 /api/get_selectorstation
INFO: [ app_init ] --START--
INFO: Run Behavior\BuildLiteBehavior [ RunTime:0.000021s ]
INFO: [ app_init ] --END-- [ RunTime:0.000519s ]
INFO: [ app_begin ] --START--
INFO: Run Behavior\ReadHtmlCacheBehavior [ RunTime:0.000613s ]
INFO: [ app_begin ] --END-- [ RunTime:0.000650s ]
SQL: SHOW COLUMNS FROM `selectorstation` [ RunTime:0.0048s ]
SQL: SELECT * FROM selectorstation [ RunTime:0.0003s ]
INFO: [ app_end ] --START--
INFO: Run Behavior\ShowPageTraceBehavior [ RunTime:0.000979s ]
INFO: [ app_end ] --END-- [ RunTime:0.001019s ]

[ 2018-02-07T00:11:03+08:00 ] 127.0.0.1 /api/add_ticket?Amount=141&BAmount=&BeginTime=2018-01-28+14%3A54&BuyStation=%E9%94%A6%E5%B7%9E%E5%8D%97%E7%AB%99&EStation=%E5%8C%97%E4%BA%AC%E7%AB%99&Notes=&ReailwayCode=D102&SeatNum=14A&SStation=%E9%94%A6%E5%B7%9E%E5%8D%97%E7%AB%99&ReailwayNum=7&ReailwayType=%E5%8A%A8%E8%BD%A6&ReailwaySeatType=%E4%BA%8C%E7%AD%89%E5%BA%A7
INFO: [ app_init ] --START--
INFO: Run Behavior\BuildLiteBehavior [ RunTime:0.000010s ]
INFO: [ app_init ] --END-- [ RunTime:0.000399s ]
INFO: [ app_begin ] --START--
INFO: Run Behavior\ReadHtmlCacheBehavior [ RunTime:0.000640s ]
INFO: [ app_begin ] --END-- [ RunTime:0.000675s ]
SQL: SHOW COLUMNS FROM `reailwayinfo` [ RunTime:0.0041s ]
NOTIC: [8] Undefined index: SStation D:\www\phpweb\railway.xingzhi.com\Common\Common\function.php 第 64 行.
NOTIC: [8] Undefined index: EStation D:\www\phpweb\railway.xingzhi.com\Common\Common\function.php 第 64 行.
NOTIC: [8] Undefined index: BeginTime D:\www\phpweb\railway.xingzhi.com\Common\Common\function.php 第 64 行.
NOTIC: [8] Undefined index: Amount D:\www\phpweb\railway.xingzhi.com\Common\Common\function.php 第 64 行.
NOTIC: [8] Undefined index: BAmount D:\www\phpweb\railway.xingzhi.com\Common\Common\function.php 第 64 行.
NOTIC: [8] Undefined index: Notes D:\www\phpweb\railway.xingzhi.com\Common\Common\function.php 第 64 行.
NOTIC: [8] Undefined index: ReailwayCode D:\www\phpweb\railway.xingzhi.com\Common\Common\function.php 第 64 行.
NOTIC: [8] Undefined index: SeatNum D:\www\phpweb\railway.xingzhi.com\Common\Common\function.php 第 64 行.
NOTIC: [8] Undefined index: BuyStation D:\www\phpweb\railway.xingzhi.com\Common\Common\function.php 第 64 行.
NOTIC: [8] Undefined index: ReailwayNum D:\www\phpweb\railway.xingzhi.com\Common\Common\function.php 第 64 行.
NOTIC: [8] Undefined index: ReailwayType D:\www\phpweb\railway.xingzhi.com\Common\Common\function.php 第 64 行.
NOTIC: [8] Undefined index: ReailwaySeatType D:\www\phpweb\railway.xingzhi.com\Common\Common\function.php 第 64 行.
SQL: SHOW COLUMNS FROM `reailwayinfo` [ RunTime:0.0039s ]
SQL: SELECT id, sstation, estation, addtime, begintime, 
				amount, bamount, notes, reailwaycode, seatnum, 
				buystation, ticketpic, reailwaynum, reailwaytype, reailwayseattype 
				FROM reailwayinfo 
				WHERE sstation = '锦州南站' 
				AND estation = '北京站' 
				AND reailwaycode = 'D102'  
				AND begintime = '2018-01-28 14:54'  [ RunTime:0.0005s ]
SQL: INSERT INTO `reailwayinfo` (`sstation`,`estation`,`addtime`,`begintime`,`amount`,`bamount`,`notes`,`reailwaycode`,`seatnum`,`buystation`,`ticketpic`,`reailwaynum`,`reailwaytype`,`reailwayseattype`) VALUES ('锦州南站','北京站','2018-02-07 00:11:03','2018-01-28 14:54','141','0','','D102','14A','锦州南站','','7','动车','二等座') [ RunTime:0.0013s ]
INFO: [ app_end ] --START--
INFO: Run Behavior\ShowPageTraceBehavior [ RunTime:0.000729s ]
INFO: [ app_end ] --END-- [ RunTime:0.000762s ]

[ 2018-02-07T00:11:07+08:00 ] 127.0.0.1 /
INFO: [ app_init ] --START--
INFO: Run Behavior\BuildLiteBehavior [ RunTime:0.000012s ]
INFO: [ app_init ] --END-- [ RunTime:0.000438s ]
INFO: [ app_begin ] --START--
INFO: Run Behavior\ReadHtmlCacheBehavior [ RunTime:0.000644s ]
INFO: [ app_begin ] --END-- [ RunTime:0.000681s ]
NOTIC: [8] Undefined index: stime D:\www\phpweb\railway.xingzhi.com\Common\Common\function.php 第 64 行.
NOTIC: [8] Undefined index: stime D:\www\phpweb\railway.xingzhi.com\Common\Common\function.php 第 66 行.
NOTIC: [8] Undefined index: stime D:\www\phpweb\railway.xingzhi.com\Common\Common\function.php 第 68 行.
NOTIC: [8] Undefined index: etime D:\www\phpweb\railway.xingzhi.com\Common\Common\function.php 第 64 行.
NOTIC: [8] Undefined index: etime D:\www\phpweb\railway.xingzhi.com\Common\Common\function.php 第 66 行.
NOTIC: [8] Undefined index: etime D:\www\phpweb\railway.xingzhi.com\Common\Common\function.php 第 68 行.
SQL: SHOW COLUMNS FROM `reailwayinfo` [ RunTime:0.0059s ]
SQL: SHOW COLUMNS FROM `reailwayinfo` [ RunTime:0.0039s ]
SQL: SELECT * FROM reailwayinfo WHERE begintime BETWEEN '2018-01-01 00:00:00' and '2018-02-07 23:59:59' ORDER BY begintime DESC [ RunTime:0.0004s ]
INFO: [ view_parse ] --START--
INFO: [ template_filter ] --START--
INFO: Run Behavior\ContentReplaceBehavior [ RunTime:0.000051s ]
INFO: [ template_filter ] --END-- [ RunTime:0.000087s ]
INFO: Run Behavior\ParseTemplateBehavior [ RunTime:0.007212s ]
INFO: [ view_parse ] --END-- [ RunTime:0.007253s ]
INFO: [ view_filter ] --START--
INFO: Run Behavior\WriteHtmlCacheBehavior [ RunTime:0.000500s ]
INFO: [ view_filter ] --END-- [ RunTime:0.000530s ]
INFO: [ app_end ] --START--
INFO: Run Behavior\ShowPageTraceBehavior [ RunTime:0.000609s ]
INFO: [ app_end ] --END-- [ RunTime:0.000648s ]

[ 2018-02-07T00:11:27+08:00 ] 127.0.0.1 /
INFO: [ app_init ] --START--
INFO: Run Behavior\BuildLiteBehavior [ RunTime:0.000010s ]
INFO: [ app_init ] --END-- [ RunTime:0.000399s ]
INFO: [ app_begin ] --START--
INFO: Run Behavior\ReadHtmlCacheBehavior [ RunTime:0.000538s ]
INFO: [ app_begin ] --END-- [ RunTime:0.000574s ]
NOTIC: [8] Undefined index: stime D:\www\phpweb\railway.xingzhi.com\Common\Common\function.php 第 64 行.
NOTIC: [8] Undefined index: stime D:\www\phpweb\railway.xingzhi.com\Common\Common\function.php 第 66 行.
NOTIC: [8] Undefined index: stime D:\www\phpweb\railway.xingzhi.com\Common\Common\function.php 第 68 行.
NOTIC: [8] Undefined index: etime D:\www\phpweb\railway.xingzhi.com\Common\Common\function.php 第 64 行.
NOTIC: [8] Undefined index: etime D:\www\phpweb\railway.xingzhi.com\Common\Common\function.php 第 66 行.
NOTIC: [8] Undefined index: etime D:\www\phpweb\railway.xingzhi.com\Common\Common\function.php 第 68 行.
SQL: SHOW COLUMNS FROM `reailwayinfo` [ RunTime:0.0042s ]
SQL: SHOW COLUMNS FROM `reailwayinfo` [ RunTime:0.0038s ]
SQL: SELECT * FROM reailwayinfo WHERE begintime BETWEEN '2018-01-01 00:00:00' and '2018-02-07 23:59:59' ORDER BY begintime DESC [ RunTime:0.0004s ]
INFO: [ view_parse ] --START--
INFO: [ template_filter ] --START--
INFO: Run Behavior\ContentReplaceBehavior [ RunTime:0.000048s ]
INFO: [ template_filter ] --END-- [ RunTime:0.000082s ]
INFO: Run Behavior\ParseTemplateBehavior [ RunTime:0.007102s ]
INFO: [ view_parse ] --END-- [ RunTime:0.007149s ]
INFO: [ view_filter ] --START--
INFO: Run Behavior\WriteHtmlCacheBehavior [ RunTime:0.000441s ]
INFO: [ view_filter ] --END-- [ RunTime:0.000467s ]
INFO: [ app_end ] --START--
INFO: Run Behavior\ShowPageTraceBehavior [ RunTime:0.000784s ]
INFO: [ app_end ] --END-- [ RunTime:0.000820s ]

