[ 2018-06-02T14:32:16+08:00 ] 127.0.0.1 /
INFO: [ app_init ] --START--
INFO: Run Behavior\BuildLiteBehavior [ RunTime:0.000017s ]
INFO: [ app_init ] --END-- [ RunTime:0.032125s ]
INFO: [ app_begin ] --START--
INFO: Run Behavior\ReadHtmlCacheBehavior [ RunTime:0.038202s ]
INFO: [ app_begin ] --END-- [ RunTime:0.038280s ]
NOTIC: [8] Undefined index: stime E:\www2\railway.xingzhi.com\Common\Common\function.php 第 64 行.
NOTIC: [8] Undefined index: stime E:\www2\railway.xingzhi.com\Common\Common\function.php 第 66 行.
NOTIC: [8] Undefined index: stime E:\www2\railway.xingzhi.com\Common\Common\function.php 第 68 行.
NOTIC: [8] Undefined index: etime E:\www2\railway.xingzhi.com\Common\Common\function.php 第 64 行.
NOTIC: [8] Undefined index: etime E:\www2\railway.xingzhi.com\Common\Common\function.php 第 66 行.
NOTIC: [8] Undefined index: etime E:\www2\railway.xingzhi.com\Common\Common\function.php 第 68 行.
SQL: SHOW COLUMNS FROM `reailwayinfo` [ RunTime:0.0014s ]
SQL: SHOW COLUMNS FROM `reailwayinfo` [ RunTime:0.0005s ]
SQL: SELECT * FROM reailwayinfo WHERE begintime BETWEEN '2018-01-01 00:00:00' and '2018-06-02 23:59:59' ORDER BY begintime DESC [ RunTime:0.0423s ]
INFO: [ view_parse ] --START--
INFO: [ template_filter ] --START--
INFO: Run Behavior\ContentReplaceBehavior [ RunTime:0.000236s ]
INFO: [ template_filter ] --END-- [ RunTime:0.000387s ]
INFO: Run Behavior\ParseTemplateBehavior [ RunTime:0.096948s ]
INFO: [ view_parse ] --END-- [ RunTime:0.097061s ]
INFO: [ view_filter ] --START--
INFO: Run Behavior\WriteHtmlCacheBehavior [ RunTime:0.012055s ]
INFO: [ view_filter ] --END-- [ RunTime:0.012137s ]
INFO: [ app_end ] --START--
INFO: Run Behavior\ShowPageTraceBehavior [ RunTime:0.006091s ]
INFO: [ app_end ] --END-- [ RunTime:0.006200s ]

[ 2018-06-02T14:32:25+08:00 ] 127.0.0.1 /reailwayinfo/addticket
INFO: [ app_init ] --START--
INFO: Run Behavior\BuildLiteBehavior [ RunTime:0.000016s ]
INFO: [ app_init ] --END-- [ RunTime:0.000670s ]
INFO: [ app_begin ] --START--
INFO: Run Behavior\ReadHtmlCacheBehavior [ RunTime:0.001275s ]
INFO: [ app_begin ] --END-- [ RunTime:0.001328s ]
INFO: [ view_parse ] --START--
INFO: [ template_filter ] --START--
INFO: Run Behavior\ContentReplaceBehavior [ RunTime:0.000051s ]
INFO: [ template_filter ] --END-- [ RunTime:0.000084s ]
INFO: Run Behavior\ParseTemplateBehavior [ RunTime:0.008872s ]
INFO: [ view_parse ] --END-- [ RunTime:0.008913s ]
INFO: [ view_filter ] --START--
INFO: Run Behavior\WriteHtmlCacheBehavior [ RunTime:0.000523s ]
INFO: [ view_filter ] --END-- [ RunTime:0.000546s ]
INFO: [ app_end ] --START--
INFO: Run Behavior\ShowPageTraceBehavior [ RunTime:0.001115s ]
INFO: [ app_end ] --END-- [ RunTime:0.001210s ]

[ 2018-06-02T14:32:25+08:00 ] 127.0.0.1 /api/get_selectorstation
INFO: [ app_init ] --START--
INFO: Run Behavior\BuildLiteBehavior [ RunTime:0.000012s ]
INFO: [ app_init ] --END-- [ RunTime:0.000355s ]
INFO: [ app_begin ] --START--
INFO: Run Behavior\ReadHtmlCacheBehavior [ RunTime:0.000924s ]
INFO: [ app_begin ] --END-- [ RunTime:0.000999s ]
SQL: SHOW COLUMNS FROM `selectorstation` [ RunTime:0.0011s ]
SQL: SELECT * FROM selectorstation [ RunTime:0.0274s ]
INFO: [ app_end ] --START--
INFO: Run Behavior\ShowPageTraceBehavior [ RunTime:0.000662s ]
INFO: [ app_end ] --END-- [ RunTime:0.000695s ]

[ 2018-06-02T14:32:25+08:00 ] 127.0.0.1 /api/get_selectorstation
INFO: [ app_init ] --START--
INFO: Run Behavior\BuildLiteBehavior [ RunTime:0.000014s ]
INFO: [ app_init ] --END-- [ RunTime:0.000794s ]
INFO: [ app_begin ] --START--
INFO: Run Behavior\ReadHtmlCacheBehavior [ RunTime:0.000699s ]
INFO: [ app_begin ] --END-- [ RunTime:0.000743s ]
SQL: SHOW COLUMNS FROM `selectorstation` [ RunTime:0.0015s ]
SQL: SELECT * FROM selectorstation [ RunTime:0.0005s ]
INFO: [ app_end ] --START--
INFO: Run Behavior\ShowPageTraceBehavior [ RunTime:0.001517s ]
INFO: [ app_end ] --END-- [ RunTime:0.001568s ]

[ 2018-06-02T14:33:19+08:00 ] 127.0.0.1 /api/add_ticket?Amount=141&BAmount=&BeginTime=2018-05-20+17%3A30&BuyStation=%E9%94%A6%E5%B7%9E%E5%8D%97%E7%AB%99&EStation=%E5%8C%97%E4%BA%AC%E7%AB%99&Notes=&ReailwayCode=D46&SeatNum=3A&SStation=%E9%94%A6%E5%B7%9E%E5%8D%97%E7%AB%99&ReailwayNum=13&ReailwayType=%E9%AB%98%E9%93%81%2F%E5%9F%8E%E9%99%85&ReailwaySeatType=%E4%BA%8C%E7%AD%89%E5%BA%A7
INFO: [ app_init ] --START--
INFO: Run Behavior\BuildLiteBehavior [ RunTime:0.000009s ]
INFO: [ app_init ] --END-- [ RunTime:0.000312s ]
INFO: [ app_begin ] --START--
INFO: Run Behavior\ReadHtmlCacheBehavior [ RunTime:0.000515s ]
INFO: [ app_begin ] --END-- [ RunTime:0.000548s ]
SQL: SHOW COLUMNS FROM `reailwayinfo` [ RunTime:0.0013s ]
NOTIC: [8] Undefined index: SStation E:\www2\railway.xingzhi.com\Common\Common\function.php 第 64 行.
NOTIC: [8] Undefined index: EStation E:\www2\railway.xingzhi.com\Common\Common\function.php 第 64 行.
NOTIC: [8] Undefined index: BeginTime E:\www2\railway.xingzhi.com\Common\Common\function.php 第 64 行.
NOTIC: [8] Undefined index: Amount E:\www2\railway.xingzhi.com\Common\Common\function.php 第 64 行.
NOTIC: [8] Undefined index: BAmount E:\www2\railway.xingzhi.com\Common\Common\function.php 第 64 行.
NOTIC: [8] Undefined index: Notes E:\www2\railway.xingzhi.com\Common\Common\function.php 第 64 行.
NOTIC: [8] Undefined index: ReailwayCode E:\www2\railway.xingzhi.com\Common\Common\function.php 第 64 行.
NOTIC: [8] Undefined index: SeatNum E:\www2\railway.xingzhi.com\Common\Common\function.php 第 64 行.
NOTIC: [8] Undefined index: BuyStation E:\www2\railway.xingzhi.com\Common\Common\function.php 第 64 行.
NOTIC: [8] Undefined index: ReailwayNum E:\www2\railway.xingzhi.com\Common\Common\function.php 第 64 行.
NOTIC: [8] Undefined index: ReailwayType E:\www2\railway.xingzhi.com\Common\Common\function.php 第 64 行.
NOTIC: [8] Undefined index: ReailwaySeatType E:\www2\railway.xingzhi.com\Common\Common\function.php 第 64 行.
SQL: SHOW COLUMNS FROM `reailwayinfo` [ RunTime:0.0005s ]
SQL: SELECT id, sstation, estation, addtime, begintime, 
				amount, bamount, notes, reailwaycode, seatnum, 
				buystation, ticketpic, reailwaynum, reailwaytype, reailwayseattype 
				FROM reailwayinfo 
				WHERE sstation = '锦州南站' 
				AND estation = '北京站' 
				AND reailwaycode = 'D46'  
				AND begintime = '2018-05-20 17:30'  [ RunTime:0.0005s ]
SQL: INSERT INTO `reailwayinfo` (`sstation`,`estation`,`addtime`,`begintime`,`amount`,`bamount`,`notes`,`reailwaycode`,`seatnum`,`buystation`,`ticketpic`,`reailwaynum`,`reailwaytype`,`reailwayseattype`) VALUES ('锦州南站','北京站','2018-06-02 14:33:19','2018-05-20 17:30','141','0','','D46','3A','锦州南站','','13','高铁/城际','二等座') [ RunTime:0.2001s ]
INFO: [ app_end ] --START--
INFO: Run Behavior\ShowPageTraceBehavior [ RunTime:0.000671s ]
INFO: [ app_end ] --END-- [ RunTime:0.000704s ]

[ 2018-06-02T14:33:20+08:00 ] 127.0.0.1 /
INFO: [ app_init ] --START--
INFO: Run Behavior\BuildLiteBehavior [ RunTime:0.000014s ]
INFO: [ app_init ] --END-- [ RunTime:0.000348s ]
INFO: [ app_begin ] --START--
INFO: Run Behavior\ReadHtmlCacheBehavior [ RunTime:0.000538s ]
INFO: [ app_begin ] --END-- [ RunTime:0.000576s ]
NOTIC: [8] Undefined index: stime E:\www2\railway.xingzhi.com\Common\Common\function.php 第 64 行.
NOTIC: [8] Undefined index: stime E:\www2\railway.xingzhi.com\Common\Common\function.php 第 66 行.
NOTIC: [8] Undefined index: stime E:\www2\railway.xingzhi.com\Common\Common\function.php 第 68 行.
NOTIC: [8] Undefined index: etime E:\www2\railway.xingzhi.com\Common\Common\function.php 第 64 行.
NOTIC: [8] Undefined index: etime E:\www2\railway.xingzhi.com\Common\Common\function.php 第 66 行.
NOTIC: [8] Undefined index: etime E:\www2\railway.xingzhi.com\Common\Common\function.php 第 68 行.
SQL: SHOW COLUMNS FROM `reailwayinfo` [ RunTime:0.0005s ]
SQL: SHOW COLUMNS FROM `reailwayinfo` [ RunTime:0.0005s ]
SQL: SELECT * FROM reailwayinfo WHERE begintime BETWEEN '2018-01-01 00:00:00' and '2018-06-02 23:59:59' ORDER BY begintime DESC [ RunTime:0.0005s ]
INFO: [ view_parse ] --START--
INFO: [ template_filter ] --START--
INFO: Run Behavior\ContentReplaceBehavior [ RunTime:0.000040s ]
INFO: [ template_filter ] --END-- [ RunTime:0.000072s ]
INFO: Run Behavior\ParseTemplateBehavior [ RunTime:0.103298s ]
INFO: [ view_parse ] --END-- [ RunTime:0.103351s ]
INFO: [ view_filter ] --START--
INFO: Run Behavior\WriteHtmlCacheBehavior [ RunTime:0.000393s ]
INFO: [ view_filter ] --END-- [ RunTime:0.000417s ]
INFO: [ app_end ] --START--
INFO: Run Behavior\ShowPageTraceBehavior [ RunTime:0.000612s ]
INFO: [ app_end ] --END-- [ RunTime:0.000652s ]

[ 2018-06-02T14:33:44+08:00 ] 127.0.0.1 /reailwayinfo/addticket
INFO: [ app_init ] --START--
INFO: Run Behavior\BuildLiteBehavior [ RunTime:0.000024s ]
INFO: [ app_init ] --END-- [ RunTime:0.000786s ]
INFO: [ app_begin ] --START--
INFO: Run Behavior\ReadHtmlCacheBehavior [ RunTime:0.000753s ]
INFO: [ app_begin ] --END-- [ RunTime:0.000816s ]
INFO: [ view_parse ] --START--
INFO: [ template_filter ] --START--
INFO: Run Behavior\ContentReplaceBehavior [ RunTime:0.000051s ]
INFO: [ template_filter ] --END-- [ RunTime:0.000089s ]
INFO: Run Behavior\ParseTemplateBehavior [ RunTime:0.004904s ]
INFO: [ view_parse ] --END-- [ RunTime:0.004947s ]
INFO: [ view_filter ] --START--
INFO: Run Behavior\WriteHtmlCacheBehavior [ RunTime:0.000408s ]
INFO: [ view_filter ] --END-- [ RunTime:0.000434s ]
INFO: [ app_end ] --START--
INFO: Run Behavior\ShowPageTraceBehavior [ RunTime:0.000832s ]
INFO: [ app_end ] --END-- [ RunTime:0.000901s ]

[ 2018-06-02T14:33:44+08:00 ] 127.0.0.1 /api/get_selectorstation
INFO: [ app_init ] --START--
INFO: Run Behavior\BuildLiteBehavior [ RunTime:0.000018s ]
INFO: [ app_init ] --END-- [ RunTime:0.000751s ]
INFO: [ app_begin ] --START--
INFO: Run Behavior\ReadHtmlCacheBehavior [ RunTime:0.000810s ]
INFO: [ app_begin ] --END-- [ RunTime:0.000881s ]
SQL: SHOW COLUMNS FROM `selectorstation` [ RunTime:0.0014s ]
SQL: SELECT * FROM selectorstation [ RunTime:0.0002s ]
INFO: [ app_end ] --START--
INFO: Run Behavior\ShowPageTraceBehavior [ RunTime:0.000619s ]
INFO: [ app_end ] --END-- [ RunTime:0.000646s ]

[ 2018-06-02T14:33:44+08:00 ] 127.0.0.1 /api/get_selectorstation
INFO: [ app_init ] --START--
INFO: Run Behavior\BuildLiteBehavior [ RunTime:0.000014s ]
INFO: [ app_init ] --END-- [ RunTime:0.000782s ]
INFO: [ app_begin ] --START--
INFO: Run Behavior\ReadHtmlCacheBehavior [ RunTime:0.000797s ]
INFO: [ app_begin ] --END-- [ RunTime:0.000861s ]
SQL: SHOW COLUMNS FROM `selectorstation` [ RunTime:0.0019s ]
SQL: SELECT * FROM selectorstation [ RunTime:0.0006s ]
INFO: [ app_end ] --START--
INFO: Run Behavior\ShowPageTraceBehavior [ RunTime:0.001081s ]
INFO: [ app_end ] --END-- [ RunTime:0.001171s ]

[ 2018-06-02T14:34:40+08:00 ] 127.0.0.1 /api/add_ticket?Amount=126&BAmount=&BeginTime=2018-05-19+00%3A23&BuyStation=%E5%8C%97%E4%BA%AC%E5%8D%97%E7%AB%99&EStation=%E9%94%A6%E5%B7%9E%E7%AB%99&Notes=&ReailwayCode=K295&SeatNum=13%E5%8F%B7%E4%B8%AD%E9%93%BA&SStation=%E5%A4%A9%E6%B4%A5%E7%AB%99&ReailwayNum=3&ReailwayType=%E5%BF%AB%E9%80%9F&ReailwaySeatType=%E7%A1%AC%E5%8D%A7
INFO: [ app_init ] --START--
INFO: Run Behavior\BuildLiteBehavior [ RunTime:0.000009s ]
INFO: [ app_init ] --END-- [ RunTime:0.000306s ]
INFO: [ app_begin ] --START--
INFO: Run Behavior\ReadHtmlCacheBehavior [ RunTime:0.000545s ]
INFO: [ app_begin ] --END-- [ RunTime:0.000579s ]
SQL: SHOW COLUMNS FROM `reailwayinfo` [ RunTime:0.0011s ]
NOTIC: [8] Undefined index: SStation E:\www2\railway.xingzhi.com\Common\Common\function.php 第 64 行.
NOTIC: [8] Undefined index: EStation E:\www2\railway.xingzhi.com\Common\Common\function.php 第 64 行.
NOTIC: [8] Undefined index: BeginTime E:\www2\railway.xingzhi.com\Common\Common\function.php 第 64 行.
NOTIC: [8] Undefined index: Amount E:\www2\railway.xingzhi.com\Common\Common\function.php 第 64 行.
NOTIC: [8] Undefined index: BAmount E:\www2\railway.xingzhi.com\Common\Common\function.php 第 64 行.
NOTIC: [8] Undefined index: Notes E:\www2\railway.xingzhi.com\Common\Common\function.php 第 64 行.
NOTIC: [8] Undefined index: ReailwayCode E:\www2\railway.xingzhi.com\Common\Common\function.php 第 64 行.
NOTIC: [8] Undefined index: SeatNum E:\www2\railway.xingzhi.com\Common\Common\function.php 第 64 行.
NOTIC: [8] Undefined index: BuyStation E:\www2\railway.xingzhi.com\Common\Common\function.php 第 64 行.
NOTIC: [8] Undefined index: ReailwayNum E:\www2\railway.xingzhi.com\Common\Common\function.php 第 64 行.
NOTIC: [8] Undefined index: ReailwayType E:\www2\railway.xingzhi.com\Common\Common\function.php 第 64 行.
NOTIC: [8] Undefined index: ReailwaySeatType E:\www2\railway.xingzhi.com\Common\Common\function.php 第 64 行.
SQL: SHOW COLUMNS FROM `reailwayinfo` [ RunTime:0.0004s ]
SQL: SELECT id, sstation, estation, addtime, begintime, 
				amount, bamount, notes, reailwaycode, seatnum, 
				buystation, ticketpic, reailwaynum, reailwaytype, reailwayseattype 
				FROM reailwayinfo 
				WHERE sstation = '天津站' 
				AND estation = '锦州站' 
				AND reailwaycode = 'K295'  
				AND begintime = '2018-05-19 00:23'  [ RunTime:0.0004s ]
SQL: INSERT INTO `reailwayinfo` (`sstation`,`estation`,`addtime`,`begintime`,`amount`,`bamount`,`notes`,`reailwaycode`,`seatnum`,`buystation`,`ticketpic`,`reailwaynum`,`reailwaytype`,`reailwayseattype`) VALUES ('天津站','锦州站','2018-06-02 14:34:40','2018-05-19 00:23','126','0','','K295','13号中铺','北京南站','','3','快速','硬卧') [ RunTime:0.1098s ]
INFO: [ app_end ] --START--
INFO: Run Behavior\ShowPageTraceBehavior [ RunTime:0.002406s ]
INFO: [ app_end ] --END-- [ RunTime:0.002514s ]

[ 2018-06-02T14:34:42+08:00 ] 127.0.0.1 /
INFO: [ app_init ] --START--
INFO: Run Behavior\BuildLiteBehavior [ RunTime:0.000009s ]
INFO: [ app_init ] --END-- [ RunTime:0.000292s ]
INFO: [ app_begin ] --START--
INFO: Run Behavior\ReadHtmlCacheBehavior [ RunTime:0.000736s ]
INFO: [ app_begin ] --END-- [ RunTime:0.000787s ]
NOTIC: [8] Undefined index: stime E:\www2\railway.xingzhi.com\Common\Common\function.php 第 64 行.
NOTIC: [8] Undefined index: stime E:\www2\railway.xingzhi.com\Common\Common\function.php 第 66 行.
NOTIC: [8] Undefined index: stime E:\www2\railway.xingzhi.com\Common\Common\function.php 第 68 行.
NOTIC: [8] Undefined index: etime E:\www2\railway.xingzhi.com\Common\Common\function.php 第 64 行.
NOTIC: [8] Undefined index: etime E:\www2\railway.xingzhi.com\Common\Common\function.php 第 66 行.
NOTIC: [8] Undefined index: etime E:\www2\railway.xingzhi.com\Common\Common\function.php 第 68 行.
SQL: SHOW COLUMNS FROM `reailwayinfo` [ RunTime:0.0015s ]
SQL: SHOW COLUMNS FROM `reailwayinfo` [ RunTime:0.0007s ]
SQL: SELECT * FROM reailwayinfo WHERE begintime BETWEEN '2018-01-01 00:00:00' and '2018-06-02 23:59:59' ORDER BY begintime DESC [ RunTime:0.0007s ]
INFO: [ view_parse ] --START--
INFO: [ template_filter ] --START--
INFO: Run Behavior\ContentReplaceBehavior [ RunTime:0.000075s ]
INFO: [ template_filter ] --END-- [ RunTime:0.000127s ]
INFO: Run Behavior\ParseTemplateBehavior [ RunTime:0.009057s ]
INFO: [ view_parse ] --END-- [ RunTime:0.009119s ]
INFO: [ view_filter ] --START--
INFO: Run Behavior\WriteHtmlCacheBehavior [ RunTime:0.000603s ]
INFO: [ view_filter ] --END-- [ RunTime:0.000647s ]
INFO: [ app_end ] --START--
INFO: Run Behavior\ShowPageTraceBehavior [ RunTime:0.000858s ]
INFO: [ app_end ] --END-- [ RunTime:0.000966s ]

[ 2018-06-02T14:34:51+08:00 ] 127.0.0.1 /reailwayinfo/addticket
INFO: [ app_init ] --START--
INFO: Run Behavior\BuildLiteBehavior [ RunTime:0.000026s ]
INFO: [ app_init ] --END-- [ RunTime:0.001617s ]
INFO: [ app_begin ] --START--
INFO: Run Behavior\ReadHtmlCacheBehavior [ RunTime:0.001222s ]
INFO: [ app_begin ] --END-- [ RunTime:0.001345s ]
INFO: [ view_parse ] --START--
INFO: [ template_filter ] --START--
INFO: Run Behavior\ContentReplaceBehavior [ RunTime:0.000054s ]
INFO: [ template_filter ] --END-- [ RunTime:0.000090s ]
INFO: Run Behavior\ParseTemplateBehavior [ RunTime:0.005332s ]
INFO: [ view_parse ] --END-- [ RunTime:0.005394s ]
INFO: [ view_filter ] --START--
INFO: Run Behavior\WriteHtmlCacheBehavior [ RunTime:0.000642s ]
INFO: [ view_filter ] --END-- [ RunTime:0.000710s ]
INFO: [ app_end ] --START--
INFO: Run Behavior\ShowPageTraceBehavior [ RunTime:0.001058s ]
INFO: [ app_end ] --END-- [ RunTime:0.001164s ]

[ 2018-06-02T14:34:51+08:00 ] 127.0.0.1 /api/get_selectorstation
INFO: [ app_init ] --START--
INFO: Run Behavior\BuildLiteBehavior [ RunTime:0.000017s ]
INFO: [ app_init ] --END-- [ RunTime:0.000604s ]
INFO: [ app_begin ] --START--
INFO: Run Behavior\ReadHtmlCacheBehavior [ RunTime:0.000712s ]
INFO: [ app_begin ] --END-- [ RunTime:0.000769s ]
SQL: SHOW COLUMNS FROM `selectorstation` [ RunTime:0.0019s ]
SQL: SELECT * FROM selectorstation [ RunTime:0.0005s ]
INFO: [ app_end ] --START--
INFO: Run Behavior\ShowPageTraceBehavior [ RunTime:0.001123s ]
INFO: [ app_end ] --END-- [ RunTime:0.001190s ]

[ 2018-06-02T14:34:51+08:00 ] 127.0.0.1 /api/get_selectorstation
INFO: [ app_init ] --START--
INFO: Run Behavior\BuildLiteBehavior [ RunTime:0.000016s ]
INFO: [ app_init ] --END-- [ RunTime:0.000632s ]
INFO: [ app_begin ] --START--
INFO: Run Behavior\ReadHtmlCacheBehavior [ RunTime:0.000887s ]
INFO: [ app_begin ] --END-- [ RunTime:0.000949s ]
SQL: SHOW COLUMNS FROM `selectorstation` [ RunTime:0.0016s ]
SQL: SELECT * FROM selectorstation [ RunTime:0.0004s ]
INFO: [ app_end ] --START--
INFO: Run Behavior\ShowPageTraceBehavior [ RunTime:0.000801s ]
INFO: [ app_end ] --END-- [ RunTime:0.000848s ]

[ 2018-06-02T14:35:39+08:00 ] 127.0.0.1 /api/add_ticket?Amount=54.5&BAmount=&BeginTime=2018-05-18+23%3A05&BuyStation=%E5%8C%97%E4%BA%AC%E5%8D%97%E7%AB%99&EStation=%E5%A4%A9%E6%B4%A5%E7%AB%99&Notes=&ReailwayCode=C2107&SeatNum=6F&SStation=%E5%8C%97%E4%BA%AC%E5%8D%97%E7%AB%99&ReailwayNum=3&ReailwayType=%E9%AB%98%E9%93%81%2F%E5%9F%8E%E9%99%85&ReailwaySeatType=%E4%BA%8C%E7%AD%89%E5%BA%A7
INFO: [ app_init ] --START--
INFO: Run Behavior\BuildLiteBehavior [ RunTime:0.000010s ]
INFO: [ app_init ] --END-- [ RunTime:0.000326s ]
INFO: [ app_begin ] --START--
INFO: Run Behavior\ReadHtmlCacheBehavior [ RunTime:0.000533s ]
INFO: [ app_begin ] --END-- [ RunTime:0.000628s ]
SQL: SHOW COLUMNS FROM `reailwayinfo` [ RunTime:0.0012s ]
NOTIC: [8] Undefined index: SStation E:\www2\railway.xingzhi.com\Common\Common\function.php 第 64 行.
NOTIC: [8] Undefined index: EStation E:\www2\railway.xingzhi.com\Common\Common\function.php 第 64 行.
NOTIC: [8] Undefined index: BeginTime E:\www2\railway.xingzhi.com\Common\Common\function.php 第 64 行.
NOTIC: [8] Undefined index: Amount E:\www2\railway.xingzhi.com\Common\Common\function.php 第 64 行.
NOTIC: [8] Undefined index: BAmount E:\www2\railway.xingzhi.com\Common\Common\function.php 第 64 行.
NOTIC: [8] Undefined index: Notes E:\www2\railway.xingzhi.com\Common\Common\function.php 第 64 行.
NOTIC: [8] Undefined index: ReailwayCode E:\www2\railway.xingzhi.com\Common\Common\function.php 第 64 行.
NOTIC: [8] Undefined index: SeatNum E:\www2\railway.xingzhi.com\Common\Common\function.php 第 64 行.
NOTIC: [8] Undefined index: BuyStation E:\www2\railway.xingzhi.com\Common\Common\function.php 第 64 行.
NOTIC: [8] Undefined index: ReailwayNum E:\www2\railway.xingzhi.com\Common\Common\function.php 第 64 行.
NOTIC: [8] Undefined index: ReailwayType E:\www2\railway.xingzhi.com\Common\Common\function.php 第 64 行.
NOTIC: [8] Undefined index: ReailwaySeatType E:\www2\railway.xingzhi.com\Common\Common\function.php 第 64 行.
SQL: SHOW COLUMNS FROM `reailwayinfo` [ RunTime:0.0005s ]
SQL: SELECT id, sstation, estation, addtime, begintime, 
				amount, bamount, notes, reailwaycode, seatnum, 
				buystation, ticketpic, reailwaynum, reailwaytype, reailwayseattype 
				FROM reailwayinfo 
				WHERE sstation = '北京南站' 
				AND estation = '天津站' 
				AND reailwaycode = 'C2107'  
				AND begintime = '2018-05-18 23:05'  [ RunTime:0.0005s ]
SQL: INSERT INTO `reailwayinfo` (`sstation`,`estation`,`addtime`,`begintime`,`amount`,`bamount`,`notes`,`reailwaycode`,`seatnum`,`buystation`,`ticketpic`,`reailwaynum`,`reailwaytype`,`reailwayseattype`) VALUES ('北京南站','天津站','2018-06-02 14:35:39','2018-05-18 23:05','54.5','0','','C2107','6F','北京南站','','3','高铁/城际','二等座') [ RunTime:0.0452s ]
INFO: [ app_end ] --START--
INFO: Run Behavior\ShowPageTraceBehavior [ RunTime:0.000794s ]
INFO: [ app_end ] --END-- [ RunTime:0.000834s ]

[ 2018-06-02T14:35:41+08:00 ] 127.0.0.1 /
INFO: [ app_init ] --START--
INFO: Run Behavior\BuildLiteBehavior [ RunTime:0.000013s ]
INFO: [ app_init ] --END-- [ RunTime:0.000371s ]
INFO: [ app_begin ] --START--
INFO: Run Behavior\ReadHtmlCacheBehavior [ RunTime:0.000501s ]
INFO: [ app_begin ] --END-- [ RunTime:0.000531s ]
NOTIC: [8] Undefined index: stime E:\www2\railway.xingzhi.com\Common\Common\function.php 第 64 行.
NOTIC: [8] Undefined index: stime E:\www2\railway.xingzhi.com\Common\Common\function.php 第 66 行.
NOTIC: [8] Undefined index: stime E:\www2\railway.xingzhi.com\Common\Common\function.php 第 68 行.
NOTIC: [8] Undefined index: etime E:\www2\railway.xingzhi.com\Common\Common\function.php 第 64 行.
NOTIC: [8] Undefined index: etime E:\www2\railway.xingzhi.com\Common\Common\function.php 第 66 行.
NOTIC: [8] Undefined index: etime E:\www2\railway.xingzhi.com\Common\Common\function.php 第 68 行.
SQL: SHOW COLUMNS FROM `reailwayinfo` [ RunTime:0.0059s ]
SQL: SHOW COLUMNS FROM `reailwayinfo` [ RunTime:0.0004s ]
SQL: SELECT * FROM reailwayinfo WHERE begintime BETWEEN '2018-01-01 00:00:00' and '2018-06-02 23:59:59' ORDER BY begintime DESC [ RunTime:0.0005s ]
INFO: [ view_parse ] --START--
INFO: [ template_filter ] --START--
INFO: Run Behavior\ContentReplaceBehavior [ RunTime:0.000042s ]
INFO: [ template_filter ] --END-- [ RunTime:0.000075s ]
INFO: Run Behavior\ParseTemplateBehavior [ RunTime:0.005770s ]
INFO: [ view_parse ] --END-- [ RunTime:0.005805s ]
INFO: [ view_filter ] --START--
INFO: Run Behavior\WriteHtmlCacheBehavior [ RunTime:0.000381s ]
INFO: [ view_filter ] --END-- [ RunTime:0.000406s ]
INFO: [ app_end ] --START--
INFO: Run Behavior\ShowPageTraceBehavior [ RunTime:0.000686s ]
INFO: [ app_end ] --END-- [ RunTime:0.000745s ]

[ 2018-06-02T14:35:41+08:00 ] 127.0.0.1 /home/reailwayinfo/get_reailwayinfo_notes?rid=1247
INFO: [ app_init ] --START--
INFO: Run Behavior\BuildLiteBehavior [ RunTime:0.000009s ]
INFO: [ app_init ] --END-- [ RunTime:0.000298s ]
INFO: [ app_begin ] --START--
INFO: Run Behavior\ReadHtmlCacheBehavior [ RunTime:0.000525s ]
INFO: [ app_begin ] --END-- [ RunTime:0.000558s ]
NOTIC: [8] Undefined index: rid E:\www2\railway.xingzhi.com\Common\Common\function.php 第 64 行.
SQL: SHOW COLUMNS FROM `reailwayinfo` [ RunTime:0.0011s ]
SQL: SHOW COLUMNS FROM `reailwayinfo` [ RunTime:0.0004s ]
SQL: SELECT * FROM reailwayinfo WHERE id = 1247 [ RunTime:0.0002s ]
INFO: [ app_end ] --START--
INFO: Run Behavior\ShowPageTraceBehavior [ RunTime:0.000622s ]
INFO: [ app_end ] --END-- [ RunTime:0.000652s ]

[ 2018-06-02T14:35:42+08:00 ] 127.0.0.1 /home/reailwayinfo/get_reailwayinfo_notes?rid=1252
INFO: [ app_init ] --START--
INFO: Run Behavior\BuildLiteBehavior [ RunTime:0.000010s ]
INFO: [ app_init ] --END-- [ RunTime:0.000360s ]
INFO: [ app_begin ] --START--
INFO: Run Behavior\ReadHtmlCacheBehavior [ RunTime:0.000645s ]
INFO: [ app_begin ] --END-- [ RunTime:0.000700s ]
NOTIC: [8] Undefined index: rid E:\www2\railway.xingzhi.com\Common\Common\function.php 第 64 行.
SQL: SHOW COLUMNS FROM `reailwayinfo` [ RunTime:0.0012s ]
SQL: SHOW COLUMNS FROM `reailwayinfo` [ RunTime:0.0007s ]
SQL: SELECT * FROM reailwayinfo WHERE id = 1252 [ RunTime:0.0003s ]
INFO: [ app_end ] --START--
INFO: Run Behavior\ShowPageTraceBehavior [ RunTime:0.000614s ]
INFO: [ app_end ] --END-- [ RunTime:0.000645s ]

[ 2018-06-02T14:35:43+08:00 ] 127.0.0.1 /
INFO: [ app_init ] --START--
INFO: Run Behavior\BuildLiteBehavior [ RunTime:0.000010s ]
INFO: [ app_init ] --END-- [ RunTime:0.000316s ]
INFO: [ app_begin ] --START--
INFO: Run Behavior\ReadHtmlCacheBehavior [ RunTime:0.000511s ]
INFO: [ app_begin ] --END-- [ RunTime:0.000544s ]
NOTIC: [8] Undefined index: stime E:\www2\railway.xingzhi.com\Common\Common\function.php 第 64 行.
NOTIC: [8] Undefined index: stime E:\www2\railway.xingzhi.com\Common\Common\function.php 第 66 行.
NOTIC: [8] Undefined index: stime E:\www2\railway.xingzhi.com\Common\Common\function.php 第 68 行.
NOTIC: [8] Undefined index: etime E:\www2\railway.xingzhi.com\Common\Common\function.php 第 64 行.
NOTIC: [8] Undefined index: etime E:\www2\railway.xingzhi.com\Common\Common\function.php 第 66 行.
NOTIC: [8] Undefined index: etime E:\www2\railway.xingzhi.com\Common\Common\function.php 第 68 行.
SQL: SHOW COLUMNS FROM `reailwayinfo` [ RunTime:0.0012s ]
SQL: SHOW COLUMNS FROM `reailwayinfo` [ RunTime:0.0006s ]
SQL: SELECT * FROM reailwayinfo WHERE begintime BETWEEN '2018-01-01 00:00:00' and '2018-06-02 23:59:59' ORDER BY begintime DESC [ RunTime:0.0005s ]
INFO: [ view_parse ] --START--
INFO: [ template_filter ] --START--
INFO: Run Behavior\ContentReplaceBehavior [ RunTime:0.000074s ]
INFO: [ template_filter ] --END-- [ RunTime:0.000126s ]
INFO: Run Behavior\ParseTemplateBehavior [ RunTime:0.006885s ]
INFO: [ view_parse ] --END-- [ RunTime:0.006931s ]
INFO: [ view_filter ] --START--
INFO: Run Behavior\WriteHtmlCacheBehavior [ RunTime:0.000406s ]
INFO: [ view_filter ] --END-- [ RunTime:0.000431s ]
INFO: [ app_end ] --START--
INFO: Run Behavior\ShowPageTraceBehavior [ RunTime:0.000620s ]
INFO: [ app_end ] --END-- [ RunTime:0.000680s ]

[ 2018-06-02T14:36:50+08:00 ] 127.0.0.1 /reailwayinfo/addticket
INFO: [ app_init ] --START--
INFO: Run Behavior\BuildLiteBehavior [ RunTime:0.000020s ]
INFO: [ app_init ] --END-- [ RunTime:0.001218s ]
INFO: [ app_begin ] --START--
INFO: Run Behavior\ReadHtmlCacheBehavior [ RunTime:0.000870s ]
INFO: [ app_begin ] --END-- [ RunTime:0.000931s ]
INFO: [ view_parse ] --START--
INFO: [ template_filter ] --START--
INFO: Run Behavior\ContentReplaceBehavior [ RunTime:0.000049s ]
INFO: [ template_filter ] --END-- [ RunTime:0.000081s ]
INFO: Run Behavior\ParseTemplateBehavior [ RunTime:0.004750s ]
INFO: [ view_parse ] --END-- [ RunTime:0.004802s ]
INFO: [ view_filter ] --START--
INFO: Run Behavior\WriteHtmlCacheBehavior [ RunTime:0.000434s ]
INFO: [ view_filter ] --END-- [ RunTime:0.000463s ]
INFO: [ app_end ] --START--
INFO: Run Behavior\ShowPageTraceBehavior [ RunTime:0.001651s ]
INFO: [ app_end ] --END-- [ RunTime:0.002817s ]

[ 2018-06-02T14:36:50+08:00 ] 127.0.0.1 /api/get_selectorstation
INFO: [ app_init ] --START--
INFO: Run Behavior\BuildLiteBehavior [ RunTime:0.000014s ]
INFO: [ app_init ] --END-- [ RunTime:0.000497s ]
INFO: [ app_begin ] --START--
INFO: Run Behavior\ReadHtmlCacheBehavior [ RunTime:0.000811s ]
INFO: [ app_begin ] --END-- [ RunTime:0.000885s ]
SQL: SHOW COLUMNS FROM `selectorstation` [ RunTime:0.0006s ]
SQL: SELECT * FROM selectorstation [ RunTime:0.0004s ]
INFO: [ app_end ] --START--
INFO: Run Behavior\ShowPageTraceBehavior [ RunTime:0.000709s ]
INFO: [ app_end ] --END-- [ RunTime:0.000749s ]

[ 2018-06-02T14:36:50+08:00 ] 127.0.0.1 /api/get_selectorstation
INFO: [ app_init ] --START--
INFO: Run Behavior\BuildLiteBehavior [ RunTime:0.000014s ]
INFO: [ app_init ] --END-- [ RunTime:0.000707s ]
INFO: [ app_begin ] --START--
INFO: Run Behavior\ReadHtmlCacheBehavior [ RunTime:0.000838s ]
INFO: [ app_begin ] --END-- [ RunTime:0.000890s ]
SQL: SHOW COLUMNS FROM `selectorstation` [ RunTime:0.0015s ]
SQL: SELECT * FROM selectorstation [ RunTime:0.0003s ]
INFO: [ app_end ] --START--
INFO: Run Behavior\ShowPageTraceBehavior [ RunTime:0.000666s ]
INFO: [ app_end ] --END-- [ RunTime:0.000701s ]

[ 2018-06-02T14:37:55+08:00 ] 127.0.0.1 /api/add_ticket?Amount=164&BAmount=164&BeginTime=2018-06-01+22%3A45&BuyStation=%E5%8C%97%E4%BA%AC%E7%AB%99&EStation=%E9%9E%8D%E5%B1%B1%E7%AB%99&Notes=&ReailwayCode=2549&SeatNum=12%E5%8F%B7%E4%B8%AD%E9%93%BA&SStation=%E5%8C%97%E4%BA%AC%E7%AB%99&ReailwayNum=12&ReailwayType=%E5%85%B6%E5%AE%83&ReailwaySeatType=%E7%A1%AC%E5%8D%A7
INFO: [ app_init ] --START--
INFO: Run Behavior\BuildLiteBehavior [ RunTime:0.000009s ]
INFO: [ app_init ] --END-- [ RunTime:0.000309s ]
INFO: [ app_begin ] --START--
INFO: Run Behavior\ReadHtmlCacheBehavior [ RunTime:0.000618s ]
INFO: [ app_begin ] --END-- [ RunTime:0.000652s ]
SQL: SHOW COLUMNS FROM `reailwayinfo` [ RunTime:0.0005s ]
NOTIC: [8] Undefined index: SStation E:\www2\railway.xingzhi.com\Common\Common\function.php 第 64 行.
NOTIC: [8] Undefined index: EStation E:\www2\railway.xingzhi.com\Common\Common\function.php 第 64 行.
NOTIC: [8] Undefined index: BeginTime E:\www2\railway.xingzhi.com\Common\Common\function.php 第 64 行.
NOTIC: [8] Undefined index: Amount E:\www2\railway.xingzhi.com\Common\Common\function.php 第 64 行.
NOTIC: [8] Undefined index: BAmount E:\www2\railway.xingzhi.com\Common\Common\function.php 第 64 行.
NOTIC: [8] Undefined index: Notes E:\www2\railway.xingzhi.com\Common\Common\function.php 第 64 行.
NOTIC: [8] Undefined index: ReailwayCode E:\www2\railway.xingzhi.com\Common\Common\function.php 第 64 行.
NOTIC: [8] Undefined index: SeatNum E:\www2\railway.xingzhi.com\Common\Common\function.php 第 64 行.
NOTIC: [8] Undefined index: BuyStation E:\www2\railway.xingzhi.com\Common\Common\function.php 第 64 行.
NOTIC: [8] Undefined index: ReailwayNum E:\www2\railway.xingzhi.com\Common\Common\function.php 第 64 行.
NOTIC: [8] Undefined index: ReailwayType E:\www2\railway.xingzhi.com\Common\Common\function.php 第 64 行.
NOTIC: [8] Undefined index: ReailwaySeatType E:\www2\railway.xingzhi.com\Common\Common\function.php 第 64 行.
SQL: SHOW COLUMNS FROM `reailwayinfo` [ RunTime:0.0004s ]
SQL: SELECT id, sstation, estation, addtime, begintime, 
				amount, bamount, notes, reailwaycode, seatnum, 
				buystation, ticketpic, reailwaynum, reailwaytype, reailwayseattype 
				FROM reailwayinfo 
				WHERE sstation = '北京站' 
				AND estation = '鞍山站' 
				AND reailwaycode = '2549'  
				AND begintime = '2018-06-01 22:45'  [ RunTime:0.0004s ]
SQL: INSERT INTO `reailwayinfo` (`sstation`,`estation`,`addtime`,`begintime`,`amount`,`bamount`,`notes`,`reailwaycode`,`seatnum`,`buystation`,`ticketpic`,`reailwaynum`,`reailwaytype`,`reailwayseattype`) VALUES ('北京站','鞍山站','2018-06-02 14:37:54','2018-06-01 22:45','164','164','','2549','12号中铺','北京站','','12','其它','硬卧') [ RunTime:0.0885s ]
INFO: [ app_end ] --START--
INFO: Run Behavior\ShowPageTraceBehavior [ RunTime:0.000693s ]
INFO: [ app_end ] --END-- [ RunTime:0.000725s ]

[ 2018-06-02T14:37:56+08:00 ] 127.0.0.1 /
INFO: [ app_init ] --START--
INFO: Run Behavior\BuildLiteBehavior [ RunTime:0.000018s ]
INFO: [ app_init ] --END-- [ RunTime:0.000755s ]
INFO: [ app_begin ] --START--
INFO: Run Behavior\ReadHtmlCacheBehavior [ RunTime:0.001239s ]
INFO: [ app_begin ] --END-- [ RunTime:0.001311s ]
NOTIC: [8] Undefined index: stime E:\www2\railway.xingzhi.com\Common\Common\function.php 第 64 行.
NOTIC: [8] Undefined index: stime E:\www2\railway.xingzhi.com\Common\Common\function.php 第 66 行.
NOTIC: [8] Undefined index: stime E:\www2\railway.xingzhi.com\Common\Common\function.php 第 68 行.
NOTIC: [8] Undefined index: etime E:\www2\railway.xingzhi.com\Common\Common\function.php 第 64 行.
NOTIC: [8] Undefined index: etime E:\www2\railway.xingzhi.com\Common\Common\function.php 第 66 行.
NOTIC: [8] Undefined index: etime E:\www2\railway.xingzhi.com\Common\Common\function.php 第 68 行.
SQL: SHOW COLUMNS FROM `reailwayinfo` [ RunTime:0.0015s ]
SQL: SHOW COLUMNS FROM `reailwayinfo` [ RunTime:0.0005s ]
SQL: SELECT * FROM reailwayinfo WHERE begintime BETWEEN '2018-01-01 00:00:00' and '2018-06-02 23:59:59' ORDER BY begintime DESC [ RunTime:0.0006s ]
INFO: [ view_parse ] --START--
INFO: [ template_filter ] --START--
INFO: Run Behavior\ContentReplaceBehavior [ RunTime:0.000056s ]
INFO: [ template_filter ] --END-- [ RunTime:0.000095s ]
INFO: Run Behavior\ParseTemplateBehavior [ RunTime:0.007904s ]
INFO: [ view_parse ] --END-- [ RunTime:0.007952s ]
INFO: [ view_filter ] --START--
INFO: Run Behavior\WriteHtmlCacheBehavior [ RunTime:0.000481s ]
INFO: [ view_filter ] --END-- [ RunTime:0.000511s ]
INFO: [ app_end ] --START--
INFO: Run Behavior\ShowPageTraceBehavior [ RunTime:0.000788s ]
INFO: [ app_end ] --END-- [ RunTime:0.000850s ]

[ 2018-06-02T14:42:38+08:00 ] 127.0.0.1 /reailwayinfo/index?stime=2015-01-01&etime=2015-12-31
INFO: [ app_init ] --START--
INFO: Run Behavior\BuildLiteBehavior [ RunTime:0.000009s ]
INFO: [ app_init ] --END-- [ RunTime:0.000288s ]
INFO: [ app_begin ] --START--
INFO: Run Behavior\ReadHtmlCacheBehavior [ RunTime:0.000487s ]
INFO: [ app_begin ] --END-- [ RunTime:0.000519s ]
NOTIC: [8] Undefined index: stime E:\www2\railway.xingzhi.com\Common\Common\function.php 第 64 行.
NOTIC: [8] Undefined index: etime E:\www2\railway.xingzhi.com\Common\Common\function.php 第 64 行.
SQL: SHOW COLUMNS FROM `reailwayinfo` [ RunTime:0.0007s ]
SQL: SHOW COLUMNS FROM `reailwayinfo` [ RunTime:0.0004s ]
SQL: SELECT * FROM reailwayinfo WHERE begintime BETWEEN '2015-01-01 00:00:00' and '2015-12-31 23:59:59' ORDER BY begintime DESC [ RunTime:0.0008s ]
INFO: [ view_parse ] --START--
INFO: [ template_filter ] --START--
INFO: Run Behavior\ContentReplaceBehavior [ RunTime:0.000042s ]
INFO: [ template_filter ] --END-- [ RunTime:0.000071s ]
INFO: Run Behavior\ParseTemplateBehavior [ RunTime:0.006003s ]
INFO: [ view_parse ] --END-- [ RunTime:0.006044s ]
INFO: [ view_filter ] --START--
INFO: Run Behavior\WriteHtmlCacheBehavior [ RunTime:0.000394s ]
INFO: [ view_filter ] --END-- [ RunTime:0.000418s ]
INFO: [ app_end ] --START--
INFO: Run Behavior\ShowPageTraceBehavior [ RunTime:0.000855s ]
INFO: [ app_end ] --END-- [ RunTime:0.000918s ]

[ 2018-06-02T14:42:40+08:00 ] 127.0.0.1 /reailwayinfo/index?stime=2015-01-01&etime=2015-12-31
INFO: [ app_init ] --START--
INFO: Run Behavior\BuildLiteBehavior [ RunTime:0.000010s ]
INFO: [ app_init ] --END-- [ RunTime:0.000369s ]
INFO: [ app_begin ] --START--
INFO: Run Behavior\ReadHtmlCacheBehavior [ RunTime:0.000510s ]
INFO: [ app_begin ] --END-- [ RunTime:0.000542s ]
NOTIC: [8] Undefined index: stime E:\www2\railway.xingzhi.com\Common\Common\function.php 第 64 行.
NOTIC: [8] Undefined index: etime E:\www2\railway.xingzhi.com\Common\Common\function.php 第 64 行.
SQL: SHOW COLUMNS FROM `reailwayinfo` [ RunTime:0.0043s ]
SQL: SHOW COLUMNS FROM `reailwayinfo` [ RunTime:0.0017s ]
SQL: SELECT * FROM reailwayinfo WHERE begintime BETWEEN '2015-01-01 00:00:00' and '2015-12-31 23:59:59' ORDER BY begintime DESC [ RunTime:0.0029s ]
INFO: [ view_parse ] --START--
INFO: [ template_filter ] --START--
INFO: Run Behavior\ContentReplaceBehavior [ RunTime:0.000149s ]
INFO: [ template_filter ] --END-- [ RunTime:0.000261s ]
INFO: Run Behavior\ParseTemplateBehavior [ RunTime:0.023376s ]
INFO: [ view_parse ] --END-- [ RunTime:0.023538s ]
INFO: [ view_filter ] --START--
INFO: Run Behavior\WriteHtmlCacheBehavior [ RunTime:0.001864s ]
INFO: [ view_filter ] --END-- [ RunTime:0.002003s ]
INFO: [ app_end ] --START--
INFO: Run Behavior\ShowPageTraceBehavior [ RunTime:0.002638s ]
INFO: [ app_end ] --END-- [ RunTime:0.002808s ]

[ 2018-06-02T14:42:41+08:00 ] 127.0.0.1 /reailwayinfo/index?stime=2014-01-01&etime=2014-12-31
INFO: [ app_init ] --START--
INFO: Run Behavior\BuildLiteBehavior [ RunTime:0.000016s ]
INFO: [ app_init ] --END-- [ RunTime:0.000355s ]
INFO: [ app_begin ] --START--
INFO: Run Behavior\ReadHtmlCacheBehavior [ RunTime:0.000585s ]
INFO: [ app_begin ] --END-- [ RunTime:0.000634s ]
NOTIC: [8] Undefined index: stime E:\www2\railway.xingzhi.com\Common\Common\function.php 第 64 行.
NOTIC: [8] Undefined index: etime E:\www2\railway.xingzhi.com\Common\Common\function.php 第 64 行.
SQL: SHOW COLUMNS FROM `reailwayinfo` [ RunTime:0.0015s ]
SQL: SHOW COLUMNS FROM `reailwayinfo` [ RunTime:0.0005s ]
SQL: SELECT * FROM reailwayinfo WHERE begintime BETWEEN '2014-01-01 00:00:00' and '2014-12-31 23:59:59' ORDER BY begintime DESC [ RunTime:0.0005s ]
INFO: [ view_parse ] --START--
INFO: [ template_filter ] --START--
INFO: Run Behavior\ContentReplaceBehavior [ RunTime:0.000074s ]
INFO: [ template_filter ] --END-- [ RunTime:0.000128s ]
INFO: Run Behavior\ParseTemplateBehavior [ RunTime:0.006768s ]
INFO: [ view_parse ] --END-- [ RunTime:0.006811s ]
INFO: [ view_filter ] --START--
INFO: Run Behavior\WriteHtmlCacheBehavior [ RunTime:0.000407s ]
INFO: [ view_filter ] --END-- [ RunTime:0.000432s ]
INFO: [ app_end ] --START--
INFO: Run Behavior\ShowPageTraceBehavior [ RunTime:0.000779s ]
INFO: [ app_end ] --END-- [ RunTime:0.000840s ]

[ 2018-06-02T14:42:42+08:00 ] 127.0.0.1 /reailwayinfo/index?stime=2015-01-01&etime=2015-12-31
INFO: [ app_init ] --START--
INFO: Run Behavior\BuildLiteBehavior [ RunTime:0.000008s ]
INFO: [ app_init ] --END-- [ RunTime:0.000287s ]
INFO: [ app_begin ] --START--
INFO: Run Behavior\ReadHtmlCacheBehavior [ RunTime:0.000493s ]
INFO: [ app_begin ] --END-- [ RunTime:0.000526s ]
NOTIC: [8] Undefined index: stime E:\www2\railway.xingzhi.com\Common\Common\function.php 第 64 行.
NOTIC: [8] Undefined index: etime E:\www2\railway.xingzhi.com\Common\Common\function.php 第 64 行.
SQL: SHOW COLUMNS FROM `reailwayinfo` [ RunTime:0.0005s ]
SQL: SHOW COLUMNS FROM `reailwayinfo` [ RunTime:0.0004s ]
SQL: SELECT * FROM reailwayinfo WHERE begintime BETWEEN '2015-01-01 00:00:00' and '2015-12-31 23:59:59' ORDER BY begintime DESC [ RunTime:0.0007s ]
INFO: [ view_parse ] --START--
INFO: [ template_filter ] --START--
INFO: Run Behavior\ContentReplaceBehavior [ RunTime:0.000088s ]
INFO: [ template_filter ] --END-- [ RunTime:0.000138s ]
INFO: Run Behavior\ParseTemplateBehavior [ RunTime:0.006744s ]
INFO: [ view_parse ] --END-- [ RunTime:0.006785s ]
INFO: [ view_filter ] --START--
INFO: Run Behavior\WriteHtmlCacheBehavior [ RunTime:0.000401s ]
INFO: [ view_filter ] --END-- [ RunTime:0.000425s ]
INFO: [ app_end ] --START--
INFO: Run Behavior\ShowPageTraceBehavior [ RunTime:0.000705s ]
INFO: [ app_end ] --END-- [ RunTime:0.000770s ]

[ 2018-06-02T14:43:00+08:00 ] 127.0.0.1 /home/reailwayinfo/get_reailwayinfo_notes?rid=53
INFO: [ app_init ] --START--
INFO: Run Behavior\BuildLiteBehavior [ RunTime:0.000014s ]
INFO: [ app_init ] --END-- [ RunTime:0.000411s ]
INFO: [ app_begin ] --START--
INFO: Run Behavior\ReadHtmlCacheBehavior [ RunTime:0.000757s ]
INFO: [ app_begin ] --END-- [ RunTime:0.000816s ]
NOTIC: [8] Undefined index: rid E:\www2\railway.xingzhi.com\Common\Common\function.php 第 64 行.
SQL: SHOW COLUMNS FROM `reailwayinfo` [ RunTime:0.0006s ]
SQL: SHOW COLUMNS FROM `reailwayinfo` [ RunTime:0.0005s ]
SQL: SELECT * FROM reailwayinfo WHERE id = 53 [ RunTime:0.0003s ]
INFO: [ app_end ] --START--
INFO: Run Behavior\ShowPageTraceBehavior [ RunTime:0.000667s ]
INFO: [ app_end ] --END-- [ RunTime:0.000698s ]

[ 2018-06-02T14:43:00+08:00 ] 127.0.0.1 /index/UpdateTicket?rid=1190
INFO: [ app_init ] --START--
INFO: Run Behavior\BuildLiteBehavior [ RunTime:0.000013s ]
INFO: [ app_init ] --END-- [ RunTime:0.000406s ]
INFO: [ app_begin ] --START--
INFO: Run Behavior\ReadHtmlCacheBehavior [ RunTime:0.000776s ]
INFO: [ app_begin ] --END-- [ RunTime:0.000830s ]
ERR: 无法加载控制器:Index

[ 2018-06-02T14:43:00+08:00 ] 127.0.0.1 /favicon.ico
INFO: [ app_init ] --START--
INFO: Run Behavior\BuildLiteBehavior [ RunTime:0.000012s ]
INFO: [ app_init ] --END-- [ RunTime:0.000380s ]

