[ 2018-07-19T21:36:25+08:00 ] 127.0.0.1 /
INFO: [ app_init ] --START--
INFO: Run Behavior\BuildLiteBehavior [ RunTime:0.000022s ]
INFO: [ app_init ] --END-- [ RunTime:0.001331s ]
INFO: [ app_begin ] --START--
INFO: Run Behavior\ReadHtmlCacheBehavior [ RunTime:0.006256s ]
INFO: [ app_begin ] --END-- [ RunTime:0.006346s ]
NOTIC: [8] Undefined index: stime E:\www2\railway.xingzhi.com\Common\Common\function.php Á¨¨ 64 Ë°å.
NOTIC: [8] Undefined index: stime E:\www2\railway.xingzhi.com\Common\Common\function.php Á¨¨ 66 Ë°å.
NOTIC: [8] Undefined index: stime E:\www2\railway.xingzhi.com\Common\Common\function.php Á¨¨ 68 Ë°å.
NOTIC: [8] Undefined index: etime E:\www2\railway.xingzhi.com\Common\Common\function.php Á¨¨ 64 Ë°å.
NOTIC: [8] Undefined index: etime E:\www2\railway.xingzhi.com\Common\Common\function.php Á¨¨ 66 Ë°å.
NOTIC: [8] Undefined index: etime E:\www2\railway.xingzhi.com\Common\Common\function.php Á¨¨ 68 Ë°å.
ERR: SQLSTATE[HY000] [2002] ”…”⁄ƒø±Íº∆À„ª˙ª˝º´æ‹æ¯£¨Œﬁ∑®¡¨Ω”°£


[ 2018-07-19T21:36:25+08:00 ] 127.0.0.1 /favicon.ico
INFO: [ app_init ] --START--
INFO: Run Behavior\BuildLiteBehavior [ RunTime:0.000009s ]
INFO: [ app_init ] --END-- [ RunTime:0.000324s ]

[ 2018-07-19T22:22:12+08:00 ] 127.0.0.1 /favicon.ico
INFO: [ app_init ] --START--
INFO: Run Behavior\BuildLiteBehavior [ RunTime:0.000015s ]
INFO: [ app_init ] --END-- [ RunTime:0.001534s ]

[ 2018-07-19T22:22:14+08:00 ] 127.0.0.1 /
INFO: [ app_init ] --START--
INFO: Run Behavior\BuildLiteBehavior [ RunTime:0.000009s ]
INFO: [ app_init ] --END-- [ RunTime:0.000302s ]
INFO: [ app_begin ] --START--
INFO: Run Behavior\ReadHtmlCacheBehavior [ RunTime:0.000561s ]
INFO: [ app_begin ] --END-- [ RunTime:0.000611s ]
NOTIC: [8] Undefined index: stime E:\www2\railway.xingzhi.com\Common\Common\function.php Á¨¨ 64 Ë°å.
NOTIC: [8] Undefined index: stime E:\www2\railway.xingzhi.com\Common\Common\function.php Á¨¨ 66 Ë°å.
NOTIC: [8] Undefined index: stime E:\www2\railway.xingzhi.com\Common\Common\function.php Á¨¨ 68 Ë°å.
NOTIC: [8] Undefined index: etime E:\www2\railway.xingzhi.com\Common\Common\function.php Á¨¨ 64 Ë°å.
NOTIC: [8] Undefined index: etime E:\www2\railway.xingzhi.com\Common\Common\function.php Á¨¨ 66 Ë°å.
NOTIC: [8] Undefined index: etime E:\www2\railway.xingzhi.com\Common\Common\function.php Á¨¨ 68 Ë°å.
SQL: SHOW COLUMNS FROM `reailwayinfo` [ RunTime:0.0027s ]
SQL: SHOW COLUMNS FROM `reailwayinfo` [ RunTime:0.0006s ]
SQL: SELECT * FROM reailwayinfo WHERE begintime BETWEEN '2018-01-01 00:00:00' and '2018-07-19 23:59:59' ORDER BY begintime DESC [ RunTime:0.0009s ]
INFO: [ view_parse ] --START--
INFO: [ template_filter ] --START--
INFO: Run Behavior\ContentReplaceBehavior [ RunTime:0.000045s ]
INFO: [ template_filter ] --END-- [ RunTime:0.000084s ]
INFO: Run Behavior\ParseTemplateBehavior [ RunTime:0.037581s ]
INFO: [ view_parse ] --END-- [ RunTime:0.037638s ]
INFO: [ view_filter ] --START--
INFO: Run Behavior\WriteHtmlCacheBehavior [ RunTime:0.000516s ]
INFO: [ view_filter ] --END-- [ RunTime:0.000553s ]
INFO: [ app_end ] --START--
INFO: Run Behavior\ShowPageTraceBehavior [ RunTime:0.000933s ]
INFO: [ app_end ] --END-- [ RunTime:0.001034s ]

[ 2018-07-19T22:22:16+08:00 ] 127.0.0.1 /reailwayinfo/index?stime=2018-01-01&etime=2018-12-31
INFO: [ app_init ] --START--
INFO: Run Behavior\BuildLiteBehavior [ RunTime:0.000017s ]
INFO: [ app_init ] --END-- [ RunTime:0.000587s ]
INFO: [ app_begin ] --START--
INFO: Run Behavior\ReadHtmlCacheBehavior [ RunTime:0.000754s ]
INFO: [ app_begin ] --END-- [ RunTime:0.000824s ]
NOTIC: [8] Undefined index: stime E:\www2\railway.xingzhi.com\Common\Common\function.php Á¨¨ 64 Ë°å.
NOTIC: [8] Undefined index: etime E:\www2\railway.xingzhi.com\Common\Common\function.php Á¨¨ 64 Ë°å.
SQL: SHOW COLUMNS FROM `reailwayinfo` [ RunTime:0.0012s ]
SQL: SHOW COLUMNS FROM `reailwayinfo` [ RunTime:0.0006s ]
SQL: SELECT * FROM reailwayinfo WHERE begintime BETWEEN '2018-01-01 00:00:00' and '2018-12-31 23:59:59' ORDER BY begintime DESC [ RunTime:0.0006s ]
INFO: [ view_parse ] --START--
INFO: [ template_filter ] --START--
INFO: Run Behavior\ContentReplaceBehavior [ RunTime:0.000049s ]
INFO: [ template_filter ] --END-- [ RunTime:0.000087s ]
INFO: Run Behavior\ParseTemplateBehavior [ RunTime:0.006750s ]
INFO: [ view_parse ] --END-- [ RunTime:0.006804s ]
INFO: [ view_filter ] --START--
INFO: Run Behavior\WriteHtmlCacheBehavior [ RunTime:0.001096s ]
INFO: [ view_filter ] --END-- [ RunTime:0.001145s ]
INFO: [ app_end ] --START--
INFO: Run Behavior\ShowPageTraceBehavior [ RunTime:0.000846s ]
INFO: [ app_end ] --END-- [ RunTime:0.000929s ]

[ 2018-07-19T22:22:16+08:00 ] 127.0.0.1 /reailwayinfo/index?stime=2017-01-01&etime=2017-12-31
INFO: [ app_init ] --START--
INFO: Run Behavior\BuildLiteBehavior [ RunTime:0.000010s ]
INFO: [ app_init ] --END-- [ RunTime:0.000302s ]
INFO: [ app_begin ] --START--
INFO: Run Behavior\ReadHtmlCacheBehavior [ RunTime:0.000436s ]
INFO: [ app_begin ] --END-- [ RunTime:0.000476s ]
NOTIC: [8] Undefined index: stime E:\www2\railway.xingzhi.com\Common\Common\function.php Á¨¨ 64 Ë°å.
NOTIC: [8] Undefined index: etime E:\www2\railway.xingzhi.com\Common\Common\function.php Á¨¨ 64 Ë°å.
SQL: SHOW COLUMNS FROM `reailwayinfo` [ RunTime:0.0016s ]
SQL: SHOW COLUMNS FROM `reailwayinfo` [ RunTime:0.0006s ]
SQL: SELECT * FROM reailwayinfo WHERE begintime BETWEEN '2017-01-01 00:00:00' and '2017-12-31 23:59:59' ORDER BY begintime DESC [ RunTime:0.0008s ]
INFO: [ view_parse ] --START--
INFO: [ template_filter ] --START--
INFO: Run Behavior\ContentReplaceBehavior [ RunTime:0.000047s ]
INFO: [ template_filter ] --END-- [ RunTime:0.000090s ]
INFO: Run Behavior\ParseTemplateBehavior [ RunTime:0.005605s ]
INFO: [ view_parse ] --END-- [ RunTime:0.005657s ]
INFO: [ view_filter ] --START--
INFO: Run Behavior\WriteHtmlCacheBehavior [ RunTime:0.000418s ]
INFO: [ view_filter ] --END-- [ RunTime:0.000448s ]
INFO: [ app_end ] --START--
INFO: Run Behavior\ShowPageTraceBehavior [ RunTime:0.000752s ]
INFO: [ app_end ] --END-- [ RunTime:0.000819s ]

[ 2018-07-19T22:22:17+08:00 ] 127.0.0.1 /reailwayinfo/index?stime=2018-01-01&etime=2018-12-31
INFO: [ app_init ] --START--
INFO: Run Behavior\BuildLiteBehavior [ RunTime:0.000011s ]
INFO: [ app_init ] --END-- [ RunTime:0.000349s ]
INFO: [ app_begin ] --START--
INFO: Run Behavior\ReadHtmlCacheBehavior [ RunTime:0.000452s ]
INFO: [ app_begin ] --END-- [ RunTime:0.000505s ]
NOTIC: [8] Undefined index: stime E:\www2\railway.xingzhi.com\Common\Common\function.php Á¨¨ 64 Ë°å.
NOTIC: [8] Undefined index: etime E:\www2\railway.xingzhi.com\Common\Common\function.php Á¨¨ 64 Ë°å.
SQL: SHOW COLUMNS FROM `reailwayinfo` [ RunTime:0.0017s ]
SQL: SHOW COLUMNS FROM `reailwayinfo` [ RunTime:0.0007s ]
SQL: SELECT * FROM reailwayinfo WHERE begintime BETWEEN '2018-01-01 00:00:00' and '2018-12-31 23:59:59' ORDER BY begintime DESC [ RunTime:0.0008s ]
INFO: [ view_parse ] --START--
INFO: [ template_filter ] --START--
INFO: Run Behavior\ContentReplaceBehavior [ RunTime:0.000077s ]
INFO: [ template_filter ] --END-- [ RunTime:0.000140s ]
INFO: Run Behavior\ParseTemplateBehavior [ RunTime:0.006311s ]
INFO: [ view_parse ] --END-- [ RunTime:0.006371s ]
INFO: [ view_filter ] --START--
INFO: Run Behavior\WriteHtmlCacheBehavior [ RunTime:0.000437s ]
INFO: [ view_filter ] --END-- [ RunTime:0.000471s ]
INFO: [ app_end ] --START--
INFO: Run Behavior\ShowPageTraceBehavior [ RunTime:0.000784s ]
INFO: [ app_end ] --END-- [ RunTime:0.000866s ]

[ 2018-07-19T22:23:30+08:00 ] 127.0.0.1 /reailwayinfo/index?stime=2018-01-01&etime=2018-12-31
INFO: [ app_init ] --START--
INFO: Run Behavior\BuildLiteBehavior [ RunTime:0.000009s ]
INFO: [ app_init ] --END-- [ RunTime:0.000265s ]
INFO: [ app_begin ] --START--
INFO: Run Behavior\ReadHtmlCacheBehavior [ RunTime:0.000398s ]
INFO: [ app_begin ] --END-- [ RunTime:0.000428s ]
NOTIC: [8] Undefined index: stime E:\www2\railway.xingzhi.com\Common\Common\function.php Á¨¨ 64 Ë°å.
NOTIC: [8] Undefined index: etime E:\www2\railway.xingzhi.com\Common\Common\function.php Á¨¨ 64 Ë°å.
SQL: SHOW COLUMNS FROM `reailwayinfo` [ RunTime:0.0011s ]
SQL: SHOW COLUMNS FROM `reailwayinfo` [ RunTime:0.0004s ]
SQL: SELECT * FROM reailwayinfo WHERE begintime BETWEEN '2018-01-01 00:00:00' and '2018-12-31 23:59:59' ORDER BY begintime DESC [ RunTime:0.0026s ]

[ 2018-07-19T22:23:30+08:00 ] 127.0.0.1 /favicon.ico
INFO: [ app_init ] --START--
INFO: Run Behavior\BuildLiteBehavior [ RunTime:0.000012s ]
INFO: [ app_init ] --END-- [ RunTime:0.000643s ]

[ 2018-07-19T22:23:35+08:00 ] 127.0.0.1 /reailwayinfo/index?stime=2018-01-01&etime=2018-12-31
INFO: [ app_init ] --START--
INFO: Run Behavior\BuildLiteBehavior [ RunTime:0.000009s ]
INFO: [ app_init ] --END-- [ RunTime:0.000288s ]
INFO: [ app_begin ] --START--
INFO: Run Behavior\ReadHtmlCacheBehavior [ RunTime:0.000435s ]
INFO: [ app_begin ] --END-- [ RunTime:0.000464s ]
NOTIC: [8] Undefined index: stime E:\www2\railway.xingzhi.com\Common\Common\function.php Á¨¨ 64 Ë°å.
NOTIC: [8] Undefined index: etime E:\www2\railway.xingzhi.com\Common\Common\function.php Á¨¨ 64 Ë°å.
SQL: SHOW COLUMNS FROM `reailwayinfo` [ RunTime:0.0010s ]
SQL: SHOW COLUMNS FROM `reailwayinfo` [ RunTime:0.0004s ]
SQL: SELECT * FROM reailwayinfo WHERE begintime BETWEEN '2018-01-01 00:00:00' and '2018-12-31 23:59:59' ORDER BY begintime DESC [ RunTime:0.0004s ]

[ 2018-07-19T22:23:39+08:00 ] 127.0.0.1 /
INFO: [ app_init ] --START--
INFO: Run Behavior\BuildLiteBehavior [ RunTime:0.000011s ]
INFO: [ app_init ] --END-- [ RunTime:0.000375s ]
INFO: [ app_begin ] --START--
INFO: Run Behavior\ReadHtmlCacheBehavior [ RunTime:0.000426s ]
INFO: [ app_begin ] --END-- [ RunTime:0.000460s ]
NOTIC: [8] Undefined index: stime E:\www2\railway.xingzhi.com\Common\Common\function.php Á¨¨ 64 Ë°å.
NOTIC: [8] Undefined index: stime E:\www2\railway.xingzhi.com\Common\Common\function.php Á¨¨ 66 Ë°å.
NOTIC: [8] Undefined index: stime E:\www2\railway.xingzhi.com\Common\Common\function.php Á¨¨ 68 Ë°å.
NOTIC: [8] Undefined index: etime E:\www2\railway.xingzhi.com\Common\Common\function.php Á¨¨ 64 Ë°å.
NOTIC: [8] Undefined index: etime E:\www2\railway.xingzhi.com\Common\Common\function.php Á¨¨ 66 Ë°å.
NOTIC: [8] Undefined index: etime E:\www2\railway.xingzhi.com\Common\Common\function.php Á¨¨ 68 Ë°å.
SQL: SHOW COLUMNS FROM `reailwayinfo` [ RunTime:0.0010s ]
SQL: SHOW COLUMNS FROM `reailwayinfo` [ RunTime:0.0005s ]
SQL: SELECT * FROM reailwayinfo WHERE begintime BETWEEN '2018-01-01 00:00:00' and '2018-07-19 23:59:59' ORDER BY begintime DESC [ RunTime:0.0006s ]

[ 2018-07-19T22:25:55+08:00 ] 127.0.0.1 /
INFO: [ app_init ] --START--
INFO: Run Behavior\BuildLiteBehavior [ RunTime:0.000009s ]
INFO: [ app_init ] --END-- [ RunTime:0.000285s ]
INFO: [ app_begin ] --START--
INFO: Run Behavior\ReadHtmlCacheBehavior [ RunTime:0.000441s ]
INFO: [ app_begin ] --END-- [ RunTime:0.000471s ]
NOTIC: [8] Undefined index: stime E:\www2\railway.xingzhi.com\Common\Common\function.php Á¨¨ 64 Ë°å.
NOTIC: [8] Undefined index: stime E:\www2\railway.xingzhi.com\Common\Common\function.php Á¨¨ 66 Ë°å.
NOTIC: [8] Undefined index: stime E:\www2\railway.xingzhi.com\Common\Common\function.php Á¨¨ 68 Ë°å.
NOTIC: [8] Undefined index: etime E:\www2\railway.xingzhi.com\Common\Common\function.php Á¨¨ 64 Ë°å.
NOTIC: [8] Undefined index: etime E:\www2\railway.xingzhi.com\Common\Common\function.php Á¨¨ 66 Ë°å.
NOTIC: [8] Undefined index: etime E:\www2\railway.xingzhi.com\Common\Common\function.php Á¨¨ 68 Ë°å.
SQL: SHOW COLUMNS FROM `reailwayinfo` [ RunTime:0.0010s ]
SQL: SHOW COLUMNS FROM `reailwayinfo` [ RunTime:0.0004s ]
SQL: SELECT * FROM reailwayinfo WHERE begintime BETWEEN '2018-01-01 00:00:00' and '2018-07-19 23:59:59' ORDER BY begintime DESC [ RunTime:0.0005s ]

[ 2018-07-19T22:25:55+08:00 ] 127.0.0.1 /
INFO: [ app_init ] --START--
INFO: Run Behavior\BuildLiteBehavior [ RunTime:0.000009s ]
INFO: [ app_init ] --END-- [ RunTime:0.000273s ]
INFO: [ app_begin ] --START--
INFO: Run Behavior\ReadHtmlCacheBehavior [ RunTime:0.000384s ]
INFO: [ app_begin ] --END-- [ RunTime:0.000414s ]
NOTIC: [8] Undefined index: stime E:\www2\railway.xingzhi.com\Common\Common\function.php Á¨¨ 64 Ë°å.
NOTIC: [8] Undefined index: stime E:\www2\railway.xingzhi.com\Common\Common\function.php Á¨¨ 66 Ë°å.
NOTIC: [8] Undefined index: stime E:\www2\railway.xingzhi.com\Common\Common\function.php Á¨¨ 68 Ë°å.
NOTIC: [8] Undefined index: etime E:\www2\railway.xingzhi.com\Common\Common\function.php Á¨¨ 64 Ë°å.
NOTIC: [8] Undefined index: etime E:\www2\railway.xingzhi.com\Common\Common\function.php Á¨¨ 66 Ë°å.
NOTIC: [8] Undefined index: etime E:\www2\railway.xingzhi.com\Common\Common\function.php Á¨¨ 68 Ë°å.
SQL: SHOW COLUMNS FROM `reailwayinfo` [ RunTime:0.0010s ]
SQL: SHOW COLUMNS FROM `reailwayinfo` [ RunTime:0.0004s ]
SQL: SELECT * FROM reailwayinfo WHERE begintime BETWEEN '2018-01-01 00:00:00' and '2018-07-19 23:59:59' ORDER BY begintime DESC [ RunTime:0.0005s ]

[ 2018-07-19T22:25:56+08:00 ] 127.0.0.1 /
INFO: [ app_init ] --START--
INFO: Run Behavior\BuildLiteBehavior [ RunTime:0.000008s ]
INFO: [ app_init ] --END-- [ RunTime:0.000254s ]
INFO: [ app_begin ] --START--
INFO: Run Behavior\ReadHtmlCacheBehavior [ RunTime:0.000365s ]
INFO: [ app_begin ] --END-- [ RunTime:0.000394s ]
NOTIC: [8] Undefined index: stime E:\www2\railway.xingzhi.com\Common\Common\function.php Á¨¨ 64 Ë°å.
NOTIC: [8] Undefined index: stime E:\www2\railway.xingzhi.com\Common\Common\function.php Á¨¨ 66 Ë°å.
NOTIC: [8] Undefined index: stime E:\www2\railway.xingzhi.com\Common\Common\function.php Á¨¨ 68 Ë°å.
NOTIC: [8] Undefined index: etime E:\www2\railway.xingzhi.com\Common\Common\function.php Á¨¨ 64 Ë°å.
NOTIC: [8] Undefined index: etime E:\www2\railway.xingzhi.com\Common\Common\function.php Á¨¨ 66 Ë°å.
NOTIC: [8] Undefined index: etime E:\www2\railway.xingzhi.com\Common\Common\function.php Á¨¨ 68 Ë°å.
SQL: SHOW COLUMNS FROM `reailwayinfo` [ RunTime:0.0010s ]
SQL: SHOW COLUMNS FROM `reailwayinfo` [ RunTime:0.0004s ]
SQL: SELECT * FROM reailwayinfo WHERE begintime BETWEEN '2018-01-01 00:00:00' and '2018-07-19 23:59:59' ORDER BY begintime DESC [ RunTime:0.0004s ]

[ 2018-07-19T22:25:56+08:00 ] 127.0.0.1 /
INFO: [ app_init ] --START--
INFO: Run Behavior\BuildLiteBehavior [ RunTime:0.000018s ]
INFO: [ app_init ] --END-- [ RunTime:0.000511s ]
INFO: [ app_begin ] --START--
INFO: Run Behavior\ReadHtmlCacheBehavior [ RunTime:0.000743s ]
INFO: [ app_begin ] --END-- [ RunTime:0.000809s ]
NOTIC: [8] Undefined index: stime E:\www2\railway.xingzhi.com\Common\Common\function.php Á¨¨ 64 Ë°å.
NOTIC: [8] Undefined index: stime E:\www2\railway.xingzhi.com\Common\Common\function.php Á¨¨ 66 Ë°å.
NOTIC: [8] Undefined index: stime E:\www2\railway.xingzhi.com\Common\Common\function.php Á¨¨ 68 Ë°å.
NOTIC: [8] Undefined index: etime E:\www2\railway.xingzhi.com\Common\Common\function.php Á¨¨ 64 Ë°å.
NOTIC: [8] Undefined index: etime E:\www2\railway.xingzhi.com\Common\Common\function.php Á¨¨ 66 Ë°å.
NOTIC: [8] Undefined index: etime E:\www2\railway.xingzhi.com\Common\Common\function.php Á¨¨ 68 Ë°å.
SQL: SHOW COLUMNS FROM `reailwayinfo` [ RunTime:0.0016s ]
SQL: SHOW COLUMNS FROM `reailwayinfo` [ RunTime:0.0007s ]
SQL: SELECT * FROM reailwayinfo WHERE begintime BETWEEN '2018-01-01 00:00:00' and '2018-07-19 23:59:59' ORDER BY begintime DESC [ RunTime:0.0008s ]

[ 2018-07-19T22:25:56+08:00 ] 127.0.0.1 /
INFO: [ app_init ] --START--
INFO: Run Behavior\BuildLiteBehavior [ RunTime:0.000021s ]
INFO: [ app_init ] --END-- [ RunTime:0.000506s ]
INFO: [ app_begin ] --START--
INFO: Run Behavior\ReadHtmlCacheBehavior [ RunTime:0.000619s ]
INFO: [ app_begin ] --END-- [ RunTime:0.000679s ]
NOTIC: [8] Undefined index: stime E:\www2\railway.xingzhi.com\Common\Common\function.php Á¨¨ 64 Ë°å.
NOTIC: [8] Undefined index: stime E:\www2\railway.xingzhi.com\Common\Common\function.php Á¨¨ 66 Ë°å.
NOTIC: [8] Undefined index: stime E:\www2\railway.xingzhi.com\Common\Common\function.php Á¨¨ 68 Ë°å.
NOTIC: [8] Undefined index: etime E:\www2\railway.xingzhi.com\Common\Common\function.php Á¨¨ 64 Ë°å.
NOTIC: [8] Undefined index: etime E:\www2\railway.xingzhi.com\Common\Common\function.php Á¨¨ 66 Ë°å.
NOTIC: [8] Undefined index: etime E:\www2\railway.xingzhi.com\Common\Common\function.php Á¨¨ 68 Ë°å.
SQL: SHOW COLUMNS FROM `reailwayinfo` [ RunTime:0.0015s ]
SQL: SHOW COLUMNS FROM `reailwayinfo` [ RunTime:0.0007s ]
SQL: SELECT * FROM reailwayinfo WHERE begintime BETWEEN '2018-01-01 00:00:00' and '2018-07-19 23:59:59' ORDER BY begintime DESC [ RunTime:0.0007s ]

[ 2018-07-19T22:25:56+08:00 ] 127.0.0.1 /
INFO: [ app_init ] --START--
INFO: Run Behavior\BuildLiteBehavior [ RunTime:0.000009s ]
INFO: [ app_init ] --END-- [ RunTime:0.000253s ]
INFO: [ app_begin ] --START--
INFO: Run Behavior\ReadHtmlCacheBehavior [ RunTime:0.000384s ]
INFO: [ app_begin ] --END-- [ RunTime:0.000411s ]
NOTIC: [8] Undefined index: stime E:\www2\railway.xingzhi.com\Common\Common\function.php Á¨¨ 64 Ë°å.
NOTIC: [8] Undefined index: stime E:\www2\railway.xingzhi.com\Common\Common\function.php Á¨¨ 66 Ë°å.
NOTIC: [8] Undefined index: stime E:\www2\railway.xingzhi.com\Common\Common\function.php Á¨¨ 68 Ë°å.
NOTIC: [8] Undefined index: etime E:\www2\railway.xingzhi.com\Common\Common\function.php Á¨¨ 64 Ë°å.
NOTIC: [8] Undefined index: etime E:\www2\railway.xingzhi.com\Common\Common\function.php Á¨¨ 66 Ë°å.
NOTIC: [8] Undefined index: etime E:\www2\railway.xingzhi.com\Common\Common\function.php Á¨¨ 68 Ë°å.
SQL: SHOW COLUMNS FROM `reailwayinfo` [ RunTime:0.0005s ]
SQL: SHOW COLUMNS FROM `reailwayinfo` [ RunTime:0.0006s ]
SQL: SELECT * FROM reailwayinfo WHERE begintime BETWEEN '2018-01-01 00:00:00' and '2018-07-19 23:59:59' ORDER BY begintime DESC [ RunTime:0.0010s ]

[ 2018-07-19T22:26:22+08:00 ] 127.0.0.1 /
INFO: [ app_init ] --START--
INFO: Run Behavior\BuildLiteBehavior [ RunTime:0.000010s ]
INFO: [ app_init ] --END-- [ RunTime:0.000383s ]
INFO: [ app_begin ] --START--
INFO: Run Behavior\ReadHtmlCacheBehavior [ RunTime:0.000444s ]
INFO: [ app_begin ] --END-- [ RunTime:0.000474s ]
NOTIC: [8] Undefined index: stime E:\www2\railway.xingzhi.com\Common\Common\function.php Á¨¨ 64 Ë°å.
NOTIC: [8] Undefined index: stime E:\www2\railway.xingzhi.com\Common\Common\function.php Á¨¨ 66 Ë°å.
NOTIC: [8] Undefined index: stime E:\www2\railway.xingzhi.com\Common\Common\function.php Á¨¨ 68 Ë°å.
NOTIC: [8] Undefined index: etime E:\www2\railway.xingzhi.com\Common\Common\function.php Á¨¨ 64 Ë°å.
NOTIC: [8] Undefined index: etime E:\www2\railway.xingzhi.com\Common\Common\function.php Á¨¨ 66 Ë°å.
NOTIC: [8] Undefined index: etime E:\www2\railway.xingzhi.com\Common\Common\function.php Á¨¨ 68 Ë°å.
SQL: SHOW COLUMNS FROM `reailwayinfo` [ RunTime:0.0005s ]
SQL: SHOW COLUMNS FROM `reailwayinfo` [ RunTime:0.0004s ]
SQL: SELECT * FROM reailwayinfo WHERE begintime BETWEEN '2018-01-01 00:00:00' and '2018-07-19 23:59:59' ORDER BY begintime DESC [ RunTime:0.0005s ]
NOTIC: [8] Undefined offset: 39 E:\www2\railway.xingzhi.com\Common\Common\function.php Á¨¨ 118 Ë°å.
NOTIC: [8] Undefined offset: 1 E:\www2\railway.xingzhi.com\Common\Common\function.php Á¨¨ 118 Ë°å.
INFO: [ view_parse ] --START--
INFO: [ template_filter ] --START--
INFO: Run Behavior\ContentReplaceBehavior [ RunTime:0.000043s ]
INFO: [ template_filter ] --END-- [ RunTime:0.000078s ]
INFO: Run Behavior\ParseTemplateBehavior [ RunTime:0.007121s ]
INFO: [ view_parse ] --END-- [ RunTime:0.007164s ]
INFO: [ view_filter ] --START--
INFO: Run Behavior\WriteHtmlCacheBehavior [ RunTime:0.000363s ]
INFO: [ view_filter ] --END-- [ RunTime:0.000391s ]
INFO: [ app_end ] --START--
INFO: Run Behavior\ShowPageTraceBehavior [ RunTime:0.000693s ]
INFO: [ app_end ] --END-- [ RunTime:0.000739s ]

[ 2018-07-19T22:26:24+08:00 ] 127.0.0.1 /reailwayinfo/index?stime=2018-01-01&etime=2018-12-31
INFO: [ app_init ] --START--
INFO: Run Behavior\BuildLiteBehavior [ RunTime:0.000010s ]
INFO: [ app_init ] --END-- [ RunTime:0.000348s ]
INFO: [ app_begin ] --START--
INFO: Run Behavior\ReadHtmlCacheBehavior [ RunTime:0.000509s ]
INFO: [ app_begin ] --END-- [ RunTime:0.000555s ]
NOTIC: [8] Undefined index: stime E:\www2\railway.xingzhi.com\Common\Common\function.php Á¨¨ 64 Ë°å.
NOTIC: [8] Undefined index: etime E:\www2\railway.xingzhi.com\Common\Common\function.php Á¨¨ 64 Ë°å.
SQL: SHOW COLUMNS FROM `reailwayinfo` [ RunTime:0.0010s ]
SQL: SHOW COLUMNS FROM `reailwayinfo` [ RunTime:0.0004s ]
SQL: SELECT * FROM reailwayinfo WHERE begintime BETWEEN '2018-01-01 00:00:00' and '2018-12-31 23:59:59' ORDER BY begintime DESC [ RunTime:0.0004s ]
NOTIC: [8] Undefined offset: 39 E:\www2\railway.xingzhi.com\Common\Common\function.php Á¨¨ 118 Ë°å.
NOTIC: [8] Undefined offset: 1 E:\www2\railway.xingzhi.com\Common\Common\function.php Á¨¨ 118 Ë°å.
INFO: [ view_parse ] --START--
INFO: [ template_filter ] --START--
INFO: Run Behavior\ContentReplaceBehavior [ RunTime:0.000171s ]
INFO: [ template_filter ] --END-- [ RunTime:0.000288s ]
INFO: Run Behavior\ParseTemplateBehavior [ RunTime:0.019627s ]
INFO: [ view_parse ] --END-- [ RunTime:0.019730s ]
INFO: [ view_filter ] --START--
INFO: Run Behavior\WriteHtmlCacheBehavior [ RunTime:0.000660s ]
INFO: [ view_filter ] --END-- [ RunTime:0.000710s ]
INFO: [ app_end ] --START--
INFO: Run Behavior\ShowPageTraceBehavior [ RunTime:0.001195s ]
INFO: [ app_end ] --END-- [ RunTime:0.001284s ]

[ 2018-07-19T22:26:25+08:00 ] 127.0.0.1 /reailwayinfo/index?stime=2017-01-01&etime=2017-12-31
INFO: [ app_init ] --START--
INFO: Run Behavior\BuildLiteBehavior [ RunTime:0.000009s ]
INFO: [ app_init ] --END-- [ RunTime:0.000298s ]
INFO: [ app_begin ] --START--
INFO: Run Behavior\ReadHtmlCacheBehavior [ RunTime:0.000378s ]
INFO: [ app_begin ] --END-- [ RunTime:0.000407s ]
NOTIC: [8] Undefined index: stime E:\www2\railway.xingzhi.com\Common\Common\function.php Á¨¨ 64 Ë°å.
NOTIC: [8] Undefined index: etime E:\www2\railway.xingzhi.com\Common\Common\function.php Á¨¨ 64 Ë°å.
SQL: SHOW COLUMNS FROM `reailwayinfo` [ RunTime:0.0004s ]
SQL: SHOW COLUMNS FROM `reailwayinfo` [ RunTime:0.0004s ]
SQL: SELECT * FROM reailwayinfo WHERE begintime BETWEEN '2017-01-01 00:00:00' and '2017-12-31 23:59:59' ORDER BY begintime DESC [ RunTime:0.0006s ]
NOTIC: [8] Undefined offset: 39 E:\www2\railway.xingzhi.com\Common\Common\function.php Á¨¨ 118 Ë°å.
NOTIC: [8] Undefined offset: 1 E:\www2\railway.xingzhi.com\Common\Common\function.php Á¨¨ 118 Ë°å.
INFO: [ view_parse ] --START--
INFO: [ template_filter ] --START--
INFO: Run Behavior\ContentReplaceBehavior [ RunTime:0.000158s ]
INFO: [ template_filter ] --END-- [ RunTime:0.000285s ]
INFO: Run Behavior\ParseTemplateBehavior [ RunTime:0.022214s ]
INFO: [ view_parse ] --END-- [ RunTime:0.022378s ]
INFO: [ view_filter ] --START--
INFO: Run Behavior\WriteHtmlCacheBehavior [ RunTime:0.001540s ]
INFO: [ view_filter ] --END-- [ RunTime:0.001651s ]
INFO: [ app_end ] --START--
INFO: Run Behavior\ShowPageTraceBehavior [ RunTime:0.002674s ]
INFO: [ app_end ] --END-- [ RunTime:0.002881s ]

[ 2018-07-19T22:26:26+08:00 ] 127.0.0.1 /reailwayinfo/index?stime=2018-01-01&etime=2018-12-31
INFO: [ app_init ] --START--
INFO: Run Behavior\BuildLiteBehavior [ RunTime:0.000008s ]
INFO: [ app_init ] --END-- [ RunTime:0.000260s ]
INFO: [ app_begin ] --START--
INFO: Run Behavior\ReadHtmlCacheBehavior [ RunTime:0.000515s ]
INFO: [ app_begin ] --END-- [ RunTime:0.000547s ]
NOTIC: [8] Undefined index: stime E:\www2\railway.xingzhi.com\Common\Common\function.php Á¨¨ 64 Ë°å.
NOTIC: [8] Undefined index: etime E:\www2\railway.xingzhi.com\Common\Common\function.php Á¨¨ 64 Ë°å.
SQL: SHOW COLUMNS FROM `reailwayinfo` [ RunTime:0.0006s ]
SQL: SHOW COLUMNS FROM `reailwayinfo` [ RunTime:0.0004s ]
SQL: SELECT * FROM reailwayinfo WHERE begintime BETWEEN '2018-01-01 00:00:00' and '2018-12-31 23:59:59' ORDER BY begintime DESC [ RunTime:0.0005s ]
NOTIC: [8] Undefined offset: 39 E:\www2\railway.xingzhi.com\Common\Common\function.php Á¨¨ 118 Ë°å.
NOTIC: [8] Undefined offset: 1 E:\www2\railway.xingzhi.com\Common\Common\function.php Á¨¨ 118 Ë°å.
INFO: [ view_parse ] --START--
INFO: [ template_filter ] --START--
INFO: Run Behavior\ContentReplaceBehavior [ RunTime:0.000174s ]
INFO: [ template_filter ] --END-- [ RunTime:0.000284s ]
INFO: Run Behavior\ParseTemplateBehavior [ RunTime:0.020016s ]
INFO: [ view_parse ] --END-- [ RunTime:0.020178s ]
INFO: [ view_filter ] --START--
INFO: Run Behavior\WriteHtmlCacheBehavior [ RunTime:0.001190s ]
INFO: [ view_filter ] --END-- [ RunTime:0.001284s ]
INFO: [ app_end ] --START--
INFO: Run Behavior\ShowPageTraceBehavior [ RunTime:0.002655s ]
INFO: [ app_end ] --END-- [ RunTime:0.002846s ]

[ 2018-07-19T22:27:22+08:00 ] 127.0.0.1 /reailwayinfo/index?stime=2018-01-01&etime=2018-12-31
INFO: [ app_init ] --START--
INFO: Run Behavior\BuildLiteBehavior [ RunTime:0.000009s ]
INFO: [ app_init ] --END-- [ RunTime:0.000274s ]
INFO: [ app_begin ] --START--
INFO: Run Behavior\ReadHtmlCacheBehavior [ RunTime:0.000490s ]
INFO: [ app_begin ] --END-- [ RunTime:0.000530s ]
NOTIC: [8] Undefined index: stime E:\www2\railway.xingzhi.com\Common\Common\function.php Á¨¨ 64 Ë°å.
NOTIC: [8] Undefined index: etime E:\www2\railway.xingzhi.com\Common\Common\function.php Á¨¨ 64 Ë°å.
SQL: SHOW COLUMNS FROM `reailwayinfo` [ RunTime:0.0005s ]
SQL: SHOW COLUMNS FROM `reailwayinfo` [ RunTime:0.0004s ]
SQL: SELECT * FROM reailwayinfo WHERE begintime BETWEEN '2018-01-01 00:00:00' and '2018-12-31 23:59:59' ORDER BY begintime DESC [ RunTime:0.0006s ]
NOTIC: [8] Undefined offset: 39 E:\www2\railway.xingzhi.com\Common\Common\function.php Á¨¨ 118 Ë°å.
NOTIC: [8] Undefined offset: 1 E:\www2\railway.xingzhi.com\Common\Common\function.php Á¨¨ 118 Ë°å.
INFO: [ view_parse ] --START--
INFO: [ template_filter ] --START--
INFO: Run Behavior\ContentReplaceBehavior [ RunTime:0.000141s ]
INFO: [ template_filter ] --END-- [ RunTime:0.000245s ]
INFO: Run Behavior\ParseTemplateBehavior [ RunTime:0.019167s ]
INFO: [ view_parse ] --END-- [ RunTime:0.019290s ]
INFO: [ view_filter ] --START--
INFO: Run Behavior\WriteHtmlCacheBehavior [ RunTime:0.001022s ]
INFO: [ view_filter ] --END-- [ RunTime:0.001112s ]
INFO: [ app_end ] --START--
INFO: Run Behavior\ShowPageTraceBehavior [ RunTime:0.001961s ]
INFO: [ app_end ] --END-- [ RunTime:0.002104s ]

[ 2018-07-19T23:01:32+08:00 ] 127.0.0.1 /
INFO: [ app_init ] --START--
INFO: Run Behavior\BuildLiteBehavior [ RunTime:0.000016s ]
INFO: [ app_init ] --END-- [ RunTime:0.000486s ]
INFO: [ app_begin ] --START--
INFO: Run Behavior\ReadHtmlCacheBehavior [ RunTime:0.002039s ]
INFO: [ app_begin ] --END-- [ RunTime:0.002097s ]
NOTIC: [8] Undefined index: stime E:\www2\railway.xingzhi.com\Common\Common\function.php Á¨¨ 64 Ë°å.
NOTIC: [8] Undefined index: stime E:\www2\railway.xingzhi.com\Common\Common\function.php Á¨¨ 66 Ë°å.
NOTIC: [8] Undefined index: stime E:\www2\railway.xingzhi.com\Common\Common\function.php Á¨¨ 68 Ë°å.
NOTIC: [8] Undefined index: etime E:\www2\railway.xingzhi.com\Common\Common\function.php Á¨¨ 64 Ë°å.
NOTIC: [8] Undefined index: etime E:\www2\railway.xingzhi.com\Common\Common\function.php Á¨¨ 66 Ë°å.
NOTIC: [8] Undefined index: etime E:\www2\railway.xingzhi.com\Common\Common\function.php Á¨¨ 68 Ë°å.
SQL: SHOW COLUMNS FROM `reailwayinfo` [ RunTime:0.0007s ]
SQL: SHOW COLUMNS FROM `reailwayinfo` [ RunTime:0.0006s ]
SQL: SELECT * FROM reailwayinfo WHERE begintime BETWEEN '2018-01-01 00:00:00' and '2018-07-19 23:59:59' ORDER BY begintime DESC [ RunTime:0.0033s ]
NOTIC: [8] Undefined offset: 39 E:\www2\railway.xingzhi.com\Common\Common\function.php Á¨¨ 118 Ë°å.
NOTIC: [8] Undefined offset: 1 E:\www2\railway.xingzhi.com\Common\Common\function.php Á¨¨ 118 Ë°å.
INFO: [ view_parse ] --START--
INFO: [ template_filter ] --START--
INFO: Run Behavior\ContentReplaceBehavior [ RunTime:0.000038s ]
INFO: [ template_filter ] --END-- [ RunTime:0.000068s ]
INFO: Run Behavior\ParseTemplateBehavior [ RunTime:0.005169s ]
INFO: [ view_parse ] --END-- [ RunTime:0.005205s ]
INFO: [ view_filter ] --START--
INFO: Run Behavior\WriteHtmlCacheBehavior [ RunTime:0.000322s ]
INFO: [ view_filter ] --END-- [ RunTime:0.000345s ]
INFO: [ app_end ] --START--
INFO: Run Behavior\ShowPageTraceBehavior [ RunTime:0.000709s ]
INFO: [ app_end ] --END-- [ RunTime:0.000765s ]

[ 2018-07-19T23:01:39+08:00 ] 127.0.0.1 /reailwayinfo/addticket
INFO: [ app_init ] --START--
INFO: Run Behavior\BuildLiteBehavior [ RunTime:0.000010s ]
INFO: [ app_init ] --END-- [ RunTime:0.000412s ]
INFO: [ app_begin ] --START--
INFO: Run Behavior\ReadHtmlCacheBehavior [ RunTime:0.000460s ]
INFO: [ app_begin ] --END-- [ RunTime:0.000492s ]
INFO: [ view_parse ] --START--
INFO: [ template_filter ] --START--
INFO: Run Behavior\ContentReplaceBehavior [ RunTime:0.000095s ]
INFO: [ template_filter ] --END-- [ RunTime:0.000151s ]
INFO: Run Behavior\ParseTemplateBehavior [ RunTime:0.005768s ]
INFO: [ view_parse ] --END-- [ RunTime:0.005817s ]
INFO: [ view_filter ] --START--
INFO: Run Behavior\WriteHtmlCacheBehavior [ RunTime:0.000383s ]
INFO: [ view_filter ] --END-- [ RunTime:0.000411s ]
INFO: [ app_end ] --START--
INFO: Run Behavior\ShowPageTraceBehavior [ RunTime:0.000680s ]
INFO: [ app_end ] --END-- [ RunTime:0.000721s ]

[ 2018-07-19T23:01:40+08:00 ] 127.0.0.1 /api/get_selectorstation
INFO: [ app_init ] --START--
INFO: Run Behavior\BuildLiteBehavior [ RunTime:0.000014s ]
INFO: [ app_init ] --END-- [ RunTime:0.000512s ]
INFO: [ app_begin ] --START--
INFO: Run Behavior\ReadHtmlCacheBehavior [ RunTime:0.000528s ]
INFO: [ app_begin ] --END-- [ RunTime:0.000574s ]
SQL: SHOW COLUMNS FROM `selectorstation` [ RunTime:0.0018s ]
SQL: SELECT * FROM selectorstation [ RunTime:0.0016s ]
INFO: [ app_end ] --START--
INFO: Run Behavior\ShowPageTraceBehavior [ RunTime:0.001027s ]
INFO: [ app_end ] --END-- [ RunTime:0.001088s ]

[ 2018-07-19T23:01:40+08:00 ] 127.0.0.1 /api/get_selectorstation
INFO: [ app_init ] --START--
INFO: Run Behavior\BuildLiteBehavior [ RunTime:0.000017s ]
INFO: [ app_init ] --END-- [ RunTime:0.000534s ]
INFO: [ app_begin ] --START--
INFO: Run Behavior\ReadHtmlCacheBehavior [ RunTime:0.000628s ]
INFO: [ app_begin ] --END-- [ RunTime:0.000670s ]
SQL: SHOW COLUMNS FROM `selectorstation` [ RunTime:0.0010s ]
SQL: SELECT * FROM selectorstation [ RunTime:0.0002s ]
INFO: [ app_end ] --START--
INFO: Run Behavior\ShowPageTraceBehavior [ RunTime:0.000538s ]
INFO: [ app_end ] --END-- [ RunTime:0.000565s ]

[ 2018-07-19T23:01:50+08:00 ] 127.0.0.1 /reailwayinfo/addticket
INFO: [ app_init ] --START--
INFO: Run Behavior\BuildLiteBehavior [ RunTime:0.000018s ]
INFO: [ app_init ] --END-- [ RunTime:0.000794s ]
INFO: [ app_begin ] --START--
INFO: Run Behavior\ReadHtmlCacheBehavior [ RunTime:0.000725s ]
INFO: [ app_begin ] --END-- [ RunTime:0.000802s ]
INFO: [ view_parse ] --START--
INFO: [ template_filter ] --START--
INFO: Run Behavior\ContentReplaceBehavior [ RunTime:0.000074s ]
INFO: [ template_filter ] --END-- [ RunTime:0.000184s ]
INFO: Run Behavior\ParseTemplateBehavior [ RunTime:0.007412s ]
INFO: [ view_parse ] --END-- [ RunTime:0.007470s ]
INFO: [ view_filter ] --START--
INFO: Run Behavior\WriteHtmlCacheBehavior [ RunTime:0.000342s ]
INFO: [ view_filter ] --END-- [ RunTime:0.000367s ]
INFO: [ app_end ] --START--
INFO: Run Behavior\ShowPageTraceBehavior [ RunTime:0.001422s ]
INFO: [ app_end ] --END-- [ RunTime:0.001591s ]

[ 2018-07-19T23:01:50+08:00 ] 127.0.0.1 /api/get_selectorstation
INFO: [ app_init ] --START--
INFO: Run Behavior\BuildLiteBehavior [ RunTime:0.000019s ]
INFO: [ app_init ] --END-- [ RunTime:0.000822s ]
INFO: [ app_begin ] --START--
INFO: Run Behavior\ReadHtmlCacheBehavior [ RunTime:0.000722s ]
INFO: [ app_begin ] --END-- [ RunTime:0.000795s ]
SQL: SHOW COLUMNS FROM `selectorstation` [ RunTime:0.0042s ]
SQL: SELECT * FROM selectorstation [ RunTime:0.0009s ]
INFO: [ app_end ] --START--
INFO: Run Behavior\ShowPageTraceBehavior [ RunTime:0.001043s ]
INFO: [ app_end ] --END-- [ RunTime:0.001096s ]

[ 2018-07-19T23:01:50+08:00 ] 127.0.0.1 /api/get_selectorstation
INFO: [ app_init ] --START--
INFO: Run Behavior\BuildLiteBehavior [ RunTime:0.000019s ]
INFO: [ app_init ] --END-- [ RunTime:0.000497s ]
INFO: [ app_begin ] --START--
INFO: Run Behavior\ReadHtmlCacheBehavior [ RunTime:0.000737s ]
INFO: [ app_begin ] --END-- [ RunTime:0.000889s ]
SQL: SHOW COLUMNS FROM `selectorstation` [ RunTime:0.0011s ]
SQL: SELECT * FROM selectorstation [ RunTime:0.0004s ]
INFO: [ app_end ] --START--
INFO: Run Behavior\ShowPageTraceBehavior [ RunTime:0.000642s ]
INFO: [ app_end ] --END-- [ RunTime:0.000724s ]

[ 2018-07-19T23:02:48+08:00 ] 127.0.0.1 /api/add_ticket?Amount=164&BAmount=&BeginTime=2018-07-06%2022%3A45&BuyStation=%E5%8C%97%E4%BA%AC%E7%AB%99&EStation=%E9%9E%8D%E5%B1%B1%E7%AB%99&Notes=&ReailwayCode=2549&SeatNum=6%E5%8F%B7%E4%B8%AD%E9%93%BA&SStation=%E5%8C%97%E4%BA%AC%E7%AB%99&ReailwayNum=10&ReailwayType=%E5%85%B6%E5%AE%83&ReailwaySeatType=%E7%A1%AC%E5%8D%A7
INFO: [ app_init ] --START--
INFO: Run Behavior\BuildLiteBehavior [ RunTime:0.000013s ]
INFO: [ app_init ] --END-- [ RunTime:0.000326s ]
INFO: [ app_begin ] --START--
INFO: Run Behavior\ReadHtmlCacheBehavior [ RunTime:0.000441s ]
INFO: [ app_begin ] --END-- [ RunTime:0.000473s ]
SQL: SHOW COLUMNS FROM `reailwayinfo` [ RunTime:0.0006s ]
NOTIC: [8] Undefined index: SStation E:\www2\railway.xingzhi.com\Common\Common\function.php Á¨¨ 64 Ë°å.
NOTIC: [8] Undefined index: EStation E:\www2\railway.xingzhi.com\Common\Common\function.php Á¨¨ 64 Ë°å.
NOTIC: [8] Undefined index: BeginTime E:\www2\railway.xingzhi.com\Common\Common\function.php Á¨¨ 64 Ë°å.
NOTIC: [8] Undefined index: Amount E:\www2\railway.xingzhi.com\Common\Common\function.php Á¨¨ 64 Ë°å.
NOTIC: [8] Undefined index: BAmount E:\www2\railway.xingzhi.com\Common\Common\function.php Á¨¨ 64 Ë°å.
NOTIC: [8] Undefined index: Notes E:\www2\railway.xingzhi.com\Common\Common\function.php Á¨¨ 64 Ë°å.
NOTIC: [8] Undefined index: ReailwayCode E:\www2\railway.xingzhi.com\Common\Common\function.php Á¨¨ 64 Ë°å.
NOTIC: [8] Undefined index: SeatNum E:\www2\railway.xingzhi.com\Common\Common\function.php Á¨¨ 64 Ë°å.
NOTIC: [8] Undefined index: BuyStation E:\www2\railway.xingzhi.com\Common\Common\function.php Á¨¨ 64 Ë°å.
NOTIC: [8] Undefined index: ReailwayNum E:\www2\railway.xingzhi.com\Common\Common\function.php Á¨¨ 64 Ë°å.
NOTIC: [8] Undefined index: ReailwayType E:\www2\railway.xingzhi.com\Common\Common\function.php Á¨¨ 64 Ë°å.
NOTIC: [8] Undefined index: ReailwaySeatType E:\www2\railway.xingzhi.com\Common\Common\function.php Á¨¨ 64 Ë°å.
SQL: SHOW COLUMNS FROM `reailwayinfo` [ RunTime:0.0006s ]
SQL: SELECT id, sstation, estation, addtime, begintime, 
				amount, bamount, notes, reailwaycode, seatnum, 
				buystation, ticketpic, reailwaynum, reailwaytype, reailwayseattype 
				FROM reailwayinfo 
				WHERE sstation = 'Âåó‰∫¨Á´ô' 
				AND estation = 'ÈûçÂ±±Á´ô' 
				AND reailwaycode = '2549'  
				AND begintime = '2018-07-06 22:45'  [ RunTime:0.0004s ]
SQL: INSERT INTO `reailwayinfo` (`sstation`,`estation`,`addtime`,`begintime`,`amount`,`bamount`,`notes`,`reailwaycode`,`seatnum`,`buystation`,`ticketpic`,`reailwaynum`,`reailwaytype`,`reailwayseattype`) VALUES ('Âåó‰∫¨Á´ô','ÈûçÂ±±Á´ô','2018-07-19 23:02:48','2018-07-06 22:45','164','0','','2549','6Âè∑‰∏≠Èì∫','Âåó‰∫¨Á´ô','','10','ÂÖ∂ÂÆÉ','Á°¨Âçß') [ RunTime:0.0022s ]
INFO: [ app_end ] --START--
INFO: Run Behavior\ShowPageTraceBehavior [ RunTime:0.000518s ]
INFO: [ app_end ] --END-- [ RunTime:0.000548s ]

[ 2018-07-19T23:02:49+08:00 ] 127.0.0.1 /
INFO: [ app_init ] --START--
INFO: Run Behavior\BuildLiteBehavior [ RunTime:0.000016s ]
INFO: [ app_init ] --END-- [ RunTime:0.000538s ]
INFO: [ app_begin ] --START--
INFO: Run Behavior\ReadHtmlCacheBehavior [ RunTime:0.000871s ]
INFO: [ app_begin ] --END-- [ RunTime:0.000932s ]
NOTIC: [8] Undefined index: stime E:\www2\railway.xingzhi.com\Common\Common\function.php Á¨¨ 64 Ë°å.
NOTIC: [8] Undefined index: stime E:\www2\railway.xingzhi.com\Common\Common\function.php Á¨¨ 66 Ë°å.
NOTIC: [8] Undefined index: stime E:\www2\railway.xingzhi.com\Common\Common\function.php Á¨¨ 68 Ë°å.
NOTIC: [8] Undefined index: etime E:\www2\railway.xingzhi.com\Common\Common\function.php Á¨¨ 64 Ë°å.
NOTIC: [8] Undefined index: etime E:\www2\railway.xingzhi.com\Common\Common\function.php Á¨¨ 66 Ë°å.
NOTIC: [8] Undefined index: etime E:\www2\railway.xingzhi.com\Common\Common\function.php Á¨¨ 68 Ë°å.
SQL: SHOW COLUMNS FROM `reailwayinfo` [ RunTime:0.0007s ]
SQL: SHOW COLUMNS FROM `reailwayinfo` [ RunTime:0.0005s ]
SQL: SELECT * FROM reailwayinfo WHERE begintime BETWEEN '2018-01-01 00:00:00' and '2018-07-19 23:59:59' ORDER BY begintime DESC [ RunTime:0.0007s ]
NOTIC: [8] Undefined offset: 39 E:\www2\railway.xingzhi.com\Common\Common\function.php Á¨¨ 118 Ë°å.
NOTIC: [8] Undefined offset: 1 E:\www2\railway.xingzhi.com\Common\Common\function.php Á¨¨ 118 Ë°å.
INFO: [ view_parse ] --START--
INFO: [ template_filter ] --START--
INFO: Run Behavior\ContentReplaceBehavior [ RunTime:0.000038s ]
INFO: [ template_filter ] --END-- [ RunTime:0.000067s ]
INFO: Run Behavior\ParseTemplateBehavior [ RunTime:0.005546s ]
INFO: [ view_parse ] --END-- [ RunTime:0.005589s ]
INFO: [ view_filter ] --START--
INFO: Run Behavior\WriteHtmlCacheBehavior [ RunTime:0.000324s ]
INFO: [ view_filter ] --END-- [ RunTime:0.000348s ]
INFO: [ app_end ] --START--
INFO: Run Behavior\ShowPageTraceBehavior [ RunTime:0.000720s ]
INFO: [ app_end ] --END-- [ RunTime:0.000786s ]

[ 2018-07-19T23:03:05+08:00 ] 127.0.0.1 /reailwayinfo/addticket
INFO: [ app_init ] --START--
INFO: Run Behavior\BuildLiteBehavior [ RunTime:0.000010s ]
INFO: [ app_init ] --END-- [ RunTime:0.000292s ]
INFO: [ app_begin ] --START--
INFO: Run Behavior\ReadHtmlCacheBehavior [ RunTime:0.000725s ]
INFO: [ app_begin ] --END-- [ RunTime:0.000772s ]
INFO: [ view_parse ] --START--
INFO: [ template_filter ] --START--
INFO: Run Behavior\ContentReplaceBehavior [ RunTime:0.000059s ]
INFO: [ template_filter ] --END-- [ RunTime:0.000108s ]
INFO: Run Behavior\ParseTemplateBehavior [ RunTime:0.008773s ]
INFO: [ view_parse ] --END-- [ RunTime:0.008826s ]
INFO: [ view_filter ] --START--
INFO: Run Behavior\WriteHtmlCacheBehavior [ RunTime:0.000334s ]
INFO: [ view_filter ] --END-- [ RunTime:0.000358s ]
INFO: [ app_end ] --START--
INFO: Run Behavior\ShowPageTraceBehavior [ RunTime:0.004135s ]
INFO: [ app_end ] --END-- [ RunTime:0.004190s ]

[ 2018-07-19T23:03:05+08:00 ] 127.0.0.1 /api/get_selectorstation
INFO: [ app_init ] --START--
INFO: Run Behavior\BuildLiteBehavior [ RunTime:0.000015s ]
INFO: [ app_init ] --END-- [ RunTime:0.000427s ]
INFO: [ app_begin ] --START--
INFO: Run Behavior\ReadHtmlCacheBehavior [ RunTime:0.000544s ]
INFO: [ app_begin ] --END-- [ RunTime:0.000611s ]
SQL: SHOW COLUMNS FROM `selectorstation` [ RunTime:0.0010s ]
SQL: SELECT * FROM selectorstation [ RunTime:0.0002s ]
INFO: [ app_end ] --START--
INFO: Run Behavior\ShowPageTraceBehavior [ RunTime:0.000492s ]
INFO: [ app_end ] --END-- [ RunTime:0.000519s ]

[ 2018-07-19T23:03:05+08:00 ] 127.0.0.1 /api/get_selectorstation
INFO: [ app_init ] --START--
INFO: Run Behavior\BuildLiteBehavior [ RunTime:0.000026s ]
INFO: [ app_init ] --END-- [ RunTime:0.000592s ]
INFO: [ app_begin ] --START--
INFO: Run Behavior\ReadHtmlCacheBehavior [ RunTime:0.000612s ]
INFO: [ app_begin ] --END-- [ RunTime:0.000673s ]
SQL: SHOW COLUMNS FROM `selectorstation` [ RunTime:0.0026s ]
SQL: SELECT * FROM selectorstation [ RunTime:0.0003s ]
INFO: [ app_end ] --START--
INFO: Run Behavior\ShowPageTraceBehavior [ RunTime:0.000683s ]
INFO: [ app_end ] --END-- [ RunTime:0.000721s ]

[ 2018-07-19T23:03:58+08:00 ] 127.0.0.1 /api/add_ticket?Amount=86&BAmount=&BeginTime=2018-06-15%2022%3A45&BuyStation=%E5%8C%97%E4%BA%AC%E7%AB%99&EStation=%E9%9E%8D%E5%B1%B1%E7%AB%99&Notes=&ReailwayCode=2549&SeatNum=105%E5%8F%B7&SStation=%E5%8C%97%E4%BA%AC%E7%AB%99&ReailwayNum=5&ReailwayType=%E5%85%B6%E5%AE%83&ReailwaySeatType=%E7%A1%AC%E5%BA%A7
INFO: [ app_init ] --START--
INFO: Run Behavior\BuildLiteBehavior [ RunTime:0.000015s ]
INFO: [ app_init ] --END-- [ RunTime:0.000510s ]
INFO: [ app_begin ] --START--
INFO: Run Behavior\ReadHtmlCacheBehavior [ RunTime:0.002059s ]
INFO: [ app_begin ] --END-- [ RunTime:0.002191s ]
SQL: SHOW COLUMNS FROM `reailwayinfo` [ RunTime:0.0007s ]
NOTIC: [8] Undefined index: SStation E:\www2\railway.xingzhi.com\Common\Common\function.php Á¨¨ 64 Ë°å.
NOTIC: [8] Undefined index: EStation E:\www2\railway.xingzhi.com\Common\Common\function.php Á¨¨ 64 Ë°å.
NOTIC: [8] Undefined index: BeginTime E:\www2\railway.xingzhi.com\Common\Common\function.php Á¨¨ 64 Ë°å.
NOTIC: [8] Undefined index: Amount E:\www2\railway.xingzhi.com\Common\Common\function.php Á¨¨ 64 Ë°å.
NOTIC: [8] Undefined index: BAmount E:\www2\railway.xingzhi.com\Common\Common\function.php Á¨¨ 64 Ë°å.
NOTIC: [8] Undefined index: Notes E:\www2\railway.xingzhi.com\Common\Common\function.php Á¨¨ 64 Ë°å.
NOTIC: [8] Undefined index: ReailwayCode E:\www2\railway.xingzhi.com\Common\Common\function.php Á¨¨ 64 Ë°å.
NOTIC: [8] Undefined index: SeatNum E:\www2\railway.xingzhi.com\Common\Common\function.php Á¨¨ 64 Ë°å.
NOTIC: [8] Undefined index: BuyStation E:\www2\railway.xingzhi.com\Common\Common\function.php Á¨¨ 64 Ë°å.
NOTIC: [8] Undefined index: ReailwayNum E:\www2\railway.xingzhi.com\Common\Common\function.php Á¨¨ 64 Ë°å.
NOTIC: [8] Undefined index: ReailwayType E:\www2\railway.xingzhi.com\Common\Common\function.php Á¨¨ 64 Ë°å.
NOTIC: [8] Undefined index: ReailwaySeatType E:\www2\railway.xingzhi.com\Common\Common\function.php Á¨¨ 64 Ë°å.
SQL: SHOW COLUMNS FROM `reailwayinfo` [ RunTime:0.0007s ]
SQL: SELECT id, sstation, estation, addtime, begintime, 
				amount, bamount, notes, reailwaycode, seatnum, 
				buystation, ticketpic, reailwaynum, reailwaytype, reailwayseattype 
				FROM reailwayinfo 
				WHERE sstation = 'Âåó‰∫¨Á´ô' 
				AND estation = 'ÈûçÂ±±Á´ô' 
				AND reailwaycode = '2549'  
				AND begintime = '2018-06-15 22:45'  [ RunTime:0.0007s ]
SQL: INSERT INTO `reailwayinfo` (`sstation`,`estation`,`addtime`,`begintime`,`amount`,`bamount`,`notes`,`reailwaycode`,`seatnum`,`buystation`,`ticketpic`,`reailwaynum`,`reailwaytype`,`reailwayseattype`) VALUES ('Âåó‰∫¨Á´ô','ÈûçÂ±±Á´ô','2018-07-19 23:03:58','2018-06-15 22:45','86','0','','2549','105Âè∑','Âåó‰∫¨Á´ô','','5','ÂÖ∂ÂÆÉ','Á°¨Â∫ß') [ RunTime:0.0026s ]
INFO: [ app_end ] --START--
INFO: Run Behavior\ShowPageTraceBehavior [ RunTime:0.000780s ]
INFO: [ app_end ] --END-- [ RunTime:0.000842s ]

[ 2018-07-19T23:03:59+08:00 ] 127.0.0.1 /
INFO: [ app_init ] --START--
INFO: Run Behavior\BuildLiteBehavior [ RunTime:0.000019s ]
INFO: [ app_init ] --END-- [ RunTime:0.000660s ]
INFO: [ app_begin ] --START--
INFO: Run Behavior\ReadHtmlCacheBehavior [ RunTime:0.000939s ]
INFO: [ app_begin ] --END-- [ RunTime:0.001012s ]
NOTIC: [8] Undefined index: stime E:\www2\railway.xingzhi.com\Common\Common\function.php Á¨¨ 64 Ë°å.
NOTIC: [8] Undefined index: stime E:\www2\railway.xingzhi.com\Common\Common\function.php Á¨¨ 66 Ë°å.
NOTIC: [8] Undefined index: stime E:\www2\railway.xingzhi.com\Common\Common\function.php Á¨¨ 68 Ë°å.
NOTIC: [8] Undefined index: etime E:\www2\railway.xingzhi.com\Common\Common\function.php Á¨¨ 64 Ë°å.
NOTIC: [8] Undefined index: etime E:\www2\railway.xingzhi.com\Common\Common\function.php Á¨¨ 66 Ë°å.
NOTIC: [8] Undefined index: etime E:\www2\railway.xingzhi.com\Common\Common\function.php Á¨¨ 68 Ë°å.
SQL: SHOW COLUMNS FROM `reailwayinfo` [ RunTime:0.0009s ]
SQL: SHOW COLUMNS FROM `reailwayinfo` [ RunTime:0.0008s ]
SQL: SELECT * FROM reailwayinfo WHERE begintime BETWEEN '2018-01-01 00:00:00' and '2018-07-19 23:59:59' ORDER BY begintime DESC [ RunTime:0.0011s ]
NOTIC: [8] Undefined offset: 39 E:\www2\railway.xingzhi.com\Common\Common\function.php Á¨¨ 118 Ë°å.
NOTIC: [8] Undefined offset: 1 E:\www2\railway.xingzhi.com\Common\Common\function.php Á¨¨ 118 Ë°å.
INFO: [ view_parse ] --START--
INFO: [ template_filter ] --START--
INFO: Run Behavior\ContentReplaceBehavior [ RunTime:0.000074s ]
INFO: [ template_filter ] --END-- [ RunTime:0.000130s ]
INFO: Run Behavior\ParseTemplateBehavior [ RunTime:0.007778s ]
INFO: [ view_parse ] --END-- [ RunTime:0.007831s ]
INFO: [ view_filter ] --START--
INFO: Run Behavior\WriteHtmlCacheBehavior [ RunTime:0.000633s ]
INFO: [ view_filter ] --END-- [ RunTime:0.000679s ]
INFO: [ app_end ] --START--
INFO: Run Behavior\ShowPageTraceBehavior [ RunTime:0.000836s ]
INFO: [ app_end ] --END-- [ RunTime:0.000901s ]

[ 2018-07-19T23:04:07+08:00 ] 127.0.0.1 /reailwayinfo/addticket
INFO: [ app_init ] --START--
INFO: Run Behavior\BuildLiteBehavior [ RunTime:0.000009s ]
INFO: [ app_init ] --END-- [ RunTime:0.000303s ]
INFO: [ app_begin ] --START--
INFO: Run Behavior\ReadHtmlCacheBehavior [ RunTime:0.000410s ]
INFO: [ app_begin ] --END-- [ RunTime:0.000444s ]
INFO: [ view_parse ] --START--
INFO: [ template_filter ] --START--
INFO: Run Behavior\ContentReplaceBehavior [ RunTime:0.000057s ]
INFO: [ template_filter ] --END-- [ RunTime:0.000102s ]
INFO: Run Behavior\ParseTemplateBehavior [ RunTime:0.007180s ]
INFO: [ view_parse ] --END-- [ RunTime:0.007242s ]
INFO: [ view_filter ] --START--
INFO: Run Behavior\WriteHtmlCacheBehavior [ RunTime:0.000542s ]
INFO: [ view_filter ] --END-- [ RunTime:0.000577s ]
INFO: [ app_end ] --START--
INFO: Run Behavior\ShowPageTraceBehavior [ RunTime:0.000560s ]
INFO: [ app_end ] --END-- [ RunTime:0.000605s ]

[ 2018-07-19T23:04:07+08:00 ] 127.0.0.1 /api/get_selectorstation
INFO: [ app_init ] --START--
INFO: Run Behavior\BuildLiteBehavior [ RunTime:0.000017s ]
INFO: [ app_init ] --END-- [ RunTime:0.000570s ]
INFO: [ app_begin ] --START--
INFO: Run Behavior\ReadHtmlCacheBehavior [ RunTime:0.000704s ]
INFO: [ app_begin ] --END-- [ RunTime:0.000770s ]
SQL: SHOW COLUMNS FROM `selectorstation` [ RunTime:0.0011s ]
SQL: SELECT * FROM selectorstation [ RunTime:0.0002s ]
INFO: [ app_end ] --START--
INFO: Run Behavior\ShowPageTraceBehavior [ RunTime:0.000527s ]
INFO: [ app_end ] --END-- [ RunTime:0.000565s ]

[ 2018-07-19T23:04:07+08:00 ] 127.0.0.1 /api/get_selectorstation
INFO: [ app_init ] --START--
INFO: Run Behavior\BuildLiteBehavior [ RunTime:0.000011s ]
INFO: [ app_init ] --END-- [ RunTime:0.000338s ]
INFO: [ app_begin ] --START--
INFO: Run Behavior\ReadHtmlCacheBehavior [ RunTime:0.000501s ]
INFO: [ app_begin ] --END-- [ RunTime:0.000543s ]
SQL: SHOW COLUMNS FROM `selectorstation` [ RunTime:0.0010s ]
SQL: SELECT * FROM selectorstation [ RunTime:0.0002s ]
INFO: [ app_end ] --START--
INFO: Run Behavior\ShowPageTraceBehavior [ RunTime:0.000682s ]
INFO: [ app_end ] --END-- [ RunTime:0.000716s ]

[ 2018-07-19T23:04:59+08:00 ] 127.0.0.1 /api/add_ticket?Amount=176&BAmount=&BeginTime=2018-06-29%2022%3A24&BuyStation=%E5%8C%97%E4%BA%AC%E7%AB%99&EStation=%E6%B2%88%E9%98%B3%E7%AB%99&Notes=&ReailwayCode=K53&SeatNum=8%E5%8F%B7%E4%B8%AD%E9%93%BA&SStation=%E5%8C%97%E4%BA%AC%E7%AB%99&ReailwayNum=2&ReailwayType=%E5%BF%AB%E9%80%9F&ReailwaySeatType=%E7%A1%AC%E5%8D%A7
INFO: [ app_init ] --START--
INFO: Run Behavior\BuildLiteBehavior [ RunTime:0.000011s ]
INFO: [ app_init ] --END-- [ RunTime:0.000426s ]
INFO: [ app_begin ] --START--
INFO: Run Behavior\ReadHtmlCacheBehavior [ RunTime:0.000674s ]
INFO: [ app_begin ] --END-- [ RunTime:0.000716s ]
SQL: SHOW COLUMNS FROM `reailwayinfo` [ RunTime:0.0006s ]
NOTIC: [8] Undefined index: SStation E:\www2\railway.xingzhi.com\Common\Common\function.php Á¨¨ 64 Ë°å.
NOTIC: [8] Undefined index: EStation E:\www2\railway.xingzhi.com\Common\Common\function.php Á¨¨ 64 Ë°å.
NOTIC: [8] Undefined index: BeginTime E:\www2\railway.xingzhi.com\Common\Common\function.php Á¨¨ 64 Ë°å.
NOTIC: [8] Undefined index: Amount E:\www2\railway.xingzhi.com\Common\Common\function.php Á¨¨ 64 Ë°å.
NOTIC: [8] Undefined index: BAmount E:\www2\railway.xingzhi.com\Common\Common\function.php Á¨¨ 64 Ë°å.
NOTIC: [8] Undefined index: Notes E:\www2\railway.xingzhi.com\Common\Common\function.php Á¨¨ 64 Ë°å.
NOTIC: [8] Undefined index: ReailwayCode E:\www2\railway.xingzhi.com\Common\Common\function.php Á¨¨ 64 Ë°å.
NOTIC: [8] Undefined index: SeatNum E:\www2\railway.xingzhi.com\Common\Common\function.php Á¨¨ 64 Ë°å.
NOTIC: [8] Undefined index: BuyStation E:\www2\railway.xingzhi.com\Common\Common\function.php Á¨¨ 64 Ë°å.
NOTIC: [8] Undefined index: ReailwayNum E:\www2\railway.xingzhi.com\Common\Common\function.php Á¨¨ 64 Ë°å.
NOTIC: [8] Undefined index: ReailwayType E:\www2\railway.xingzhi.com\Common\Common\function.php Á¨¨ 64 Ë°å.
NOTIC: [8] Undefined index: ReailwaySeatType E:\www2\railway.xingzhi.com\Common\Common\function.php Á¨¨ 64 Ë°å.
SQL: SHOW COLUMNS FROM `reailwayinfo` [ RunTime:0.0005s ]
SQL: SELECT id, sstation, estation, addtime, begintime, 
				amount, bamount, notes, reailwaycode, seatnum, 
				buystation, ticketpic, reailwaynum, reailwaytype, reailwayseattype 
				FROM reailwayinfo 
				WHERE sstation = 'Âåó‰∫¨Á´ô' 
				AND estation = 'Ê≤àÈò≥Á´ô' 
				AND reailwaycode = 'K53'  
				AND begintime = '2018-06-29 22:24'  [ RunTime:0.0004s ]
SQL: INSERT INTO `reailwayinfo` (`sstation`,`estation`,`addtime`,`begintime`,`amount`,`bamount`,`notes`,`reailwaycode`,`seatnum`,`buystation`,`ticketpic`,`reailwaynum`,`reailwaytype`,`reailwayseattype`) VALUES ('Âåó‰∫¨Á´ô','Ê≤àÈò≥Á´ô','2018-07-19 23:04:59','2018-06-29 22:24','176','0','','K53','8Âè∑‰∏≠Èì∫','Âåó‰∫¨Á´ô','','2','Âø´ÈÄü','Á°¨Âçß') [ RunTime:0.0025s ]
INFO: [ app_end ] --START--
INFO: Run Behavior\ShowPageTraceBehavior [ RunTime:0.000613s ]
INFO: [ app_end ] --END-- [ RunTime:0.000643s ]

[ 2018-07-19T23:05:00+08:00 ] 127.0.0.1 /
INFO: [ app_init ] --START--
INFO: Run Behavior\BuildLiteBehavior [ RunTime:0.000019s ]
INFO: [ app_init ] --END-- [ RunTime:0.000628s ]
INFO: [ app_begin ] --START--
INFO: Run Behavior\ReadHtmlCacheBehavior [ RunTime:0.000913s ]
INFO: [ app_begin ] --END-- [ RunTime:0.000981s ]
NOTIC: [8] Undefined index: stime E:\www2\railway.xingzhi.com\Common\Common\function.php Á¨¨ 64 Ë°å.
NOTIC: [8] Undefined index: stime E:\www2\railway.xingzhi.com\Common\Common\function.php Á¨¨ 66 Ë°å.
NOTIC: [8] Undefined index: stime E:\www2\railway.xingzhi.com\Common\Common\function.php Á¨¨ 68 Ë°å.
NOTIC: [8] Undefined index: etime E:\www2\railway.xingzhi.com\Common\Common\function.php Á¨¨ 64 Ë°å.
NOTIC: [8] Undefined index: etime E:\www2\railway.xingzhi.com\Common\Common\function.php Á¨¨ 66 Ë°å.
NOTIC: [8] Undefined index: etime E:\www2\railway.xingzhi.com\Common\Common\function.php Á¨¨ 68 Ë°å.
SQL: SHOW COLUMNS FROM `reailwayinfo` [ RunTime:0.0009s ]
SQL: SHOW COLUMNS FROM `reailwayinfo` [ RunTime:0.0008s ]
SQL: SELECT * FROM reailwayinfo WHERE begintime BETWEEN '2018-01-01 00:00:00' and '2018-07-19 23:59:59' ORDER BY begintime DESC [ RunTime:0.0010s ]
NOTIC: [8] Undefined offset: 39 E:\www2\railway.xingzhi.com\Common\Common\function.php Á¨¨ 118 Ë°å.
NOTIC: [8] Undefined offset: 1 E:\www2\railway.xingzhi.com\Common\Common\function.php Á¨¨ 118 Ë°å.
INFO: [ view_parse ] --START--
INFO: [ template_filter ] --START--
INFO: Run Behavior\ContentReplaceBehavior [ RunTime:0.000126s ]
INFO: [ template_filter ] --END-- [ RunTime:0.000279s ]
INFO: Run Behavior\ParseTemplateBehavior [ RunTime:0.012806s ]
INFO: [ view_parse ] --END-- [ RunTime:0.012891s ]
INFO: [ view_filter ] --START--
INFO: Run Behavior\WriteHtmlCacheBehavior [ RunTime:0.000600s ]
INFO: [ view_filter ] --END-- [ RunTime:0.000641s ]
INFO: [ app_end ] --START--
INFO: Run Behavior\ShowPageTraceBehavior [ RunTime:0.000893s ]
INFO: [ app_end ] --END-- [ RunTime:0.000965s ]

[ 2018-07-19T23:05:18+08:00 ] 127.0.0.1 /reailwayinfo/addticket
INFO: [ app_init ] --START--
INFO: Run Behavior\BuildLiteBehavior [ RunTime:0.000021s ]
INFO: [ app_init ] --END-- [ RunTime:0.000956s ]
INFO: [ app_begin ] --START--
INFO: Run Behavior\ReadHtmlCacheBehavior [ RunTime:0.001000s ]
INFO: [ app_begin ] --END-- [ RunTime:0.001051s ]
INFO: [ view_parse ] --START--
INFO: [ template_filter ] --START--
INFO: Run Behavior\ContentReplaceBehavior [ RunTime:0.000060s ]
INFO: [ template_filter ] --END-- [ RunTime:0.000108s ]
INFO: Run Behavior\ParseTemplateBehavior [ RunTime:0.006047s ]
INFO: [ view_parse ] --END-- [ RunTime:0.006102s ]
INFO: [ view_filter ] --START--
INFO: Run Behavior\WriteHtmlCacheBehavior [ RunTime:0.000445s ]
INFO: [ view_filter ] --END-- [ RunTime:0.000476s ]
INFO: [ app_end ] --START--
INFO: Run Behavior\ShowPageTraceBehavior [ RunTime:0.002332s ]
INFO: [ app_end ] --END-- [ RunTime:0.003975s ]

[ 2018-07-19T23:05:18+08:00 ] 127.0.0.1 /api/get_selectorstation
INFO: [ app_init ] --START--
INFO: Run Behavior\BuildLiteBehavior [ RunTime:0.000012s ]
INFO: [ app_init ] --END-- [ RunTime:0.000295s ]
INFO: [ app_begin ] --START--
INFO: Run Behavior\ReadHtmlCacheBehavior [ RunTime:0.000389s ]
INFO: [ app_begin ] --END-- [ RunTime:0.000421s ]
SQL: SHOW COLUMNS FROM `selectorstation` [ RunTime:0.0007s ]
SQL: SELECT * FROM selectorstation [ RunTime:0.0005s ]
INFO: [ app_end ] --START--
INFO: Run Behavior\ShowPageTraceBehavior [ RunTime:0.000819s ]
INFO: [ app_end ] --END-- [ RunTime:0.000863s ]

[ 2018-07-19T23:05:18+08:00 ] 127.0.0.1 /api/get_selectorstation
INFO: [ app_init ] --START--
INFO: Run Behavior\BuildLiteBehavior [ RunTime:0.000010s ]
INFO: [ app_init ] --END-- [ RunTime:0.000372s ]
INFO: [ app_begin ] --START--
INFO: Run Behavior\ReadHtmlCacheBehavior [ RunTime:0.000560s ]
INFO: [ app_begin ] --END-- [ RunTime:0.000612s ]
SQL: SHOW COLUMNS FROM `selectorstation` [ RunTime:0.0006s ]
SQL: SELECT * FROM selectorstation [ RunTime:0.0004s ]
INFO: [ app_end ] --START--
INFO: Run Behavior\ShowPageTraceBehavior [ RunTime:0.000635s ]
INFO: [ app_end ] --END-- [ RunTime:0.000678s ]

[ 2018-07-19T23:06:18+08:00 ] 127.0.0.1 /api/add_ticket?Amount=295&BAmount=&BeginTime=2018-07-01%2008%3A00&BuyStation=%E6%B2%88%E9%98%B3%E5%8C%97%E7%AB%99&EStation=%E5%8C%97%E4%BA%AC%E5%8D%97%E7%AB%99&Notes=&ReailwayCode=G218&SeatNum=7A&SStation=%E6%B2%88%E9%98%B3%E5%8C%97%E7%AB%99&ReailwayNum=5&ReailwayType=%E9%AB%98%E9%93%81%2F%E5%9F%8E%E9%99%85&ReailwaySeatType=%E4%BA%8C%E7%AD%89%E5%BA%A7
INFO: [ app_init ] --START--
INFO: Run Behavior\BuildLiteBehavior [ RunTime:0.000009s ]
INFO: [ app_init ] --END-- [ RunTime:0.000306s ]
INFO: [ app_begin ] --START--
INFO: Run Behavior\ReadHtmlCacheBehavior [ RunTime:0.000534s ]
INFO: [ app_begin ] --END-- [ RunTime:0.000564s ]
SQL: SHOW COLUMNS FROM `reailwayinfo` [ RunTime:0.0004s ]
NOTIC: [8] Undefined index: SStation E:\www2\railway.xingzhi.com\Common\Common\function.php Á¨¨ 64 Ë°å.
NOTIC: [8] Undefined index: EStation E:\www2\railway.xingzhi.com\Common\Common\function.php Á¨¨ 64 Ë°å.
NOTIC: [8] Undefined index: BeginTime E:\www2\railway.xingzhi.com\Common\Common\function.php Á¨¨ 64 Ë°å.
NOTIC: [8] Undefined index: Amount E:\www2\railway.xingzhi.com\Common\Common\function.php Á¨¨ 64 Ë°å.
NOTIC: [8] Undefined index: BAmount E:\www2\railway.xingzhi.com\Common\Common\function.php Á¨¨ 64 Ë°å.
NOTIC: [8] Undefined index: Notes E:\www2\railway.xingzhi.com\Common\Common\function.php Á¨¨ 64 Ë°å.
NOTIC: [8] Undefined index: ReailwayCode E:\www2\railway.xingzhi.com\Common\Common\function.php Á¨¨ 64 Ë°å.
NOTIC: [8] Undefined index: SeatNum E:\www2\railway.xingzhi.com\Common\Common\function.php Á¨¨ 64 Ë°å.
NOTIC: [8] Undefined index: BuyStation E:\www2\railway.xingzhi.com\Common\Common\function.php Á¨¨ 64 Ë°å.
NOTIC: [8] Undefined index: ReailwayNum E:\www2\railway.xingzhi.com\Common\Common\function.php Á¨¨ 64 Ë°å.
NOTIC: [8] Undefined index: ReailwayType E:\www2\railway.xingzhi.com\Common\Common\function.php Á¨¨ 64 Ë°å.
NOTIC: [8] Undefined index: ReailwaySeatType E:\www2\railway.xingzhi.com\Common\Common\function.php Á¨¨ 64 Ë°å.
SQL: SHOW COLUMNS FROM `reailwayinfo` [ RunTime:0.0004s ]
SQL: SELECT id, sstation, estation, addtime, begintime, 
				amount, bamount, notes, reailwaycode, seatnum, 
				buystation, ticketpic, reailwaynum, reailwaytype, reailwayseattype 
				FROM reailwayinfo 
				WHERE sstation = 'Ê≤àÈò≥ÂåóÁ´ô' 
				AND estation = 'Âåó‰∫¨ÂçóÁ´ô' 
				AND reailwaycode = 'G218'  
				AND begintime = '2018-07-01 08:00'  [ RunTime:0.0004s ]
SQL: INSERT INTO `reailwayinfo` (`sstation`,`estation`,`addtime`,`begintime`,`amount`,`bamount`,`notes`,`reailwaycode`,`seatnum`,`buystation`,`ticketpic`,`reailwaynum`,`reailwaytype`,`reailwayseattype`) VALUES ('Ê≤àÈò≥ÂåóÁ´ô','Âåó‰∫¨ÂçóÁ´ô','2018-07-19 23:06:18','2018-07-01 08:00','295','0','','G218','7A','Ê≤àÈò≥ÂåóÁ´ô','','5','È´òÈìÅ/ÂüéÈôÖ','‰∫åÁ≠âÂ∫ß') [ RunTime:0.0028s ]
INFO: [ app_end ] --START--
INFO: Run Behavior\ShowPageTraceBehavior [ RunTime:0.000585s ]
INFO: [ app_end ] --END-- [ RunTime:0.000615s ]

[ 2018-07-19T23:06:20+08:00 ] 127.0.0.1 /
INFO: [ app_init ] --START--
INFO: Run Behavior\BuildLiteBehavior [ RunTime:0.000015s ]
INFO: [ app_init ] --END-- [ RunTime:0.000490s ]
INFO: [ app_begin ] --START--
INFO: Run Behavior\ReadHtmlCacheBehavior [ RunTime:0.000716s ]
INFO: [ app_begin ] --END-- [ RunTime:0.000771s ]
NOTIC: [8] Undefined index: stime E:\www2\railway.xingzhi.com\Common\Common\function.php Á¨¨ 64 Ë°å.
NOTIC: [8] Undefined index: stime E:\www2\railway.xingzhi.com\Common\Common\function.php Á¨¨ 66 Ë°å.
NOTIC: [8] Undefined index: stime E:\www2\railway.xingzhi.com\Common\Common\function.php Á¨¨ 68 Ë°å.
NOTIC: [8] Undefined index: etime E:\www2\railway.xingzhi.com\Common\Common\function.php Á¨¨ 64 Ë°å.
NOTIC: [8] Undefined index: etime E:\www2\railway.xingzhi.com\Common\Common\function.php Á¨¨ 66 Ë°å.
NOTIC: [8] Undefined index: etime E:\www2\railway.xingzhi.com\Common\Common\function.php Á¨¨ 68 Ë°å.
SQL: SHOW COLUMNS FROM `reailwayinfo` [ RunTime:0.0011s ]
SQL: SHOW COLUMNS FROM `reailwayinfo` [ RunTime:0.0009s ]
SQL: SELECT * FROM reailwayinfo WHERE begintime BETWEEN '2018-01-01 00:00:00' and '2018-07-19 23:59:59' ORDER BY begintime DESC [ RunTime:0.0009s ]
NOTIC: [8] Undefined offset: 39 E:\www2\railway.xingzhi.com\Common\Common\function.php Á¨¨ 118 Ë°å.
NOTIC: [8] Undefined offset: 1 E:\www2\railway.xingzhi.com\Common\Common\function.php Á¨¨ 118 Ë°å.
INFO: [ view_parse ] --START--
INFO: [ template_filter ] --START--
INFO: Run Behavior\ContentReplaceBehavior [ RunTime:0.000038s ]
INFO: [ template_filter ] --END-- [ RunTime:0.000068s ]
INFO: Run Behavior\ParseTemplateBehavior [ RunTime:0.005254s ]
INFO: [ view_parse ] --END-- [ RunTime:0.005293s ]
INFO: [ view_filter ] --START--
INFO: Run Behavior\WriteHtmlCacheBehavior [ RunTime:0.000369s ]
INFO: [ view_filter ] --END-- [ RunTime:0.000393s ]
INFO: [ app_end ] --START--
INFO: Run Behavior\ShowPageTraceBehavior [ RunTime:0.000513s ]
INFO: [ app_end ] --END-- [ RunTime:0.000597s ]

[ 2018-07-19T23:06:54+08:00 ] 127.0.0.1 /reailwayinfo/addticket
INFO: [ app_init ] --START--
INFO: Run Behavior\BuildLiteBehavior [ RunTime:0.000016s ]
INFO: [ app_init ] --END-- [ RunTime:0.000609s ]
INFO: [ app_begin ] --START--
INFO: Run Behavior\ReadHtmlCacheBehavior [ RunTime:0.000779s ]
INFO: [ app_begin ] --END-- [ RunTime:0.000870s ]
INFO: [ view_parse ] --START--
INFO: [ template_filter ] --START--
INFO: Run Behavior\ContentReplaceBehavior [ RunTime:0.000065s ]
INFO: [ template_filter ] --END-- [ RunTime:0.000112s ]
INFO: Run Behavior\ParseTemplateBehavior [ RunTime:0.006269s ]
INFO: [ view_parse ] --END-- [ RunTime:0.006316s ]
INFO: [ view_filter ] --START--
INFO: Run Behavior\WriteHtmlCacheBehavior [ RunTime:0.001967s ]
INFO: [ view_filter ] --END-- [ RunTime:0.002023s ]
INFO: [ app_end ] --START--
INFO: Run Behavior\ShowPageTraceBehavior [ RunTime:0.000861s ]
INFO: [ app_end ] --END-- [ RunTime:0.001005s ]

[ 2018-07-19T23:06:54+08:00 ] 127.0.0.1 /api/get_selectorstation
INFO: [ app_init ] --START--
INFO: Run Behavior\BuildLiteBehavior [ RunTime:0.000023s ]
INFO: [ app_init ] --END-- [ RunTime:0.000584s ]
INFO: [ app_begin ] --START--
INFO: Run Behavior\ReadHtmlCacheBehavior [ RunTime:0.001001s ]
INFO: [ app_begin ] --END-- [ RunTime:0.001079s ]
SQL: SHOW COLUMNS FROM `selectorstation` [ RunTime:0.0027s ]
SQL: SELECT * FROM selectorstation [ RunTime:0.0004s ]
INFO: [ app_end ] --START--
INFO: Run Behavior\ShowPageTraceBehavior [ RunTime:0.000731s ]
INFO: [ app_end ] --END-- [ RunTime:0.000784s ]

[ 2018-07-19T23:06:54+08:00 ] 127.0.0.1 /api/get_selectorstation
INFO: [ app_init ] --START--
INFO: Run Behavior\BuildLiteBehavior [ RunTime:0.000019s ]
INFO: [ app_init ] --END-- [ RunTime:0.002021s ]
INFO: [ app_begin ] --START--
INFO: Run Behavior\ReadHtmlCacheBehavior [ RunTime:0.001065s ]
INFO: [ app_begin ] --END-- [ RunTime:0.001143s ]
SQL: SHOW COLUMNS FROM `selectorstation` [ RunTime:0.0011s ]
SQL: SELECT * FROM selectorstation [ RunTime:0.0002s ]
INFO: [ app_end ] --START--
INFO: Run Behavior\ShowPageTraceBehavior [ RunTime:0.000542s ]
INFO: [ app_end ] --END-- [ RunTime:0.000569s ]

[ 2018-07-19T23:08:01+08:00 ] 127.0.0.1 /api/add_ticket?Amount=225&BAmount=&BeginTime=2018-07-18%2015%3A33&BuyStation=%E5%8C%97%E4%BA%AC%E7%AB%99&EStation=%E9%94%A6%E5%B7%9E%E5%8D%97%E7%AB%99&Notes=&ReailwayCode=D23&SeatNum=14D&SStation=%E5%8C%97%E4%BA%AC%E7%AB%99&ReailwayNum=1&ReailwayType=%E5%8A%A8%E8%BD%A6&ReailwaySeatType=%E4%B8%80%E7%AD%89%E5%BA%A7
INFO: [ app_init ] --START--
INFO: Run Behavior\BuildLiteBehavior [ RunTime:0.000008s ]
INFO: [ app_init ] --END-- [ RunTime:0.000268s ]
INFO: [ app_begin ] --START--
INFO: Run Behavior\ReadHtmlCacheBehavior [ RunTime:0.000418s ]
INFO: [ app_begin ] --END-- [ RunTime:0.000450s ]
SQL: SHOW COLUMNS FROM `reailwayinfo` [ RunTime:0.0004s ]
NOTIC: [8] Undefined index: SStation E:\www2\railway.xingzhi.com\Common\Common\function.php Á¨¨ 64 Ë°å.
NOTIC: [8] Undefined index: EStation E:\www2\railway.xingzhi.com\Common\Common\function.php Á¨¨ 64 Ë°å.
NOTIC: [8] Undefined index: BeginTime E:\www2\railway.xingzhi.com\Common\Common\function.php Á¨¨ 64 Ë°å.
NOTIC: [8] Undefined index: Amount E:\www2\railway.xingzhi.com\Common\Common\function.php Á¨¨ 64 Ë°å.
NOTIC: [8] Undefined index: BAmount E:\www2\railway.xingzhi.com\Common\Common\function.php Á¨¨ 64 Ë°å.
NOTIC: [8] Undefined index: Notes E:\www2\railway.xingzhi.com\Common\Common\function.php Á¨¨ 64 Ë°å.
NOTIC: [8] Undefined index: ReailwayCode E:\www2\railway.xingzhi.com\Common\Common\function.php Á¨¨ 64 Ë°å.
NOTIC: [8] Undefined index: SeatNum E:\www2\railway.xingzhi.com\Common\Common\function.php Á¨¨ 64 Ë°å.
NOTIC: [8] Undefined index: BuyStation E:\www2\railway.xingzhi.com\Common\Common\function.php Á¨¨ 64 Ë°å.
NOTIC: [8] Undefined index: ReailwayNum E:\www2\railway.xingzhi.com\Common\Common\function.php Á¨¨ 64 Ë°å.
NOTIC: [8] Undefined index: ReailwayType E:\www2\railway.xingzhi.com\Common\Common\function.php Á¨¨ 64 Ë°å.
NOTIC: [8] Undefined index: ReailwaySeatType E:\www2\railway.xingzhi.com\Common\Common\function.php Á¨¨ 64 Ë°å.
SQL: SHOW COLUMNS FROM `reailwayinfo` [ RunTime:0.0004s ]
SQL: SELECT id, sstation, estation, addtime, begintime, 
				amount, bamount, notes, reailwaycode, seatnum, 
				buystation, ticketpic, reailwaynum, reailwaytype, reailwayseattype 
				FROM reailwayinfo 
				WHERE sstation = 'Âåó‰∫¨Á´ô' 
				AND estation = 'Èî¶Â∑ûÂçóÁ´ô' 
				AND reailwaycode = 'D23'  
				AND begintime = '2018-07-18 15:33'  [ RunTime:0.0004s ]
SQL: INSERT INTO `reailwayinfo` (`sstation`,`estation`,`addtime`,`begintime`,`amount`,`bamount`,`notes`,`reailwaycode`,`seatnum`,`buystation`,`ticketpic`,`reailwaynum`,`reailwaytype`,`reailwayseattype`) VALUES ('Âåó‰∫¨Á´ô','Èî¶Â∑ûÂçóÁ´ô','2018-07-19 23:08:01','2018-07-18 15:33','225','0','','D23','14D','Âåó‰∫¨Á´ô','','1','Âä®ËΩ¶','‰∏ÄÁ≠âÂ∫ß') [ RunTime:0.0031s ]
INFO: [ app_end ] --START--
INFO: Run Behavior\ShowPageTraceBehavior [ RunTime:0.000481s ]
INFO: [ app_end ] --END-- [ RunTime:0.000508s ]

[ 2018-07-19T23:08:02+08:00 ] 127.0.0.1 /
INFO: [ app_init ] --START--
INFO: Run Behavior\BuildLiteBehavior [ RunTime:0.000016s ]
INFO: [ app_init ] --END-- [ RunTime:0.000506s ]
INFO: [ app_begin ] --START--
INFO: Run Behavior\ReadHtmlCacheBehavior [ RunTime:0.000747s ]
INFO: [ app_begin ] --END-- [ RunTime:0.000807s ]
NOTIC: [8] Undefined index: stime E:\www2\railway.xingzhi.com\Common\Common\function.php Á¨¨ 64 Ë°å.
NOTIC: [8] Undefined index: stime E:\www2\railway.xingzhi.com\Common\Common\function.php Á¨¨ 66 Ë°å.
NOTIC: [8] Undefined index: stime E:\www2\railway.xingzhi.com\Common\Common\function.php Á¨¨ 68 Ë°å.
NOTIC: [8] Undefined index: etime E:\www2\railway.xingzhi.com\Common\Common\function.php Á¨¨ 64 Ë°å.
NOTIC: [8] Undefined index: etime E:\www2\railway.xingzhi.com\Common\Common\function.php Á¨¨ 66 Ë°å.
NOTIC: [8] Undefined index: etime E:\www2\railway.xingzhi.com\Common\Common\function.php Á¨¨ 68 Ë°å.
SQL: SHOW COLUMNS FROM `reailwayinfo` [ RunTime:0.0018s ]
SQL: SHOW COLUMNS FROM `reailwayinfo` [ RunTime:0.0007s ]
SQL: SELECT * FROM reailwayinfo WHERE begintime BETWEEN '2018-01-01 00:00:00' and '2018-07-19 23:59:59' ORDER BY begintime DESC [ RunTime:0.0009s ]
NOTIC: [8] Undefined offset: 39 E:\www2\railway.xingzhi.com\Common\Common\function.php Á¨¨ 118 Ë°å.
NOTIC: [8] Undefined offset: 1 E:\www2\railway.xingzhi.com\Common\Common\function.php Á¨¨ 118 Ë°å.
INFO: [ view_parse ] --START--
INFO: [ template_filter ] --START--
INFO: Run Behavior\ContentReplaceBehavior [ RunTime:0.000039s ]
INFO: [ template_filter ] --END-- [ RunTime:0.000069s ]
INFO: Run Behavior\ParseTemplateBehavior [ RunTime:0.005422s ]
INFO: [ view_parse ] --END-- [ RunTime:0.005457s ]
INFO: [ view_filter ] --START--
INFO: Run Behavior\WriteHtmlCacheBehavior [ RunTime:0.000322s ]
INFO: [ view_filter ] --END-- [ RunTime:0.000345s ]
INFO: [ app_end ] --START--
INFO: Run Behavior\ShowPageTraceBehavior [ RunTime:0.000449s ]
INFO: [ app_end ] --END-- [ RunTime:0.000487s ]

