[ 2017-07-23T21:59:39+08:00 ] 192.168.1.111 /
INFO: [ app_init ] --START--
INFO: Run Behavior\BuildLiteBehavior [ RunTime:0.000016s ]
INFO: [ app_init ] --END-- [ RunTime:0.008008s ]
INFO: [ app_begin ] --START--
INFO: Run Behavior\ReadHtmlCacheBehavior [ RunTime:0.000893s ]
INFO: [ app_begin ] --END-- [ RunTime:0.000941s ]
SQL: SHOW COLUMNS FROM `song` [ RunTime:0.0095s ]
SQL: SHOW COLUMNS FROM `song` [ RunTime:0.0037s ]
SQL: SELECT COUNT(0) AS 'total' FROM song [ RunTime:0.0048s ]
INFO: [ view_parse ] --START--
INFO: [ template_filter ] --START--
INFO: Run Behavior\ContentReplaceBehavior [ RunTime:0.000056s ]
INFO: [ template_filter ] --END-- [ RunTime:0.000099s ]
INFO: Run Behavior\ParseTemplateBehavior [ RunTime:0.080951s ]
INFO: [ view_parse ] --END-- [ RunTime:0.081011s ]
INFO: [ view_filter ] --START--
INFO: Run Behavior\WriteHtmlCacheBehavior [ RunTime:0.007564s ]
INFO: [ view_filter ] --END-- [ RunTime:0.007601s ]
INFO: [ app_end ] --START--
INFO: Run Behavior\ShowPageTraceBehavior [ RunTime:0.005673s ]
INFO: [ app_end ] --END-- [ RunTime:0.005714s ]

[ 2017-07-23T21:59:39+08:00 ] 192.168.1.111 /apimusic/get_hot_song?callback=jQuery110203930610558230889_1500818379760&index=0&rows=20&_=1500818379761
INFO: [ app_init ] --START--
INFO: Run Behavior\BuildLiteBehavior [ RunTime:0.000011s ]
INFO: [ app_init ] --END-- [ RunTime:0.000336s ]
INFO: [ app_begin ] --START--
INFO: Run Behavior\ReadHtmlCacheBehavior [ RunTime:0.000424s ]
INFO: [ app_begin ] --END-- [ RunTime:0.000462s ]
SQL: SHOW COLUMNS FROM `song` [ RunTime:0.0043s ]
SQL: SHOW COLUMNS FROM `song` [ RunTime:0.0038s ]
SQL: select b.singername, a.* from song a INNER JOIN singer b ON b.id = a.singerid ORDER BY a.listentime DESC LIMIT 20 [ RunTime:0.0044s ]
INFO: [ app_end ] --START--
INFO: Run Behavior\ShowPageTraceBehavior [ RunTime:0.000689s ]
INFO: [ app_end ] --END-- [ RunTime:0.000747s ]

[ 2017-07-23T21:59:39+08:00 ] 192.168.1.111 /apimusic/get_record_song?callback=jQuery110203930610558230889_1500818379764&index=0&rows=20&_=1500818379765
INFO: [ app_init ] --START--
INFO: Run Behavior\BuildLiteBehavior [ RunTime:0.000014s ]
INFO: [ app_init ] --END-- [ RunTime:0.000426s ]
INFO: [ app_begin ] --START--
INFO: Run Behavior\ReadHtmlCacheBehavior [ RunTime:0.000486s ]
INFO: [ app_begin ] --END-- [ RunTime:0.000530s ]
SQL: SHOW COLUMNS FROM `song` [ RunTime:0.0038s ]
SQL: SHOW COLUMNS FROM `song` [ RunTime:0.0036s ]
SQL: select DISTINCT b.*,c.singername from songlistenrecord a INNER JOIN song b ON b.id = a.songid INNER JOIN singer c ON c.id = b.singerid order by a.id DESC limit 0,20 [ RunTime:0.0588s ]
INFO: [ app_end ] --START--
INFO: Run Behavior\ShowPageTraceBehavior [ RunTime:0.000561s ]
INFO: [ app_end ] --END-- [ RunTime:0.000606s ]

[ 2017-07-23T21:59:39+08:00 ] 192.168.1.111 /apimusic/get_new_song?callback=jQuery110203930610558230889_1500818379762&index=0&rows=20&_=1500818379763
INFO: [ app_init ] --START--
INFO: Run Behavior\BuildLiteBehavior [ RunTime:0.000088s ]
INFO: [ app_init ] --END-- [ RunTime:0.000612s ]
INFO: [ app_begin ] --START--
INFO: Run Behavior\ReadHtmlCacheBehavior [ RunTime:0.000906s ]
INFO: [ app_begin ] --END-- [ RunTime:0.000966s ]
SQL: SHOW COLUMNS FROM `song` [ RunTime:0.0037s ]
SQL: SHOW COLUMNS FROM `song` [ RunTime:0.0037s ]
SQL: select b.singername, a.* from song a INNER JOIN singer b ON b.id = a.singerid ORDER BY a.id DESC LIMIT 0, 20 [ RunTime:0.0005s ]
INFO: [ app_end ] --START--
INFO: Run Behavior\ShowPageTraceBehavior [ RunTime:0.000599s ]
INFO: [ app_end ] --END-- [ RunTime:0.000646s ]

[ 2017-07-23T21:59:42+08:00 ] 192.168.1.111 /music/song
INFO: [ app_init ] --START--
INFO: Run Behavior\BuildLiteBehavior [ RunTime:0.000012s ]
INFO: [ app_init ] --END-- [ RunTime:0.000342s ]
INFO: [ app_begin ] --START--
INFO: Run Behavior\ReadHtmlCacheBehavior [ RunTime:0.000426s ]
INFO: [ app_begin ] --END-- [ RunTime:0.000465s ]
NOTIC: [8] Undefined index: sid D:\www\phpweb\music.xingzhi.com\Common\Common\function.php 第 63 行.
INFO: [ view_parse ] --START--
INFO: [ template_filter ] --START--
INFO: Run Behavior\ContentReplaceBehavior [ RunTime:0.000056s ]
INFO: [ template_filter ] --END-- [ RunTime:0.000100s ]
NOTIC: [8] Undefined variable: songurl D:\www\phpweb\music.xingzhi.com\MusicSite\Runtime\Cache\Home\8b5c046d47b69012df43b9b33a3fd750.php 第 38 行.
INFO: Run Behavior\ParseTemplateBehavior [ RunTime:0.015628s ]
INFO: [ view_parse ] --END-- [ RunTime:0.015664s ]
INFO: [ view_filter ] --START--
INFO: Run Behavior\WriteHtmlCacheBehavior [ RunTime:0.000372s ]
INFO: [ view_filter ] --END-- [ RunTime:0.000408s ]
INFO: [ app_end ] --START--
INFO: Run Behavior\ShowPageTraceBehavior [ RunTime:0.000444s ]
INFO: [ app_end ] --END-- [ RunTime:0.000484s ]

[ 2017-07-23T21:59:42+08:00 ] 192.168.1.111 /apimusic/get_song_random?callback=jQuery1111048138041662565323_1500818382120&sid=&_=1500818382121
INFO: [ app_init ] --START--
INFO: Run Behavior\BuildLiteBehavior [ RunTime:0.000011s ]
INFO: [ app_init ] --END-- [ RunTime:0.000342s ]
INFO: [ app_begin ] --START--
INFO: Run Behavior\ReadHtmlCacheBehavior [ RunTime:0.000407s ]
INFO: [ app_begin ] --END-- [ RunTime:0.000446s ]
SQL: SHOW COLUMNS FROM `song` [ RunTime:0.0043s ]
SQL: SHOW COLUMNS FROM `song` [ RunTime:0.0044s ]
SQL: SELECT song.*, 
				(SELECT singername from singer a WHERE a.id = song.singerid)  as singername,
				(SELECT albumname from singeralbum b WHERE b.id = song.albumnid)  as albumname,
				(SELECT thumbnail from singeralbum b WHERE b.id = song.albumnid)  as thumbnail 
				FROM song WHERE filetype = 'mp3' OR filetype = 'm4a' ORDER BY RAND() LIMIT 1 [ RunTime:0.0203s ]
SQL: UPDATE song SET listentime = listentime + 1 WHERE id = 910 [ RunTime:0.0051s ]
INFO: [ app_end ] --START--
INFO: Run Behavior\ShowPageTraceBehavior [ RunTime:0.000514s ]
INFO: [ app_end ] --END-- [ RunTime:0.000550s ]

[ 2017-07-23T21:59:42+08:00 ] 192.168.1.111 /apimusic/get_song_info?songid=910
INFO: [ app_init ] --START--
INFO: Run Behavior\BuildLiteBehavior [ RunTime:0.000011s ]
INFO: [ app_init ] --END-- [ RunTime:0.000341s ]
INFO: [ app_begin ] --START--
INFO: Run Behavior\ReadHtmlCacheBehavior [ RunTime:0.000402s ]
INFO: [ app_begin ] --END-- [ RunTime:0.000436s ]
SQL: SHOW COLUMNS FROM `song` [ RunTime:0.0041s ]
SQL: SHOW COLUMNS FROM `song` [ RunTime:0.0037s ]
SQL: SELECT a.*,b.albumname,b.issueyear,c.singername FROM song a INNER JOIN singeralbum b ON b.id = a.albumnid INNER JOIN singer c ON c.id = a.singerid WHERE a.id = 910 [ RunTime:0.0003s ]
SQL: UPDATE song SET listentime = listentime + 1 WHERE id = 910 [ RunTime:0.0012s ]
SQL: SHOW COLUMNS FROM `singer` [ RunTime:0.0038s ]
SQL: SHOW COLUMNS FROM `singer` [ RunTime:0.0036s ]
SQL: SELECT * FROM `singer` WHERE ( id = 27 )  [ RunTime:0.0002s ]
SQL: SHOW COLUMNS FROM `songlistenrecord` [ RunTime:0.0038s ]
SQL: SHOW COLUMNS FROM `songlistenrecord` [ RunTime:0.0038s ]
SQL: INSERT INTO `songlistenrecord` (`songid`,`songname`,`singername`,`addtime`) VALUES ('910','生命中的精灵','李宗盛','2017-07-23 21:59:42.000000') [ RunTime:0.0014s ]
INFO: [ app_end ] --START--
INFO: Run Behavior\ShowPageTraceBehavior [ RunTime:0.000519s ]
INFO: [ app_end ] --END-- [ RunTime:0.000556s ]

[ 2017-07-23T21:59:42+08:00 ] 192.168.1.111 /favicon.ico
INFO: [ app_init ] --START--
INFO: Run Behavior\BuildLiteBehavior [ RunTime:0.000012s ]
INFO: [ app_init ] --END-- [ RunTime:0.000342s ]

[ 2017-07-23T22:02:35+08:00 ] 192.168.1.111 /apimusic/get_song_random?callback=jQuery1111048138041662565323_1500818382120&_=1500818382122
INFO: [ app_init ] --START--
INFO: Run Behavior\BuildLiteBehavior [ RunTime:0.000009s ]
INFO: [ app_init ] --END-- [ RunTime:0.000349s ]
INFO: [ app_begin ] --START--
INFO: Run Behavior\ReadHtmlCacheBehavior [ RunTime:0.000584s ]
INFO: [ app_begin ] --END-- [ RunTime:0.000641s ]
NOTIC: [8] Undefined index: sid D:\www\phpweb\music.xingzhi.com\Common\Common\function.php 第 63 行.
SQL: SHOW COLUMNS FROM `song` [ RunTime:0.0053s ]
SQL: SHOW COLUMNS FROM `song` [ RunTime:0.0042s ]
SQL: SELECT song.*, 
				(SELECT singername from singer a WHERE a.id = song.singerid)  as singername,
				(SELECT albumname from singeralbum b WHERE b.id = song.albumnid)  as albumname,
				(SELECT thumbnail from singeralbum b WHERE b.id = song.albumnid)  as thumbnail 
				FROM song WHERE filetype = 'mp3' OR filetype = 'm4a' ORDER BY RAND() LIMIT 1 [ RunTime:0.0165s ]
SQL: UPDATE song SET listentime = listentime + 1 WHERE id = 1173 [ RunTime:0.0014s ]
INFO: [ app_end ] --START--
INFO: Run Behavior\ShowPageTraceBehavior [ RunTime:0.000583s ]
INFO: [ app_end ] --END-- [ RunTime:0.000620s ]

[ 2017-07-23T22:02:35+08:00 ] 192.168.1.111 /apimusic/get_song_info?songid=1173
INFO: [ app_init ] --START--
INFO: Run Behavior\BuildLiteBehavior [ RunTime:0.000010s ]
INFO: [ app_init ] --END-- [ RunTime:0.000363s ]
INFO: [ app_begin ] --START--
INFO: Run Behavior\ReadHtmlCacheBehavior [ RunTime:0.000444s ]
INFO: [ app_begin ] --END-- [ RunTime:0.000479s ]
SQL: SHOW COLUMNS FROM `song` [ RunTime:0.0043s ]
SQL: SHOW COLUMNS FROM `song` [ RunTime:0.0040s ]
SQL: SELECT a.*,b.albumname,b.issueyear,c.singername FROM song a INNER JOIN singeralbum b ON b.id = a.albumnid INNER JOIN singer c ON c.id = a.singerid WHERE a.id = 1173 [ RunTime:0.0003s ]
SQL: UPDATE song SET listentime = listentime + 1 WHERE id = 1173 [ RunTime:0.0013s ]
SQL: SHOW COLUMNS FROM `singer` [ RunTime:0.0038s ]
SQL: SHOW COLUMNS FROM `singer` [ RunTime:0.0040s ]
SQL: SELECT * FROM `singer` WHERE ( id = 17 )  [ RunTime:0.0002s ]
SQL: SHOW COLUMNS FROM `songlistenrecord` [ RunTime:0.0036s ]
SQL: SHOW COLUMNS FROM `songlistenrecord` [ RunTime:0.0036s ]
SQL: INSERT INTO `songlistenrecord` (`songid`,`songname`,`singername`,`addtime`) VALUES ('1173','无奈','周华建','2017-07-23 22:02:35.000000') [ RunTime:0.0015s ]
INFO: [ app_end ] --START--
INFO: Run Behavior\ShowPageTraceBehavior [ RunTime:0.000526s ]
INFO: [ app_end ] --END-- [ RunTime:0.000560s ]

[ 2017-07-23T22:07:08+08:00 ] 192.168.1.111 /apimusic/get_song_random?callback=jQuery1111048138041662565323_1500818382120&_=1500818382123
INFO: [ app_init ] --START--
INFO: Run Behavior\BuildLiteBehavior [ RunTime:0.000010s ]
INFO: [ app_init ] --END-- [ RunTime:0.000372s ]
INFO: [ app_begin ] --START--
INFO: Run Behavior\ReadHtmlCacheBehavior [ RunTime:0.000484s ]
INFO: [ app_begin ] --END-- [ RunTime:0.000522s ]
NOTIC: [8] Undefined index: sid D:\www\phpweb\music.xingzhi.com\Common\Common\function.php 第 63 行.
SQL: SHOW COLUMNS FROM `song` [ RunTime:0.0041s ]
SQL: SHOW COLUMNS FROM `song` [ RunTime:0.0038s ]
SQL: SELECT song.*, 
				(SELECT singername from singer a WHERE a.id = song.singerid)  as singername,
				(SELECT albumname from singeralbum b WHERE b.id = song.albumnid)  as albumname,
				(SELECT thumbnail from singeralbum b WHERE b.id = song.albumnid)  as thumbnail 
				FROM song WHERE filetype = 'mp3' OR filetype = 'm4a' ORDER BY RAND() LIMIT 1 [ RunTime:0.0166s ]
SQL: UPDATE song SET listentime = listentime + 1 WHERE id = 1795 [ RunTime:0.0016s ]
INFO: [ app_end ] --START--
INFO: Run Behavior\ShowPageTraceBehavior [ RunTime:0.000577s ]
INFO: [ app_end ] --END-- [ RunTime:0.000609s ]

[ 2017-07-23T22:07:08+08:00 ] 192.168.1.111 /apimusic/get_song_info?songid=1795
INFO: [ app_init ] --START--
INFO: Run Behavior\BuildLiteBehavior [ RunTime:0.000011s ]
INFO: [ app_init ] --END-- [ RunTime:0.000367s ]
INFO: [ app_begin ] --START--
INFO: Run Behavior\ReadHtmlCacheBehavior [ RunTime:0.000403s ]
INFO: [ app_begin ] --END-- [ RunTime:0.000435s ]
SQL: SHOW COLUMNS FROM `song` [ RunTime:0.0040s ]
SQL: SHOW COLUMNS FROM `song` [ RunTime:0.0037s ]
SQL: SELECT a.*,b.albumname,b.issueyear,c.singername FROM song a INNER JOIN singeralbum b ON b.id = a.albumnid INNER JOIN singer c ON c.id = a.singerid WHERE a.id = 1795 [ RunTime:0.0004s ]
SQL: UPDATE song SET listentime = listentime + 1 WHERE id = 1795 [ RunTime:0.0013s ]
SQL: SHOW COLUMNS FROM `singer` [ RunTime:0.0039s ]
SQL: SHOW COLUMNS FROM `singer` [ RunTime:0.0038s ]
SQL: SELECT * FROM `singer` WHERE ( id = 3 )  [ RunTime:0.0002s ]
SQL: SHOW COLUMNS FROM `songlistenrecord` [ RunTime:0.0045s ]
SQL: SHOW COLUMNS FROM `songlistenrecord` [ RunTime:0.0038s ]
SQL: INSERT INTO `songlistenrecord` (`songid`,`songname`,`singername`,`addtime`) VALUES ('1795','最爱是她','刘德华','2017-07-23 22:07:08.000000') [ RunTime:0.0012s ]
INFO: [ app_end ] --START--
INFO: Run Behavior\ShowPageTraceBehavior [ RunTime:0.000476s ]
INFO: [ app_end ] --END-- [ RunTime:0.000509s ]

[ 2017-07-23T22:11:43+08:00 ] 192.168.1.111 /apimusic/get_song_random?callback=jQuery1111048138041662565323_1500818382120&_=1500818382124
INFO: [ app_init ] --START--
INFO: Run Behavior\BuildLiteBehavior [ RunTime:0.000021s ]
INFO: [ app_init ] --END-- [ RunTime:0.000873s ]
INFO: [ app_begin ] --START--
INFO: Run Behavior\ReadHtmlCacheBehavior [ RunTime:0.001121s ]
INFO: [ app_begin ] --END-- [ RunTime:0.001206s ]
NOTIC: [8] Undefined index: sid D:\www\phpweb\music.xingzhi.com\Common\Common\function.php 第 63 行.
SQL: SHOW COLUMNS FROM `song` [ RunTime:0.0044s ]
SQL: SHOW COLUMNS FROM `song` [ RunTime:0.0038s ]
SQL: SELECT song.*, 
				(SELECT singername from singer a WHERE a.id = song.singerid)  as singername,
				(SELECT albumname from singeralbum b WHERE b.id = song.albumnid)  as albumname,
				(SELECT thumbnail from singeralbum b WHERE b.id = song.albumnid)  as thumbnail 
				FROM song WHERE filetype = 'mp3' OR filetype = 'm4a' ORDER BY RAND() LIMIT 1 [ RunTime:0.0169s ]
SQL: UPDATE song SET listentime = listentime + 1 WHERE id = 609 [ RunTime:0.0016s ]
INFO: [ app_end ] --START--
INFO: Run Behavior\ShowPageTraceBehavior [ RunTime:0.000645s ]
INFO: [ app_end ] --END-- [ RunTime:0.000680s ]

[ 2017-07-23T22:11:43+08:00 ] 192.168.1.111 /apimusic/get_song_info?songid=609
INFO: [ app_init ] --START--
INFO: Run Behavior\BuildLiteBehavior [ RunTime:0.000010s ]
INFO: [ app_init ] --END-- [ RunTime:0.000437s ]
INFO: [ app_begin ] --START--
INFO: Run Behavior\ReadHtmlCacheBehavior [ RunTime:0.000453s ]
INFO: [ app_begin ] --END-- [ RunTime:0.000485s ]
SQL: SHOW COLUMNS FROM `song` [ RunTime:0.0041s ]
SQL: SHOW COLUMNS FROM `song` [ RunTime:0.0038s ]
SQL: SELECT a.*,b.albumname,b.issueyear,c.singername FROM song a INNER JOIN singeralbum b ON b.id = a.albumnid INNER JOIN singer c ON c.id = a.singerid WHERE a.id = 609 [ RunTime:0.0003s ]
SQL: UPDATE song SET listentime = listentime + 1 WHERE id = 609 [ RunTime:0.0013s ]
SQL: SHOW COLUMNS FROM `singer` [ RunTime:0.0037s ]
SQL: SHOW COLUMNS FROM `singer` [ RunTime:0.0037s ]
SQL: SELECT * FROM `singer` WHERE ( id = 5 )  [ RunTime:0.0002s ]
SQL: SHOW COLUMNS FROM `songlistenrecord` [ RunTime:0.0038s ]
SQL: SHOW COLUMNS FROM `songlistenrecord` [ RunTime:0.0035s ]
SQL: INSERT INTO `songlistenrecord` (`songid`,`songname`,`singername`,`addtime`) VALUES ('609','蓝雨 (Live)','张学友','2017-07-23 22:11:43.000000') [ RunTime:0.0017s ]
INFO: [ app_end ] --START--
INFO: Run Behavior\ShowPageTraceBehavior [ RunTime:0.000476s ]
INFO: [ app_end ] --END-- [ RunTime:0.000506s ]

[ 2017-07-23T22:16:10+08:00 ] 192.168.1.111 /apimusic/get_song_random?callback=jQuery1111048138041662565323_1500818382120&_=1500818382125
INFO: [ app_init ] --START--
INFO: Run Behavior\BuildLiteBehavior [ RunTime:0.000036s ]
INFO: [ app_init ] --END-- [ RunTime:0.001373s ]
INFO: [ app_begin ] --START--
INFO: Run Behavior\ReadHtmlCacheBehavior [ RunTime:0.001885s ]
INFO: [ app_begin ] --END-- [ RunTime:0.002029s ]
NOTIC: [8] Undefined index: sid D:\www\phpweb\music.xingzhi.com\Common\Common\function.php 第 63 行.
SQL: SHOW COLUMNS FROM `song` [ RunTime:0.0076s ]
SQL: SHOW COLUMNS FROM `song` [ RunTime:0.0058s ]
SQL: SELECT song.*, 
				(SELECT singername from singer a WHERE a.id = song.singerid)  as singername,
				(SELECT albumname from singeralbum b WHERE b.id = song.albumnid)  as albumname,
				(SELECT thumbnail from singeralbum b WHERE b.id = song.albumnid)  as thumbnail 
				FROM song WHERE filetype = 'mp3' OR filetype = 'm4a' ORDER BY RAND() LIMIT 1 [ RunTime:0.0251s ]
SQL: UPDATE song SET listentime = listentime + 1 WHERE id = 481 [ RunTime:0.0016s ]
INFO: [ app_end ] --START--
INFO: Run Behavior\ShowPageTraceBehavior [ RunTime:0.000592s ]
INFO: [ app_end ] --END-- [ RunTime:0.000627s ]

[ 2017-07-23T22:16:10+08:00 ] 192.168.1.111 /apimusic/get_song_info?songid=481
INFO: [ app_init ] --START--
INFO: Run Behavior\BuildLiteBehavior [ RunTime:0.000009s ]
INFO: [ app_init ] --END-- [ RunTime:0.000398s ]
INFO: [ app_begin ] --START--
INFO: Run Behavior\ReadHtmlCacheBehavior [ RunTime:0.000465s ]
INFO: [ app_begin ] --END-- [ RunTime:0.000498s ]
SQL: SHOW COLUMNS FROM `song` [ RunTime:0.0041s ]
SQL: SHOW COLUMNS FROM `song` [ RunTime:0.0037s ]
SQL: SELECT a.*,b.albumname,b.issueyear,c.singername FROM song a INNER JOIN singeralbum b ON b.id = a.albumnid INNER JOIN singer c ON c.id = a.singerid WHERE a.id = 481 [ RunTime:0.0003s ]
SQL: UPDATE song SET listentime = listentime + 1 WHERE id = 481 [ RunTime:0.0012s ]
SQL: SHOW COLUMNS FROM `singer` [ RunTime:0.0037s ]
SQL: SHOW COLUMNS FROM `singer` [ RunTime:0.0037s ]
SQL: SELECT * FROM `singer` WHERE ( id = 4 )  [ RunTime:0.0002s ]
SQL: SHOW COLUMNS FROM `songlistenrecord` [ RunTime:0.0037s ]
SQL: SHOW COLUMNS FROM `songlistenrecord` [ RunTime:0.0040s ]
SQL: INSERT INTO `songlistenrecord` (`songid`,`songname`,`singername`,`addtime`) VALUES ('481','孤单的背影','陈慧娴','2017-07-23 22:16:10.000000') [ RunTime:0.0016s ]
INFO: [ app_end ] --START--
INFO: Run Behavior\ShowPageTraceBehavior [ RunTime:0.000450s ]
INFO: [ app_end ] --END-- [ RunTime:0.000480s ]

[ 2017-07-23T22:16:12+08:00 ] 192.168.1.111 /apimusic/get_song_random?callback=jQuery1111048138041662565323_1500818382120&_=1500818382126
INFO: [ app_init ] --START--
INFO: Run Behavior\BuildLiteBehavior [ RunTime:0.000021s ]
INFO: [ app_init ] --END-- [ RunTime:0.000796s ]
INFO: [ app_begin ] --START--
INFO: Run Behavior\ReadHtmlCacheBehavior [ RunTime:0.001011s ]
INFO: [ app_begin ] --END-- [ RunTime:0.001094s ]
NOTIC: [8] Undefined index: sid D:\www\phpweb\music.xingzhi.com\Common\Common\function.php 第 63 行.
SQL: SHOW COLUMNS FROM `song` [ RunTime:0.0055s ]
SQL: SHOW COLUMNS FROM `song` [ RunTime:0.0052s ]
SQL: SELECT song.*, 
				(SELECT singername from singer a WHERE a.id = song.singerid)  as singername,
				(SELECT albumname from singeralbum b WHERE b.id = song.albumnid)  as albumname,
				(SELECT thumbnail from singeralbum b WHERE b.id = song.albumnid)  as thumbnail 
				FROM song WHERE filetype = 'mp3' OR filetype = 'm4a' ORDER BY RAND() LIMIT 1 [ RunTime:0.0192s ]
SQL: UPDATE song SET listentime = listentime + 1 WHERE id = 637 [ RunTime:0.0016s ]
INFO: [ app_end ] --START--
INFO: Run Behavior\ShowPageTraceBehavior [ RunTime:0.000514s ]
INFO: [ app_end ] --END-- [ RunTime:0.000546s ]

[ 2017-07-23T22:16:12+08:00 ] 192.168.1.111 /apimusic/get_song_info?songid=637
INFO: [ app_init ] --START--
INFO: Run Behavior\BuildLiteBehavior [ RunTime:0.000020s ]
INFO: [ app_init ] --END-- [ RunTime:0.000588s ]
INFO: [ app_begin ] --START--
INFO: Run Behavior\ReadHtmlCacheBehavior [ RunTime:0.000461s ]
INFO: [ app_begin ] --END-- [ RunTime:0.000494s ]
SQL: SHOW COLUMNS FROM `song` [ RunTime:0.0045s ]
SQL: SHOW COLUMNS FROM `song` [ RunTime:0.0037s ]
SQL: SELECT a.*,b.albumname,b.issueyear,c.singername FROM song a INNER JOIN singeralbum b ON b.id = a.albumnid INNER JOIN singer c ON c.id = a.singerid WHERE a.id = 637 [ RunTime:0.0003s ]
SQL: UPDATE song SET listentime = listentime + 1 WHERE id = 637 [ RunTime:0.0011s ]
SQL: SHOW COLUMNS FROM `singer` [ RunTime:0.0036s ]
SQL: SHOW COLUMNS FROM `singer` [ RunTime:0.0037s ]
SQL: SELECT * FROM `singer` WHERE ( id = 5 )  [ RunTime:0.0002s ]
SQL: SHOW COLUMNS FROM `songlistenrecord` [ RunTime:0.0037s ]
SQL: SHOW COLUMNS FROM `songlistenrecord` [ RunTime:0.0035s ]
SQL: INSERT INTO `songlistenrecord` (`songid`,`songname`,`singername`,`addtime`) VALUES ('637','拥有','张学友','2017-07-23 22:16:12.000000') [ RunTime:0.0041s ]
INFO: [ app_end ] --START--
INFO: Run Behavior\ShowPageTraceBehavior [ RunTime:0.000534s ]
INFO: [ app_end ] --END-- [ RunTime:0.000566s ]

[ 2017-07-23T22:18:20+08:00 ] 192.168.1.111 /apimusic/get_song_random?callback=jQuery1111048138041662565323_1500818382120&_=1500818382127
INFO: [ app_init ] --START--
INFO: Run Behavior\BuildLiteBehavior [ RunTime:0.000017s ]
INFO: [ app_init ] --END-- [ RunTime:0.000719s ]
INFO: [ app_begin ] --START--
INFO: Run Behavior\ReadHtmlCacheBehavior [ RunTime:0.000925s ]
INFO: [ app_begin ] --END-- [ RunTime:0.000997s ]
NOTIC: [8] Undefined index: sid D:\www\phpweb\music.xingzhi.com\Common\Common\function.php 第 63 行.
SQL: SHOW COLUMNS FROM `song` [ RunTime:0.0041s ]
SQL: SHOW COLUMNS FROM `song` [ RunTime:0.0037s ]
SQL: SELECT song.*, 
				(SELECT singername from singer a WHERE a.id = song.singerid)  as singername,
				(SELECT albumname from singeralbum b WHERE b.id = song.albumnid)  as albumname,
				(SELECT thumbnail from singeralbum b WHERE b.id = song.albumnid)  as thumbnail 
				FROM song WHERE filetype = 'mp3' OR filetype = 'm4a' ORDER BY RAND() LIMIT 1 [ RunTime:0.0155s ]
SQL: UPDATE song SET listentime = listentime + 1 WHERE id = 332 [ RunTime:0.0015s ]
INFO: [ app_end ] --START--
INFO: Run Behavior\ShowPageTraceBehavior [ RunTime:0.000575s ]
INFO: [ app_end ] --END-- [ RunTime:0.000606s ]

[ 2017-07-23T22:18:20+08:00 ] 192.168.1.111 /apimusic/get_song_info?songid=332
INFO: [ app_init ] --START--
INFO: Run Behavior\BuildLiteBehavior [ RunTime:0.000009s ]
INFO: [ app_init ] --END-- [ RunTime:0.000364s ]
INFO: [ app_begin ] --START--
INFO: Run Behavior\ReadHtmlCacheBehavior [ RunTime:0.000439s ]
INFO: [ app_begin ] --END-- [ RunTime:0.000470s ]
SQL: SHOW COLUMNS FROM `song` [ RunTime:0.0038s ]
SQL: SHOW COLUMNS FROM `song` [ RunTime:0.0038s ]
SQL: SELECT a.*,b.albumname,b.issueyear,c.singername FROM song a INNER JOIN singeralbum b ON b.id = a.albumnid INNER JOIN singer c ON c.id = a.singerid WHERE a.id = 332 [ RunTime:0.0003s ]
SQL: UPDATE song SET listentime = listentime + 1 WHERE id = 332 [ RunTime:0.0014s ]
SQL: SHOW COLUMNS FROM `singer` [ RunTime:0.0035s ]
SQL: SHOW COLUMNS FROM `singer` [ RunTime:0.0034s ]
SQL: SELECT * FROM `singer` WHERE ( id = 8 )  [ RunTime:0.0002s ]
SQL: SHOW COLUMNS FROM `songlistenrecord` [ RunTime:0.0036s ]
SQL: SHOW COLUMNS FROM `songlistenrecord` [ RunTime:0.0035s ]
SQL: INSERT INTO `songlistenrecord` (`songid`,`songname`,`singername`,`addtime`) VALUES ('332','不相信自己','巫启贤','2017-07-23 22:18:20.000000') [ RunTime:0.0038s ]
INFO: [ app_end ] --START--
INFO: Run Behavior\ShowPageTraceBehavior [ RunTime:0.000552s ]
INFO: [ app_end ] --END-- [ RunTime:0.000583s ]

[ 2017-07-23T22:22:21+08:00 ] 192.168.1.111 /apimusic/get_song_random?callback=jQuery1111048138041662565323_1500818382120&_=1500818382128
INFO: [ app_init ] --START--
INFO: Run Behavior\BuildLiteBehavior [ RunTime:0.000011s ]
INFO: [ app_init ] --END-- [ RunTime:0.000369s ]
INFO: [ app_begin ] --START--
INFO: Run Behavior\ReadHtmlCacheBehavior [ RunTime:0.000503s ]
INFO: [ app_begin ] --END-- [ RunTime:0.000551s ]
NOTIC: [8] Undefined index: sid D:\www\phpweb\music.xingzhi.com\Common\Common\function.php 第 63 行.
SQL: SHOW COLUMNS FROM `song` [ RunTime:0.0044s ]
SQL: SHOW COLUMNS FROM `song` [ RunTime:0.0039s ]
SQL: SELECT song.*, 
				(SELECT singername from singer a WHERE a.id = song.singerid)  as singername,
				(SELECT albumname from singeralbum b WHERE b.id = song.albumnid)  as albumname,
				(SELECT thumbnail from singeralbum b WHERE b.id = song.albumnid)  as thumbnail 
				FROM song WHERE filetype = 'mp3' OR filetype = 'm4a' ORDER BY RAND() LIMIT 1 [ RunTime:0.0160s ]
SQL: UPDATE song SET listentime = listentime + 1 WHERE id = 1704 [ RunTime:0.0016s ]
INFO: [ app_end ] --START--
INFO: Run Behavior\ShowPageTraceBehavior [ RunTime:0.000562s ]
INFO: [ app_end ] --END-- [ RunTime:0.000606s ]

[ 2017-07-23T22:22:21+08:00 ] 192.168.1.111 /apimusic/get_song_info?songid=1704
INFO: [ app_init ] --START--
INFO: Run Behavior\BuildLiteBehavior [ RunTime:0.000012s ]
INFO: [ app_init ] --END-- [ RunTime:0.000387s ]
INFO: [ app_begin ] --START--
INFO: Run Behavior\ReadHtmlCacheBehavior [ RunTime:0.000562s ]
INFO: [ app_begin ] --END-- [ RunTime:0.000601s ]
SQL: SHOW COLUMNS FROM `song` [ RunTime:0.0036s ]
SQL: SHOW COLUMNS FROM `song` [ RunTime:0.0036s ]
SQL: SELECT a.*,b.albumname,b.issueyear,c.singername FROM song a INNER JOIN singeralbum b ON b.id = a.albumnid INNER JOIN singer c ON c.id = a.singerid WHERE a.id = 1704 [ RunTime:0.0003s ]
SQL: UPDATE song SET listentime = listentime + 1 WHERE id = 1704 [ RunTime:0.0013s ]
SQL: SHOW COLUMNS FROM `singer` [ RunTime:0.0036s ]
SQL: SHOW COLUMNS FROM `singer` [ RunTime:0.0038s ]
SQL: SELECT * FROM `singer` WHERE ( id = 61 )  [ RunTime:0.0002s ]
SQL: SHOW COLUMNS FROM `songlistenrecord` [ RunTime:0.0036s ]
SQL: SHOW COLUMNS FROM `songlistenrecord` [ RunTime:0.0035s ]
SQL: INSERT INTO `songlistenrecord` (`songid`,`songname`,`singername`,`addtime`) VALUES ('1704','夜夜夜夜','齐秦','2017-07-23 22:22:21.000000') [ RunTime:0.0014s ]
INFO: [ app_end ] --START--
INFO: Run Behavior\ShowPageTraceBehavior [ RunTime:0.000471s ]
INFO: [ app_end ] --END-- [ RunTime:0.000503s ]

[ 2017-07-23T22:27:03+08:00 ] 192.168.1.111 /apimusic/get_song_random?callback=jQuery1111048138041662565323_1500818382120&_=1500818382129
INFO: [ app_init ] --START--
INFO: Run Behavior\BuildLiteBehavior [ RunTime:0.000009s ]
INFO: [ app_init ] --END-- [ RunTime:0.000409s ]
INFO: [ app_begin ] --START--
INFO: Run Behavior\ReadHtmlCacheBehavior [ RunTime:0.000532s ]
INFO: [ app_begin ] --END-- [ RunTime:0.000569s ]
NOTIC: [8] Undefined index: sid D:\www\phpweb\music.xingzhi.com\Common\Common\function.php 第 63 行.
SQL: SHOW COLUMNS FROM `song` [ RunTime:0.0043s ]
SQL: SHOW COLUMNS FROM `song` [ RunTime:0.0043s ]
SQL: SELECT song.*, 
				(SELECT singername from singer a WHERE a.id = song.singerid)  as singername,
				(SELECT albumname from singeralbum b WHERE b.id = song.albumnid)  as albumname,
				(SELECT thumbnail from singeralbum b WHERE b.id = song.albumnid)  as thumbnail 
				FROM song WHERE filetype = 'mp3' OR filetype = 'm4a' ORDER BY RAND() LIMIT 1 [ RunTime:0.0166s ]
SQL: UPDATE song SET listentime = listentime + 1 WHERE id = 1181 [ RunTime:0.0016s ]
INFO: [ app_end ] --START--
INFO: Run Behavior\ShowPageTraceBehavior [ RunTime:0.000837s ]
INFO: [ app_end ] --END-- [ RunTime:0.000898s ]

[ 2017-07-23T22:27:03+08:00 ] 192.168.1.111 /apimusic/get_song_info?songid=1181
INFO: [ app_init ] --START--
INFO: Run Behavior\BuildLiteBehavior [ RunTime:0.000014s ]
INFO: [ app_init ] --END-- [ RunTime:0.000397s ]
INFO: [ app_begin ] --START--
INFO: Run Behavior\ReadHtmlCacheBehavior [ RunTime:0.000481s ]
INFO: [ app_begin ] --END-- [ RunTime:0.000513s ]
SQL: SHOW COLUMNS FROM `song` [ RunTime:0.0040s ]
SQL: SHOW COLUMNS FROM `song` [ RunTime:0.0039s ]
SQL: SELECT a.*,b.albumname,b.issueyear,c.singername FROM song a INNER JOIN singeralbum b ON b.id = a.albumnid INNER JOIN singer c ON c.id = a.singerid WHERE a.id = 1181 [ RunTime:0.0004s ]
SQL: UPDATE song SET listentime = listentime + 1 WHERE id = 1181 [ RunTime:0.0014s ]
SQL: SHOW COLUMNS FROM `singer` [ RunTime:0.0037s ]
SQL: SHOW COLUMNS FROM `singer` [ RunTime:0.0037s ]
SQL: SELECT * FROM `singer` WHERE ( id = 18 )  [ RunTime:0.0002s ]
SQL: SHOW COLUMNS FROM `songlistenrecord` [ RunTime:0.0038s ]
SQL: SHOW COLUMNS FROM `songlistenrecord` [ RunTime:0.0039s ]
SQL: INSERT INTO `songlistenrecord` (`songid`,`songname`,`singername`,`addtime`) VALUES ('1181','爱要有你才完美','那英','2017-07-23 22:27:03.000000') [ RunTime:0.0041s ]
INFO: [ app_end ] --START--
INFO: Run Behavior\ShowPageTraceBehavior [ RunTime:0.000529s ]
INFO: [ app_end ] --END-- [ RunTime:0.000560s ]

[ 2017-07-23T22:27:03+08:00 ] 192.168.1.111 /apimusic/set_song_duration?callback=jQuery1111048138041662565323_1500818382120&sid=1181&tims=NaN&_=1500818382130
INFO: [ app_init ] --START--
INFO: Run Behavior\BuildLiteBehavior [ RunTime:0.000009s ]
INFO: [ app_init ] --END-- [ RunTime:0.000349s ]
INFO: [ app_begin ] --START--
INFO: Run Behavior\ReadHtmlCacheBehavior [ RunTime:0.000442s ]
INFO: [ app_begin ] --END-- [ RunTime:0.000475s ]
SQL: SHOW COLUMNS FROM `song` [ RunTime:0.0043s ]
SQL: SHOW COLUMNS FROM `song` [ RunTime:0.0039s ]
ERR: SQLSTATE[42S22]: Column not found: 1054 Unknown column 'NaN' in 'field list'

[ 2017-07-23T22:32:01+08:00 ] 192.168.1.111 /apimusic/get_song_random?callback=jQuery1111048138041662565323_1500818382131&_=1500818382132
INFO: [ app_init ] --START--
INFO: Run Behavior\BuildLiteBehavior [ RunTime:0.000009s ]
INFO: [ app_init ] --END-- [ RunTime:0.000445s ]
INFO: [ app_begin ] --START--
INFO: Run Behavior\ReadHtmlCacheBehavior [ RunTime:0.000548s ]
INFO: [ app_begin ] --END-- [ RunTime:0.000583s ]
NOTIC: [8] Undefined index: sid D:\www\phpweb\music.xingzhi.com\Common\Common\function.php 第 63 行.
SQL: SHOW COLUMNS FROM `song` [ RunTime:0.0056s ]
SQL: SHOW COLUMNS FROM `song` [ RunTime:0.0040s ]
SQL: SELECT song.*, 
				(SELECT singername from singer a WHERE a.id = song.singerid)  as singername,
				(SELECT albumname from singeralbum b WHERE b.id = song.albumnid)  as albumname,
				(SELECT thumbnail from singeralbum b WHERE b.id = song.albumnid)  as thumbnail 
				FROM song WHERE filetype = 'mp3' OR filetype = 'm4a' ORDER BY RAND() LIMIT 1 [ RunTime:0.0171s ]
SQL: UPDATE song SET listentime = listentime + 1 WHERE id = 42 [ RunTime:0.0016s ]
INFO: [ app_end ] --START--
INFO: Run Behavior\ShowPageTraceBehavior [ RunTime:0.000615s ]
INFO: [ app_end ] --END-- [ RunTime:0.000648s ]

[ 2017-07-23T22:32:01+08:00 ] 192.168.1.111 /apimusic/get_song_info?songid=42
INFO: [ app_init ] --START--
INFO: Run Behavior\BuildLiteBehavior [ RunTime:0.000010s ]
INFO: [ app_init ] --END-- [ RunTime:0.000345s ]
INFO: [ app_begin ] --START--
INFO: Run Behavior\ReadHtmlCacheBehavior [ RunTime:0.000417s ]
INFO: [ app_begin ] --END-- [ RunTime:0.000450s ]
SQL: SHOW COLUMNS FROM `song` [ RunTime:0.0041s ]
SQL: SHOW COLUMNS FROM `song` [ RunTime:0.0036s ]
SQL: SELECT a.*,b.albumname,b.issueyear,c.singername FROM song a INNER JOIN singeralbum b ON b.id = a.albumnid INNER JOIN singer c ON c.id = a.singerid WHERE a.id = 42 [ RunTime:0.0003s ]
SQL: UPDATE song SET listentime = listentime + 1 WHERE id = 42 [ RunTime:0.0012s ]
SQL: SHOW COLUMNS FROM `singer` [ RunTime:0.0036s ]
SQL: SHOW COLUMNS FROM `singer` [ RunTime:0.0037s ]
SQL: SELECT * FROM `singer` WHERE ( id = 5 )  [ RunTime:0.0002s ]
SQL: SHOW COLUMNS FROM `songlistenrecord` [ RunTime:0.0035s ]
SQL: SHOW COLUMNS FROM `songlistenrecord` [ RunTime:0.0036s ]
SQL: INSERT INTO `songlistenrecord` (`songid`,`songname`,`singername`,`addtime`) VALUES ('42','偷心','张学友','2017-07-23 22:32:01.000000') [ RunTime:0.0014s ]
INFO: [ app_end ] --START--
INFO: Run Behavior\ShowPageTraceBehavior [ RunTime:0.000538s ]
INFO: [ app_end ] --END-- [ RunTime:0.000570s ]

[ 2017-07-23T22:36:26+08:00 ] 192.168.1.111 /apimusic/get_song_random?callback=jQuery1111048138041662565323_1500818382131&_=1500818382133
INFO: [ app_init ] --START--
INFO: Run Behavior\BuildLiteBehavior [ RunTime:0.000017s ]
INFO: [ app_init ] --END-- [ RunTime:0.000718s ]
INFO: [ app_begin ] --START--
INFO: Run Behavior\ReadHtmlCacheBehavior [ RunTime:0.000915s ]
INFO: [ app_begin ] --END-- [ RunTime:0.000982s ]
NOTIC: [8] Undefined index: sid D:\www\phpweb\music.xingzhi.com\Common\Common\function.php 第 63 行.
SQL: SHOW COLUMNS FROM `song` [ RunTime:0.0080s ]
SQL: SHOW COLUMNS FROM `song` [ RunTime:0.0066s ]
SQL: SELECT song.*, 
				(SELECT singername from singer a WHERE a.id = song.singerid)  as singername,
				(SELECT albumname from singeralbum b WHERE b.id = song.albumnid)  as albumname,
				(SELECT thumbnail from singeralbum b WHERE b.id = song.albumnid)  as thumbnail 
				FROM song WHERE filetype = 'mp3' OR filetype = 'm4a' ORDER BY RAND() LIMIT 1 [ RunTime:0.0237s ]
SQL: UPDATE song SET listentime = listentime + 1 WHERE id = 1180 [ RunTime:0.0017s ]
INFO: [ app_end ] --START--
INFO: Run Behavior\ShowPageTraceBehavior [ RunTime:0.000624s ]
INFO: [ app_end ] --END-- [ RunTime:0.000661s ]

[ 2017-07-23T22:36:26+08:00 ] 192.168.1.111 /apimusic/get_song_info?songid=1180
INFO: [ app_init ] --START--
INFO: Run Behavior\BuildLiteBehavior [ RunTime:0.000009s ]
INFO: [ app_init ] --END-- [ RunTime:0.000415s ]
INFO: [ app_begin ] --START--
INFO: Run Behavior\ReadHtmlCacheBehavior [ RunTime:0.000449s ]
INFO: [ app_begin ] --END-- [ RunTime:0.000500s ]
SQL: SHOW COLUMNS FROM `song` [ RunTime:0.0042s ]
SQL: SHOW COLUMNS FROM `song` [ RunTime:0.0040s ]
SQL: SELECT a.*,b.albumname,b.issueyear,c.singername FROM song a INNER JOIN singeralbum b ON b.id = a.albumnid INNER JOIN singer c ON c.id = a.singerid WHERE a.id = 1180 [ RunTime:0.0003s ]
SQL: UPDATE song SET listentime = listentime + 1 WHERE id = 1180 [ RunTime:0.0014s ]
SQL: SHOW COLUMNS FROM `singer` [ RunTime:0.0040s ]
SQL: SHOW COLUMNS FROM `singer` [ RunTime:0.0034s ]
SQL: SELECT * FROM `singer` WHERE ( id = 18 )  [ RunTime:0.0002s ]
SQL: SHOW COLUMNS FROM `songlistenrecord` [ RunTime:0.0037s ]
SQL: SHOW COLUMNS FROM `songlistenrecord` [ RunTime:0.0040s ]
SQL: INSERT INTO `songlistenrecord` (`songid`,`songname`,`singername`,`addtime`) VALUES ('1180','什么态度','那英','2017-07-23 22:36:26.000000') [ RunTime:0.0016s ]
INFO: [ app_end ] --START--
INFO: Run Behavior\ShowPageTraceBehavior [ RunTime:0.000541s ]
INFO: [ app_end ] --END-- [ RunTime:0.000576s ]

[ 2017-07-23T22:40:44+08:00 ] 192.168.1.111 /apimusic/get_song_random?callback=jQuery1111048138041662565323_1500818382131&_=1500818382134
INFO: [ app_init ] --START--
INFO: Run Behavior\BuildLiteBehavior [ RunTime:0.000013s ]
INFO: [ app_init ] --END-- [ RunTime:0.000527s ]
INFO: [ app_begin ] --START--
INFO: Run Behavior\ReadHtmlCacheBehavior [ RunTime:0.000627s ]
INFO: [ app_begin ] --END-- [ RunTime:0.000674s ]
NOTIC: [8] Undefined index: sid D:\www\phpweb\music.xingzhi.com\Common\Common\function.php 第 63 行.
SQL: SHOW COLUMNS FROM `song` [ RunTime:0.0063s ]
SQL: SHOW COLUMNS FROM `song` [ RunTime:0.0046s ]
SQL: SELECT song.*, 
				(SELECT singername from singer a WHERE a.id = song.singerid)  as singername,
				(SELECT albumname from singeralbum b WHERE b.id = song.albumnid)  as albumname,
				(SELECT thumbnail from singeralbum b WHERE b.id = song.albumnid)  as thumbnail 
				FROM song WHERE filetype = 'mp3' OR filetype = 'm4a' ORDER BY RAND() LIMIT 1 [ RunTime:0.0194s ]
SQL: UPDATE song SET listentime = listentime + 1 WHERE id = 1451 [ RunTime:0.0014s ]
INFO: [ app_end ] --START--
INFO: Run Behavior\ShowPageTraceBehavior [ RunTime:0.000765s ]
INFO: [ app_end ] --END-- [ RunTime:0.000812s ]

[ 2017-07-23T22:40:44+08:00 ] 192.168.1.111 /apimusic/get_song_info?songid=1451
INFO: [ app_init ] --START--
INFO: Run Behavior\BuildLiteBehavior [ RunTime:0.000010s ]
INFO: [ app_init ] --END-- [ RunTime:0.000403s ]
INFO: [ app_begin ] --START--
INFO: Run Behavior\ReadHtmlCacheBehavior [ RunTime:0.000467s ]
INFO: [ app_begin ] --END-- [ RunTime:0.000499s ]
SQL: SHOW COLUMNS FROM `song` [ RunTime:0.0041s ]
SQL: SHOW COLUMNS FROM `song` [ RunTime:0.0038s ]
SQL: SELECT a.*,b.albumname,b.issueyear,c.singername FROM song a INNER JOIN singeralbum b ON b.id = a.albumnid INNER JOIN singer c ON c.id = a.singerid WHERE a.id = 1451 [ RunTime:0.0004s ]
SQL: UPDATE song SET listentime = listentime + 1 WHERE id = 1451 [ RunTime:0.0014s ]
SQL: SHOW COLUMNS FROM `singer` [ RunTime:0.0038s ]
SQL: SHOW COLUMNS FROM `singer` [ RunTime:0.0035s ]
SQL: SELECT * FROM `singer` WHERE ( id = 10 )  [ RunTime:0.0002s ]
SQL: SHOW COLUMNS FROM `songlistenrecord` [ RunTime:0.0037s ]
SQL: SHOW COLUMNS FROM `songlistenrecord` [ RunTime:0.0036s ]
SQL: INSERT INTO `songlistenrecord` (`songid`,`songname`,`singername`,`addtime`) VALUES ('1451','笑看情字也太难','邰正宵','2017-07-23 22:40:44.000000') [ RunTime:0.0014s ]
INFO: [ app_end ] --START--
INFO: Run Behavior\ShowPageTraceBehavior [ RunTime:0.000551s ]
INFO: [ app_end ] --END-- [ RunTime:0.000582s ]

[ 2017-07-23T22:44:58+08:00 ] 192.168.1.111 /apimusic/get_song_random?callback=jQuery1111048138041662565323_1500818382131&_=1500818382135
INFO: [ app_init ] --START--
INFO: Run Behavior\BuildLiteBehavior [ RunTime:0.000018s ]
INFO: [ app_init ] --END-- [ RunTime:0.000676s ]
INFO: [ app_begin ] --START--
INFO: Run Behavior\ReadHtmlCacheBehavior [ RunTime:0.000866s ]
INFO: [ app_begin ] --END-- [ RunTime:0.000936s ]
NOTIC: [8] Undefined index: sid D:\www\phpweb\music.xingzhi.com\Common\Common\function.php 第 63 行.
SQL: SHOW COLUMNS FROM `song` [ RunTime:0.0066s ]
SQL: SHOW COLUMNS FROM `song` [ RunTime:0.0043s ]
SQL: SELECT song.*, 
				(SELECT singername from singer a WHERE a.id = song.singerid)  as singername,
				(SELECT albumname from singeralbum b WHERE b.id = song.albumnid)  as albumname,
				(SELECT thumbnail from singeralbum b WHERE b.id = song.albumnid)  as thumbnail 
				FROM song WHERE filetype = 'mp3' OR filetype = 'm4a' ORDER BY RAND() LIMIT 1 [ RunTime:0.0164s ]
SQL: UPDATE song SET listentime = listentime + 1 WHERE id = 72 [ RunTime:0.0016s ]
INFO: [ app_end ] --START--
INFO: Run Behavior\ShowPageTraceBehavior [ RunTime:0.000629s ]
INFO: [ app_end ] --END-- [ RunTime:0.000674s ]

[ 2017-07-23T22:44:58+08:00 ] 192.168.1.111 /apimusic/get_song_info?songid=72
INFO: [ app_init ] --START--
INFO: Run Behavior\BuildLiteBehavior [ RunTime:0.000009s ]
INFO: [ app_init ] --END-- [ RunTime:0.000388s ]
INFO: [ app_begin ] --START--
INFO: Run Behavior\ReadHtmlCacheBehavior [ RunTime:0.000470s ]
INFO: [ app_begin ] --END-- [ RunTime:0.000503s ]
SQL: SHOW COLUMNS FROM `song` [ RunTime:0.0042s ]
SQL: SHOW COLUMNS FROM `song` [ RunTime:0.0042s ]
SQL: SELECT a.*,b.albumname,b.issueyear,c.singername FROM song a INNER JOIN singeralbum b ON b.id = a.albumnid INNER JOIN singer c ON c.id = a.singerid WHERE a.id = 72 [ RunTime:0.0005s ]
SQL: UPDATE song SET listentime = listentime + 1 WHERE id = 72 [ RunTime:0.0014s ]
SQL: SHOW COLUMNS FROM `singer` [ RunTime:0.0036s ]
SQL: SHOW COLUMNS FROM `singer` [ RunTime:0.0034s ]
SQL: SELECT * FROM `singer` WHERE ( id = 5 )  [ RunTime:0.0002s ]
SQL: SHOW COLUMNS FROM `songlistenrecord` [ RunTime:0.0039s ]
SQL: SHOW COLUMNS FROM `songlistenrecord` [ RunTime:0.0038s ]
SQL: INSERT INTO `songlistenrecord` (`songid`,`songname`,`singername`,`addtime`) VALUES ('72','信念','张学友','2017-07-23 22:44:58.000000') [ RunTime:0.0016s ]
INFO: [ app_end ] --START--
INFO: Run Behavior\ShowPageTraceBehavior [ RunTime:0.000516s ]
INFO: [ app_end ] --END-- [ RunTime:0.000550s ]

[ 2017-07-23T22:48:41+08:00 ] 192.168.1.111 /apimusic/get_song_random?callback=jQuery1111048138041662565323_1500818382131&_=1500818382136
INFO: [ app_init ] --START--
INFO: Run Behavior\BuildLiteBehavior [ RunTime:0.000014s ]
INFO: [ app_init ] --END-- [ RunTime:0.000528s ]
INFO: [ app_begin ] --START--
INFO: Run Behavior\ReadHtmlCacheBehavior [ RunTime:0.000671s ]
INFO: [ app_begin ] --END-- [ RunTime:0.000720s ]
NOTIC: [8] Undefined index: sid D:\www\phpweb\music.xingzhi.com\Common\Common\function.php 第 63 行.
SQL: SHOW COLUMNS FROM `song` [ RunTime:0.0045s ]
SQL: SHOW COLUMNS FROM `song` [ RunTime:0.0041s ]
SQL: SELECT song.*, 
				(SELECT singername from singer a WHERE a.id = song.singerid)  as singername,
				(SELECT albumname from singeralbum b WHERE b.id = song.albumnid)  as albumname,
				(SELECT thumbnail from singeralbum b WHERE b.id = song.albumnid)  as thumbnail 
				FROM song WHERE filetype = 'mp3' OR filetype = 'm4a' ORDER BY RAND() LIMIT 1 [ RunTime:0.0182s ]
SQL: UPDATE song SET listentime = listentime + 1 WHERE id = 71 [ RunTime:0.0015s ]
INFO: [ app_end ] --START--
INFO: Run Behavior\ShowPageTraceBehavior [ RunTime:0.000629s ]
INFO: [ app_end ] --END-- [ RunTime:0.000664s ]

[ 2017-07-23T22:48:41+08:00 ] 192.168.1.111 /apimusic/get_song_info?songid=71
INFO: [ app_init ] --START--
INFO: Run Behavior\BuildLiteBehavior [ RunTime:0.000014s ]
INFO: [ app_init ] --END-- [ RunTime:0.000387s ]
INFO: [ app_begin ] --START--
INFO: Run Behavior\ReadHtmlCacheBehavior [ RunTime:0.000461s ]
INFO: [ app_begin ] --END-- [ RunTime:0.000496s ]
SQL: SHOW COLUMNS FROM `song` [ RunTime:0.0049s ]
SQL: SHOW COLUMNS FROM `song` [ RunTime:0.0039s ]
SQL: SELECT a.*,b.albumname,b.issueyear,c.singername FROM song a INNER JOIN singeralbum b ON b.id = a.albumnid INNER JOIN singer c ON c.id = a.singerid WHERE a.id = 71 [ RunTime:0.0003s ]
SQL: UPDATE song SET listentime = listentime + 1 WHERE id = 71 [ RunTime:0.0012s ]
SQL: SHOW COLUMNS FROM `singer` [ RunTime:0.0040s ]
SQL: SHOW COLUMNS FROM `singer` [ RunTime:0.0038s ]
SQL: SELECT * FROM `singer` WHERE ( id = 5 )  [ RunTime:0.0002s ]
SQL: SHOW COLUMNS FROM `songlistenrecord` [ RunTime:0.0040s ]
SQL: SHOW COLUMNS FROM `songlistenrecord` [ RunTime:0.0040s ]
SQL: INSERT INTO `songlistenrecord` (`songid`,`songname`,`singername`,`addtime`) VALUES ('71','夕阳醉了','张学友','2017-07-23 22:48:41.000000') [ RunTime:0.0015s ]
INFO: [ app_end ] --START--
INFO: Run Behavior\ShowPageTraceBehavior [ RunTime:0.000496s ]
INFO: [ app_end ] --END-- [ RunTime:0.000531s ]

[ 2017-07-23T22:53:49+08:00 ] 192.168.1.111 /apimusic/get_song_random?callback=jQuery1111048138041662565323_1500818382131&_=1500818382137
INFO: [ app_init ] --START--
INFO: Run Behavior\BuildLiteBehavior [ RunTime:0.000019s ]
INFO: [ app_init ] --END-- [ RunTime:0.000761s ]
INFO: [ app_begin ] --START--
INFO: Run Behavior\ReadHtmlCacheBehavior [ RunTime:0.001210s ]
INFO: [ app_begin ] --END-- [ RunTime:0.001333s ]
NOTIC: [8] Undefined index: sid D:\www\phpweb\music.xingzhi.com\Common\Common\function.php 第 63 行.
SQL: SHOW COLUMNS FROM `song` [ RunTime:0.0043s ]
SQL: SHOW COLUMNS FROM `song` [ RunTime:0.0039s ]
SQL: SELECT song.*, 
				(SELECT singername from singer a WHERE a.id = song.singerid)  as singername,
				(SELECT albumname from singeralbum b WHERE b.id = song.albumnid)  as albumname,
				(SELECT thumbnail from singeralbum b WHERE b.id = song.albumnid)  as thumbnail 
				FROM song WHERE filetype = 'mp3' OR filetype = 'm4a' ORDER BY RAND() LIMIT 1 [ RunTime:0.0174s ]
SQL: UPDATE song SET listentime = listentime + 1 WHERE id = 1859 [ RunTime:0.0017s ]
INFO: [ app_end ] --START--
INFO: Run Behavior\ShowPageTraceBehavior [ RunTime:0.000668s ]
INFO: [ app_end ] --END-- [ RunTime:0.000704s ]

[ 2017-07-23T22:53:49+08:00 ] 192.168.1.111 /apimusic/get_song_info?songid=1859
INFO: [ app_init ] --START--
INFO: Run Behavior\BuildLiteBehavior [ RunTime:0.000012s ]
INFO: [ app_init ] --END-- [ RunTime:0.000414s ]
INFO: [ app_begin ] --START--
INFO: Run Behavior\ReadHtmlCacheBehavior [ RunTime:0.000443s ]
INFO: [ app_begin ] --END-- [ RunTime:0.000478s ]
SQL: SHOW COLUMNS FROM `song` [ RunTime:0.0042s ]
SQL: SHOW COLUMNS FROM `song` [ RunTime:0.0039s ]
SQL: SELECT a.*,b.albumname,b.issueyear,c.singername FROM song a INNER JOIN singeralbum b ON b.id = a.albumnid INNER JOIN singer c ON c.id = a.singerid WHERE a.id = 1859 [ RunTime:0.0003s ]
SQL: UPDATE song SET listentime = listentime + 1 WHERE id = 1859 [ RunTime:0.0014s ]
SQL: SHOW COLUMNS FROM `singer` [ RunTime:0.0040s ]
SQL: SHOW COLUMNS FROM `singer` [ RunTime:0.0037s ]
SQL: SELECT * FROM `singer` WHERE ( id = 63 )  [ RunTime:0.0002s ]
SQL: SHOW COLUMNS FROM `songlistenrecord` [ RunTime:0.0039s ]
SQL: SHOW COLUMNS FROM `songlistenrecord` [ RunTime:0.0037s ]
SQL: INSERT INTO `songlistenrecord` (`songid`,`songname`,`singername`,`addtime`) VALUES ('1859','夏天的浪花','张惠妹','2017-07-23 22:53:49.000000') [ RunTime:0.0014s ]
INFO: [ app_end ] --START--
INFO: Run Behavior\ShowPageTraceBehavior [ RunTime:0.000555s ]
INFO: [ app_end ] --END-- [ RunTime:0.000592s ]

[ 2017-07-23T22:57:59+08:00 ] 192.168.1.111 /apimusic/get_song_random?callback=jQuery1111048138041662565323_1500818382131&_=1500818382138
INFO: [ app_init ] --START--
INFO: Run Behavior\BuildLiteBehavior [ RunTime:0.000018s ]
INFO: [ app_init ] --END-- [ RunTime:0.000704s ]
INFO: [ app_begin ] --START--
INFO: Run Behavior\ReadHtmlCacheBehavior [ RunTime:0.000980s ]
INFO: [ app_begin ] --END-- [ RunTime:0.001064s ]
NOTIC: [8] Undefined index: sid D:\www\phpweb\music.xingzhi.com\Common\Common\function.php 第 63 行.
SQL: SHOW COLUMNS FROM `song` [ RunTime:0.0075s ]
SQL: SHOW COLUMNS FROM `song` [ RunTime:0.0068s ]
SQL: SELECT song.*, 
				(SELECT singername from singer a WHERE a.id = song.singerid)  as singername,
				(SELECT albumname from singeralbum b WHERE b.id = song.albumnid)  as albumname,
				(SELECT thumbnail from singeralbum b WHERE b.id = song.albumnid)  as thumbnail 
				FROM song WHERE filetype = 'mp3' OR filetype = 'm4a' ORDER BY RAND() LIMIT 1 [ RunTime:0.0231s ]
SQL: UPDATE song SET listentime = listentime + 1 WHERE id = 1516 [ RunTime:0.0017s ]
INFO: [ app_end ] --START--
INFO: Run Behavior\ShowPageTraceBehavior [ RunTime:0.000612s ]
INFO: [ app_end ] --END-- [ RunTime:0.000644s ]

[ 2017-07-23T22:57:59+08:00 ] 192.168.1.111 /apimusic/get_song_info?songid=1516
INFO: [ app_init ] --START--
INFO: Run Behavior\BuildLiteBehavior [ RunTime:0.000009s ]
INFO: [ app_init ] --END-- [ RunTime:0.000339s ]
INFO: [ app_begin ] --START--
INFO: Run Behavior\ReadHtmlCacheBehavior [ RunTime:0.000422s ]
INFO: [ app_begin ] --END-- [ RunTime:0.000454s ]
SQL: SHOW COLUMNS FROM `song` [ RunTime:0.0047s ]
SQL: SHOW COLUMNS FROM `song` [ RunTime:0.0040s ]
SQL: SELECT a.*,b.albumname,b.issueyear,c.singername FROM song a INNER JOIN singeralbum b ON b.id = a.albumnid INNER JOIN singer c ON c.id = a.singerid WHERE a.id = 1516 [ RunTime:0.0003s ]
SQL: UPDATE song SET listentime = listentime + 1 WHERE id = 1516 [ RunTime:0.0011s ]
SQL: SHOW COLUMNS FROM `singer` [ RunTime:0.0039s ]
SQL: SHOW COLUMNS FROM `singer` [ RunTime:0.0034s ]
SQL: SELECT * FROM `singer` WHERE ( id = 54 )  [ RunTime:0.0002s ]
SQL: SHOW COLUMNS FROM `songlistenrecord` [ RunTime:0.0036s ]
SQL: SHOW COLUMNS FROM `songlistenrecord` [ RunTime:0.0035s ]
SQL: INSERT INTO `songlistenrecord` (`songid`,`songname`,`singername`,`addtime`) VALUES ('1516','方方','吕方','2017-07-23 22:57:59.000000') [ RunTime:0.0016s ]
INFO: [ app_end ] --START--
INFO: Run Behavior\ShowPageTraceBehavior [ RunTime:0.000438s ]
INFO: [ app_end ] --END-- [ RunTime:0.000469s ]

[ 2017-07-23T23:01:50+08:00 ] 192.168.1.111 /apimusic/get_song_random?callback=jQuery1111048138041662565323_1500818382131&_=1500818382139
INFO: [ app_init ] --START--
INFO: Run Behavior\BuildLiteBehavior [ RunTime:0.000011s ]
INFO: [ app_init ] --END-- [ RunTime:0.000418s ]
INFO: [ app_begin ] --START--
INFO: Run Behavior\ReadHtmlCacheBehavior [ RunTime:0.000560s ]
INFO: [ app_begin ] --END-- [ RunTime:0.000608s ]
NOTIC: [8] Undefined index: sid D:\www\phpweb\music.xingzhi.com\Common\Common\function.php 第 63 行.
SQL: SHOW COLUMNS FROM `song` [ RunTime:0.0046s ]
SQL: SHOW COLUMNS FROM `song` [ RunTime:0.0045s ]
SQL: SELECT song.*, 
				(SELECT singername from singer a WHERE a.id = song.singerid)  as singername,
				(SELECT albumname from singeralbum b WHERE b.id = song.albumnid)  as albumname,
				(SELECT thumbnail from singeralbum b WHERE b.id = song.albumnid)  as thumbnail 
				FROM song WHERE filetype = 'mp3' OR filetype = 'm4a' ORDER BY RAND() LIMIT 1 [ RunTime:0.0180s ]
SQL: UPDATE song SET listentime = listentime + 1 WHERE id = 1510 [ RunTime:0.0017s ]
INFO: [ app_end ] --START--
INFO: Run Behavior\ShowPageTraceBehavior [ RunTime:0.000670s ]
INFO: [ app_end ] --END-- [ RunTime:0.000705s ]

[ 2017-07-23T23:01:50+08:00 ] 192.168.1.111 /apimusic/get_song_info?songid=1510
INFO: [ app_init ] --START--
INFO: Run Behavior\BuildLiteBehavior [ RunTime:0.000017s ]
INFO: [ app_init ] --END-- [ RunTime:0.000674s ]
INFO: [ app_begin ] --START--
INFO: Run Behavior\ReadHtmlCacheBehavior [ RunTime:0.000719s ]
INFO: [ app_begin ] --END-- [ RunTime:0.000766s ]
SQL: SHOW COLUMNS FROM `song` [ RunTime:0.0049s ]
SQL: SHOW COLUMNS FROM `song` [ RunTime:0.0051s ]
SQL: SELECT a.*,b.albumname,b.issueyear,c.singername FROM song a INNER JOIN singeralbum b ON b.id = a.albumnid INNER JOIN singer c ON c.id = a.singerid WHERE a.id = 1510 [ RunTime:0.0004s ]
SQL: UPDATE song SET listentime = listentime + 1 WHERE id = 1510 [ RunTime:0.0014s ]
SQL: SHOW COLUMNS FROM `singer` [ RunTime:0.0040s ]
SQL: SHOW COLUMNS FROM `singer` [ RunTime:0.0042s ]
SQL: SELECT * FROM `singer` WHERE ( id = 53 )  [ RunTime:0.0003s ]
SQL: SHOW COLUMNS FROM `songlistenrecord` [ RunTime:0.0047s ]
SQL: SHOW COLUMNS FROM `songlistenrecord` [ RunTime:0.0042s ]
SQL: INSERT INTO `songlistenrecord` (`songid`,`songname`,`singername`,`addtime`) VALUES ('1510','爱已成习惯','任贤齐','2017-07-23 23:01:50.000000') [ RunTime:0.0016s ]
INFO: [ app_end ] --START--
INFO: Run Behavior\ShowPageTraceBehavior [ RunTime:0.000568s ]
INFO: [ app_end ] --END-- [ RunTime:0.000610s ]

