[ 2017-10-13T22:52:37+08:00 ] 127.0.0.1 /
INFO: [ app_init ] --START--
INFO: Run Behavior\BuildLiteBehavior [ RunTime:0.000014s ]
INFO: [ app_init ] --END-- [ RunTime:0.000744s ]
INFO: [ app_begin ] --START--
INFO: Run Behavior\ReadHtmlCacheBehavior [ RunTime:0.000973s ]
INFO: [ app_begin ] --END-- [ RunTime:0.001014s ]
SQL: SHOW COLUMNS FROM `song` [ RunTime:0.0046s ]
SQL: SHOW COLUMNS FROM `song` [ RunTime:0.0039s ]
SQL: SELECT COUNT(0) AS 'total' FROM song [ RunTime:0.0009s ]
INFO: [ view_parse ] --START--
INFO: [ template_filter ] --START--
INFO: Run Behavior\ContentReplaceBehavior [ RunTime:0.000071s ]
INFO: [ template_filter ] --END-- [ RunTime:0.000130s ]
INFO: Run Behavior\ParseTemplateBehavior [ RunTime:0.044785s ]
INFO: [ view_parse ] --END-- [ RunTime:0.044823s ]
INFO: [ view_filter ] --START--
INFO: Run Behavior\WriteHtmlCacheBehavior [ RunTime:0.000698s ]
INFO: [ view_filter ] --END-- [ RunTime:0.000726s ]
INFO: [ app_end ] --START--
INFO: Run Behavior\ShowPageTraceBehavior [ RunTime:0.008458s ]
INFO: [ app_end ] --END-- [ RunTime:0.008491s ]

[ 2017-10-13T22:52:37+08:00 ] 127.0.0.1 /apimusic/get_byword?callback=jQuery110205943348103062853_1507906357814&index=0&rows=15&_=1507906357815
INFO: [ app_init ] --START--
INFO: Run Behavior\BuildLiteBehavior [ RunTime:0.000016s ]
INFO: [ app_init ] --END-- [ RunTime:0.000434s ]
INFO: [ app_begin ] --START--
INFO: Run Behavior\ReadHtmlCacheBehavior [ RunTime:0.000722s ]
INFO: [ app_begin ] --END-- [ RunTime:0.000765s ]
SQL: SHOW COLUMNS FROM `song` [ RunTime:0.0034s ]
SQL: SHOW COLUMNS FROM `song` [ RunTime:0.0029s ]
SQL: SELECT byword, COUNT(0) as total FROM song WHERE byword != '' GROUP BY byword ORDER BY total DESC LIMIT 0, 15 [ RunTime:0.0027s ]
INFO: [ app_end ] --START--
INFO: Run Behavior\ShowPageTraceBehavior [ RunTime:0.000744s ]
INFO: [ app_end ] --END-- [ RunTime:0.000781s ]

[ 2017-10-13T22:52:37+08:00 ] 127.0.0.1 /apimusic/get_record_song?callback=jQuery110205943348103062853_1507906357812&index=0&rows=15&_=1507906357813
INFO: [ app_init ] --START--
INFO: Run Behavior\BuildLiteBehavior [ RunTime:0.000011s ]
INFO: [ app_init ] --END-- [ RunTime:0.000466s ]
INFO: [ app_begin ] --START--
INFO: Run Behavior\ReadHtmlCacheBehavior [ RunTime:0.000720s ]
INFO: [ app_begin ] --END-- [ RunTime:0.000762s ]
SQL: SHOW COLUMNS FROM `song` [ RunTime:0.0033s ]
INFO: [ app_end ] --START--
INFO: Run Behavior\ShowPageTraceBehavior [ RunTime:0.000730s ]
INFO: [ app_end ] --END-- [ RunTime:0.000796s ]

[ 2017-10-13T22:52:37+08:00 ] 127.0.0.1 /apimusic/get_new_song?callback=jQuery110205943348103062853_1507906357810&index=0&rows=15&_=1507906357811
INFO: [ app_init ] --START--
INFO: Run Behavior\BuildLiteBehavior [ RunTime:0.000013s ]
INFO: [ app_init ] --END-- [ RunTime:0.000506s ]
INFO: [ app_begin ] --START--
INFO: Run Behavior\ReadHtmlCacheBehavior [ RunTime:0.000818s ]
INFO: [ app_begin ] --END-- [ RunTime:0.000858s ]
SQL: SHOW COLUMNS FROM `song` [ RunTime:0.0036s ]
SQL: SHOW COLUMNS FROM `song` [ RunTime:0.0034s ]
SQL: select b.singername, a.* from song a INNER JOIN singer b ON b.id = a.singerid ORDER BY a.id DESC LIMIT 0, 15 [ RunTime:0.0006s ]
INFO: [ app_end ] --START--
INFO: Run Behavior\ShowPageTraceBehavior [ RunTime:0.000963s ]
INFO: [ app_end ] --END-- [ RunTime:0.001017s ]

[ 2017-10-13T22:52:38+08:00 ] 127.0.0.1 /apimusic/get_hot_song?callback=jQuery110205943348103062853_1507906357808&index=0&rows=15&_=1507906357809
INFO: [ app_init ] --START--
INFO: Run Behavior\BuildLiteBehavior [ RunTime:0.000010s ]
INFO: [ app_init ] --END-- [ RunTime:0.000366s ]
INFO: [ app_begin ] --START--
INFO: Run Behavior\ReadHtmlCacheBehavior [ RunTime:0.000611s ]
INFO: [ app_begin ] --END-- [ RunTime:0.000646s ]
INFO: [ app_end ] --START--
INFO: Run Behavior\ShowPageTraceBehavior [ RunTime:0.000726s ]
INFO: [ app_end ] --END-- [ RunTime:0.000781s ]

[ 2017-10-13T22:52:39+08:00 ] 127.0.0.1 /music/song
INFO: [ app_init ] --START--
INFO: Run Behavior\BuildLiteBehavior [ RunTime:0.000012s ]
INFO: [ app_init ] --END-- [ RunTime:0.000470s ]
INFO: [ app_begin ] --START--
INFO: Run Behavior\ReadHtmlCacheBehavior [ RunTime:0.000826s ]
INFO: [ app_begin ] --END-- [ RunTime:0.000865s ]
NOTIC: [8] Undefined index: sid D:\www\phpweb\music.xingzhi.com\Common\Common\function.php 第 63 行.
INFO: [ view_parse ] --START--
INFO: [ template_filter ] --START--
INFO: Run Behavior\ContentReplaceBehavior [ RunTime:0.000196s ]
INFO: [ template_filter ] --END-- [ RunTime:0.000334s ]
NOTIC: [8] Undefined variable: songurl D:\www\phpweb\music.xingzhi.com\MusicSite\Runtime\Cache\Home\8b5c046d47b69012df43b9b33a3fd750.php 第 38 行.
INFO: Run Behavior\ParseTemplateBehavior [ RunTime:0.036764s ]
INFO: [ view_parse ] --END-- [ RunTime:0.036856s ]
INFO: [ view_filter ] --START--
INFO: Run Behavior\WriteHtmlCacheBehavior [ RunTime:0.001886s ]
INFO: [ view_filter ] --END-- [ RunTime:0.001998s ]
INFO: [ app_end ] --START--
INFO: Run Behavior\ShowPageTraceBehavior [ RunTime:0.002615s ]
INFO: [ app_end ] --END-- [ RunTime:0.002857s ]

[ 2017-10-13T22:52:39+08:00 ] 127.0.0.1 /apimusic/get_song_random?callback=jQuery111108748784366328328_1507906359464&sid=&songtype=1&_=1507906359465
INFO: [ app_init ] --START--
INFO: Run Behavior\BuildLiteBehavior [ RunTime:0.000011s ]
INFO: [ app_init ] --END-- [ RunTime:0.000406s ]
INFO: [ app_begin ] --START--
INFO: Run Behavior\ReadHtmlCacheBehavior [ RunTime:0.000628s ]
INFO: [ app_begin ] --END-- [ RunTime:0.000664s ]
SQL: SHOW COLUMNS FROM `song` [ RunTime:0.0038s ]
SQL: SHOW COLUMNS FROM `song` [ RunTime:0.0043s ]
SQL: SELECT song.*, 
				(SELECT singername from singer a WHERE a.id = song.singerid)  as singername,
				(SELECT albumname from singeralbum b WHERE b.id = song.albumnid)  as albumname,
				(SELECT thumbnail from singeralbum b WHERE b.id = song.albumnid)  as thumbnail 
				FROM song WHERE (filetype = 'mp3' OR filetype = 'm4a') AND songtype = 1 ORDER BY RAND() LIMIT 1 [ RunTime:0.0249s ]
SQL: UPDATE song SET listentime = listentime + 1 WHERE id = 1113 [ RunTime:0.0019s ]
INFO: [ app_end ] --START--
INFO: Run Behavior\ShowPageTraceBehavior [ RunTime:0.000752s ]
INFO: [ app_end ] --END-- [ RunTime:0.000788s ]

[ 2017-10-13T22:52:39+08:00 ] 127.0.0.1 /favicon.ico
INFO: [ app_init ] --START--
INFO: Run Behavior\BuildLiteBehavior [ RunTime:0.000013s ]
INFO: [ app_init ] --END-- [ RunTime:0.000426s ]

[ 2017-10-13T22:52:39+08:00 ] 127.0.0.1 /apimusic/get_song_info?songid=1113
INFO: [ app_init ] --START--
INFO: Run Behavior\BuildLiteBehavior [ RunTime:0.000012s ]
INFO: [ app_init ] --END-- [ RunTime:0.000434s ]
INFO: [ app_begin ] --START--
INFO: Run Behavior\ReadHtmlCacheBehavior [ RunTime:0.000688s ]
INFO: [ app_begin ] --END-- [ RunTime:0.000731s ]
SQL: SHOW COLUMNS FROM `song` [ RunTime:0.0033s ]
SQL: SHOW COLUMNS FROM `song` [ RunTime:0.0032s ]
SQL: SELECT a.*,b.albumname,b.issueyear,c.singername FROM song a INNER JOIN singeralbum b ON b.id = a.albumnid INNER JOIN singer c ON c.id = a.singerid WHERE a.id = 1113 [ RunTime:0.0004s ]
SQL: UPDATE song SET listentime = listentime + 1 WHERE id = 1113 [ RunTime:0.0014s ]
SQL: SHOW COLUMNS FROM `singer` [ RunTime:0.0032s ]
SQL: SHOW COLUMNS FROM `singer` [ RunTime:0.0035s ]
SQL: SELECT * FROM `singer` WHERE ( id = 39 )  [ RunTime:0.0002s ]
SQL: SHOW COLUMNS FROM `songlistenrecord` [ RunTime:0.0031s ]
SQL: SHOW COLUMNS FROM `songlistenrecord` [ RunTime:0.0029s ]
SQL: INSERT INTO `songlistenrecord` (`songid`,`songname`,`singername`,`addtime`) VALUES ('1113','有没有','薛之谦','2017-10-13 22:52:39.000000') [ RunTime:0.0015s ]
SQL: select DISTINCT b.*,c.singername from songlistenrecord a INNER JOIN song b ON b.id = a.songid INNER JOIN singer c ON c.id = b.singerid order by a.id DESC limit 0,15 [ RunTime:0.1193s ]
INFO: [ app_end ] --START--
INFO: Run Behavior\ShowPageTraceBehavior [ RunTime:0.000845s ]
INFO: [ app_end ] --END-- [ RunTime:0.000890s ]

[ 2017-10-13T22:52:53+08:00 ] 127.0.0.1 /apimusic/get_song_random?callback=jQuery111108748784366328328_1507906359464&songtype=1&_=1507906359466
INFO: [ app_init ] --START--
INFO: Run Behavior\BuildLiteBehavior [ RunTime:0.000013s ]
INFO: [ app_init ] --END-- [ RunTime:0.000501s ]
INFO: [ app_begin ] --START--
INFO: Run Behavior\ReadHtmlCacheBehavior [ RunTime:0.000747s ]
INFO: [ app_begin ] --END-- [ RunTime:0.000789s ]
NOTIC: [8] Undefined index: sid D:\www\phpweb\music.xingzhi.com\Common\Common\function.php 第 63 行.
SQL: SHOW COLUMNS FROM `song` [ RunTime:0.0038s ]
SQL: SHOW COLUMNS FROM `song` [ RunTime:0.0033s ]
SQL: SELECT song.*, 
				(SELECT singername from singer a WHERE a.id = song.singerid)  as singername,
				(SELECT albumname from singeralbum b WHERE b.id = song.albumnid)  as albumname,
				(SELECT thumbnail from singeralbum b WHERE b.id = song.albumnid)  as thumbnail 
				FROM song WHERE (filetype = 'mp3' OR filetype = 'm4a') AND songtype = 1 ORDER BY RAND() LIMIT 1 [ RunTime:0.0246s ]
SQL: UPDATE song SET listentime = listentime + 1 WHERE id = 879 [ RunTime:0.0016s ]
INFO: [ app_end ] --START--
INFO: Run Behavior\ShowPageTraceBehavior [ RunTime:0.000732s ]
INFO: [ app_end ] --END-- [ RunTime:0.000764s ]

[ 2017-10-13T22:52:53+08:00 ] 127.0.0.1 /apimusic/get_song_info?songid=879
INFO: [ app_init ] --START--
INFO: Run Behavior\BuildLiteBehavior [ RunTime:0.000011s ]
INFO: [ app_init ] --END-- [ RunTime:0.000462s ]
INFO: [ app_begin ] --START--
INFO: Run Behavior\ReadHtmlCacheBehavior [ RunTime:0.000743s ]
INFO: [ app_begin ] --END-- [ RunTime:0.000777s ]
SQL: SHOW COLUMNS FROM `song` [ RunTime:0.0037s ]
SQL: SHOW COLUMNS FROM `song` [ RunTime:0.0044s ]
SQL: SELECT a.*,b.albumname,b.issueyear,c.singername FROM song a INNER JOIN singeralbum b ON b.id = a.albumnid INNER JOIN singer c ON c.id = a.singerid WHERE a.id = 879 [ RunTime:0.0004s ]
SQL: UPDATE song SET listentime = listentime + 1 WHERE id = 879 [ RunTime:0.0014s ]
SQL: SHOW COLUMNS FROM `singer` [ RunTime:0.0031s ]
SQL: SHOW COLUMNS FROM `singer` [ RunTime:0.0033s ]
SQL: SELECT * FROM `singer` WHERE ( id = 6 )  [ RunTime:0.0002s ]
SQL: SHOW COLUMNS FROM `songlistenrecord` [ RunTime:0.0037s ]
SQL: SHOW COLUMNS FROM `songlistenrecord` [ RunTime:0.0043s ]
SQL: INSERT INTO `songlistenrecord` (`songid`,`songname`,`singername`,`addtime`) VALUES ('879','亲爱的Rosy','张宇','2017-10-13 22:52:53.000000') [ RunTime:0.0041s ]
SQL: select DISTINCT b.*,c.singername from songlistenrecord a INNER JOIN song b ON b.id = a.songid INNER JOIN singer c ON c.id = b.singerid order by a.id DESC limit 0,15 [ RunTime:0.1032s ]
INFO: [ app_end ] --START--
INFO: Run Behavior\ShowPageTraceBehavior [ RunTime:0.000722s ]
INFO: [ app_end ] --END-- [ RunTime:0.000758s ]

[ 2017-10-13T22:56:22+08:00 ] 127.0.0.1 /
INFO: [ app_init ] --START--
INFO: Run Behavior\BuildLiteBehavior [ RunTime:0.000012s ]
INFO: [ app_init ] --END-- [ RunTime:0.000446s ]
INFO: [ app_begin ] --START--
INFO: Run Behavior\ReadHtmlCacheBehavior [ RunTime:0.000708s ]
INFO: [ app_begin ] --END-- [ RunTime:0.000753s ]
SQL: SHOW COLUMNS FROM `song` [ RunTime:0.0049s ]
SQL: SHOW COLUMNS FROM `song` [ RunTime:0.0035s ]
SQL: SELECT COUNT(0) AS 'total' FROM song [ RunTime:0.0009s ]
INFO: [ view_parse ] --START--
INFO: [ template_filter ] --START--
INFO: Run Behavior\ContentReplaceBehavior [ RunTime:0.000058s ]
INFO: [ template_filter ] --END-- [ RunTime:0.000091s ]
INFO: Run Behavior\ParseTemplateBehavior [ RunTime:0.005999s ]
INFO: [ view_parse ] --END-- [ RunTime:0.006035s ]
INFO: [ view_filter ] --START--
INFO: Run Behavior\WriteHtmlCacheBehavior [ RunTime:0.000510s ]
INFO: [ view_filter ] --END-- [ RunTime:0.000539s ]
INFO: [ app_end ] --START--
INFO: Run Behavior\ShowPageTraceBehavior [ RunTime:0.000659s ]
INFO: [ app_end ] --END-- [ RunTime:0.000695s ]

[ 2017-10-13T22:56:22+08:00 ] 127.0.0.1 /apimusic/get_record_song?callback=jQuery1102013890796295478958_1507906582683&index=0&rows=15&_=1507906582684
INFO: [ app_init ] --START--
INFO: Run Behavior\BuildLiteBehavior [ RunTime:0.000012s ]
INFO: [ app_init ] --END-- [ RunTime:0.000403s ]
INFO: [ app_begin ] --START--
INFO: Run Behavior\ReadHtmlCacheBehavior [ RunTime:0.000650s ]
INFO: [ app_begin ] --END-- [ RunTime:0.000690s ]
SQL: SHOW COLUMNS FROM `song` [ RunTime:0.0051s ]
INFO: [ app_end ] --START--
INFO: Run Behavior\ShowPageTraceBehavior [ RunTime:0.000727s ]
INFO: [ app_end ] --END-- [ RunTime:0.000779s ]

[ 2017-10-13T22:56:22+08:00 ] 127.0.0.1 /apimusic/get_hot_song?callback=jQuery1102013890796295478958_1507906582679&index=0&rows=15&_=1507906582680
INFO: [ app_init ] --START--
INFO: Run Behavior\BuildLiteBehavior [ RunTime:0.000011s ]
INFO: [ app_init ] --END-- [ RunTime:0.000413s ]
INFO: [ app_begin ] --START--
INFO: Run Behavior\ReadHtmlCacheBehavior [ RunTime:0.000655s ]
INFO: [ app_begin ] --END-- [ RunTime:0.000696s ]
INFO: [ app_end ] --START--
INFO: Run Behavior\ShowPageTraceBehavior [ RunTime:0.000691s ]
INFO: [ app_end ] --END-- [ RunTime:0.000745s ]

[ 2017-10-13T22:56:22+08:00 ] 127.0.0.1 /apimusic/get_byword?callback=jQuery1102013890796295478958_1507906582685&index=0&rows=15&_=1507906582686
INFO: [ app_init ] --START--
INFO: Run Behavior\BuildLiteBehavior [ RunTime:0.000011s ]
INFO: [ app_init ] --END-- [ RunTime:0.000389s ]
INFO: [ app_begin ] --START--
INFO: Run Behavior\ReadHtmlCacheBehavior [ RunTime:0.000653s ]
INFO: [ app_begin ] --END-- [ RunTime:0.000693s ]
SQL: SHOW COLUMNS FROM `song` [ RunTime:0.0037s ]
SQL: SHOW COLUMNS FROM `song` [ RunTime:0.0040s ]
SQL: SELECT byword, COUNT(0) as total FROM song WHERE byword != '' GROUP BY byword ORDER BY total DESC LIMIT 0, 15 [ RunTime:0.0029s ]
INFO: [ app_end ] --START--
INFO: Run Behavior\ShowPageTraceBehavior [ RunTime:0.000960s ]
INFO: [ app_end ] --END-- [ RunTime:0.001002s ]

[ 2017-10-13T22:56:22+08:00 ] 127.0.0.1 /apimusic/get_new_song?callback=jQuery1102013890796295478958_1507906582681&index=0&rows=15&_=1507906582682
INFO: [ app_init ] --START--
INFO: Run Behavior\BuildLiteBehavior [ RunTime:0.000012s ]
INFO: [ app_init ] --END-- [ RunTime:0.000400s ]
INFO: [ app_begin ] --START--
INFO: Run Behavior\ReadHtmlCacheBehavior [ RunTime:0.000686s ]
INFO: [ app_begin ] --END-- [ RunTime:0.000742s ]
SQL: SHOW COLUMNS FROM `song` [ RunTime:0.0037s ]
SQL: SHOW COLUMNS FROM `song` [ RunTime:0.0037s ]
SQL: select b.singername, a.* from song a INNER JOIN singer b ON b.id = a.singerid ORDER BY a.id DESC LIMIT 0, 15 [ RunTime:0.0005s ]
INFO: [ app_end ] --START--
INFO: Run Behavior\ShowPageTraceBehavior [ RunTime:0.000864s ]
INFO: [ app_end ] --END-- [ RunTime:0.000920s ]

[ 2017-10-13T22:56:38+08:00 ] 127.0.0.1 /music/album_lib
INFO: [ app_init ] --START--
INFO: Run Behavior\BuildLiteBehavior [ RunTime:0.000010s ]
INFO: [ app_init ] --END-- [ RunTime:0.000421s ]
INFO: [ app_begin ] --START--
INFO: Run Behavior\ReadHtmlCacheBehavior [ RunTime:0.000676s ]
INFO: [ app_begin ] --END-- [ RunTime:0.000712s ]
SQL: SHOW COLUMNS FROM `song` [ RunTime:0.0036s ]
SQL: SHOW COLUMNS FROM `song` [ RunTime:0.0034s ]
SQL: SELECT COUNT(0) AS 'total' FROM song [ RunTime:0.0009s ]
INFO: [ view_parse ] --START--
INFO: [ template_filter ] --START--
INFO: Run Behavior\ContentReplaceBehavior [ RunTime:0.000054s ]
INFO: [ template_filter ] --END-- [ RunTime:0.000089s ]
INFO: Run Behavior\ParseTemplateBehavior [ RunTime:0.010451s ]
INFO: [ view_parse ] --END-- [ RunTime:0.010491s ]
INFO: [ view_filter ] --START--
INFO: Run Behavior\WriteHtmlCacheBehavior [ RunTime:0.000503s ]
INFO: [ view_filter ] --END-- [ RunTime:0.000536s ]
INFO: [ app_end ] --START--
INFO: Run Behavior\ShowPageTraceBehavior [ RunTime:0.000677s ]
INFO: [ app_end ] --END-- [ RunTime:0.000710s ]

[ 2017-10-13T22:56:39+08:00 ] 127.0.0.1 /apimusic/album_library?callback=jQuery110208196976516663275_1507906598968&index=0&rows=20&_=1507906598969
INFO: [ app_init ] --START--
INFO: Run Behavior\BuildLiteBehavior [ RunTime:0.000010s ]
INFO: [ app_init ] --END-- [ RunTime:0.000381s ]
INFO: [ app_begin ] --START--
INFO: Run Behavior\ReadHtmlCacheBehavior [ RunTime:0.000666s ]
INFO: [ app_begin ] --END-- [ RunTime:0.000704s ]
SQL: SHOW COLUMNS FROM `singeralbum` [ RunTime:0.0033s ]
SQL: SHOW COLUMNS FROM `singeralbum` [ RunTime:0.0033s ]
SQL: SELECT * FROM `singeralbum` ORDER BY issueyear desc LIMIT 0,20   [ RunTime:0.0006s ]
SQL: SELECT COUNT(id) AS tp_count FROM `singeralbum` LIMIT 1   [ RunTime:0.0002s ]
INFO: [ app_end ] --START--
INFO: Run Behavior\ShowPageTraceBehavior [ RunTime:0.000844s ]
INFO: [ app_end ] --END-- [ RunTime:0.000878s ]

[ 2017-10-13T22:57:50+08:00 ] 127.0.0.1 /apimusic/get_song_random?callback=jQuery111108748784366328328_1507906359464&songtype=1&_=1507906359467
INFO: [ app_init ] --START--
INFO: Run Behavior\BuildLiteBehavior [ RunTime:0.000013s ]
INFO: [ app_init ] --END-- [ RunTime:0.000379s ]
INFO: [ app_begin ] --START--
INFO: Run Behavior\ReadHtmlCacheBehavior [ RunTime:0.000685s ]
INFO: [ app_begin ] --END-- [ RunTime:0.000729s ]
NOTIC: [8] Undefined index: sid D:\www\phpweb\music.xingzhi.com\Common\Common\function.php 第 63 行.
SQL: SHOW COLUMNS FROM `song` [ RunTime:0.0036s ]
SQL: SHOW COLUMNS FROM `song` [ RunTime:0.0031s ]
SQL: SELECT song.*, 
				(SELECT singername from singer a WHERE a.id = song.singerid)  as singername,
				(SELECT albumname from singeralbum b WHERE b.id = song.albumnid)  as albumname,
				(SELECT thumbnail from singeralbum b WHERE b.id = song.albumnid)  as thumbnail 
				FROM song WHERE (filetype = 'mp3' OR filetype = 'm4a') AND songtype = 1 ORDER BY RAND() LIMIT 1 [ RunTime:0.0264s ]
SQL: UPDATE song SET listentime = listentime + 1 WHERE id = 1549 [ RunTime:0.0017s ]
INFO: [ app_end ] --START--
INFO: Run Behavior\ShowPageTraceBehavior [ RunTime:0.000809s ]
INFO: [ app_end ] --END-- [ RunTime:0.000847s ]

[ 2017-10-13T22:57:50+08:00 ] 127.0.0.1 /apimusic/get_song_info?songid=1549
INFO: [ app_init ] --START--
INFO: Run Behavior\BuildLiteBehavior [ RunTime:0.000011s ]
INFO: [ app_init ] --END-- [ RunTime:0.000345s ]
INFO: [ app_begin ] --START--
INFO: Run Behavior\ReadHtmlCacheBehavior [ RunTime:0.000626s ]
INFO: [ app_begin ] --END-- [ RunTime:0.000661s ]
SQL: SHOW COLUMNS FROM `song` [ RunTime:0.0034s ]
SQL: SHOW COLUMNS FROM `song` [ RunTime:0.0031s ]
SQL: SELECT a.*,b.albumname,b.issueyear,c.singername FROM song a INNER JOIN singeralbum b ON b.id = a.albumnid INNER JOIN singer c ON c.id = a.singerid WHERE a.id = 1549 [ RunTime:0.0003s ]
SQL: UPDATE song SET listentime = listentime + 1 WHERE id = 1549 [ RunTime:0.0012s ]
SQL: SHOW COLUMNS FROM `singer` [ RunTime:0.0035s ]
SQL: SHOW COLUMNS FROM `singer` [ RunTime:0.0029s ]
SQL: SELECT * FROM `singer` WHERE ( id = 5 )  [ RunTime:0.0002s ]
SQL: SHOW COLUMNS FROM `songlistenrecord` [ RunTime:0.0030s ]
SQL: SHOW COLUMNS FROM `songlistenrecord` [ RunTime:0.0029s ]
SQL: INSERT INTO `songlistenrecord` (`songid`,`songname`,`singername`,`addtime`) VALUES ('1549','遥远的她','张学友','2017-10-13 22:57:50.000000') [ RunTime:0.0014s ]
SQL: select DISTINCT b.*,c.singername from songlistenrecord a INNER JOIN song b ON b.id = a.songid INNER JOIN singer c ON c.id = b.singerid order by a.id DESC limit 0,15 [ RunTime:0.1043s ]
INFO: [ app_end ] --START--
INFO: Run Behavior\ShowPageTraceBehavior [ RunTime:0.000739s ]
INFO: [ app_end ] --END-- [ RunTime:0.000774s ]

[ 2017-10-13T22:59:05+08:00 ] 127.0.0.1 /music/songlist?sid=21&aid=248
INFO: [ app_init ] --START--
INFO: Run Behavior\BuildLiteBehavior [ RunTime:0.000010s ]
INFO: [ app_init ] --END-- [ RunTime:0.000456s ]
INFO: [ app_begin ] --START--
INFO: Run Behavior\ReadHtmlCacheBehavior [ RunTime:0.000673s ]
INFO: [ app_begin ] --END-- [ RunTime:0.000709s ]
SQL: SHOW COLUMNS FROM `song` [ RunTime:0.0034s ]
SQL: SHOW COLUMNS FROM `song` [ RunTime:0.0034s ]
SQL: SELECT COUNT(0) AS 'total' FROM song [ RunTime:0.0009s ]
SQL: SHOW COLUMNS FROM `singer` [ RunTime:0.0033s ]
SQL: SHOW COLUMNS FROM `singer` [ RunTime:0.0030s ]
SQL: SELECT * FROM `singer` WHERE ( id = 21 )  [ RunTime:0.0002s ]
SQL: SHOW COLUMNS FROM `singeralbum` [ RunTime:0.0032s ]
SQL: SHOW COLUMNS FROM `singeralbum` [ RunTime:0.0033s ]
SQL: SELECT * FROM `singeralbum` WHERE (  id = 248 )  [ RunTime:0.0003s ]
INFO: [ view_parse ] --START--
INFO: [ template_filter ] --START--
INFO: Run Behavior\ContentReplaceBehavior [ RunTime:0.000059s ]
INFO: [ template_filter ] --END-- [ RunTime:0.000096s ]
INFO: Run Behavior\ParseTemplateBehavior [ RunTime:0.014558s ]
INFO: [ view_parse ] --END-- [ RunTime:0.014599s ]
INFO: [ view_filter ] --START--
INFO: Run Behavior\WriteHtmlCacheBehavior [ RunTime:0.000518s ]
INFO: [ view_filter ] --END-- [ RunTime:0.000546s ]
INFO: [ app_end ] --START--
INFO: Run Behavior\ShowPageTraceBehavior [ RunTime:0.001070s ]
INFO: [ app_end ] --END-- [ RunTime:0.001127s ]

[ 2017-10-13T22:59:05+08:00 ] 127.0.0.1 /apimusic/get_song_list?callback=jQuery110205062578859163709_1507906745531&aid=248&_=1507906745532
INFO: [ app_init ] --START--
INFO: Run Behavior\BuildLiteBehavior [ RunTime:0.000012s ]
INFO: [ app_init ] --END-- [ RunTime:0.000413s ]
INFO: [ app_begin ] --START--
INFO: Run Behavior\ReadHtmlCacheBehavior [ RunTime:0.000695s ]
INFO: [ app_begin ] --END-- [ RunTime:0.000744s ]
SQL: SHOW COLUMNS FROM `song` [ RunTime:0.0038s ]
SQL: SHOW COLUMNS FROM `song` [ RunTime:0.0040s ]
SQL: SELECT * FROM `song` WHERE ( albumnid = 248 )  [ RunTime:0.0036s ]
INFO: [ app_end ] --START--
INFO: Run Behavior\ShowPageTraceBehavior [ RunTime:0.000783s ]
INFO: [ app_end ] --END-- [ RunTime:0.000819s ]

[ 2017-10-13T22:59:07+08:00 ] 127.0.0.1 /apimusic/album_library?callback=jQuery110206430540029876153_1507906747376&index=0&rows=20&_=1507906747377
INFO: [ app_init ] --START--
INFO: Run Behavior\BuildLiteBehavior [ RunTime:0.000010s ]
INFO: [ app_init ] --END-- [ RunTime:0.000416s ]
INFO: [ app_begin ] --START--
INFO: Run Behavior\ReadHtmlCacheBehavior [ RunTime:0.000599s ]
INFO: [ app_begin ] --END-- [ RunTime:0.000636s ]
SQL: SHOW COLUMNS FROM `singeralbum` [ RunTime:0.0034s ]
SQL: SHOW COLUMNS FROM `singeralbum` [ RunTime:0.0031s ]
SQL: SELECT * FROM `singeralbum` ORDER BY issueyear desc LIMIT 0,20   [ RunTime:0.0005s ]
SQL: SELECT COUNT(id) AS tp_count FROM `singeralbum` LIMIT 1   [ RunTime:0.0002s ]
INFO: [ app_end ] --START--
INFO: Run Behavior\ShowPageTraceBehavior [ RunTime:0.001080s ]
INFO: [ app_end ] --END-- [ RunTime:0.001130s ]

[ 2017-10-13T22:59:08+08:00 ] 127.0.0.1 /music/songlist?sid=40&aid=136
INFO: [ app_init ] --START--
INFO: Run Behavior\BuildLiteBehavior [ RunTime:0.000012s ]
INFO: [ app_init ] --END-- [ RunTime:0.000499s ]
INFO: [ app_begin ] --START--
INFO: Run Behavior\ReadHtmlCacheBehavior [ RunTime:0.000757s ]
INFO: [ app_begin ] --END-- [ RunTime:0.000804s ]
SQL: SHOW COLUMNS FROM `song` [ RunTime:0.0041s ]
SQL: SHOW COLUMNS FROM `song` [ RunTime:0.0037s ]
SQL: SELECT COUNT(0) AS 'total' FROM song [ RunTime:0.0011s ]
SQL: SHOW COLUMNS FROM `singer` [ RunTime:0.0043s ]
SQL: SHOW COLUMNS FROM `singer` [ RunTime:0.0037s ]
SQL: SELECT * FROM `singer` WHERE ( id = 40 )  [ RunTime:0.0003s ]
SQL: SHOW COLUMNS FROM `singeralbum` [ RunTime:0.0038s ]
SQL: SHOW COLUMNS FROM `singeralbum` [ RunTime:0.0039s ]
SQL: SELECT * FROM `singeralbum` WHERE (  id = 136 )  [ RunTime:0.0003s ]
INFO: [ view_parse ] --START--
INFO: [ template_filter ] --START--
INFO: Run Behavior\ContentReplaceBehavior [ RunTime:0.000081s ]
INFO: [ template_filter ] --END-- [ RunTime:0.000134s ]
INFO: Run Behavior\ParseTemplateBehavior [ RunTime:0.007393s ]
INFO: [ view_parse ] --END-- [ RunTime:0.007438s ]
INFO: [ view_filter ] --START--
INFO: Run Behavior\WriteHtmlCacheBehavior [ RunTime:0.000731s ]
INFO: [ view_filter ] --END-- [ RunTime:0.000769s ]
INFO: [ app_end ] --START--
INFO: Run Behavior\ShowPageTraceBehavior [ RunTime:0.000859s ]
INFO: [ app_end ] --END-- [ RunTime:0.000911s ]

[ 2017-10-13T22:59:08+08:00 ] 127.0.0.1 /apimusic/get_song_list?callback=jQuery11020676886970959587_1507906748549&aid=136&_=1507906748550
INFO: [ app_init ] --START--
INFO: Run Behavior\BuildLiteBehavior [ RunTime:0.000011s ]
INFO: [ app_init ] --END-- [ RunTime:0.000347s ]
INFO: [ app_begin ] --START--
INFO: Run Behavior\ReadHtmlCacheBehavior [ RunTime:0.000621s ]
INFO: [ app_begin ] --END-- [ RunTime:0.000659s ]
SQL: SHOW COLUMNS FROM `song` [ RunTime:0.0034s ]
SQL: SHOW COLUMNS FROM `song` [ RunTime:0.0030s ]
SQL: SELECT * FROM `song` WHERE ( albumnid = 136 )  [ RunTime:0.0031s ]
INFO: [ app_end ] --START--
INFO: Run Behavior\ShowPageTraceBehavior [ RunTime:0.000753s ]
INFO: [ app_end ] --END-- [ RunTime:0.000793s ]

[ 2017-10-13T22:59:10+08:00 ] 127.0.0.1 /apimusic/album_library?callback=jQuery11020023146691050515145_1507906750540&index=0&rows=20&_=1507906750541
INFO: [ app_init ] --START--
INFO: Run Behavior\BuildLiteBehavior [ RunTime:0.000011s ]
INFO: [ app_init ] --END-- [ RunTime:0.000348s ]
INFO: [ app_begin ] --START--
INFO: Run Behavior\ReadHtmlCacheBehavior [ RunTime:0.000611s ]
INFO: [ app_begin ] --END-- [ RunTime:0.000647s ]
SQL: SHOW COLUMNS FROM `singeralbum` [ RunTime:0.0038s ]
SQL: SHOW COLUMNS FROM `singeralbum` [ RunTime:0.0031s ]
SQL: SELECT * FROM `singeralbum` ORDER BY issueyear desc LIMIT 0,20   [ RunTime:0.0004s ]
SQL: SELECT COUNT(id) AS tp_count FROM `singeralbum` LIMIT 1   [ RunTime:0.0003s ]
INFO: [ app_end ] --START--
INFO: Run Behavior\ShowPageTraceBehavior [ RunTime:0.000802s ]
INFO: [ app_end ] --END-- [ RunTime:0.000836s ]

[ 2017-10-13T22:59:33+08:00 ] 127.0.0.1 /apimusic/album_library?callback=jQuery11020023146691050515145_1507906750540&index=1&rows=20&_=1507906750542
INFO: [ app_init ] --START--
INFO: Run Behavior\BuildLiteBehavior [ RunTime:0.000009s ]
INFO: [ app_init ] --END-- [ RunTime:0.000446s ]
INFO: [ app_begin ] --START--
INFO: Run Behavior\ReadHtmlCacheBehavior [ RunTime:0.000696s ]
INFO: [ app_begin ] --END-- [ RunTime:0.000733s ]
SQL: SHOW COLUMNS FROM `singeralbum` [ RunTime:0.0033s ]
SQL: SHOW COLUMNS FROM `singeralbum` [ RunTime:0.0030s ]
SQL: SELECT * FROM `singeralbum` ORDER BY issueyear desc LIMIT 20,20   [ RunTime:0.0005s ]
SQL: SELECT COUNT(id) AS tp_count FROM `singeralbum` LIMIT 1   [ RunTime:0.0002s ]
INFO: [ app_end ] --START--
INFO: Run Behavior\ShowPageTraceBehavior [ RunTime:0.000804s ]
INFO: [ app_end ] --END-- [ RunTime:0.000839s ]

[ 2017-10-13T22:59:39+08:00 ] 127.0.0.1 /music/songlist?sid=75&aid=347
INFO: [ app_init ] --START--
INFO: Run Behavior\BuildLiteBehavior [ RunTime:0.000011s ]
INFO: [ app_init ] --END-- [ RunTime:0.000462s ]
INFO: [ app_begin ] --START--
INFO: Run Behavior\ReadHtmlCacheBehavior [ RunTime:0.000611s ]
INFO: [ app_begin ] --END-- [ RunTime:0.000646s ]
SQL: SHOW COLUMNS FROM `song` [ RunTime:0.0039s ]
SQL: SHOW COLUMNS FROM `song` [ RunTime:0.0032s ]
SQL: SELECT COUNT(0) AS 'total' FROM song [ RunTime:0.0009s ]
SQL: SHOW COLUMNS FROM `singer` [ RunTime:0.0030s ]
SQL: SHOW COLUMNS FROM `singer` [ RunTime:0.0032s ]
SQL: SELECT * FROM `singer` WHERE ( id = 75 )  [ RunTime:0.0002s ]
SQL: SHOW COLUMNS FROM `singeralbum` [ RunTime:0.0032s ]
SQL: SHOW COLUMNS FROM `singeralbum` [ RunTime:0.0032s ]
SQL: SELECT * FROM `singeralbum` WHERE (  id = 347 )  [ RunTime:0.0002s ]
INFO: [ view_parse ] --START--
INFO: [ template_filter ] --START--
INFO: Run Behavior\ContentReplaceBehavior [ RunTime:0.000063s ]
INFO: [ template_filter ] --END-- [ RunTime:0.000100s ]
INFO: Run Behavior\ParseTemplateBehavior [ RunTime:0.007475s ]
INFO: [ view_parse ] --END-- [ RunTime:0.007524s ]
INFO: [ view_filter ] --START--
INFO: Run Behavior\WriteHtmlCacheBehavior [ RunTime:0.000554s ]
INFO: [ view_filter ] --END-- [ RunTime:0.000583s ]
INFO: [ app_end ] --START--
INFO: Run Behavior\ShowPageTraceBehavior [ RunTime:0.000683s ]
INFO: [ app_end ] --END-- [ RunTime:0.000723s ]

[ 2017-10-13T22:59:39+08:00 ] 127.0.0.1 /apimusic/get_song_list?callback=jQuery110201353185062088571_1507906779882&aid=347&_=1507906779883
INFO: [ app_init ] --START--
INFO: Run Behavior\BuildLiteBehavior [ RunTime:0.000012s ]
INFO: [ app_init ] --END-- [ RunTime:0.000464s ]
INFO: [ app_begin ] --START--
INFO: Run Behavior\ReadHtmlCacheBehavior [ RunTime:0.000871s ]
INFO: [ app_begin ] --END-- [ RunTime:0.000933s ]
SQL: SHOW COLUMNS FROM `song` [ RunTime:0.0046s ]
SQL: SHOW COLUMNS FROM `song` [ RunTime:0.0033s ]
SQL: SELECT * FROM `song` WHERE ( albumnid = 347 )  [ RunTime:0.0037s ]
INFO: [ app_end ] --START--
INFO: Run Behavior\ShowPageTraceBehavior [ RunTime:0.000785s ]
INFO: [ app_end ] --END-- [ RunTime:0.000830s ]

[ 2017-10-13T22:59:42+08:00 ] 127.0.0.1 /apimusic/album_library?callback=jQuery110208196209170736408_1507906782933&index=0&rows=20&_=1507906782934
INFO: [ app_init ] --START--
INFO: Run Behavior\BuildLiteBehavior [ RunTime:0.000011s ]
INFO: [ app_init ] --END-- [ RunTime:0.000455s ]
INFO: [ app_begin ] --START--
INFO: Run Behavior\ReadHtmlCacheBehavior [ RunTime:0.000618s ]
INFO: [ app_begin ] --END-- [ RunTime:0.000667s ]
SQL: SHOW COLUMNS FROM `singeralbum` [ RunTime:0.0037s ]
SQL: SHOW COLUMNS FROM `singeralbum` [ RunTime:0.0028s ]
SQL: SELECT * FROM `singeralbum` ORDER BY issueyear desc LIMIT 0,20   [ RunTime:0.0004s ]
SQL: SELECT COUNT(id) AS tp_count FROM `singeralbum` LIMIT 1   [ RunTime:0.0002s ]
INFO: [ app_end ] --START--
INFO: Run Behavior\ShowPageTraceBehavior [ RunTime:0.000727s ]
INFO: [ app_end ] --END-- [ RunTime:0.000761s ]

[ 2017-10-13T23:00:09+08:00 ] 127.0.0.1 /apimusic/album_library?callback=jQuery110208196209170736408_1507906782933&index=1&rows=20&_=1507906782935
INFO: [ app_init ] --START--
INFO: Run Behavior\BuildLiteBehavior [ RunTime:0.000010s ]
INFO: [ app_init ] --END-- [ RunTime:0.000428s ]
INFO: [ app_begin ] --START--
INFO: Run Behavior\ReadHtmlCacheBehavior [ RunTime:0.000683s ]
INFO: [ app_begin ] --END-- [ RunTime:0.000722s ]
SQL: SHOW COLUMNS FROM `singeralbum` [ RunTime:0.0045s ]
SQL: SHOW COLUMNS FROM `singeralbum` [ RunTime:0.0032s ]
SQL: SELECT * FROM `singeralbum` ORDER BY issueyear desc LIMIT 20,20   [ RunTime:0.0005s ]
SQL: SELECT COUNT(id) AS tp_count FROM `singeralbum` LIMIT 1   [ RunTime:0.0002s ]
INFO: [ app_end ] --START--
INFO: Run Behavior\ShowPageTraceBehavior [ RunTime:0.000816s ]
INFO: [ app_end ] --END-- [ RunTime:0.000850s ]

[ 2017-10-13T23:00:12+08:00 ] 127.0.0.1 /apimusic/album_library?callback=jQuery110208196209170736408_1507906782933&index=2&rows=20&_=1507906782936
INFO: [ app_init ] --START--
INFO: Run Behavior\BuildLiteBehavior [ RunTime:0.000009s ]
INFO: [ app_init ] --END-- [ RunTime:0.000445s ]
INFO: [ app_begin ] --START--
INFO: Run Behavior\ReadHtmlCacheBehavior [ RunTime:0.000629s ]
INFO: [ app_begin ] --END-- [ RunTime:0.000667s ]
SQL: SHOW COLUMNS FROM `singeralbum` [ RunTime:0.0037s ]
SQL: SHOW COLUMNS FROM `singeralbum` [ RunTime:0.0031s ]
SQL: SELECT * FROM `singeralbum` ORDER BY issueyear desc LIMIT 40,20   [ RunTime:0.0004s ]
SQL: SELECT COUNT(id) AS tp_count FROM `singeralbum` LIMIT 1   [ RunTime:0.0003s ]
INFO: [ app_end ] --START--
INFO: Run Behavior\ShowPageTraceBehavior [ RunTime:0.000813s ]
INFO: [ app_end ] --END-- [ RunTime:0.000846s ]

[ 2017-10-13T23:00:35+08:00 ] 127.0.0.1 /apimusic/album_library?callback=jQuery110208196209170736408_1507906782933&index=3&rows=20&_=1507906782937
INFO: [ app_init ] --START--
INFO: Run Behavior\BuildLiteBehavior [ RunTime:0.000010s ]
INFO: [ app_init ] --END-- [ RunTime:0.000413s ]
INFO: [ app_begin ] --START--
INFO: Run Behavior\ReadHtmlCacheBehavior [ RunTime:0.000644s ]
INFO: [ app_begin ] --END-- [ RunTime:0.000681s ]
SQL: SHOW COLUMNS FROM `singeralbum` [ RunTime:0.0048s ]
SQL: SHOW COLUMNS FROM `singeralbum` [ RunTime:0.0031s ]
SQL: SELECT * FROM `singeralbum` ORDER BY issueyear desc LIMIT 60,20   [ RunTime:0.0005s ]
SQL: SELECT COUNT(id) AS tp_count FROM `singeralbum` LIMIT 1   [ RunTime:0.0002s ]
INFO: [ app_end ] --START--
INFO: Run Behavior\ShowPageTraceBehavior [ RunTime:0.000768s ]
INFO: [ app_end ] --END-- [ RunTime:0.000803s ]

[ 2017-10-13T23:00:46+08:00 ] 127.0.0.1 /music/songlist?sid=82&aid=295
INFO: [ app_init ] --START--
INFO: Run Behavior\BuildLiteBehavior [ RunTime:0.000010s ]
INFO: [ app_init ] --END-- [ RunTime:0.000460s ]
INFO: [ app_begin ] --START--
INFO: Run Behavior\ReadHtmlCacheBehavior [ RunTime:0.000658s ]
INFO: [ app_begin ] --END-- [ RunTime:0.000695s ]
SQL: SHOW COLUMNS FROM `song` [ RunTime:0.0033s ]
SQL: SHOW COLUMNS FROM `song` [ RunTime:0.0030s ]
SQL: SELECT COUNT(0) AS 'total' FROM song [ RunTime:0.0009s ]
SQL: SHOW COLUMNS FROM `singer` [ RunTime:0.0032s ]
SQL: SHOW COLUMNS FROM `singer` [ RunTime:0.0029s ]
SQL: SELECT * FROM `singer` WHERE ( id = 82 )  [ RunTime:0.0002s ]
SQL: SHOW COLUMNS FROM `singeralbum` [ RunTime:0.0030s ]
SQL: SHOW COLUMNS FROM `singeralbum` [ RunTime:0.0032s ]
SQL: SELECT * FROM `singeralbum` WHERE (  id = 295 )  [ RunTime:0.0002s ]
INFO: [ view_parse ] --START--
INFO: [ template_filter ] --START--
INFO: Run Behavior\ContentReplaceBehavior [ RunTime:0.000063s ]
INFO: [ template_filter ] --END-- [ RunTime:0.000103s ]
INFO: Run Behavior\ParseTemplateBehavior [ RunTime:0.007413s ]
INFO: [ view_parse ] --END-- [ RunTime:0.007454s ]
INFO: [ view_filter ] --START--
INFO: Run Behavior\WriteHtmlCacheBehavior [ RunTime:0.000560s ]
INFO: [ view_filter ] --END-- [ RunTime:0.000589s ]
INFO: [ app_end ] --START--
INFO: Run Behavior\ShowPageTraceBehavior [ RunTime:0.000724s ]
INFO: [ app_end ] --END-- [ RunTime:0.000772s ]

[ 2017-10-13T23:00:46+08:00 ] 127.0.0.1 /apimusic/get_song_list?callback=jQuery110204753761785307935_1507906846253&aid=295&_=1507906846254
INFO: [ app_init ] --START--
INFO: Run Behavior\BuildLiteBehavior [ RunTime:0.000013s ]
INFO: [ app_init ] --END-- [ RunTime:0.000403s ]
INFO: [ app_begin ] --START--
INFO: Run Behavior\ReadHtmlCacheBehavior [ RunTime:0.000675s ]
INFO: [ app_begin ] --END-- [ RunTime:0.000715s ]
SQL: SHOW COLUMNS FROM `song` [ RunTime:0.0036s ]
SQL: SHOW COLUMNS FROM `song` [ RunTime:0.0033s ]
SQL: SELECT * FROM `song` WHERE ( albumnid = 295 )  [ RunTime:0.0034s ]
INFO: [ app_end ] --START--
INFO: Run Behavior\ShowPageTraceBehavior [ RunTime:0.000729s ]
INFO: [ app_end ] --END-- [ RunTime:0.000766s ]

[ 2017-10-13T23:00:48+08:00 ] 127.0.0.1 /apimusic/album_library?callback=jQuery110203643009169645304_1507906848012&index=0&rows=20&_=1507906848013
INFO: [ app_init ] --START--
INFO: Run Behavior\BuildLiteBehavior [ RunTime:0.000013s ]
INFO: [ app_init ] --END-- [ RunTime:0.000376s ]
INFO: [ app_begin ] --START--
INFO: Run Behavior\ReadHtmlCacheBehavior [ RunTime:0.000733s ]
INFO: [ app_begin ] --END-- [ RunTime:0.000776s ]
SQL: SHOW COLUMNS FROM `singeralbum` [ RunTime:0.0036s ]
SQL: SHOW COLUMNS FROM `singeralbum` [ RunTime:0.0029s ]
SQL: SELECT * FROM `singeralbum` ORDER BY issueyear desc LIMIT 0,20   [ RunTime:0.0004s ]
SQL: SELECT COUNT(id) AS tp_count FROM `singeralbum` LIMIT 1   [ RunTime:0.0002s ]
INFO: [ app_end ] --START--
INFO: Run Behavior\ShowPageTraceBehavior [ RunTime:0.000815s ]
INFO: [ app_end ] --END-- [ RunTime:0.000851s ]

[ 2017-10-13T23:02:13+08:00 ] 127.0.0.1 /apimusic/get_song_random?callback=jQuery111108748784366328328_1507906359464&songtype=1&_=1507906359468
INFO: [ app_init ] --START--
INFO: Run Behavior\BuildLiteBehavior [ RunTime:0.000015s ]
INFO: [ app_init ] --END-- [ RunTime:0.000637s ]
INFO: [ app_begin ] --START--
INFO: Run Behavior\ReadHtmlCacheBehavior [ RunTime:0.000967s ]
INFO: [ app_begin ] --END-- [ RunTime:0.001026s ]
NOTIC: [8] Undefined index: sid D:\www\phpweb\music.xingzhi.com\Common\Common\function.php 第 63 行.
SQL: SHOW COLUMNS FROM `song` [ RunTime:0.0045s ]
SQL: SHOW COLUMNS FROM `song` [ RunTime:0.0038s ]
SQL: SELECT song.*, 
				(SELECT singername from singer a WHERE a.id = song.singerid)  as singername,
				(SELECT albumname from singeralbum b WHERE b.id = song.albumnid)  as albumname,
				(SELECT thumbnail from singeralbum b WHERE b.id = song.albumnid)  as thumbnail 
				FROM song WHERE (filetype = 'mp3' OR filetype = 'm4a') AND songtype = 1 ORDER BY RAND() LIMIT 1 [ RunTime:0.0264s ]
SQL: UPDATE song SET listentime = listentime + 1 WHERE id = 1796 [ RunTime:0.0017s ]
INFO: [ app_end ] --START--
INFO: Run Behavior\ShowPageTraceBehavior [ RunTime:0.000783s ]
INFO: [ app_end ] --END-- [ RunTime:0.000818s ]

[ 2017-10-13T23:02:13+08:00 ] 127.0.0.1 /apimusic/get_song_info?songid=1796
INFO: [ app_init ] --START--
INFO: Run Behavior\BuildLiteBehavior [ RunTime:0.000013s ]
INFO: [ app_init ] --END-- [ RunTime:0.000466s ]
INFO: [ app_begin ] --START--
INFO: Run Behavior\ReadHtmlCacheBehavior [ RunTime:0.000731s ]
INFO: [ app_begin ] --END-- [ RunTime:0.000786s ]
SQL: SHOW COLUMNS FROM `song` [ RunTime:0.0042s ]
SQL: SHOW COLUMNS FROM `song` [ RunTime:0.0037s ]
SQL: SELECT a.*,b.albumname,b.issueyear,c.singername FROM song a INNER JOIN singeralbum b ON b.id = a.albumnid INNER JOIN singer c ON c.id = a.singerid WHERE a.id = 1796 [ RunTime:0.0003s ]
SQL: UPDATE song SET listentime = listentime + 1 WHERE id = 1796 [ RunTime:0.0012s ]
SQL: SHOW COLUMNS FROM `singer` [ RunTime:0.0039s ]
SQL: SHOW COLUMNS FROM `singer` [ RunTime:0.0036s ]
SQL: SELECT * FROM `singer` WHERE ( id = 6 )  [ RunTime:0.0003s ]
SQL: SHOW COLUMNS FROM `songlistenrecord` [ RunTime:0.0033s ]
SQL: SHOW COLUMNS FROM `songlistenrecord` [ RunTime:0.0031s ]
SQL: INSERT INTO `songlistenrecord` (`songid`,`songname`,`singername`,`addtime`) VALUES ('1796','月亮惹的祸','张宇','2017-10-13 23:02:13.000000') [ RunTime:0.0015s ]
SQL: select DISTINCT b.*,c.singername from songlistenrecord a INNER JOIN song b ON b.id = a.songid INNER JOIN singer c ON c.id = b.singerid order by a.id DESC limit 0,15 [ RunTime:0.1136s ]
INFO: [ app_end ] --START--
INFO: Run Behavior\ShowPageTraceBehavior [ RunTime:0.000735s ]
INFO: [ app_end ] --END-- [ RunTime:0.000781s ]

[ 2017-10-13T23:02:41+08:00 ] 127.0.0.1 /apimusic/album_library?callback=jQuery110203643009169645304_1507906848012&index=1&rows=20&_=1507906848014
INFO: [ app_init ] --START--
INFO: Run Behavior\BuildLiteBehavior [ RunTime:0.000012s ]
INFO: [ app_init ] --END-- [ RunTime:0.000413s ]
INFO: [ app_begin ] --START--
INFO: Run Behavior\ReadHtmlCacheBehavior [ RunTime:0.000646s ]
INFO: [ app_begin ] --END-- [ RunTime:0.000684s ]
SQL: SHOW COLUMNS FROM `singeralbum` [ RunTime:0.0033s ]
SQL: SHOW COLUMNS FROM `singeralbum` [ RunTime:0.0033s ]
SQL: SELECT * FROM `singeralbum` ORDER BY issueyear desc LIMIT 20,20   [ RunTime:0.0004s ]
SQL: SELECT COUNT(id) AS tp_count FROM `singeralbum` LIMIT 1   [ RunTime:0.0003s ]
INFO: [ app_end ] --START--
INFO: Run Behavior\ShowPageTraceBehavior [ RunTime:0.000738s ]
INFO: [ app_end ] --END-- [ RunTime:0.000770s ]

[ 2017-10-13T23:02:43+08:00 ] 127.0.0.1 /apimusic/album_library?callback=jQuery110203643009169645304_1507906848012&index=2&rows=20&_=1507906848015
INFO: [ app_init ] --START--
INFO: Run Behavior\BuildLiteBehavior [ RunTime:0.000010s ]
INFO: [ app_init ] --END-- [ RunTime:0.000414s ]
INFO: [ app_begin ] --START--
INFO: Run Behavior\ReadHtmlCacheBehavior [ RunTime:0.000667s ]
INFO: [ app_begin ] --END-- [ RunTime:0.000704s ]
SQL: SHOW COLUMNS FROM `singeralbum` [ RunTime:0.0033s ]
SQL: SHOW COLUMNS FROM `singeralbum` [ RunTime:0.0029s ]
SQL: SELECT * FROM `singeralbum` ORDER BY issueyear desc LIMIT 40,20   [ RunTime:0.0005s ]
SQL: SELECT COUNT(id) AS tp_count FROM `singeralbum` LIMIT 1   [ RunTime:0.0002s ]
INFO: [ app_end ] --START--
INFO: Run Behavior\ShowPageTraceBehavior [ RunTime:0.000798s ]
INFO: [ app_end ] --END-- [ RunTime:0.000832s ]

[ 2017-10-13T23:03:14+08:00 ] 127.0.0.1 /apimusic/album_library?callback=jQuery110203643009169645304_1507906848012&index=3&rows=20&_=1507906848016
INFO: [ app_init ] --START--
INFO: Run Behavior\BuildLiteBehavior [ RunTime:0.000010s ]
INFO: [ app_init ] --END-- [ RunTime:0.000412s ]
INFO: [ app_begin ] --START--
INFO: Run Behavior\ReadHtmlCacheBehavior [ RunTime:0.000678s ]
INFO: [ app_begin ] --END-- [ RunTime:0.000716s ]
SQL: SHOW COLUMNS FROM `singeralbum` [ RunTime:0.0035s ]
SQL: SHOW COLUMNS FROM `singeralbum` [ RunTime:0.0034s ]
SQL: SELECT * FROM `singeralbum` ORDER BY issueyear desc LIMIT 60,20   [ RunTime:0.0005s ]
SQL: SELECT COUNT(id) AS tp_count FROM `singeralbum` LIMIT 1   [ RunTime:0.0002s ]
INFO: [ app_end ] --START--
INFO: Run Behavior\ShowPageTraceBehavior [ RunTime:0.000771s ]
INFO: [ app_end ] --END-- [ RunTime:0.000803s ]

[ 2017-10-13T23:06:31+08:00 ] 127.0.0.1 /apimusic/get_song_random?callback=jQuery111108748784366328328_1507906359464&songtype=1&_=1507906359469
INFO: [ app_init ] --START--
INFO: Run Behavior\BuildLiteBehavior [ RunTime:0.000016s ]
INFO: [ app_init ] --END-- [ RunTime:0.000668s ]
INFO: [ app_begin ] --START--
INFO: Run Behavior\ReadHtmlCacheBehavior [ RunTime:0.001050s ]
INFO: [ app_begin ] --END-- [ RunTime:0.001110s ]
NOTIC: [8] Undefined index: sid D:\www\phpweb\music.xingzhi.com\Common\Common\function.php 第 63 行.
SQL: SHOW COLUMNS FROM `song` [ RunTime:0.0125s ]
SQL: SHOW COLUMNS FROM `song` [ RunTime:0.0117s ]
SQL: SELECT song.*, 
				(SELECT singername from singer a WHERE a.id = song.singerid)  as singername,
				(SELECT albumname from singeralbum b WHERE b.id = song.albumnid)  as albumname,
				(SELECT thumbnail from singeralbum b WHERE b.id = song.albumnid)  as thumbnail 
				FROM song WHERE (filetype = 'mp3' OR filetype = 'm4a') AND songtype = 1 ORDER BY RAND() LIMIT 1 [ RunTime:0.0423s ]
SQL: UPDATE song SET listentime = listentime + 1 WHERE id = 2476 [ RunTime:0.0018s ]
INFO: [ app_end ] --START--
INFO: Run Behavior\ShowPageTraceBehavior [ RunTime:0.000890s ]
INFO: [ app_end ] --END-- [ RunTime:0.000929s ]

[ 2017-10-13T23:06:31+08:00 ] 127.0.0.1 /apimusic/get_song_info?songid=2476
INFO: [ app_init ] --START--
INFO: Run Behavior\BuildLiteBehavior [ RunTime:0.000012s ]
INFO: [ app_init ] --END-- [ RunTime:0.000485s ]
INFO: [ app_begin ] --START--
INFO: Run Behavior\ReadHtmlCacheBehavior [ RunTime:0.000796s ]
INFO: [ app_begin ] --END-- [ RunTime:0.000837s ]
SQL: SHOW COLUMNS FROM `song` [ RunTime:0.0040s ]
SQL: SHOW COLUMNS FROM `song` [ RunTime:0.0033s ]
SQL: SELECT a.*,b.albumname,b.issueyear,c.singername FROM song a INNER JOIN singeralbum b ON b.id = a.albumnid INNER JOIN singer c ON c.id = a.singerid WHERE a.id = 2476 [ RunTime:0.0003s ]
SQL: UPDATE song SET listentime = listentime + 1 WHERE id = 2476 [ RunTime:0.0016s ]
SQL: SHOW COLUMNS FROM `singer` [ RunTime:0.0033s ]
SQL: SHOW COLUMNS FROM `singer` [ RunTime:0.0030s ]
SQL: SELECT * FROM `singer` WHERE ( id = 3 )  [ RunTime:0.0002s ]
SQL: SHOW COLUMNS FROM `songlistenrecord` [ RunTime:0.0034s ]
SQL: SHOW COLUMNS FROM `songlistenrecord` [ RunTime:0.0030s ]
SQL: INSERT INTO `songlistenrecord` (`songid`,`songname`,`singername`,`addtime`) VALUES ('2476','重赐我生命','刘德华','2017-10-13 23:06:31.000000') [ RunTime:0.0014s ]
SQL: select DISTINCT b.*,c.singername from songlistenrecord a INNER JOIN song b ON b.id = a.songid INNER JOIN singer c ON c.id = b.singerid order by a.id DESC limit 0,15 [ RunTime:0.0942s ]
INFO: [ app_end ] --START--
INFO: Run Behavior\ShowPageTraceBehavior [ RunTime:0.000747s ]
INFO: [ app_end ] --END-- [ RunTime:0.000783s ]

[ 2017-10-13T23:10:47+08:00 ] 127.0.0.1 /apimusic/get_song_random?callback=jQuery111108748784366328328_1507906359464&songtype=1&_=1507906359470
INFO: [ app_init ] --START--
INFO: Run Behavior\BuildLiteBehavior [ RunTime:0.000015s ]
INFO: [ app_init ] --END-- [ RunTime:0.000636s ]
INFO: [ app_begin ] --START--
INFO: Run Behavior\ReadHtmlCacheBehavior [ RunTime:0.001045s ]
INFO: [ app_begin ] --END-- [ RunTime:0.001102s ]
NOTIC: [8] Undefined index: sid D:\www\phpweb\music.xingzhi.com\Common\Common\function.php 第 63 行.
SQL: SHOW COLUMNS FROM `song` [ RunTime:0.0037s ]
SQL: SHOW COLUMNS FROM `song` [ RunTime:0.0031s ]
SQL: SELECT song.*, 
				(SELECT singername from singer a WHERE a.id = song.singerid)  as singername,
				(SELECT albumname from singeralbum b WHERE b.id = song.albumnid)  as albumname,
				(SELECT thumbnail from singeralbum b WHERE b.id = song.albumnid)  as thumbnail 
				FROM song WHERE (filetype = 'mp3' OR filetype = 'm4a') AND songtype = 1 ORDER BY RAND() LIMIT 1 [ RunTime:0.0230s ]
SQL: UPDATE song SET listentime = listentime + 1 WHERE id = 2338 [ RunTime:0.0017s ]
INFO: [ app_end ] --START--
INFO: Run Behavior\ShowPageTraceBehavior [ RunTime:0.000752s ]
INFO: [ app_end ] --END-- [ RunTime:0.000783s ]

[ 2017-10-13T23:10:47+08:00 ] 127.0.0.1 /apimusic/get_song_info?songid=2338
INFO: [ app_init ] --START--
INFO: Run Behavior\BuildLiteBehavior [ RunTime:0.000009s ]
INFO: [ app_init ] --END-- [ RunTime:0.000427s ]
INFO: [ app_begin ] --START--
INFO: Run Behavior\ReadHtmlCacheBehavior [ RunTime:0.000610s ]
INFO: [ app_begin ] --END-- [ RunTime:0.000643s ]
SQL: SHOW COLUMNS FROM `song` [ RunTime:0.0034s ]
SQL: SHOW COLUMNS FROM `song` [ RunTime:0.0036s ]
SQL: SELECT a.*,b.albumname,b.issueyear,c.singername FROM song a INNER JOIN singeralbum b ON b.id = a.albumnid INNER JOIN singer c ON c.id = a.singerid WHERE a.id = 2338 [ RunTime:0.0003s ]
SQL: UPDATE song SET listentime = listentime + 1 WHERE id = 2338 [ RunTime:0.0012s ]
SQL: SHOW COLUMNS FROM `singer` [ RunTime:0.0037s ]
SQL: SHOW COLUMNS FROM `singer` [ RunTime:0.0029s ]
SQL: SELECT * FROM `singer` WHERE ( id = 5 )  [ RunTime:0.0002s ]
SQL: SHOW COLUMNS FROM `songlistenrecord` [ RunTime:0.0029s ]
SQL: SHOW COLUMNS FROM `songlistenrecord` [ RunTime:0.0032s ]
SQL: INSERT INTO `songlistenrecord` (`songid`,`songname`,`singername`,`addtime`) VALUES ('2338','将心比心','张学友','2017-10-13 23:10:47.000000') [ RunTime:0.0015s ]
SQL: select DISTINCT b.*,c.singername from songlistenrecord a INNER JOIN song b ON b.id = a.songid INNER JOIN singer c ON c.id = b.singerid order by a.id DESC limit 0,15 [ RunTime:0.0993s ]
INFO: [ app_end ] --START--
INFO: Run Behavior\ShowPageTraceBehavior [ RunTime:0.000710s ]
INFO: [ app_end ] --END-- [ RunTime:0.000745s ]

[ 2017-10-13T23:14:47+08:00 ] 127.0.0.1 /apimusic/get_song_random?callback=jQuery111108748784366328328_1507906359464&songtype=1&_=1507906359471
INFO: [ app_init ] --START--
INFO: Run Behavior\BuildLiteBehavior [ RunTime:0.000019s ]
INFO: [ app_init ] --END-- [ RunTime:0.000811s ]
INFO: [ app_begin ] --START--
INFO: Run Behavior\ReadHtmlCacheBehavior [ RunTime:0.001269s ]
INFO: [ app_begin ] --END-- [ RunTime:0.001340s ]
NOTIC: [8] Undefined index: sid D:\www\phpweb\music.xingzhi.com\Common\Common\function.php 第 63 行.
SQL: SHOW COLUMNS FROM `song` [ RunTime:0.0038s ]
SQL: SHOW COLUMNS FROM `song` [ RunTime:0.0036s ]
SQL: SELECT song.*, 
				(SELECT singername from singer a WHERE a.id = song.singerid)  as singername,
				(SELECT albumname from singeralbum b WHERE b.id = song.albumnid)  as albumname,
				(SELECT thumbnail from singeralbum b WHERE b.id = song.albumnid)  as thumbnail 
				FROM song WHERE (filetype = 'mp3' OR filetype = 'm4a') AND songtype = 1 ORDER BY RAND() LIMIT 1 [ RunTime:0.0236s ]
SQL: UPDATE song SET listentime = listentime + 1 WHERE id = 2031 [ RunTime:0.0016s ]
INFO: [ app_end ] --START--
INFO: Run Behavior\ShowPageTraceBehavior [ RunTime:0.000754s ]
INFO: [ app_end ] --END-- [ RunTime:0.000785s ]

[ 2017-10-13T23:14:47+08:00 ] 127.0.0.1 /apimusic/get_song_info?songid=2031
INFO: [ app_init ] --START--
INFO: Run Behavior\BuildLiteBehavior [ RunTime:0.000010s ]
INFO: [ app_init ] --END-- [ RunTime:0.000399s ]
INFO: [ app_begin ] --START--
INFO: Run Behavior\ReadHtmlCacheBehavior [ RunTime:0.000589s ]
INFO: [ app_begin ] --END-- [ RunTime:0.000623s ]
SQL: SHOW COLUMNS FROM `song` [ RunTime:0.0036s ]
SQL: SHOW COLUMNS FROM `song` [ RunTime:0.0029s ]
SQL: SELECT a.*,b.albumname,b.issueyear,c.singername FROM song a INNER JOIN singeralbum b ON b.id = a.albumnid INNER JOIN singer c ON c.id = a.singerid WHERE a.id = 2031 [ RunTime:0.0003s ]
SQL: UPDATE song SET listentime = listentime + 1 WHERE id = 2031 [ RunTime:0.0013s ]
SQL: SHOW COLUMNS FROM `singer` [ RunTime:0.0037s ]
SQL: SHOW COLUMNS FROM `singer` [ RunTime:0.0030s ]
SQL: SELECT * FROM `singer` WHERE ( id = 3 )  [ RunTime:0.0002s ]
SQL: SHOW COLUMNS FROM `songlistenrecord` [ RunTime:0.0036s ]
SQL: SHOW COLUMNS FROM `songlistenrecord` [ RunTime:0.0031s ]
SQL: INSERT INTO `songlistenrecord` (`songid`,`songname`,`singername`,`addtime`) VALUES ('2031','没有你 没有我','刘德华','2017-10-13 23:14:47.000000') [ RunTime:0.0016s ]
SQL: select DISTINCT b.*,c.singername from songlistenrecord a INNER JOIN song b ON b.id = a.songid INNER JOIN singer c ON c.id = b.singerid order by a.id DESC limit 0,15 [ RunTime:0.0960s ]
INFO: [ app_end ] --START--
INFO: Run Behavior\ShowPageTraceBehavior [ RunTime:0.000714s ]
INFO: [ app_end ] --END-- [ RunTime:0.000749s ]

[ 2017-10-13T23:15:55+08:00 ] 127.0.0.1 /apimusic/album_library?callback=jQuery110203643009169645304_1507906848012&index=4&rows=20&_=1507906848017
INFO: [ app_init ] --START--
INFO: Run Behavior\BuildLiteBehavior [ RunTime:0.000010s ]
INFO: [ app_init ] --END-- [ RunTime:0.000453s ]
INFO: [ app_begin ] --START--
INFO: Run Behavior\ReadHtmlCacheBehavior [ RunTime:0.000711s ]
INFO: [ app_begin ] --END-- [ RunTime:0.000750s ]
SQL: SHOW COLUMNS FROM `singeralbum` [ RunTime:0.0035s ]
SQL: SHOW COLUMNS FROM `singeralbum` [ RunTime:0.0032s ]
SQL: SELECT * FROM `singeralbum` ORDER BY issueyear desc LIMIT 80,20   [ RunTime:0.0005s ]
SQL: SELECT COUNT(id) AS tp_count FROM `singeralbum` LIMIT 1   [ RunTime:0.0003s ]
INFO: [ app_end ] --START--
INFO: Run Behavior\ShowPageTraceBehavior [ RunTime:0.000799s ]
INFO: [ app_end ] --END-- [ RunTime:0.000835s ]

[ 2017-10-13T23:16:17+08:00 ] 127.0.0.1 /music/album_lib
INFO: [ app_init ] --START--
INFO: Run Behavior\BuildLiteBehavior [ RunTime:0.000012s ]
INFO: [ app_init ] --END-- [ RunTime:0.000499s ]
INFO: [ app_begin ] --START--
INFO: Run Behavior\ReadHtmlCacheBehavior [ RunTime:0.000713s ]
INFO: [ app_begin ] --END-- [ RunTime:0.000754s ]
SQL: SHOW COLUMNS FROM `song` [ RunTime:0.0039s ]
SQL: SHOW COLUMNS FROM `song` [ RunTime:0.0034s ]
SQL: SELECT COUNT(0) AS 'total' FROM song [ RunTime:0.0010s ]
INFO: [ view_parse ] --START--
INFO: [ template_filter ] --START--
INFO: Run Behavior\ContentReplaceBehavior [ RunTime:0.000066s ]
INFO: [ template_filter ] --END-- [ RunTime:0.000110s ]
INFO: Run Behavior\ParseTemplateBehavior [ RunTime:0.007047s ]
INFO: [ view_parse ] --END-- [ RunTime:0.007094s ]
INFO: [ view_filter ] --START--
INFO: Run Behavior\WriteHtmlCacheBehavior [ RunTime:0.000582s ]
INFO: [ view_filter ] --END-- [ RunTime:0.000615s ]
INFO: [ app_end ] --START--
INFO: Run Behavior\ShowPageTraceBehavior [ RunTime:0.000744s ]
INFO: [ app_end ] --END-- [ RunTime:0.000780s ]

[ 2017-10-13T23:16:17+08:00 ] 127.0.0.1 /apimusic/album_library?callback=jQuery110202725604714267238_1507907777463&index=0&rows=20&_=1507907777464
INFO: [ app_init ] --START--
INFO: Run Behavior\BuildLiteBehavior [ RunTime:0.000014s ]
INFO: [ app_init ] --END-- [ RunTime:0.000439s ]
INFO: [ app_begin ] --START--
INFO: Run Behavior\ReadHtmlCacheBehavior [ RunTime:0.000741s ]
INFO: [ app_begin ] --END-- [ RunTime:0.000786s ]
SQL: SHOW COLUMNS FROM `singeralbum` [ RunTime:0.0039s ]
SQL: SHOW COLUMNS FROM `singeralbum` [ RunTime:0.0033s ]
SQL: SELECT * FROM `singeralbum` ORDER BY issueyear desc LIMIT 0,20   [ RunTime:0.0005s ]
SQL: SELECT COUNT(id) AS tp_count FROM `singeralbum` LIMIT 1   [ RunTime:0.0003s ]
INFO: [ app_end ] --START--
INFO: Run Behavior\ShowPageTraceBehavior [ RunTime:0.000710s ]
INFO: [ app_end ] --END-- [ RunTime:0.000745s ]

[ 2017-10-13T23:17:05+08:00 ] 127.0.0.1 /music/album_lib
INFO: [ app_init ] --START--
INFO: Run Behavior\BuildLiteBehavior [ RunTime:0.000011s ]
INFO: [ app_init ] --END-- [ RunTime:0.000449s ]
INFO: [ app_begin ] --START--
INFO: Run Behavior\ReadHtmlCacheBehavior [ RunTime:0.000672s ]
INFO: [ app_begin ] --END-- [ RunTime:0.000708s ]
SQL: SHOW COLUMNS FROM `song` [ RunTime:0.0049s ]
SQL: SHOW COLUMNS FROM `song` [ RunTime:0.0031s ]
SQL: SELECT COUNT(0) AS 'total' FROM song [ RunTime:0.0009s ]
INFO: [ view_parse ] --START--
INFO: [ template_filter ] --START--
INFO: Run Behavior\ContentReplaceBehavior [ RunTime:0.000054s ]
INFO: [ template_filter ] --END-- [ RunTime:0.000086s ]
INFO: Run Behavior\ParseTemplateBehavior [ RunTime:0.006040s ]
INFO: [ view_parse ] --END-- [ RunTime:0.006080s ]
INFO: [ view_filter ] --START--
INFO: Run Behavior\WriteHtmlCacheBehavior [ RunTime:0.000500s ]
INFO: [ view_filter ] --END-- [ RunTime:0.000529s ]
INFO: [ app_end ] --START--
INFO: Run Behavior\ShowPageTraceBehavior [ RunTime:0.000652s ]
INFO: [ app_end ] --END-- [ RunTime:0.000683s ]

[ 2017-10-13T23:17:05+08:00 ] 127.0.0.1 /apimusic/album_library?callback=jQuery110202433583282012508_1507907825345&index=0&rows=20&_=1507907825346
INFO: [ app_init ] --START--
INFO: Run Behavior\BuildLiteBehavior [ RunTime:0.000012s ]
INFO: [ app_init ] --END-- [ RunTime:0.000447s ]
INFO: [ app_begin ] --START--
INFO: Run Behavior\ReadHtmlCacheBehavior [ RunTime:0.000658s ]
INFO: [ app_begin ] --END-- [ RunTime:0.000699s ]
SQL: SHOW COLUMNS FROM `singeralbum` [ RunTime:0.0053s ]
SQL: SHOW COLUMNS FROM `singeralbum` [ RunTime:0.0040s ]
SQL: SELECT * FROM `singeralbum` ORDER BY issueyear desc LIMIT 0,20   [ RunTime:0.0005s ]
SQL: SELECT COUNT(id) AS tp_count FROM `singeralbum` LIMIT 1   [ RunTime:0.0003s ]
INFO: [ app_end ] --START--
INFO: Run Behavior\ShowPageTraceBehavior [ RunTime:0.000766s ]
INFO: [ app_end ] --END-- [ RunTime:0.000800s ]

[ 2017-10-13T23:17:08+08:00 ] 127.0.0.1 /apimusic/album_library?callback=jQuery110202433583282012508_1507907825345&index=1&rows=20&_=1507907825347
INFO: [ app_init ] --START--
INFO: Run Behavior\BuildLiteBehavior [ RunTime:0.000010s ]
INFO: [ app_init ] --END-- [ RunTime:0.000412s ]
INFO: [ app_begin ] --START--
INFO: Run Behavior\ReadHtmlCacheBehavior [ RunTime:0.000655s ]
INFO: [ app_begin ] --END-- [ RunTime:0.000692s ]
SQL: SHOW COLUMNS FROM `singeralbum` [ RunTime:0.0048s ]
SQL: SHOW COLUMNS FROM `singeralbum` [ RunTime:0.0031s ]
SQL: SELECT * FROM `singeralbum` ORDER BY issueyear desc LIMIT 20,20   [ RunTime:0.0004s ]
SQL: SELECT COUNT(id) AS tp_count FROM `singeralbum` LIMIT 1   [ RunTime:0.0002s ]
INFO: [ app_end ] --START--
INFO: Run Behavior\ShowPageTraceBehavior [ RunTime:0.000833s ]
INFO: [ app_end ] --END-- [ RunTime:0.000866s ]

[ 2017-10-13T23:17:08+08:00 ] 127.0.0.1 /apimusic/album_library?callback=jQuery110202433583282012508_1507907825345&index=16&rows=20&_=1507907825348
INFO: [ app_init ] --START--
INFO: Run Behavior\BuildLiteBehavior [ RunTime:0.000010s ]
INFO: [ app_init ] --END-- [ RunTime:0.000411s ]
INFO: [ app_begin ] --START--
INFO: Run Behavior\ReadHtmlCacheBehavior [ RunTime:0.000621s ]
INFO: [ app_begin ] --END-- [ RunTime:0.000658s ]
SQL: SHOW COLUMNS FROM `singeralbum` [ RunTime:0.0049s ]
SQL: SHOW COLUMNS FROM `singeralbum` [ RunTime:0.0029s ]
SQL: SELECT * FROM `singeralbum` ORDER BY issueyear desc LIMIT 320,20   [ RunTime:0.0006s ]
SQL: SELECT COUNT(id) AS tp_count FROM `singeralbum` LIMIT 1   [ RunTime:0.0004s ]
INFO: [ app_end ] --START--
INFO: Run Behavior\ShowPageTraceBehavior [ RunTime:0.000858s ]
INFO: [ app_end ] --END-- [ RunTime:0.000904s ]

[ 2017-10-13T23:17:10+08:00 ] 127.0.0.1 /apimusic/album_library?callback=jQuery110202433583282012508_1507907825345&index=15&rows=20&_=1507907825349
INFO: [ app_init ] --START--
INFO: Run Behavior\BuildLiteBehavior [ RunTime:0.000009s ]
INFO: [ app_init ] --END-- [ RunTime:0.000411s ]
INFO: [ app_begin ] --START--
INFO: Run Behavior\ReadHtmlCacheBehavior [ RunTime:0.000629s ]
INFO: [ app_begin ] --END-- [ RunTime:0.000665s ]
SQL: SHOW COLUMNS FROM `singeralbum` [ RunTime:0.0055s ]
SQL: SHOW COLUMNS FROM `singeralbum` [ RunTime:0.0034s ]
SQL: SELECT * FROM `singeralbum` ORDER BY issueyear desc LIMIT 300,20   [ RunTime:0.0007s ]
SQL: SELECT COUNT(id) AS tp_count FROM `singeralbum` LIMIT 1   [ RunTime:0.0003s ]
INFO: [ app_end ] --START--
INFO: Run Behavior\ShowPageTraceBehavior [ RunTime:0.000805s ]
INFO: [ app_end ] --END-- [ RunTime:0.000838s ]

[ 2017-10-13T23:17:12+08:00 ] 127.0.0.1 /apimusic/album_library?callback=jQuery110202433583282012508_1507907825345&index=14&rows=20&_=1507907825350
INFO: [ app_init ] --START--
INFO: Run Behavior\BuildLiteBehavior [ RunTime:0.000013s ]
INFO: [ app_init ] --END-- [ RunTime:0.000357s ]
INFO: [ app_begin ] --START--
INFO: Run Behavior\ReadHtmlCacheBehavior [ RunTime:0.000608s ]
INFO: [ app_begin ] --END-- [ RunTime:0.000650s ]
SQL: SHOW COLUMNS FROM `singeralbum` [ RunTime:0.0035s ]
SQL: SHOW COLUMNS FROM `singeralbum` [ RunTime:0.0028s ]
SQL: SELECT * FROM `singeralbum` ORDER BY issueyear desc LIMIT 280,20   [ RunTime:0.0006s ]
SQL: SELECT COUNT(id) AS tp_count FROM `singeralbum` LIMIT 1   [ RunTime:0.0002s ]
INFO: [ app_end ] --START--
INFO: Run Behavior\ShowPageTraceBehavior [ RunTime:0.000749s ]
INFO: [ app_end ] --END-- [ RunTime:0.000786s ]

[ 2017-10-13T23:17:46+08:00 ] 127.0.0.1 /music/album_lib
INFO: [ app_init ] --START--
INFO: Run Behavior\BuildLiteBehavior [ RunTime:0.000012s ]
INFO: [ app_init ] --END-- [ RunTime:0.000393s ]
INFO: [ app_begin ] --START--
INFO: Run Behavior\ReadHtmlCacheBehavior [ RunTime:0.000691s ]
INFO: [ app_begin ] --END-- [ RunTime:0.000732s ]
SQL: SHOW COLUMNS FROM `song` [ RunTime:0.0034s ]
SQL: SHOW COLUMNS FROM `song` [ RunTime:0.0030s ]
SQL: SELECT COUNT(0) AS 'total' FROM song [ RunTime:0.0009s ]
INFO: [ view_parse ] --START--
INFO: [ template_filter ] --START--
INFO: Run Behavior\ContentReplaceBehavior [ RunTime:0.000056s ]
INFO: [ template_filter ] --END-- [ RunTime:0.000090s ]
INFO: Run Behavior\ParseTemplateBehavior [ RunTime:0.006098s ]
INFO: [ view_parse ] --END-- [ RunTime:0.006137s ]
INFO: [ view_filter ] --START--
INFO: Run Behavior\WriteHtmlCacheBehavior [ RunTime:0.000528s ]
INFO: [ view_filter ] --END-- [ RunTime:0.000557s ]
INFO: [ app_end ] --START--
INFO: Run Behavior\ShowPageTraceBehavior [ RunTime:0.000673s ]
INFO: [ app_end ] --END-- [ RunTime:0.000705s ]

[ 2017-10-13T23:17:46+08:00 ] 127.0.0.1 /apimusic/album_library?callback=jQuery1102097050531466776_1507907866194&index=0&rows=20&_=1507907866195
INFO: [ app_init ] --START--
INFO: Run Behavior\BuildLiteBehavior [ RunTime:0.000012s ]
INFO: [ app_init ] --END-- [ RunTime:0.000367s ]
INFO: [ app_begin ] --START--
INFO: Run Behavior\ReadHtmlCacheBehavior [ RunTime:0.000750s ]
INFO: [ app_begin ] --END-- [ RunTime:0.000794s ]
SQL: SHOW COLUMNS FROM `singeralbum` [ RunTime:0.0035s ]
SQL: SHOW COLUMNS FROM `singeralbum` [ RunTime:0.0032s ]
SQL: SELECT * FROM `singeralbum` ORDER BY issueyear desc LIMIT 0,20   [ RunTime:0.0005s ]
SQL: SELECT COUNT(id) AS tp_count FROM `singeralbum` LIMIT 1   [ RunTime:0.0003s ]
INFO: [ app_end ] --START--
INFO: Run Behavior\ShowPageTraceBehavior [ RunTime:0.000772s ]
INFO: [ app_end ] --END-- [ RunTime:0.000810s ]

[ 2017-10-13T23:17:47+08:00 ] 127.0.0.1 /apimusic/album_library?callback=jQuery1102097050531466776_1507907866194&index=16&rows=20&_=1507907866196
INFO: [ app_init ] --START--
INFO: Run Behavior\BuildLiteBehavior [ RunTime:0.000020s ]
INFO: [ app_init ] --END-- [ RunTime:0.000506s ]
INFO: [ app_begin ] --START--
INFO: Run Behavior\ReadHtmlCacheBehavior [ RunTime:0.000784s ]
INFO: [ app_begin ] --END-- [ RunTime:0.000831s ]
SQL: SHOW COLUMNS FROM `singeralbum` [ RunTime:0.0042s ]
SQL: SHOW COLUMNS FROM `singeralbum` [ RunTime:0.0045s ]
SQL: SELECT * FROM `singeralbum` ORDER BY issueyear desc LIMIT 320,20   [ RunTime:0.0010s ]
SQL: SELECT COUNT(id) AS tp_count FROM `singeralbum` LIMIT 1   [ RunTime:0.0003s ]
INFO: [ app_end ] --START--
INFO: Run Behavior\ShowPageTraceBehavior [ RunTime:0.001069s ]
INFO: [ app_end ] --END-- [ RunTime:0.001103s ]

[ 2017-10-13T23:17:48+08:00 ] 127.0.0.1 /apimusic/album_library?callback=jQuery1102097050531466776_1507907866194&index=15&rows=20&_=1507907866197
INFO: [ app_init ] --START--
INFO: Run Behavior\BuildLiteBehavior [ RunTime:0.000010s ]
INFO: [ app_init ] --END-- [ RunTime:0.000372s ]
INFO: [ app_begin ] --START--
INFO: Run Behavior\ReadHtmlCacheBehavior [ RunTime:0.000669s ]
INFO: [ app_begin ] --END-- [ RunTime:0.000706s ]
SQL: SHOW COLUMNS FROM `singeralbum` [ RunTime:0.0036s ]
SQL: SHOW COLUMNS FROM `singeralbum` [ RunTime:0.0034s ]
SQL: SELECT * FROM `singeralbum` ORDER BY issueyear desc LIMIT 300,20   [ RunTime:0.0007s ]
SQL: SELECT COUNT(id) AS tp_count FROM `singeralbum` LIMIT 1   [ RunTime:0.0004s ]
INFO: [ app_end ] --START--
INFO: Run Behavior\ShowPageTraceBehavior [ RunTime:0.000765s ]
INFO: [ app_end ] --END-- [ RunTime:0.000796s ]

[ 2017-10-13T23:17:49+08:00 ] 127.0.0.1 /apimusic/album_library?callback=jQuery1102097050531466776_1507907866194&index=14&rows=20&_=1507907866198
INFO: [ app_init ] --START--
INFO: Run Behavior\BuildLiteBehavior [ RunTime:0.000009s ]
INFO: [ app_init ] --END-- [ RunTime:0.000404s ]
INFO: [ app_begin ] --START--
INFO: Run Behavior\ReadHtmlCacheBehavior [ RunTime:0.000718s ]
INFO: [ app_begin ] --END-- [ RunTime:0.000764s ]
SQL: SHOW COLUMNS FROM `singeralbum` [ RunTime:0.0036s ]
SQL: SHOW COLUMNS FROM `singeralbum` [ RunTime:0.0029s ]
SQL: SELECT * FROM `singeralbum` ORDER BY issueyear desc LIMIT 280,20   [ RunTime:0.0006s ]
SQL: SELECT COUNT(id) AS tp_count FROM `singeralbum` LIMIT 1   [ RunTime:0.0002s ]
INFO: [ app_end ] --START--
INFO: Run Behavior\ShowPageTraceBehavior [ RunTime:0.000734s ]
INFO: [ app_end ] --END-- [ RunTime:0.000767s ]

[ 2017-10-13T23:18:02+08:00 ] 127.0.0.1 /music/album_lib
INFO: [ app_init ] --START--
INFO: Run Behavior\BuildLiteBehavior [ RunTime:0.000019s ]
INFO: [ app_init ] --END-- [ RunTime:0.000654s ]
INFO: [ app_begin ] --START--
INFO: Run Behavior\ReadHtmlCacheBehavior [ RunTime:0.001155s ]
INFO: [ app_begin ] --END-- [ RunTime:0.001222s ]
SQL: SHOW COLUMNS FROM `song` [ RunTime:0.0034s ]
SQL: SHOW COLUMNS FROM `song` [ RunTime:0.0037s ]
SQL: SELECT COUNT(0) AS 'total' FROM song [ RunTime:0.0009s ]
INFO: [ view_parse ] --START--
INFO: [ template_filter ] --START--
INFO: Run Behavior\ContentReplaceBehavior [ RunTime:0.000053s ]
INFO: [ template_filter ] --END-- [ RunTime:0.000086s ]
INFO: Run Behavior\ParseTemplateBehavior [ RunTime:0.005997s ]
INFO: [ view_parse ] --END-- [ RunTime:0.006035s ]
INFO: [ view_filter ] --START--
INFO: Run Behavior\WriteHtmlCacheBehavior [ RunTime:0.000470s ]
INFO: [ view_filter ] --END-- [ RunTime:0.000499s ]
INFO: [ app_end ] --START--
INFO: Run Behavior\ShowPageTraceBehavior [ RunTime:0.000683s ]
INFO: [ app_end ] --END-- [ RunTime:0.000716s ]

[ 2017-10-13T23:18:02+08:00 ] 127.0.0.1 /apimusic/album_library?callback=jQuery110209559477921423967_1507907882155&index=0&rows=20&_=1507907882156
INFO: [ app_init ] --START--
INFO: Run Behavior\BuildLiteBehavior [ RunTime:0.000011s ]
INFO: [ app_init ] --END-- [ RunTime:0.000411s ]
INFO: [ app_begin ] --START--
INFO: Run Behavior\ReadHtmlCacheBehavior [ RunTime:0.000780s ]
INFO: [ app_begin ] --END-- [ RunTime:0.000827s ]
SQL: SHOW COLUMNS FROM `singeralbum` [ RunTime:0.0037s ]
SQL: SHOW COLUMNS FROM `singeralbum` [ RunTime:0.0032s ]
SQL: SELECT * FROM `singeralbum` ORDER BY issueyear desc LIMIT 0,20   [ RunTime:0.0006s ]
SQL: SELECT COUNT(id) AS tp_count FROM `singeralbum` LIMIT 1   [ RunTime:0.0003s ]
INFO: [ app_end ] --START--
INFO: Run Behavior\ShowPageTraceBehavior [ RunTime:0.000805s ]
INFO: [ app_end ] --END-- [ RunTime:0.000842s ]

[ 2017-10-13T23:18:57+08:00 ] 127.0.0.1 /music/album_lib
INFO: [ app_init ] --START--
INFO: Run Behavior\BuildLiteBehavior [ RunTime:0.000011s ]
INFO: [ app_init ] --END-- [ RunTime:0.000453s ]
INFO: [ app_begin ] --START--
INFO: Run Behavior\ReadHtmlCacheBehavior [ RunTime:0.000723s ]
INFO: [ app_begin ] --END-- [ RunTime:0.000758s ]
SQL: SHOW COLUMNS FROM `song` [ RunTime:0.0051s ]
SQL: SHOW COLUMNS FROM `song` [ RunTime:0.0037s ]
SQL: SELECT COUNT(0) AS 'total' FROM song [ RunTime:0.0009s ]
INFO: [ view_parse ] --START--
INFO: [ template_filter ] --START--
INFO: Run Behavior\ContentReplaceBehavior [ RunTime:0.000052s ]
INFO: [ template_filter ] --END-- [ RunTime:0.000085s ]
INFO: Run Behavior\ParseTemplateBehavior [ RunTime:0.006449s ]
INFO: [ view_parse ] --END-- [ RunTime:0.006488s ]
INFO: [ view_filter ] --START--
INFO: Run Behavior\WriteHtmlCacheBehavior [ RunTime:0.000599s ]
INFO: [ view_filter ] --END-- [ RunTime:0.000628s ]
INFO: [ app_end ] --START--
INFO: Run Behavior\ShowPageTraceBehavior [ RunTime:0.000668s ]
INFO: [ app_end ] --END-- [ RunTime:0.000699s ]

[ 2017-10-13T23:18:57+08:00 ] 127.0.0.1 /apimusic/album_library?callback=jQuery110207858724209663293_1507907937503&index=0&rows=20&_=1507907937504
INFO: [ app_init ] --START--
INFO: Run Behavior\BuildLiteBehavior [ RunTime:0.000013s ]
INFO: [ app_init ] --END-- [ RunTime:0.000405s ]
INFO: [ app_begin ] --START--
INFO: Run Behavior\ReadHtmlCacheBehavior [ RunTime:0.000672s ]
INFO: [ app_begin ] --END-- [ RunTime:0.000718s ]
SQL: SHOW COLUMNS FROM `singeralbum` [ RunTime:0.0050s ]
SQL: SHOW COLUMNS FROM `singeralbum` [ RunTime:0.0033s ]
SQL: SELECT * FROM `singeralbum` ORDER BY issueyear desc LIMIT 0,20   [ RunTime:0.0005s ]
SQL: SELECT COUNT(id) AS tp_count FROM `singeralbum` LIMIT 1   [ RunTime:0.0003s ]
INFO: [ app_end ] --START--
INFO: Run Behavior\ShowPageTraceBehavior [ RunTime:0.000762s ]
INFO: [ app_end ] --END-- [ RunTime:0.000797s ]

[ 2017-10-13T23:19:35+08:00 ] 127.0.0.1 /music/album_lib
INFO: [ app_init ] --START--
INFO: Run Behavior\BuildLiteBehavior [ RunTime:0.000012s ]
INFO: [ app_init ] --END-- [ RunTime:0.000854s ]
INFO: [ app_begin ] --START--
INFO: Run Behavior\ReadHtmlCacheBehavior [ RunTime:0.000729s ]
INFO: [ app_begin ] --END-- [ RunTime:0.000766s ]
SQL: SHOW COLUMNS FROM `song` [ RunTime:0.0049s ]
SQL: SHOW COLUMNS FROM `song` [ RunTime:0.0032s ]
SQL: SELECT COUNT(0) AS 'total' FROM song [ RunTime:0.0009s ]
INFO: [ view_parse ] --START--
INFO: [ template_filter ] --START--
INFO: Run Behavior\ContentReplaceBehavior [ RunTime:0.000057s ]
INFO: [ template_filter ] --END-- [ RunTime:0.000093s ]
INFO: Run Behavior\ParseTemplateBehavior [ RunTime:0.006350s ]
INFO: [ view_parse ] --END-- [ RunTime:0.006392s ]
INFO: [ view_filter ] --START--
INFO: Run Behavior\WriteHtmlCacheBehavior [ RunTime:0.000553s ]
INFO: [ view_filter ] --END-- [ RunTime:0.000582s ]
INFO: [ app_end ] --START--
INFO: Run Behavior\ShowPageTraceBehavior [ RunTime:0.000698s ]
INFO: [ app_end ] --END-- [ RunTime:0.000739s ]

[ 2017-10-13T23:19:36+08:00 ] 127.0.0.1 /apimusic/album_library?callback=jQuery110205429579302091396_1507907976005&index=0&rows=20&_=1507907976006
INFO: [ app_init ] --START--
INFO: Run Behavior\BuildLiteBehavior [ RunTime:0.000013s ]
INFO: [ app_init ] --END-- [ RunTime:0.000378s ]
INFO: [ app_begin ] --START--
INFO: Run Behavior\ReadHtmlCacheBehavior [ RunTime:0.000657s ]
INFO: [ app_begin ] --END-- [ RunTime:0.000699s ]
SQL: SHOW COLUMNS FROM `singeralbum` [ RunTime:0.0050s ]
SQL: SHOW COLUMNS FROM `singeralbum` [ RunTime:0.0034s ]
SQL: SELECT * FROM `singeralbum` ORDER BY issueyear desc LIMIT 0,20   [ RunTime:0.0005s ]
SQL: SELECT COUNT(id) AS tp_count FROM `singeralbum` LIMIT 1   [ RunTime:0.0003s ]
INFO: [ app_end ] --START--
INFO: Run Behavior\ShowPageTraceBehavior [ RunTime:0.000779s ]
INFO: [ app_end ] --END-- [ RunTime:0.000813s ]

[ 2017-10-13T23:20:07+08:00 ] 127.0.0.1 /apimusic/album_library?callback=jQuery110205429579302091396_1507907976005&index=16&rows=20&_=1507907976007
INFO: [ app_init ] --START--
INFO: Run Behavior\BuildLiteBehavior [ RunTime:0.000010s ]
INFO: [ app_init ] --END-- [ RunTime:0.000428s ]
INFO: [ app_begin ] --START--
INFO: Run Behavior\ReadHtmlCacheBehavior [ RunTime:0.000701s ]
INFO: [ app_begin ] --END-- [ RunTime:0.000738s ]
SQL: SHOW COLUMNS FROM `singeralbum` [ RunTime:0.0045s ]
SQL: SHOW COLUMNS FROM `singeralbum` [ RunTime:0.0031s ]
SQL: SELECT * FROM `singeralbum` ORDER BY issueyear desc LIMIT 320,20   [ RunTime:0.0007s ]
SQL: SELECT COUNT(id) AS tp_count FROM `singeralbum` LIMIT 1   [ RunTime:0.0002s ]
INFO: [ app_end ] --START--
INFO: Run Behavior\ShowPageTraceBehavior [ RunTime:0.000817s ]
INFO: [ app_end ] --END-- [ RunTime:0.000851s ]

[ 2017-10-13T23:20:23+08:00 ] 127.0.0.1 /apimusic/get_song_random?callback=jQuery111108748784366328328_1507906359464&songtype=1&_=1507906359472
INFO: [ app_init ] --START--
INFO: Run Behavior\BuildLiteBehavior [ RunTime:0.000016s ]
INFO: [ app_init ] --END-- [ RunTime:0.000623s ]
INFO: [ app_begin ] --START--
INFO: Run Behavior\ReadHtmlCacheBehavior [ RunTime:0.001075s ]
INFO: [ app_begin ] --END-- [ RunTime:0.001134s ]
NOTIC: [8] Undefined index: sid D:\www\phpweb\music.xingzhi.com\Common\Common\function.php 第 63 行.
SQL: SHOW COLUMNS FROM `song` [ RunTime:0.0037s ]
SQL: SHOW COLUMNS FROM `song` [ RunTime:0.0035s ]
SQL: SELECT song.*, 
				(SELECT singername from singer a WHERE a.id = song.singerid)  as singername,
				(SELECT albumname from singeralbum b WHERE b.id = song.albumnid)  as albumname,
				(SELECT thumbnail from singeralbum b WHERE b.id = song.albumnid)  as thumbnail 
				FROM song WHERE (filetype = 'mp3' OR filetype = 'm4a') AND songtype = 1 ORDER BY RAND() LIMIT 1 [ RunTime:0.0245s ]
SQL: UPDATE song SET listentime = listentime + 1 WHERE id = 1350 [ RunTime:0.0015s ]
INFO: [ app_end ] --START--
INFO: Run Behavior\ShowPageTraceBehavior [ RunTime:0.000840s ]
INFO: [ app_end ] --END-- [ RunTime:0.000873s ]

[ 2017-10-13T23:20:23+08:00 ] 127.0.0.1 /apimusic/get_song_info?songid=1350
INFO: [ app_init ] --START--
INFO: Run Behavior\BuildLiteBehavior [ RunTime:0.000010s ]
INFO: [ app_init ] --END-- [ RunTime:0.000435s ]
INFO: [ app_begin ] --START--
INFO: Run Behavior\ReadHtmlCacheBehavior [ RunTime:0.000636s ]
INFO: [ app_begin ] --END-- [ RunTime:0.000671s ]
SQL: SHOW COLUMNS FROM `song` [ RunTime:0.0050s ]
SQL: SHOW COLUMNS FROM `song` [ RunTime:0.0042s ]
SQL: SELECT a.*,b.albumname,b.issueyear,c.singername FROM song a INNER JOIN singeralbum b ON b.id = a.albumnid INNER JOIN singer c ON c.id = a.singerid WHERE a.id = 1350 [ RunTime:0.0004s ]
SQL: UPDATE song SET listentime = listentime + 1 WHERE id = 1350 [ RunTime:0.0044s ]
SQL: SHOW COLUMNS FROM `singer` [ RunTime:0.0035s ]
SQL: SHOW COLUMNS FROM `singer` [ RunTime:0.0036s ]
SQL: SELECT * FROM `singer` WHERE ( id = 5 )  [ RunTime:0.0004s ]
SQL: SHOW COLUMNS FROM `songlistenrecord` [ RunTime:0.0035s ]
SQL: SHOW COLUMNS FROM `songlistenrecord` [ RunTime:0.0033s ]
SQL: INSERT INTO `songlistenrecord` (`songid`,`songname`,`singername`,`addtime`) VALUES ('1350','有病呻吟','张学友','2017-10-13 23:20:23.000000') [ RunTime:0.0073s ]
SQL: select DISTINCT b.*,c.singername from songlistenrecord a INNER JOIN song b ON b.id = a.songid INNER JOIN singer c ON c.id = b.singerid order by a.id DESC limit 0,15 [ RunTime:0.1001s ]
INFO: [ app_end ] --START--
INFO: Run Behavior\ShowPageTraceBehavior [ RunTime:0.000838s ]
INFO: [ app_end ] --END-- [ RunTime:0.000874s ]

[ 2017-10-13T23:23:53+08:00 ] 127.0.0.1 /apimusic/get_song_random?callback=jQuery111108748784366328328_1507906359464&songtype=1&_=1507906359473
INFO: [ app_init ] --START--
INFO: Run Behavior\BuildLiteBehavior [ RunTime:0.000018s ]
INFO: [ app_init ] --END-- [ RunTime:0.000781s ]
INFO: [ app_begin ] --START--
INFO: Run Behavior\ReadHtmlCacheBehavior [ RunTime:0.001228s ]
INFO: [ app_begin ] --END-- [ RunTime:0.001300s ]
NOTIC: [8] Undefined index: sid D:\www\phpweb\music.xingzhi.com\Common\Common\function.php 第 63 行.
SQL: SHOW COLUMNS FROM `song` [ RunTime:0.0050s ]
SQL: SHOW COLUMNS FROM `song` [ RunTime:0.0038s ]
SQL: SELECT song.*, 
				(SELECT singername from singer a WHERE a.id = song.singerid)  as singername,
				(SELECT albumname from singeralbum b WHERE b.id = song.albumnid)  as albumname,
				(SELECT thumbnail from singeralbum b WHERE b.id = song.albumnid)  as thumbnail 
				FROM song WHERE (filetype = 'mp3' OR filetype = 'm4a') AND songtype = 1 ORDER BY RAND() LIMIT 1 [ RunTime:0.0259s ]
SQL: UPDATE song SET listentime = listentime + 1 WHERE id = 1278 [ RunTime:0.0017s ]
INFO: [ app_end ] --START--
INFO: Run Behavior\ShowPageTraceBehavior [ RunTime:0.000871s ]
INFO: [ app_end ] --END-- [ RunTime:0.000908s ]

[ 2017-10-13T23:23:53+08:00 ] 127.0.0.1 /apimusic/get_song_info?songid=1278
INFO: [ app_init ] --START--
INFO: Run Behavior\BuildLiteBehavior [ RunTime:0.000010s ]
INFO: [ app_init ] --END-- [ RunTime:0.000389s ]
INFO: [ app_begin ] --START--
INFO: Run Behavior\ReadHtmlCacheBehavior [ RunTime:0.000649s ]
INFO: [ app_begin ] --END-- [ RunTime:0.000682s ]
SQL: SHOW COLUMNS FROM `song` [ RunTime:0.0035s ]
SQL: SHOW COLUMNS FROM `song` [ RunTime:0.0036s ]
SQL: SELECT a.*,b.albumname,b.issueyear,c.singername FROM song a INNER JOIN singeralbum b ON b.id = a.albumnid INNER JOIN singer c ON c.id = a.singerid WHERE a.id = 1278 [ RunTime:0.0004s ]
SQL: UPDATE song SET listentime = listentime + 1 WHERE id = 1278 [ RunTime:0.0014s ]
SQL: SHOW COLUMNS FROM `singer` [ RunTime:0.0032s ]
SQL: SHOW COLUMNS FROM `singer` [ RunTime:0.0033s ]
SQL: SELECT * FROM `singer` WHERE ( id = 44 )  [ RunTime:0.0002s ]
SQL: SHOW COLUMNS FROM `songlistenrecord` [ RunTime:0.0034s ]
SQL: SHOW COLUMNS FROM `songlistenrecord` [ RunTime:0.0033s ]
SQL: INSERT INTO `songlistenrecord` (`songid`,`songname`,`singername`,`addtime`) VALUES ('1278','我应该走','张信哲','2017-10-13 23:23:53.000000') [ RunTime:0.0015s ]
SQL: select DISTINCT b.*,c.singername from songlistenrecord a INNER JOIN song b ON b.id = a.songid INNER JOIN singer c ON c.id = b.singerid order by a.id DESC limit 0,15 [ RunTime:0.1102s ]
INFO: [ app_end ] --START--
INFO: Run Behavior\ShowPageTraceBehavior [ RunTime:0.000784s ]
INFO: [ app_end ] --END-- [ RunTime:0.000841s ]

[ 2017-10-13T23:28:28+08:00 ] 127.0.0.1 /apimusic/get_song_random?callback=jQuery111108748784366328328_1507906359464&songtype=1&_=1507906359474
INFO: [ app_init ] --START--
INFO: Run Behavior\BuildLiteBehavior [ RunTime:0.000015s ]
INFO: [ app_init ] --END-- [ RunTime:0.000679s ]
INFO: [ app_begin ] --START--
INFO: Run Behavior\ReadHtmlCacheBehavior [ RunTime:0.001056s ]
INFO: [ app_begin ] --END-- [ RunTime:0.001117s ]
NOTIC: [8] Undefined index: sid D:\www\phpweb\music.xingzhi.com\Common\Common\function.php 第 63 行.
SQL: SHOW COLUMNS FROM `song` [ RunTime:0.0053s ]
SQL: SHOW COLUMNS FROM `song` [ RunTime:0.0047s ]
SQL: SELECT song.*, 
				(SELECT singername from singer a WHERE a.id = song.singerid)  as singername,
				(SELECT albumname from singeralbum b WHERE b.id = song.albumnid)  as albumname,
				(SELECT thumbnail from singeralbum b WHERE b.id = song.albumnid)  as thumbnail 
				FROM song WHERE (filetype = 'mp3' OR filetype = 'm4a') AND songtype = 1 ORDER BY RAND() LIMIT 1 [ RunTime:0.0306s ]
SQL: UPDATE song SET listentime = listentime + 1 WHERE id = 767 [ RunTime:0.0015s ]
INFO: [ app_end ] --START--
INFO: Run Behavior\ShowPageTraceBehavior [ RunTime:0.000746s ]
INFO: [ app_end ] --END-- [ RunTime:0.000778s ]

[ 2017-10-13T23:28:28+08:00 ] 127.0.0.1 /apimusic/get_song_info?songid=767
INFO: [ app_init ] --START--
INFO: Run Behavior\BuildLiteBehavior [ RunTime:0.000009s ]
INFO: [ app_init ] --END-- [ RunTime:0.000394s ]
INFO: [ app_begin ] --START--
INFO: Run Behavior\ReadHtmlCacheBehavior [ RunTime:0.000943s ]
INFO: [ app_begin ] --END-- [ RunTime:0.000977s ]
SQL: SHOW COLUMNS FROM `song` [ RunTime:0.0048s ]
SQL: SHOW COLUMNS FROM `song` [ RunTime:0.0037s ]
SQL: SELECT a.*,b.albumname,b.issueyear,c.singername FROM song a INNER JOIN singeralbum b ON b.id = a.albumnid INNER JOIN singer c ON c.id = a.singerid WHERE a.id = 767 [ RunTime:0.0004s ]
SQL: UPDATE song SET listentime = listentime + 1 WHERE id = 767 [ RunTime:0.0015s ]
SQL: SHOW COLUMNS FROM `singer` [ RunTime:0.0038s ]
SQL: SHOW COLUMNS FROM `singer` [ RunTime:0.0029s ]
SQL: SELECT * FROM `singer` WHERE ( id = 23 )  [ RunTime:0.0002s ]
SQL: SHOW COLUMNS FROM `songlistenrecord` [ RunTime:0.0029s ]
SQL: SHOW COLUMNS FROM `songlistenrecord` [ RunTime:0.0030s ]
SQL: INSERT INTO `songlistenrecord` (`songid`,`songname`,`singername`,`addtime`) VALUES ('767','困兽之斗','周杰伦','2017-10-13 23:28:28.000000') [ RunTime:0.0013s ]
SQL: select DISTINCT b.*,c.singername from songlistenrecord a INNER JOIN song b ON b.id = a.songid INNER JOIN singer c ON c.id = b.singerid order by a.id DESC limit 0,15 [ RunTime:0.0931s ]
INFO: [ app_end ] --START--
INFO: Run Behavior\ShowPageTraceBehavior [ RunTime:0.000793s ]
INFO: [ app_end ] --END-- [ RunTime:0.000828s ]

[ 2017-10-13T23:32:56+08:00 ] 127.0.0.1 /apimusic/get_song_random?callback=jQuery111108748784366328328_1507906359464&songtype=1&_=1507906359475
INFO: [ app_init ] --START--
INFO: Run Behavior\BuildLiteBehavior [ RunTime:0.000020s ]
INFO: [ app_init ] --END-- [ RunTime:0.000842s ]
INFO: [ app_begin ] --START--
INFO: Run Behavior\ReadHtmlCacheBehavior [ RunTime:0.001345s ]
INFO: [ app_begin ] --END-- [ RunTime:0.001420s ]
NOTIC: [8] Undefined index: sid D:\www\phpweb\music.xingzhi.com\Common\Common\function.php 第 63 行.
SQL: SHOW COLUMNS FROM `song` [ RunTime:0.0038s ]
SQL: SHOW COLUMNS FROM `song` [ RunTime:0.0036s ]
SQL: SELECT song.*, 
				(SELECT singername from singer a WHERE a.id = song.singerid)  as singername,
				(SELECT albumname from singeralbum b WHERE b.id = song.albumnid)  as albumname,
				(SELECT thumbnail from singeralbum b WHERE b.id = song.albumnid)  as thumbnail 
				FROM song WHERE (filetype = 'mp3' OR filetype = 'm4a') AND songtype = 1 ORDER BY RAND() LIMIT 1 [ RunTime:0.0261s ]
SQL: UPDATE song SET listentime = listentime + 1 WHERE id = 1885 [ RunTime:0.0024s ]
INFO: [ app_end ] --START--
INFO: Run Behavior\ShowPageTraceBehavior [ RunTime:0.000825s ]
INFO: [ app_end ] --END-- [ RunTime:0.000862s ]

[ 2017-10-13T23:32:56+08:00 ] 127.0.0.1 /apimusic/get_song_info?songid=1885
INFO: [ app_init ] --START--
INFO: Run Behavior\BuildLiteBehavior [ RunTime:0.000009s ]
INFO: [ app_init ] --END-- [ RunTime:0.000387s ]
INFO: [ app_begin ] --START--
INFO: Run Behavior\ReadHtmlCacheBehavior [ RunTime:0.000643s ]
INFO: [ app_begin ] --END-- [ RunTime:0.000675s ]
SQL: SHOW COLUMNS FROM `song` [ RunTime:0.0036s ]
SQL: SHOW COLUMNS FROM `song` [ RunTime:0.0037s ]
SQL: SELECT a.*,b.albumname,b.issueyear,c.singername FROM song a INNER JOIN singeralbum b ON b.id = a.albumnid INNER JOIN singer c ON c.id = a.singerid WHERE a.id = 1885 [ RunTime:0.0005s ]
SQL: UPDATE song SET listentime = listentime + 1 WHERE id = 1885 [ RunTime:0.0018s ]
SQL: SHOW COLUMNS FROM `singer` [ RunTime:0.0037s ]
SQL: SHOW COLUMNS FROM `singer` [ RunTime:0.0036s ]
SQL: SELECT * FROM `singer` WHERE ( id = 23 )  [ RunTime:0.0002s ]
SQL: SHOW COLUMNS FROM `songlistenrecord` [ RunTime:0.0033s ]
SQL: SHOW COLUMNS FROM `songlistenrecord` [ RunTime:0.0032s ]
SQL: INSERT INTO `songlistenrecord` (`songid`,`songname`,`singername`,`addtime`) VALUES ('1885','黑色毛衣','周杰伦','2017-10-13 23:32:56.000000') [ RunTime:0.0014s ]
SQL: select DISTINCT b.*,c.singername from songlistenrecord a INNER JOIN song b ON b.id = a.songid INNER JOIN singer c ON c.id = b.singerid order by a.id DESC limit 0,15 [ RunTime:0.1012s ]
INFO: [ app_end ] --START--
INFO: Run Behavior\ShowPageTraceBehavior [ RunTime:0.000769s ]
INFO: [ app_end ] --END-- [ RunTime:0.000803s ]

[ 2017-10-13T23:37:11+08:00 ] 127.0.0.1 /apimusic/get_song_random?callback=jQuery111108748784366328328_1507906359464&songtype=1&_=1507906359476
INFO: [ app_init ] --START--
INFO: Run Behavior\BuildLiteBehavior [ RunTime:0.000051s ]
INFO: [ app_init ] --END-- [ RunTime:0.000842s ]
INFO: [ app_begin ] --START--
INFO: Run Behavior\ReadHtmlCacheBehavior [ RunTime:0.001236s ]
INFO: [ app_begin ] --END-- [ RunTime:0.001317s ]
NOTIC: [8] Undefined index: sid D:\www\phpweb\music.xingzhi.com\Common\Common\function.php 第 63 行.
SQL: SHOW COLUMNS FROM `song` [ RunTime:0.0055s ]
SQL: SHOW COLUMNS FROM `song` [ RunTime:0.0034s ]
SQL: SELECT song.*, 
				(SELECT singername from singer a WHERE a.id = song.singerid)  as singername,
				(SELECT albumname from singeralbum b WHERE b.id = song.albumnid)  as albumname,
				(SELECT thumbnail from singeralbum b WHERE b.id = song.albumnid)  as thumbnail 
				FROM song WHERE (filetype = 'mp3' OR filetype = 'm4a') AND songtype = 1 ORDER BY RAND() LIMIT 1 [ RunTime:0.0247s ]
SQL: UPDATE song SET listentime = listentime + 1 WHERE id = 421 [ RunTime:0.0016s ]
INFO: [ app_end ] --START--
INFO: Run Behavior\ShowPageTraceBehavior [ RunTime:0.000815s ]
INFO: [ app_end ] --END-- [ RunTime:0.000847s ]

[ 2017-10-13T23:37:11+08:00 ] 127.0.0.1 /apimusic/get_song_info?songid=421
INFO: [ app_init ] --START--
INFO: Run Behavior\BuildLiteBehavior [ RunTime:0.000010s ]
INFO: [ app_init ] --END-- [ RunTime:0.000420s ]
INFO: [ app_begin ] --START--
INFO: Run Behavior\ReadHtmlCacheBehavior [ RunTime:0.000719s ]
INFO: [ app_begin ] --END-- [ RunTime:0.000763s ]
SQL: SHOW COLUMNS FROM `song` [ RunTime:0.0044s ]
SQL: SHOW COLUMNS FROM `song` [ RunTime:0.0034s ]
SQL: SELECT a.*,b.albumname,b.issueyear,c.singername FROM song a INNER JOIN singeralbum b ON b.id = a.albumnid INNER JOIN singer c ON c.id = a.singerid WHERE a.id = 421 [ RunTime:0.0004s ]
SQL: UPDATE song SET listentime = listentime + 1 WHERE id = 421 [ RunTime:0.0013s ]
SQL: SHOW COLUMNS FROM `singer` [ RunTime:0.0031s ]
SQL: SHOW COLUMNS FROM `singer` [ RunTime:0.0034s ]
SQL: SELECT * FROM `singer` WHERE ( id = 19 )  [ RunTime:0.0004s ]
SQL: SHOW COLUMNS FROM `songlistenrecord` [ RunTime:0.0031s ]
SQL: SHOW COLUMNS FROM `songlistenrecord` [ RunTime:0.0027s ]
SQL: INSERT INTO `songlistenrecord` (`songid`,`songname`,`singername`,`addtime`) VALUES ('421','再见理想','Beyond','2017-10-13 23:37:11.000000') [ RunTime:0.0014s ]
SQL: select DISTINCT b.*,c.singername from songlistenrecord a INNER JOIN song b ON b.id = a.songid INNER JOIN singer c ON c.id = b.singerid order by a.id DESC limit 0,15 [ RunTime:0.0990s ]
INFO: [ app_end ] --START--
INFO: Run Behavior\ShowPageTraceBehavior [ RunTime:0.000824s ]
INFO: [ app_end ] --END-- [ RunTime:0.000861s ]

[ 2017-10-13T23:41:15+08:00 ] 127.0.0.1 /music/singerlist
INFO: [ app_init ] --START--
INFO: Run Behavior\BuildLiteBehavior [ RunTime:0.000011s ]
INFO: [ app_init ] --END-- [ RunTime:0.000454s ]
INFO: [ app_begin ] --START--
INFO: Run Behavior\ReadHtmlCacheBehavior [ RunTime:0.000690s ]
INFO: [ app_begin ] --END-- [ RunTime:0.000728s ]
SQL: SHOW COLUMNS FROM `song` [ RunTime:0.0039s ]
SQL: SHOW COLUMNS FROM `song` [ RunTime:0.0034s ]
SQL: SELECT COUNT(0) AS 'total' FROM song [ RunTime:0.0009s ]
INFO: [ view_parse ] --START--
INFO: [ template_filter ] --START--
INFO: Run Behavior\ContentReplaceBehavior [ RunTime:0.000049s ]
INFO: [ template_filter ] --END-- [ RunTime:0.000081s ]
INFO: Run Behavior\ParseTemplateBehavior [ RunTime:0.006135s ]
INFO: [ view_parse ] --END-- [ RunTime:0.006172s ]
INFO: [ view_filter ] --START--
INFO: Run Behavior\WriteHtmlCacheBehavior [ RunTime:0.000468s ]
INFO: [ view_filter ] --END-- [ RunTime:0.000497s ]
INFO: [ app_end ] --START--
INFO: Run Behavior\ShowPageTraceBehavior [ RunTime:0.000638s ]
INFO: [ app_end ] --END-- [ RunTime:0.000669s ]

[ 2017-10-13T23:41:15+08:00 ] 127.0.0.1 /apimusic/get_singer_list?callback=jQuery110209245384525877123_1507909275207&_=1507909275208
INFO: [ app_init ] --START--
INFO: Run Behavior\BuildLiteBehavior [ RunTime:0.000012s ]
INFO: [ app_init ] --END-- [ RunTime:0.000379s ]
INFO: [ app_begin ] --START--
INFO: Run Behavior\ReadHtmlCacheBehavior [ RunTime:0.000658s ]
INFO: [ app_begin ] --END-- [ RunTime:0.000696s ]
SQL: SHOW COLUMNS FROM `singer` [ RunTime:0.0039s ]
SQL: SHOW COLUMNS FROM `singer` [ RunTime:0.0033s ]
SQL: SELECT a.*, 
                (SELECT COUNT(0) FROM song WHERE singerid = a.id) AS total
                FROM singer a 
                ORDER BY a.firstletter ASC  [ RunTime:0.0661s ]
INFO: [ app_end ] --START--
INFO: Run Behavior\ShowPageTraceBehavior [ RunTime:0.000921s ]
INFO: [ app_end ] --END-- [ RunTime:0.000990s ]

[ 2017-10-13T23:41:19+08:00 ] 127.0.0.1 /music/albumn_list/sid/5
INFO: [ app_init ] --START--
INFO: Run Behavior\BuildLiteBehavior [ RunTime:0.000011s ]
INFO: [ app_init ] --END-- [ RunTime:0.000375s ]
INFO: [ app_begin ] --START--
INFO: Run Behavior\ReadHtmlCacheBehavior [ RunTime:0.000623s ]
INFO: [ app_begin ] --END-- [ RunTime:0.000662s ]
SQL: SHOW COLUMNS FROM `singer` [ RunTime:0.0033s ]
SQL: SHOW COLUMNS FROM `singer` [ RunTime:0.0031s ]
SQL: SELECT * FROM `singer` WHERE ( id = 5 )  [ RunTime:0.0003s ]
SQL: SHOW COLUMNS FROM `song` [ RunTime:0.0031s ]
SQL: SHOW COLUMNS FROM `song` [ RunTime:0.0030s ]
SQL: SELECT COUNT(0) AS 'total' FROM song [ RunTime:0.0008s ]
INFO: [ view_parse ] --START--
INFO: [ template_filter ] --START--
INFO: Run Behavior\ContentReplaceBehavior [ RunTime:0.000069s ]
INFO: [ template_filter ] --END-- [ RunTime:0.000102s ]
INFO: Run Behavior\ParseTemplateBehavior [ RunTime:0.006075s ]
INFO: [ view_parse ] --END-- [ RunTime:0.006112s ]
INFO: [ view_filter ] --START--
INFO: Run Behavior\WriteHtmlCacheBehavior [ RunTime:0.000438s ]
INFO: [ view_filter ] --END-- [ RunTime:0.000464s ]
INFO: [ app_end ] --START--
INFO: Run Behavior\ShowPageTraceBehavior [ RunTime:0.000553s ]
INFO: [ app_end ] --END-- [ RunTime:0.000582s ]

[ 2017-10-13T23:41:19+08:00 ] 127.0.0.1 /apimusic/get_album_list?callback=jQuery110207619950839388541_1507909279202&sid=5&_=1507909279203
INFO: [ app_init ] --START--
INFO: Run Behavior\BuildLiteBehavior [ RunTime:0.000010s ]
INFO: [ app_init ] --END-- [ RunTime:0.000359s ]
INFO: [ app_begin ] --START--
INFO: Run Behavior\ReadHtmlCacheBehavior [ RunTime:0.000604s ]
INFO: [ app_begin ] --END-- [ RunTime:0.000641s ]
NOTIC: [8] Undefined index: index D:\www\phpweb\music.xingzhi.com\Common\Common\function.php 第 63 行.
NOTIC: [8] Undefined index: rows D:\www\phpweb\music.xingzhi.com\Common\Common\function.php 第 63 行.
SQL: SHOW COLUMNS FROM `singeralbum` [ RunTime:0.0033s ]
SQL: SHOW COLUMNS FROM `singeralbum` [ RunTime:0.0029s ]
SQL: SELECT * FROM `singeralbum` WHERE ( singerid = 5 ) ORDER BY issueyear desc  [ RunTime:0.0006s ]
INFO: [ app_end ] --START--
INFO: Run Behavior\ShowPageTraceBehavior [ RunTime:0.000907s ]
INFO: [ app_end ] --END-- [ RunTime:0.000953s ]

[ 2017-10-13T23:41:23+08:00 ] 127.0.0.1 /music/songlist?sid=5&aid=202
INFO: [ app_init ] --START--
INFO: Run Behavior\BuildLiteBehavior [ RunTime:0.000010s ]
INFO: [ app_init ] --END-- [ RunTime:0.000425s ]
INFO: [ app_begin ] --START--
INFO: Run Behavior\ReadHtmlCacheBehavior [ RunTime:0.000661s ]
INFO: [ app_begin ] --END-- [ RunTime:0.000698s ]
SQL: SHOW COLUMNS FROM `song` [ RunTime:0.0051s ]
SQL: SHOW COLUMNS FROM `song` [ RunTime:0.0031s ]
SQL: SELECT COUNT(0) AS 'total' FROM song [ RunTime:0.0009s ]
SQL: SHOW COLUMNS FROM `singer` [ RunTime:0.0032s ]
SQL: SHOW COLUMNS FROM `singer` [ RunTime:0.0029s ]
SQL: SELECT * FROM `singer` WHERE ( id = 5 )  [ RunTime:0.0002s ]
SQL: SHOW COLUMNS FROM `singeralbum` [ RunTime:0.0033s ]
SQL: SHOW COLUMNS FROM `singeralbum` [ RunTime:0.0031s ]
SQL: SELECT * FROM `singeralbum` WHERE (  id = 202 )  [ RunTime:0.0002s ]
INFO: [ view_parse ] --START--
INFO: [ template_filter ] --START--
INFO: Run Behavior\ContentReplaceBehavior [ RunTime:0.000065s ]
INFO: [ template_filter ] --END-- [ RunTime:0.000105s ]
INFO: Run Behavior\ParseTemplateBehavior [ RunTime:0.007508s ]
INFO: [ view_parse ] --END-- [ RunTime:0.007549s ]
INFO: [ view_filter ] --START--
INFO: Run Behavior\WriteHtmlCacheBehavior [ RunTime:0.000549s ]
INFO: [ view_filter ] --END-- [ RunTime:0.000577s ]
INFO: [ app_end ] --START--
INFO: Run Behavior\ShowPageTraceBehavior [ RunTime:0.000628s ]
INFO: [ app_end ] --END-- [ RunTime:0.000666s ]

[ 2017-10-13T23:41:23+08:00 ] 127.0.0.1 /apimusic/get_song_list?callback=jQuery110204653877307865455_1507909283686&aid=202&_=1507909283687
INFO: [ app_init ] --START--
INFO: Run Behavior\BuildLiteBehavior [ RunTime:0.000012s ]
INFO: [ app_init ] --END-- [ RunTime:0.000375s ]
INFO: [ app_begin ] --START--
INFO: Run Behavior\ReadHtmlCacheBehavior [ RunTime:0.000723s ]
INFO: [ app_begin ] --END-- [ RunTime:0.000773s ]
SQL: SHOW COLUMNS FROM `song` [ RunTime:0.0036s ]
SQL: SHOW COLUMNS FROM `song` [ RunTime:0.0033s ]
SQL: SELECT * FROM `song` WHERE ( albumnid = 202 )  [ RunTime:0.0031s ]
INFO: [ app_end ] --START--
INFO: Run Behavior\ShowPageTraceBehavior [ RunTime:0.000706s ]
INFO: [ app_end ] --END-- [ RunTime:0.000742s ]

[ 2017-10-13T23:41:32+08:00 ] 127.0.0.1 /apimusic/get_album_list?callback=jQuery110206715353607899326_1507909292109&sid=5&_=1507909292110
INFO: [ app_init ] --START--
INFO: Run Behavior\BuildLiteBehavior [ RunTime:0.000034s ]
INFO: [ app_init ] --END-- [ RunTime:0.000519s ]
INFO: [ app_begin ] --START--
INFO: Run Behavior\ReadHtmlCacheBehavior [ RunTime:0.000774s ]
INFO: [ app_begin ] --END-- [ RunTime:0.000821s ]
NOTIC: [8] Undefined index: index D:\www\phpweb\music.xingzhi.com\Common\Common\function.php 第 63 行.
NOTIC: [8] Undefined index: rows D:\www\phpweb\music.xingzhi.com\Common\Common\function.php 第 63 行.
SQL: SHOW COLUMNS FROM `singeralbum` [ RunTime:0.0033s ]
SQL: SHOW COLUMNS FROM `singeralbum` [ RunTime:0.0029s ]
SQL: SELECT * FROM `singeralbum` WHERE ( singerid = 5 ) ORDER BY issueyear desc  [ RunTime:0.0005s ]
INFO: [ app_end ] --START--
INFO: Run Behavior\ShowPageTraceBehavior [ RunTime:0.000856s ]
INFO: [ app_end ] --END-- [ RunTime:0.000893s ]

[ 2017-10-13T23:41:43+08:00 ] 127.0.0.1 /music/songlist?sid=5&aid=17
INFO: [ app_init ] --START--
INFO: Run Behavior\BuildLiteBehavior [ RunTime:0.000010s ]
INFO: [ app_init ] --END-- [ RunTime:0.000391s ]
INFO: [ app_begin ] --START--
INFO: Run Behavior\ReadHtmlCacheBehavior [ RunTime:0.000670s ]
INFO: [ app_begin ] --END-- [ RunTime:0.000708s ]
SQL: SHOW COLUMNS FROM `song` [ RunTime:0.0050s ]
SQL: SHOW COLUMNS FROM `song` [ RunTime:0.0031s ]
SQL: SELECT COUNT(0) AS 'total' FROM song [ RunTime:0.0009s ]
SQL: SHOW COLUMNS FROM `singer` [ RunTime:0.0030s ]
SQL: SHOW COLUMNS FROM `singer` [ RunTime:0.0030s ]
SQL: SELECT * FROM `singer` WHERE ( id = 5 )  [ RunTime:0.0002s ]
SQL: SHOW COLUMNS FROM `singeralbum` [ RunTime:0.0033s ]
SQL: SHOW COLUMNS FROM `singeralbum` [ RunTime:0.0032s ]
SQL: SELECT * FROM `singeralbum` WHERE (  id = 17 )  [ RunTime:0.0002s ]
INFO: [ view_parse ] --START--
INFO: [ template_filter ] --START--
INFO: Run Behavior\ContentReplaceBehavior [ RunTime:0.000063s ]
INFO: [ template_filter ] --END-- [ RunTime:0.000100s ]
INFO: Run Behavior\ParseTemplateBehavior [ RunTime:0.007524s ]
INFO: [ view_parse ] --END-- [ RunTime:0.007577s ]
INFO: [ view_filter ] --START--
INFO: Run Behavior\WriteHtmlCacheBehavior [ RunTime:0.000549s ]
INFO: [ view_filter ] --END-- [ RunTime:0.000579s ]
INFO: [ app_end ] --START--
INFO: Run Behavior\ShowPageTraceBehavior [ RunTime:0.000752s ]
INFO: [ app_end ] --END-- [ RunTime:0.000796s ]

[ 2017-10-13T23:41:43+08:00 ] 127.0.0.1 /apimusic/get_song_list?callback=jQuery110204805417720126437_1507909303784&aid=17&_=1507909303785
INFO: [ app_init ] --START--
INFO: Run Behavior\BuildLiteBehavior [ RunTime:0.000012s ]
INFO: [ app_init ] --END-- [ RunTime:0.000394s ]
INFO: [ app_begin ] --START--
INFO: Run Behavior\ReadHtmlCacheBehavior [ RunTime:0.000667s ]
INFO: [ app_begin ] --END-- [ RunTime:0.000735s ]
SQL: SHOW COLUMNS FROM `song` [ RunTime:0.0056s ]
SQL: SHOW COLUMNS FROM `song` [ RunTime:0.0033s ]
SQL: SELECT * FROM `song` WHERE ( albumnid = 17 )  [ RunTime:0.0039s ]
INFO: [ app_end ] --START--
INFO: Run Behavior\ShowPageTraceBehavior [ RunTime:0.000783s ]
INFO: [ app_end ] --END-- [ RunTime:0.000830s ]

[ 2017-10-13T23:41:45+08:00 ] 127.0.0.1 /music/song?sid=123
INFO: [ app_init ] --START--
INFO: Run Behavior\BuildLiteBehavior [ RunTime:0.000011s ]
INFO: [ app_init ] --END-- [ RunTime:0.000429s ]
INFO: [ app_begin ] --START--
INFO: Run Behavior\ReadHtmlCacheBehavior [ RunTime:0.000649s ]
INFO: [ app_begin ] --END-- [ RunTime:0.000686s ]
INFO: [ view_parse ] --START--
INFO: [ template_filter ] --START--
INFO: Run Behavior\ContentReplaceBehavior [ RunTime:0.000052s ]
INFO: [ template_filter ] --END-- [ RunTime:0.000090s ]
NOTIC: [8] Undefined variable: songurl D:\www\phpweb\music.xingzhi.com\MusicSite\Runtime\Cache\Home\8b5c046d47b69012df43b9b33a3fd750.php 第 38 行.
INFO: Run Behavior\ParseTemplateBehavior [ RunTime:0.023522s ]
INFO: [ view_parse ] --END-- [ RunTime:0.023553s ]
INFO: [ view_filter ] --START--
INFO: Run Behavior\WriteHtmlCacheBehavior [ RunTime:0.000507s ]
INFO: [ view_filter ] --END-- [ RunTime:0.000534s ]
INFO: [ app_end ] --START--
INFO: Run Behavior\ShowPageTraceBehavior [ RunTime:0.001097s ]
INFO: [ app_end ] --END-- [ RunTime:0.001138s ]

[ 2017-10-13T23:41:45+08:00 ] 127.0.0.1 /apimusic/get_song_random?callback=jQuery111107040520207095877_1507909305332&sid=123&songtype=1&_=1507909305333
INFO: [ app_init ] --START--
INFO: Run Behavior\BuildLiteBehavior [ RunTime:0.000010s ]
INFO: [ app_init ] --END-- [ RunTime:0.000384s ]
INFO: [ app_begin ] --START--
INFO: Run Behavior\ReadHtmlCacheBehavior [ RunTime:0.000686s ]
INFO: [ app_begin ] --END-- [ RunTime:0.000721s ]
SQL: SHOW COLUMNS FROM `song` [ RunTime:0.0041s ]
SQL: SHOW COLUMNS FROM `song` [ RunTime:0.0037s ]
SQL: SELECT song.*, 
				(SELECT singername from singer a WHERE a.id = song.singerid)  as singername,
				(SELECT albumname from singeralbum b WHERE b.id = song.albumnid)  as albumname,
				(SELECT thumbnail from singeralbum b WHERE b.id = song.albumnid)  as thumbnail 
				FROM song WHERE song.id = 123 [ RunTime:0.0003s ]
SQL: UPDATE song SET listentime = listentime + 1 WHERE id = 123 [ RunTime:0.0011s ]
INFO: [ app_end ] --START--
INFO: Run Behavior\ShowPageTraceBehavior [ RunTime:0.000784s ]
INFO: [ app_end ] --END-- [ RunTime:0.000815s ]

[ 2017-10-13T23:41:45+08:00 ] 127.0.0.1 /apimusic/get_song_info?songid=123
INFO: [ app_init ] --START--
INFO: Run Behavior\BuildLiteBehavior [ RunTime:0.000010s ]
INFO: [ app_init ] --END-- [ RunTime:0.000418s ]
INFO: [ app_begin ] --START--
INFO: Run Behavior\ReadHtmlCacheBehavior [ RunTime:0.000633s ]
INFO: [ app_begin ] --END-- [ RunTime:0.000666s ]
SQL: SHOW COLUMNS FROM `song` [ RunTime:0.0039s ]
SQL: SHOW COLUMNS FROM `song` [ RunTime:0.0035s ]
SQL: SELECT a.*,b.albumname,b.issueyear,c.singername FROM song a INNER JOIN singeralbum b ON b.id = a.albumnid INNER JOIN singer c ON c.id = a.singerid WHERE a.id = 123 [ RunTime:0.0005s ]
SQL: UPDATE song SET listentime = listentime + 1 WHERE id = 123 [ RunTime:0.0016s ]
SQL: SHOW COLUMNS FROM `singer` [ RunTime:0.0038s ]
SQL: SHOW COLUMNS FROM `singer` [ RunTime:0.0038s ]
SQL: SELECT * FROM `singer` WHERE ( id = 5 )  [ RunTime:0.0002s ]
SQL: SHOW COLUMNS FROM `songlistenrecord` [ RunTime:0.0040s ]
SQL: SHOW COLUMNS FROM `songlistenrecord` [ RunTime:0.0036s ]
SQL: INSERT INTO `songlistenrecord` (`songid`,`songname`,`singername`,`addtime`) VALUES ('123','不准点火','张学友','2017-10-13 23:41:45.000000') [ RunTime:0.0013s ]
SQL: select DISTINCT b.*,c.singername from songlistenrecord a INNER JOIN song b ON b.id = a.songid INNER JOIN singer c ON c.id = b.singerid order by a.id DESC limit 0,15 [ RunTime:0.1202s ]
INFO: [ app_end ] --START--
INFO: Run Behavior\ShowPageTraceBehavior [ RunTime:0.000710s ]
INFO: [ app_end ] --END-- [ RunTime:0.000744s ]

