[ 2017-11-27T20:57:26+08:00 ] 127.0.0.1 /
INFO: [ app_init ] --START--
INFO: Run Behavior\BuildLiteBehavior [ RunTime:0.000039s ]
INFO: [ app_init ] --END-- [ RunTime:0.001808s ]
INFO: [ app_begin ] --START--
INFO: Run Behavior\ReadHtmlCacheBehavior [ RunTime:0.002562s ]
INFO: [ app_begin ] --END-- [ RunTime:0.002702s ]
SQL: SHOW COLUMNS FROM `song` [ RunTime:0.0044s ]
SQL: SHOW COLUMNS FROM `song` [ RunTime:0.0037s ]
SQL: SELECT COUNT(0) AS 'total' FROM song [ RunTime:0.0012s ]
INFO: [ view_parse ] --START--
INFO: [ template_filter ] --START--
INFO: Run Behavior\ContentReplaceBehavior [ RunTime:0.000065s ]
INFO: [ template_filter ] --END-- [ RunTime:0.000106s ]
INFO: Run Behavior\ParseTemplateBehavior [ RunTime:0.040079s ]
INFO: [ view_parse ] --END-- [ RunTime:0.040126s ]
INFO: [ view_filter ] --START--
INFO: Run Behavior\WriteHtmlCacheBehavior [ RunTime:0.000575s ]
INFO: [ view_filter ] --END-- [ RunTime:0.000603s ]
INFO: [ app_end ] --START--
INFO: Run Behavior\ShowPageTraceBehavior [ RunTime:0.013782s ]
INFO: [ app_end ] --END-- [ RunTime:0.013831s ]

[ 2017-11-27T20:57:26+08:00 ] 127.0.0.1 /apimusic/get_hot_song?callback=jQuery1102024963801324039459_1511787446567&index=0&rows=15&_=1511787446568
INFO: [ app_init ] --START--
INFO: Run Behavior\BuildLiteBehavior [ RunTime:0.000013s ]
INFO: [ app_init ] --END-- [ RunTime:0.000398s ]
INFO: [ app_begin ] --START--
INFO: Run Behavior\ReadHtmlCacheBehavior [ RunTime:0.000602s ]
INFO: [ app_begin ] --END-- [ RunTime:0.000644s ]
SQL: SHOW COLUMNS FROM `song` [ RunTime:0.0033s ]
SQL: SHOW COLUMNS FROM `song` [ RunTime:0.0032s ]
SQL: select b.singername, a.* from song a INNER JOIN singer b ON b.id = a.singerid ORDER BY a.listentime DESC LIMIT 15 [ RunTime:0.0018s ]
INFO: [ app_end ] --START--
INFO: Run Behavior\ShowPageTraceBehavior [ RunTime:0.000755s ]
INFO: [ app_end ] --END-- [ RunTime:0.000823s ]

[ 2017-11-27T20:57:26+08:00 ] 127.0.0.1 /apimusic/get_new_song?callback=jQuery1102024963801324039459_1511787446569&index=0&rows=15&_=1511787446570
INFO: [ app_init ] --START--
INFO: Run Behavior\BuildLiteBehavior [ RunTime:0.000011s ]
INFO: [ app_init ] --END-- [ RunTime:0.000385s ]
INFO: [ app_begin ] --START--
INFO: Run Behavior\ReadHtmlCacheBehavior [ RunTime:0.000606s ]
INFO: [ app_begin ] --END-- [ RunTime:0.000650s ]
SQL: SHOW COLUMNS FROM `song` [ RunTime:0.0037s ]
SQL: SHOW COLUMNS FROM `song` [ RunTime:0.0034s ]
SQL: select b.singername, a.* from song a INNER JOIN singer b ON b.id = a.singerid ORDER BY a.id DESC LIMIT 0, 15 [ RunTime:0.0005s ]
INFO: [ app_end ] --START--
INFO: Run Behavior\ShowPageTraceBehavior [ RunTime:0.000665s ]
INFO: [ app_end ] --END-- [ RunTime:0.000700s ]

[ 2017-11-27T20:57:26+08:00 ] 127.0.0.1 /apimusic/get_record_song?callback=jQuery1102024963801324039459_1511787446571&index=0&rows=15&_=1511787446572
INFO: [ app_init ] --START--
INFO: Run Behavior\BuildLiteBehavior [ RunTime:0.000013s ]
INFO: [ app_init ] --END-- [ RunTime:0.000377s ]
INFO: [ app_begin ] --START--
INFO: Run Behavior\ReadHtmlCacheBehavior [ RunTime:0.000591s ]
INFO: [ app_begin ] --END-- [ RunTime:0.000633s ]
SQL: SHOW COLUMNS FROM `song` [ RunTime:0.0138s ]
SQL: SHOW COLUMNS FROM `song` [ RunTime:0.0032s ]
SQL: select DISTINCT b.*,c.singername from songlistenrecord a INNER JOIN song b ON b.id = a.songid INNER JOIN singer c ON c.id = b.singerid order by a.id DESC limit 0,15 [ RunTime:0.1474s ]
INFO: [ app_end ] --START--
INFO: Run Behavior\ShowPageTraceBehavior [ RunTime:0.000909s ]
INFO: [ app_end ] --END-- [ RunTime:0.000971s ]

[ 2017-11-27T20:57:26+08:00 ] 127.0.0.1 /apimusic/get_byword?callback=jQuery1102024963801324039459_1511787446573&index=0&rows=15&_=1511787446574
INFO: [ app_init ] --START--
INFO: Run Behavior\BuildLiteBehavior [ RunTime:0.000011s ]
INFO: [ app_init ] --END-- [ RunTime:0.000408s ]
INFO: [ app_begin ] --START--
INFO: Run Behavior\ReadHtmlCacheBehavior [ RunTime:0.000532s ]
INFO: [ app_begin ] --END-- [ RunTime:0.000570s ]
SQL: SHOW COLUMNS FROM `song` [ RunTime:0.0036s ]
SQL: SHOW COLUMNS FROM `song` [ RunTime:0.0033s ]
SQL: SELECT byword, COUNT(0) as total FROM song WHERE byword != '' GROUP BY byword ORDER BY total DESC LIMIT 0, 15 [ RunTime:0.0031s ]
INFO: [ app_end ] --START--
INFO: Run Behavior\ShowPageTraceBehavior [ RunTime:0.000582s ]
INFO: [ app_end ] --END-- [ RunTime:0.000620s ]

[ 2017-11-27T20:57:27+08:00 ] 127.0.0.1 /music/song
INFO: [ app_init ] --START--
INFO: Run Behavior\BuildLiteBehavior [ RunTime:0.000010s ]
INFO: [ app_init ] --END-- [ RunTime:0.000394s ]
INFO: [ app_begin ] --START--
INFO: Run Behavior\ReadHtmlCacheBehavior [ RunTime:0.000471s ]
INFO: [ app_begin ] --END-- [ RunTime:0.000504s ]
NOTIC: [8] Undefined index: sid D:\www\phpweb\music.xingzhi.com\Common\Common\function.php 第 70 行.
INFO: [ view_parse ] --START--
INFO: [ template_filter ] --START--
INFO: Run Behavior\ContentReplaceBehavior [ RunTime:0.000053s ]
INFO: [ template_filter ] --END-- [ RunTime:0.000095s ]
NOTIC: [8] Undefined variable: songurl D:\www\phpweb\music.xingzhi.com\MusicSite\Runtime\Cache\Home\8b5c046d47b69012df43b9b33a3fd750.php 第 38 行.
INFO: Run Behavior\ParseTemplateBehavior [ RunTime:0.016553s ]
INFO: [ view_parse ] --END-- [ RunTime:0.016605s ]
INFO: [ view_filter ] --START--
INFO: Run Behavior\WriteHtmlCacheBehavior [ RunTime:0.000323s ]
INFO: [ view_filter ] --END-- [ RunTime:0.000350s ]
INFO: [ app_end ] --START--
INFO: Run Behavior\ShowPageTraceBehavior [ RunTime:0.000505s ]
INFO: [ app_end ] --END-- [ RunTime:0.000550s ]

[ 2017-11-27T20:57:27+08:00 ] 127.0.0.1 /apimusic/get_song_random?callback=jQuery1111025346538354241854_1511787447858&sid=&songtype=1&_=1511787447859
INFO: [ app_init ] --START--
INFO: Run Behavior\BuildLiteBehavior [ RunTime:0.000014s ]
INFO: [ app_init ] --END-- [ RunTime:0.000463s ]
INFO: [ app_begin ] --START--
INFO: Run Behavior\ReadHtmlCacheBehavior [ RunTime:0.000522s ]
INFO: [ app_begin ] --END-- [ RunTime:0.000558s ]
SQL: SHOW COLUMNS FROM `song` [ RunTime:0.0032s ]
SQL: SHOW COLUMNS FROM `song` [ RunTime:0.0040s ]
SQL: SELECT song.*, 
				(SELECT singername from singer a WHERE a.id = song.singerid)  as singername,
				(SELECT albumname from singeralbum b WHERE b.id = song.albumnid)  as albumname,
				(SELECT thumbnail from singeralbum b WHERE b.id = song.albumnid)  as thumbnail 
				FROM song WHERE (filetype = 'mp3' OR filetype = 'm4a') AND songtype = 1 ORDER BY RAND() LIMIT 1 [ RunTime:0.0282s ]
SQL: UPDATE song SET listentime = listentime + 1 WHERE id = 2359 [ RunTime:0.0018s ]
INFO: [ app_end ] --START--
INFO: Run Behavior\ShowPageTraceBehavior [ RunTime:0.000647s ]
INFO: [ app_end ] --END-- [ RunTime:0.000684s ]

[ 2017-11-27T20:57:28+08:00 ] 127.0.0.1 /favicon.ico
INFO: [ app_init ] --START--
INFO: Run Behavior\BuildLiteBehavior [ RunTime:0.000011s ]
INFO: [ app_init ] --END-- [ RunTime:0.000346s ]

[ 2017-11-27T20:57:28+08:00 ] 127.0.0.1 /apimusic/get_song_info?songid=2359
INFO: [ app_init ] --START--
INFO: Run Behavior\BuildLiteBehavior [ RunTime:0.000011s ]
INFO: [ app_init ] --END-- [ RunTime:0.000377s ]
INFO: [ app_begin ] --START--
INFO: Run Behavior\ReadHtmlCacheBehavior [ RunTime:0.000452s ]
INFO: [ app_begin ] --END-- [ RunTime:0.000489s ]
SQL: SHOW COLUMNS FROM `song` [ RunTime:0.0036s ]
SQL: SHOW COLUMNS FROM `song` [ RunTime:0.0032s ]
SQL: SELECT a.*,b.albumname,b.issueyear,c.singername FROM song a INNER JOIN singeralbum b ON b.id = a.albumnid INNER JOIN singer c ON c.id = a.singerid WHERE a.id = 2359 [ RunTime:0.0004s ]
SQL: UPDATE song SET listentime = listentime + 1 WHERE id = 2359 [ RunTime:0.0013s ]
SQL: SHOW COLUMNS FROM `singer` [ RunTime:0.0037s ]
SQL: SHOW COLUMNS FROM `singer` [ RunTime:0.0027s ]
SQL: SELECT * FROM `singer` WHERE ( id = 76 )  [ RunTime:0.0002s ]
SQL: SHOW COLUMNS FROM `songlistenrecord` [ RunTime:0.0036s ]
SQL: SHOW COLUMNS FROM `songlistenrecord` [ RunTime:0.0031s ]
SQL: INSERT INTO `songlistenrecord` (`songid`,`songname`,`singername`,`addtime`) VALUES ('2359','Don\'t Wanna Lose You Now','Backstreet Boys','2017-11-27 20:57:28.000000') [ RunTime:0.0015s ]
SQL: select DISTINCT b.*,c.singername from songlistenrecord a INNER JOIN song b ON b.id = a.songid INNER JOIN singer c ON c.id = b.singerid order by a.id DESC limit 0,15 [ RunTime:0.1530s ]
INFO: [ app_end ] --START--
INFO: Run Behavior\ShowPageTraceBehavior [ RunTime:0.000488s ]
INFO: [ app_end ] --END-- [ RunTime:0.000526s ]

[ 2017-11-27T21:01:25+08:00 ] 127.0.0.1 /apimusic/get_song_random?callback=jQuery1111025346538354241854_1511787447858&songtype=1&_=1511787447860
INFO: [ app_init ] --START--
INFO: Run Behavior\BuildLiteBehavior [ RunTime:0.000016s ]
INFO: [ app_init ] --END-- [ RunTime:0.000647s ]
INFO: [ app_begin ] --START--
INFO: Run Behavior\ReadHtmlCacheBehavior [ RunTime:0.000829s ]
INFO: [ app_begin ] --END-- [ RunTime:0.000890s ]
NOTIC: [8] Undefined index: sid D:\www\phpweb\music.xingzhi.com\Common\Common\function.php 第 70 行.
SQL: SHOW COLUMNS FROM `song` [ RunTime:0.0063s ]
SQL: SHOW COLUMNS FROM `song` [ RunTime:0.0045s ]
SQL: SELECT song.*, 
				(SELECT singername from singer a WHERE a.id = song.singerid)  as singername,
				(SELECT albumname from singeralbum b WHERE b.id = song.albumnid)  as albumname,
				(SELECT thumbnail from singeralbum b WHERE b.id = song.albumnid)  as thumbnail 
				FROM song WHERE (filetype = 'mp3' OR filetype = 'm4a') AND songtype = 1 ORDER BY RAND() LIMIT 1 [ RunTime:0.0333s ]
SQL: UPDATE song SET listentime = listentime + 1 WHERE id = 1072 [ RunTime:0.0016s ]
INFO: [ app_end ] --START--
INFO: Run Behavior\ShowPageTraceBehavior [ RunTime:0.000589s ]
INFO: [ app_end ] --END-- [ RunTime:0.000622s ]

[ 2017-11-27T21:01:25+08:00 ] 127.0.0.1 /apimusic/get_song_info?songid=1072
INFO: [ app_init ] --START--
INFO: Run Behavior\BuildLiteBehavior [ RunTime:0.000012s ]
INFO: [ app_init ] --END-- [ RunTime:0.000406s ]
INFO: [ app_begin ] --START--
INFO: Run Behavior\ReadHtmlCacheBehavior [ RunTime:0.000507s ]
INFO: [ app_begin ] --END-- [ RunTime:0.000545s ]
SQL: SHOW COLUMNS FROM `song` [ RunTime:0.0039s ]
SQL: SHOW COLUMNS FROM `song` [ RunTime:0.0036s ]
SQL: SELECT a.*,b.albumname,b.issueyear,c.singername FROM song a INNER JOIN singeralbum b ON b.id = a.albumnid INNER JOIN singer c ON c.id = a.singerid WHERE a.id = 1072 [ RunTime:0.0003s ]
SQL: UPDATE song SET listentime = listentime + 1 WHERE id = 1072 [ RunTime:0.0012s ]
SQL: SHOW COLUMNS FROM `singer` [ RunTime:0.0030s ]
SQL: SHOW COLUMNS FROM `singer` [ RunTime:0.0027s ]
SQL: SELECT * FROM `singer` WHERE ( id = 36 )  [ RunTime:0.0002s ]
SQL: SHOW COLUMNS FROM `songlistenrecord` [ RunTime:0.0029s ]
SQL: SHOW COLUMNS FROM `songlistenrecord` [ RunTime:0.0030s ]
SQL: INSERT INTO `songlistenrecord` (`songid`,`songname`,`singername`,`addtime`) VALUES ('1072','爱那么自然','陈楚生','2017-11-27 21:01:25.000000') [ RunTime:0.0015s ]
SQL: select DISTINCT b.*,c.singername from songlistenrecord a INNER JOIN song b ON b.id = a.songid INNER JOIN singer c ON c.id = b.singerid order by a.id DESC limit 0,15 [ RunTime:0.1160s ]
INFO: [ app_end ] --START--
INFO: Run Behavior\ShowPageTraceBehavior [ RunTime:0.000476s ]
INFO: [ app_end ] --END-- [ RunTime:0.000511s ]

[ 2017-11-27T21:04:51+08:00 ] 127.0.0.1 /apimusic/get_song_random?callback=jQuery1111025346538354241854_1511787447858&songtype=1&_=1511787447861
INFO: [ app_init ] --START--
INFO: Run Behavior\BuildLiteBehavior [ RunTime:0.000017s ]
INFO: [ app_init ] --END-- [ RunTime:0.000697s ]
INFO: [ app_begin ] --START--
INFO: Run Behavior\ReadHtmlCacheBehavior [ RunTime:0.001065s ]
INFO: [ app_begin ] --END-- [ RunTime:0.001132s ]
NOTIC: [8] Undefined index: sid D:\www\phpweb\music.xingzhi.com\Common\Common\function.php 第 70 行.
SQL: SHOW COLUMNS FROM `song` [ RunTime:0.0051s ]
SQL: SHOW COLUMNS FROM `song` [ RunTime:0.0031s ]
SQL: SELECT song.*, 
				(SELECT singername from singer a WHERE a.id = song.singerid)  as singername,
				(SELECT albumname from singeralbum b WHERE b.id = song.albumnid)  as albumname,
				(SELECT thumbnail from singeralbum b WHERE b.id = song.albumnid)  as thumbnail 
				FROM song WHERE (filetype = 'mp3' OR filetype = 'm4a') AND songtype = 1 ORDER BY RAND() LIMIT 1 [ RunTime:0.0462s ]
SQL: UPDATE song SET listentime = listentime + 1 WHERE id = 2079 [ RunTime:0.0014s ]
INFO: [ app_end ] --START--
INFO: Run Behavior\ShowPageTraceBehavior [ RunTime:0.000730s ]
INFO: [ app_end ] --END-- [ RunTime:0.000769s ]

[ 2017-11-27T21:04:51+08:00 ] 127.0.0.1 /apimusic/get_song_info?songid=2079
INFO: [ app_init ] --START--
INFO: Run Behavior\BuildLiteBehavior [ RunTime:0.000012s ]
INFO: [ app_init ] --END-- [ RunTime:0.000369s ]
INFO: [ app_begin ] --START--
INFO: Run Behavior\ReadHtmlCacheBehavior [ RunTime:0.000622s ]
INFO: [ app_begin ] --END-- [ RunTime:0.000658s ]
SQL: SHOW COLUMNS FROM `song` [ RunTime:0.0041s ]
SQL: SHOW COLUMNS FROM `song` [ RunTime:0.0037s ]
SQL: SELECT a.*,b.albumname,b.issueyear,c.singername FROM song a INNER JOIN singeralbum b ON b.id = a.albumnid INNER JOIN singer c ON c.id = a.singerid WHERE a.id = 2079 [ RunTime:0.0004s ]
SQL: UPDATE song SET listentime = listentime + 1 WHERE id = 2079 [ RunTime:0.0015s ]
SQL: SHOW COLUMNS FROM `singer` [ RunTime:0.0037s ]
SQL: SHOW COLUMNS FROM `singer` [ RunTime:0.0031s ]
SQL: SELECT * FROM `singer` WHERE ( id = 71 )  [ RunTime:0.0003s ]
SQL: SHOW COLUMNS FROM `songlistenrecord` [ RunTime:0.0033s ]
SQL: SHOW COLUMNS FROM `songlistenrecord` [ RunTime:0.0032s ]
SQL: INSERT INTO `songlistenrecord` (`songid`,`songname`,`singername`,`addtime`) VALUES ('2079','兰桂坊的故事','苏永康','2017-11-27 21:04:51.000000') [ RunTime:0.0017s ]
SQL: select DISTINCT b.*,c.singername from songlistenrecord a INNER JOIN song b ON b.id = a.songid INNER JOIN singer c ON c.id = b.singerid order by a.id DESC limit 0,15 [ RunTime:0.1140s ]
INFO: [ app_end ] --START--
INFO: Run Behavior\ShowPageTraceBehavior [ RunTime:0.000709s ]
INFO: [ app_end ] --END-- [ RunTime:0.000771s ]

[ 2017-11-27T21:05:29+08:00 ] 127.0.0.1 /music/search_song?key=%u5170%u6842%u574A%u7684%u6545%u4E8B
INFO: [ app_init ] --START--
INFO: Run Behavior\BuildLiteBehavior [ RunTime:0.000011s ]
INFO: [ app_init ] --END-- [ RunTime:0.000400s ]
INFO: [ app_begin ] --START--
INFO: Run Behavior\ReadHtmlCacheBehavior [ RunTime:0.000553s ]
INFO: [ app_begin ] --END-- [ RunTime:0.000591s ]
SQL: SHOW COLUMNS FROM `song` [ RunTime:0.0035s ]
SQL: SHOW COLUMNS FROM `song` [ RunTime:0.0029s ]
SQL: SELECT COUNT(0) AS 'total' FROM song [ RunTime:0.0010s ]
INFO: [ view_parse ] --START--
INFO: [ template_filter ] --START--
INFO: Run Behavior\ContentReplaceBehavior [ RunTime:0.000201s ]
INFO: [ template_filter ] --END-- [ RunTime:0.000341s ]
INFO: Run Behavior\ParseTemplateBehavior [ RunTime:0.439543s ]
INFO: [ view_parse ] --END-- [ RunTime:0.439620s ]
INFO: [ view_filter ] --START--
INFO: Run Behavior\WriteHtmlCacheBehavior [ RunTime:0.001039s ]
INFO: [ view_filter ] --END-- [ RunTime:0.001114s ]
INFO: [ app_end ] --START--
INFO: Run Behavior\ShowPageTraceBehavior [ RunTime:0.001178s ]
INFO: [ app_end ] --END-- [ RunTime:0.001265s ]

[ 2017-11-27T21:05:29+08:00 ] 127.0.0.1 /apimusic/search_song?callback=jQuery1102010421111301246144_1511787929156&index=0&rows=20&key=%E5%85%B0%E6%A1%82%E5%9D%8A%E7%9A%84%E6%95%85%E4%BA%8B&_=1511787929157
INFO: [ app_init ] --START--
INFO: Run Behavior\BuildLiteBehavior [ RunTime:0.000011s ]
INFO: [ app_init ] --END-- [ RunTime:0.000351s ]
INFO: [ app_begin ] --START--
INFO: Run Behavior\ReadHtmlCacheBehavior [ RunTime:0.000452s ]
INFO: [ app_begin ] --END-- [ RunTime:0.000488s ]
SQL: SHOW COLUMNS FROM `song` [ RunTime:0.0035s ]
SQL: SHOW COLUMNS FROM `song` [ RunTime:0.0031s ]
SQL: SELECT a.id,a.singerid,a.albumnid,a.songname,a.byword,a.bymusic,a.bianqu,a.path,a.feat,a.notes,a.filetype,a.listentime, b.singername, c.albumname, c.thumbnail FROM song a INNER JOIN singer b ON b.id = a.singerid INNER JOIN singeralbum c ON c.id = a.albumnid WHERE b.singername LIKE '%兰桂坊的故事%' OR a.songname LIKE '%兰桂坊的故事%' OR a.byword LIKE '%兰桂坊的故事%' OR a.bymusic LIKE '%兰桂坊的故事%' OR a.bianqu LIKE '%兰桂坊的故事%' ORDER BY a.listentime DESC LIMIT 0, 20 [ RunTime:0.0087s ]
SQL: SELECT count(0) as 'total' FROM song a INNER JOIN singer b ON b.id = a.singerid INNER JOIN singeralbum c ON c.id = a.albumnid WHERE b.singername LIKE '%兰桂坊的故事%' OR a.songname LIKE '%兰桂坊的故事%' OR a.byword LIKE '%兰桂坊的故事%' OR a.bymusic LIKE '%兰桂坊的故事%' OR a.bianqu LIKE '%兰桂坊的故事%' [ RunTime:0.0039s ]
INFO: [ app_end ] --START--
INFO: Run Behavior\ShowPageTraceBehavior [ RunTime:0.000595s ]
INFO: [ app_end ] --END-- [ RunTime:0.000630s ]

[ 2017-11-27T21:05:31+08:00 ] 127.0.0.1 /music/songlist?sid=71&aid=238
INFO: [ app_init ] --START--
INFO: Run Behavior\BuildLiteBehavior [ RunTime:0.000010s ]
INFO: [ app_init ] --END-- [ RunTime:0.000406s ]
INFO: [ app_begin ] --START--
INFO: Run Behavior\ReadHtmlCacheBehavior [ RunTime:0.000483s ]
INFO: [ app_begin ] --END-- [ RunTime:0.000520s ]
SQL: SHOW COLUMNS FROM `song` [ RunTime:0.0048s ]
SQL: SHOW COLUMNS FROM `song` [ RunTime:0.0034s ]
SQL: SELECT COUNT(0) AS 'total' FROM song [ RunTime:0.0010s ]
SQL: SHOW COLUMNS FROM `singer` [ RunTime:0.0031s ]
SQL: SHOW COLUMNS FROM `singer` [ RunTime:0.0032s ]
SQL: SELECT * FROM `singer` WHERE ( id = 71 )  [ RunTime:0.0002s ]
SQL: SHOW COLUMNS FROM `singeralbum` [ RunTime:0.0030s ]
SQL: SHOW COLUMNS FROM `singeralbum` [ RunTime:0.0033s ]
SQL: SELECT * FROM `singeralbum` WHERE (  id = 238 )  [ RunTime:0.0003s ]
INFO: [ view_parse ] --START--
INFO: [ template_filter ] --START--
INFO: Run Behavior\ContentReplaceBehavior [ RunTime:0.000062s ]
INFO: [ template_filter ] --END-- [ RunTime:0.000102s ]
INFO: Run Behavior\ParseTemplateBehavior [ RunTime:0.025116s ]
INFO: [ view_parse ] --END-- [ RunTime:0.025160s ]
INFO: [ view_filter ] --START--
INFO: Run Behavior\WriteHtmlCacheBehavior [ RunTime:0.000423s ]
INFO: [ view_filter ] --END-- [ RunTime:0.000453s ]
INFO: [ app_end ] --START--
INFO: Run Behavior\ShowPageTraceBehavior [ RunTime:0.000458s ]
INFO: [ app_end ] --END-- [ RunTime:0.000524s ]

[ 2017-11-27T21:05:31+08:00 ] 127.0.0.1 /apimusic/get_song_list?callback=jQuery110203237503750309352_1511787931863&aid=238&_=1511787931864
INFO: [ app_init ] --START--
INFO: Run Behavior\BuildLiteBehavior [ RunTime:0.000011s ]
INFO: [ app_init ] --END-- [ RunTime:0.000458s ]
INFO: [ app_begin ] --START--
INFO: Run Behavior\ReadHtmlCacheBehavior [ RunTime:0.000436s ]
INFO: [ app_begin ] --END-- [ RunTime:0.000473s ]
SQL: SHOW COLUMNS FROM `song` [ RunTime:0.0034s ]
SQL: SHOW COLUMNS FROM `song` [ RunTime:0.0031s ]
SQL: SELECT * FROM `song` WHERE ( albumnid = 238 )  [ RunTime:0.0038s ]
INFO: [ app_end ] --START--
INFO: Run Behavior\ShowPageTraceBehavior [ RunTime:0.000635s ]
INFO: [ app_end ] --END-- [ RunTime:0.000686s ]

[ 2017-11-27T21:05:33+08:00 ] 127.0.0.1 /music/editsong?songid=2079
INFO: [ app_init ] --START--
INFO: Run Behavior\BuildLiteBehavior [ RunTime:0.000013s ]
INFO: [ app_init ] --END-- [ RunTime:0.000424s ]
INFO: [ app_begin ] --START--
INFO: Run Behavior\ReadHtmlCacheBehavior [ RunTime:0.000555s ]
INFO: [ app_begin ] --END-- [ RunTime:0.000603s ]
NOTIC: [8] Undefined index: op D:\www\phpweb\music.xingzhi.com\Common\Common\function.php 第 70 行.
SQL: SHOW COLUMNS FROM `song` [ RunTime:0.0038s ]
SQL: SHOW COLUMNS FROM `song` [ RunTime:0.0030s ]
SQL: SELECT a.*,b.albumname,b.issueyear,c.singername FROM song a INNER JOIN singeralbum b ON b.id = a.albumnid INNER JOIN singer c ON c.id = a.singerid WHERE a.id = 2079 [ RunTime:0.0003s ]
INFO: [ view_parse ] --START--
INFO: [ template_filter ] --START--
INFO: Run Behavior\ContentReplaceBehavior [ RunTime:0.000043s ]
INFO: [ template_filter ] --END-- [ RunTime:0.000081s ]
INFO: Run Behavior\ParseTemplateBehavior [ RunTime:0.024203s ]
INFO: [ view_parse ] --END-- [ RunTime:0.024244s ]
INFO: [ view_filter ] --START--
INFO: Run Behavior\WriteHtmlCacheBehavior [ RunTime:0.000393s ]
INFO: [ view_filter ] --END-- [ RunTime:0.000421s ]
INFO: [ app_end ] --START--
INFO: Run Behavior\ShowPageTraceBehavior [ RunTime:0.000638s ]
INFO: [ app_end ] --END-- [ RunTime:0.000676s ]

[ 2017-11-27T21:08:36+08:00 ] 127.0.0.1 /music/editsong?op=edit&songid=2079&songname=%E5%85%B0%E6%A1%82%E5%9D%8A%E7%9A%84%E6%95%85%E4%BA%8B&byword=%E5%91%A8%E7%A4%BC%E8%8C%82&bymusic=C.K.Kong&bianqu=C.K.Kong&feat=&notes=&songword=%3Cp%3E%0A%09%E6%98%8E%E6%97%A5%E6%B8%90%E5%8F%98%E4%BD%B3%E8%AF%9D%EF%BC%8C%E6%80%BB%E6%9C%89%E4%B8%80%E7%82%B9%E5%8F%B9%E6%83%9C%EF%BC%8C%0A%3C%2Fp%3E%0A%3Cp%3E%0A%09%E5%BF%98%E6%8E%89%E4%BA%86%E8%BF%99%E9%87%8C%E4%B8%80%E5%88%87%E4%B8%80%E5%88%87%EF%BC%8C%E8%BF%99%E9%87%8C%E4%B8%80%E5%88%87%E9%83%BD%E4%BD%95%E5%A4%84%E8%A7%85%E3%80%82%0A%3C%2Fp%3E%0A%3Cp%3E%0A%09%E5%85%B0%E6%A1%82%E5%9D%8A%E4%B8%80%E4%B8%AA%E5%A5%B9%EF%BC%8C%E9%95%BF%E5%8F%91%E5%96%9C%E6%AC%A2%E6%94%BE%E4%B8%8B%EF%BC%8C%E5%A4%A7%E7%9C%BC%E7%9D%9B%E4%BB%BF%E4%BC%BC%E5%8F%AF%E4%BB%A5%E8%AE%B2%E8%AF%B4%E8%AF%9D%E3%80%82%0A%3C%2Fp%3E%0A%3Cp%3E%0A%09%E4%BD%86%E5%8D%B4%E5%8F%AA%E5%8F%AF%E8%BF%9C%E8%A7%82%EF%BC%8C%E5%88%AB%E5%A6%84%E6%83%B3%E5%8F%AF%E4%BA%B5%E7%8E%A9%EF%BC%8C%E4%BB%A4%E4%BC%97%E7%94%9F%E9%A2%A0%E4%B8%8E%E5%80%92%E6%8B%9C%E5%9C%A8%E8%A3%99%E4%B8%8B%E3%80%82%0A%3C%2Fp%3E%0A%3Cp%3E%0A%09%E8%AF%9D%E8%AF%B4%E5%A5%B9%E6%9C%89%E6%98%B5%E7%A7%B0%E5%8F%AB%E5%A4%8F%E5%A8%83%EF%BC%8C%E5%A6%82%E5%90%8D%E5%AD%97%E5%8F%AB%E4%BA%9A%E5%BD%93%E6%96%B9%E5%8F%AF%E7%88%B1%E5%A5%B9%EF%BC%8C%0A%3C%2Fp%3E%0A%3Cp%3E%0A%09%E8%B0%81%E6%96%99%E4%BC%BC%E5%A5%87%E8%BF%B9%E6%97%8B%E5%B7%B2%E5%8F%AF%E8%A7%85%EF%BC%8C%E7%9B%B8%E8%AF%86%E8%BF%85%E5%8D%B3%E8%B0%88%E5%88%B0%E5%A9%9A%E5%AB%81%E3%80%82%0A%3C%2Fp%3E%0A%3Cp%3E%0A%09%E8%B0%81%E4%BA%BA%E4%BA%A6%E4%B9%9F%E4%B8%80%E7%9B%B4%E5%85%B0%E6%A1%82%E5%9D%8A%E5%A4%9A%E8%AE%B0%E5%BF%86%EF%BC%8C%E7%95%99%E4%BD%8F%E4%BA%86%E7%9A%84%E7%BA%B5%E5%8F%AA%E6%9C%89%E7%82%B9%E4%B8%8E%E6%BB%B4%EF%BC%8C%0A%3C%2Fp%3E%0A%3Cp%3E%0A%09%E6%98%8E%E6%97%A5%E6%B8%90%E5%8F%98%E4%BD%B3%E8%AF%9D%EF%BC%8C%E6%80%BB%E6%9C%89%E4%B8%80%E7%82%B9%E5%8F%B9%E6%83%9C%EF%BC%8C%0A%3C%2Fp%3E%0A%3Cp%3E%0A%09%E5%BF%98%E6%8E%89%E4%BA%86%E8%BF%99%E9%87%8C%E4%B8%80%E5%88%87%E4%B8%80%E5%88%87%EF%BC%8C%E8%BF%99%E9%87%8C%E4%B8%80%E5%88%87%E5%88%B0%E4%BD%95%E5%A4%84%E8%A7%85%E3%80%82%0A%3C%2Fp%3E%0A%3Cp%3E%0A%09%E4%BD%86%E5%88%B0%E4%BB%8A%E5%A4%A9%E8%A7%81%E5%A5%B9%EF%BC%8C%E4%B9%B1%E5%8F%91%E4%B8%80%E6%8A%8A%E5%A1%8C%E4%B8%8B%EF%BC%8C%E5%9C%A8%E5%AF%B9%E9%85%92%E6%9D%AF%E6%94%BE%E5%A3%B0%E7%8B%82%E5%91%BC%E5%8F%AB%E9%AA%82%E3%80%82%0A%3C%2Fp%3E%0A%3Cp%3E%0A%09%E5%A4%9C%E4%BB%A5%E9%85%92%E5%90%A7%E5%BD%93%E5%AE%B6%EF%BC%8C%E6%9C%AA%E7%A0%B4%E6%99%93%E4%B8%8D%E4%BD%9C%E7%BD%A2%EF%BC%8C%E4%BD%86%E6%AF%8F%E5%A4%A9%E9%83%BD%E8%A6%81%E6%8A%8A%E7%9C%BC%E6%B3%AA%E6%B5%81%E4%B8%8B%E3%80%82%0A%3C%2Fp%3E%0A%3Cp%3E%0A%09%E8%AF%9D%E8%AF%B4%E5%A5%B9%E4%B8%A4%E6%89%8B%E8%85%95%E6%BB%A1%E6%98%AF%E7%96%A4%EF%BC%8C%E4%BB%8E%E5%89%8D%E5%B0%9A%E6%9C%89%E4%BA%9A%E5%BD%93%E6%B7%B1%E6%B7%B1%E7%88%B1%E5%A5%B9%EF%BC%8C%0A%3C%2Fp%3E%0A%3Cp%3E%0A%09%E8%B0%81%E6%96%99%E9%82%A3%E5%B9%B4%E7%9A%84%E5%85%83%E6%97%A6%E4%B8%80%E5%BD%B9%EF%BC%8C%E9%9C%B9%E9%9B%B3%E4%BC%BC%E7%9A%84%E7%A5%9E%E5%B8%A6%E8%B5%B0%E4%BB%96%E3%80%82%0A%3C%2Fp%3E%0A%3Cp%3E%0A%09%E8%B0%81%E4%BA%BA%E4%BA%A6%E4%B9%9F%E4%B8%80%E7%9B%B4%E5%85%B0%E6%A1%82%E5%9D%8A%E5%A4%9A%E8%AE%B0%E5%BF%86%EF%BC%8C%E7%95%99%E4%BD%8F%E4%BA%86%E7%9A%84%E7%BA%B5%E5%8F%AA%E6%9C%89%E7%82%B9%E4%B8%8E%E6%BB%B4%EF%BC%8C%0A%3C%2Fp%3E%0A%3Cp%3E%0A%09%E6%98%8E%E6%97%A5%E6%B8%90%E5%8F%98%E4%BD%B3%E8%AF%9D%EF%BC%8C%E6%80%BB%E6%9C%89%E4%B8%80%E7%82%B9%E5%8F%B9%E6%83%9C%EF%BC%8C%0A%3C%2Fp%3E%0A%3Cp%3E%0A%09%E5%BF%98%E6%8E%89%E4%BA%86%E8%BF%99%E9%87%8C%E4%B8%80%E5%88%87%E4%B8%80%E5%88%87%EF%BC%8C%E8%BF%99%E9%87%8C%E7%9A%84%E5%93%AA%E9%87%8C%E9%87%8D%E8%A7%85%E3%80%82%0A%3C%2Fp%3E%0A%3Cp%3E%0A%09%E5%A5%B9%E7%9A%84%E6%95%85%E4%BA%8B+%E6%B2%A1%E4%BA%BA%E8%BF%BD%E5%BF%86%EF%BC%8C%0A%3C%2Fp%3E%0A%3Cp%3E%0A%09%E5%B0%B1%E5%A6%82%E8%BF%99%E9%87%8C%E5%BD%93%E5%88%9D%E7%8B%AC%E6%9C%89%E6%B0%94%E6%81%AF%EF%BC%8C%E6%97%A0%E5%8A%9B%E6%89%BF%E5%8F%97%E5%8F%98%E5%B9%BB%E5%86%B2%E5%87%BB%E3%80%82%0A%3C%2Fp%3E%0A%3Cp%3E%0A%09%E8%AF%9D%E8%AF%B4%E5%A4%9A%E4%BA%86%E8%AE%B8%E5%A4%9A%E4%B8%AA%E5%A4%8F%E5%A8%83%EF%BC%8C%E5%92%8C%E6%97%A0%E9%99%90%E4%B8%AA%E4%BA%9A%E5%BD%93%E4%BB%96%E4%BB%96%E4%B8%8E%E5%A5%B9%EF%BC%8C%0A%3C%2Fp%3E%0A%3Cp%3E%0A%09%E5%BF%98%E6%8E%89%E4%BA%86%E9%99%88%E8%BF%B9%E6%B2%89%E7%97%9B%E7%BB%8F%E5%8E%86%EF%BC%8C%E5%8F%AA%E8%AF%86%E4%BD%A0%E7%9A%84%E6%88%96%E6%88%91%E7%9A%84%E5%AE%B6%E3%80%82%0A%3C%2Fp%3E%0A%3Cp%3E%0A%09%E8%B0%81%E4%BA%BA%E4%BA%A6%E4%B9%9F%E4%B8%80%E7%9B%B4%E5%85%B0%E6%A1%82%E5%9D%8A%E5%A4%9A%E8%AE%B0%E5%BF%86%EF%BC%8C%E7%95%99%E4%BD%8F%E4%BA%86%E7%9A%84%E7%BA%B5%E5%8F%AA%E6%9C%89%E7%82%B9%E4%B8%8E%E6%BB%B4%EF%BC%8C%0A%3C%2Fp%3E%0A%3Cp%3E%0A%09%E6%98%8E%E6%97%A5%E6%B8%90%E5%8F%98%E4%BD%B3%E8%AF%9D%EF%BC%8C%E6%80%BB%E6%9C%89%E4%B8%80%E7%82%B9%E5%8F%B9%E6%83%9C%EF%BC%8C%0A%3C%2Fp%3E%0A%3Cp%3E%0A%09%E5%BF%98%E6%8E%89%E4%BA%86%E8%BF%99%E9%87%8C%E4%B8%80%E5%88%87%E4%B8%80%E5%88%87%EF%BC%8C%E8%BF%99%E9%87%8C%E4%B8%80%E5%88%87%E9%97%AE%E3%80%82%0A%3C%2Fp%3E%0A%3Cp%3E%0A%09%E8%B0%81%E4%BA%BA%E4%BA%A6%E4%B9%9F%E4%B8%80%E7%9B%B4%E5%85%B0%E6%A1%82%E5%9D%8A%E5%A4%9A%E8%AE%B0%E5%BF%86%EF%BC%8C%E7%95%99%E4%BD%8F%E4%BA%86%E7%9A%84%E7%BA%B5%E5%8F%AA%E6%9C%89%E7%82%B9%E4%B8%8E%E6%BB%B4%EF%BC%8C%0A%3C%2Fp%3E%0A%3Cp%3E%0A%09%E6%98%8E%E6%97%A5%E6%B8%90%E5%8F%98%E4%BD%B3%E8%AF%9D%EF%BC%8C%E6%80%BB%E6%9C%89%E4%B8%80%E7%82%B9%E5%8F%B9%E6%83%9C%EF%BC%8C%0A%3C%2Fp%3E%0A%3Cp%3E%0A%09%E5%BF%98%E6%8E%89%E4%BA%86%E8%BF%99%E9%87%8C%E4%B8%80%E5%88%87%E4%B8%80%E5%88%87%EF%BC%8C%E8%BF%99%E9%87%8C%E4%B8%80%E5%88%87%E5%88%B0%E4%BD%95%E5%A4%84%E8%A7%85%EF%BC%8C%0A%3C%2Fp%3E%0A%3Cp%3E%0A%09%E7%95%99%E4%BD%8F%E4%BA%86%E7%9A%84%E7%BA%B5%E5%8F%AA%E6%9C%89%E7%82%B9%E4%B8%8E%E6%BB%B4%E3%80%82%0A%3C%2Fp%3E%0A%3Cp%3E%0A%09%E4%BB%8D%E8%AE%B0%E8%B5%B7%E5%90%A7%EF%BC%8C%E5%B0%B1%E8%B5%B7%E8%B5%B7%E5%90%A7%EF%BC%8C%E6%84%BF%E4%BD%A0%E5%B0%86%E8%BF%99%E9%87%8C%E4%B8%80%E5%88%87%E5%86%8D%E9%87%8D%E8%A7%85%EF%BC%8C%0A%3C%2Fp%3E%0A%3Cp%3E%0A%09%E5%B0%B1%E7%AE%97%E4%B8%80%E6%97%A9%E5%8F%98%E8%89%B2%EF%BC%8C%E5%8F%AF%E5%90%A6%E5%8A%AA%E5%8A%9B%EF%BC%8C%E5%9C%A8%E8%AE%B0%E5%BF%86%E5%86%85%E5%86%8D%E4%B8%89%E8%A7%85%EF%BC%8C%0A%3C%2Fp%3E%0A%3Cp%3E%0A%09%E6%AC%A2%E4%B8%8E%E5%96%9C%EF%BC%8C%E5%AD%A4%E4%B8%8E%E5%AF%82%EF%BC%8C%E5%88%AB%E8%A6%81%E7%AE%A1%E4%B8%8D%E7%90%86%E4%BB%8A%E6%99%9A%E6%98%AF%E4%BD%95%E5%A4%95%E3%80%82%0A%3C%2Fp%3E
INFO: [ app_init ] --START--
INFO: Run Behavior\BuildLiteBehavior [ RunTime:0.000010s ]
INFO: [ app_init ] --END-- [ RunTime:0.000442s ]
INFO: [ app_begin ] --START--
INFO: Run Behavior\ReadHtmlCacheBehavior [ RunTime:0.000553s ]
INFO: [ app_begin ] --END-- [ RunTime:0.000587s ]
SQL: SHOW COLUMNS FROM `song` [ RunTime:0.0048s ]
SQL: SHOW COLUMNS FROM `song` [ RunTime:0.0031s ]
SQL: UPDATE `song` SET `songname`='兰桂坊的故事',`byword`='周礼茂',`bymusic`='C.K.Kong',`bianqu`='C.K.Kong',`feat`='',`editortime`='2017-11-27 21:08:36.000000',`notes`='',`songword`='<p>
	明日渐变佳话，总有一点叹惜，
</p>
<p>
	忘掉了这里一切一切，这里一切都何处觅。
</p>
<p>
	兰桂坊一个她，长发喜欢放下，大眼睛仿似可以讲说话。
</p>
<p>
	但却只可远观，别妄想可亵玩，令众生颠与倒拜在裙下。
</p>
<p>
	话说她有昵称叫夏娃，如名字叫亚当方可爱她，
</p>
<p>
	谁料似奇迹旋已可觅，相识迅即谈到婚嫁。
</p>
<p>
	谁人亦也一直兰桂坊多记忆，留住了的纵只有点与滴，
</p>
<p>
	明日渐变佳话，总有一点叹惜，
</p>
<p>
	忘掉了这里一切一切，这里一切到何处觅。
</p>
<p>
	但到今天见她，乱发一把塌下，在对酒杯放声狂呼叫骂。
</p>
<p>
	夜以酒吧当家，未破晓不作罢，但每天都要把眼泪流下。
</p>
<p>
	话说她两手腕满是疤，从前尚有亚当深深爱她，
</p>
<p>
	谁料那年的元旦一役，霹雳似的神带走他。
</p>
<p>
	谁人亦也一直兰桂坊多记忆，留住了的纵只有点与滴，
</p>
<p>
	明日渐变佳话，总有一点叹惜，
</p>
<p>
	忘掉了这里一切一切，这里的哪里重觅。
</p>
<p>
	她的故事 没人追忆，
</p>
<p>
	就如这里当初独有气息，无力承受变幻冲击。
</p>
<p>
	话说多了许多个夏娃，和无限个亚当他他与她，
</p>
<p>
	忘掉了陈迹沉痛经历，只识你的或我的家。
</p>
<p>
	谁人亦也一直兰桂坊多记忆，留住了的纵只有点与滴，
</p>
<p>
	明日渐变佳话，总有一点叹惜，
</p>
<p>
	忘掉了这里一切一切，这里一切问。
</p>
<p>
	谁人亦也一直兰桂坊多记忆，留住了的纵只有点与滴，
</p>
<p>
	明日渐变佳话，总有一点叹惜，
</p>
<p>
	忘掉了这里一切一切，这里一切到何处觅，
</p>
<p>
	留住了的纵只有点与滴。
</p>
<p>
	仍记起吧，就起起吧，愿你将这里一切再重觅，
</p>
<p>
	就算一早变色，可否努力，在记忆内再三觅，
</p>
<p>
	欢与喜，孤与寂，别要管不理今晚是何夕。
</p>' WHERE ( id = 2079 ) [ RunTime:0.0015s ]
INFO: [ app_end ] --START--
INFO: Run Behavior\ShowPageTraceBehavior [ RunTime:0.000624s ]
INFO: [ app_end ] --END-- [ RunTime:0.000657s ]

[ 2017-11-27T21:08:36+08:00 ] 127.0.0.1 /music/songlist?sid=71&aid=238
INFO: [ app_init ] --START--
INFO: Run Behavior\BuildLiteBehavior [ RunTime:0.000010s ]
INFO: [ app_init ] --END-- [ RunTime:0.000405s ]
INFO: [ app_begin ] --START--
INFO: Run Behavior\ReadHtmlCacheBehavior [ RunTime:0.000484s ]
INFO: [ app_begin ] --END-- [ RunTime:0.000521s ]
SQL: SHOW COLUMNS FROM `song` [ RunTime:0.0037s ]
SQL: SHOW COLUMNS FROM `song` [ RunTime:0.0032s ]
SQL: SELECT COUNT(0) AS 'total' FROM song [ RunTime:0.0009s ]
SQL: SHOW COLUMNS FROM `singer` [ RunTime:0.0029s ]
SQL: SHOW COLUMNS FROM `singer` [ RunTime:0.0028s ]
SQL: SELECT * FROM `singer` WHERE ( id = 71 )  [ RunTime:0.0002s ]
SQL: SHOW COLUMNS FROM `singeralbum` [ RunTime:0.0032s ]
SQL: SHOW COLUMNS FROM `singeralbum` [ RunTime:0.0028s ]
SQL: SELECT * FROM `singeralbum` WHERE (  id = 238 )  [ RunTime:0.0002s ]
INFO: [ view_parse ] --START--
INFO: [ template_filter ] --START--
INFO: Run Behavior\ContentReplaceBehavior [ RunTime:0.000059s ]
INFO: [ template_filter ] --END-- [ RunTime:0.000092s ]
INFO: Run Behavior\ParseTemplateBehavior [ RunTime:0.006982s ]
INFO: [ view_parse ] --END-- [ RunTime:0.007023s ]
INFO: [ view_filter ] --START--
INFO: Run Behavior\WriteHtmlCacheBehavior [ RunTime:0.000405s ]
INFO: [ view_filter ] --END-- [ RunTime:0.000432s ]
INFO: [ app_end ] --START--
INFO: Run Behavior\ShowPageTraceBehavior [ RunTime:0.000567s ]
INFO: [ app_end ] --END-- [ RunTime:0.000618s ]

[ 2017-11-27T21:08:36+08:00 ] 127.0.0.1 /apimusic/get_song_list?callback=jQuery110207455939568946579_1511788116141&aid=238&_=1511788116142
INFO: [ app_init ] --START--
INFO: Run Behavior\BuildLiteBehavior [ RunTime:0.000011s ]
INFO: [ app_init ] --END-- [ RunTime:0.000430s ]
INFO: [ app_begin ] --START--
INFO: Run Behavior\ReadHtmlCacheBehavior [ RunTime:0.000553s ]
INFO: [ app_begin ] --END-- [ RunTime:0.000592s ]
SQL: SHOW COLUMNS FROM `song` [ RunTime:0.0048s ]
SQL: SHOW COLUMNS FROM `song` [ RunTime:0.0035s ]
SQL: SELECT * FROM `song` WHERE ( albumnid = 238 )  [ RunTime:0.0037s ]
INFO: [ app_end ] --START--
INFO: Run Behavior\ShowPageTraceBehavior [ RunTime:0.000609s ]
INFO: [ app_end ] --END-- [ RunTime:0.000662s ]

[ 2017-11-27T21:08:39+08:00 ] 127.0.0.1 /music/song?sid=2079
INFO: [ app_init ] --START--
INFO: Run Behavior\BuildLiteBehavior [ RunTime:0.000015s ]
INFO: [ app_init ] --END-- [ RunTime:0.000405s ]
INFO: [ app_begin ] --START--
INFO: Run Behavior\ReadHtmlCacheBehavior [ RunTime:0.000518s ]
INFO: [ app_begin ] --END-- [ RunTime:0.000564s ]
INFO: [ view_parse ] --START--
INFO: [ template_filter ] --START--
INFO: Run Behavior\ContentReplaceBehavior [ RunTime:0.000062s ]
INFO: [ template_filter ] --END-- [ RunTime:0.000112s ]
NOTIC: [8] Undefined variable: songurl D:\www\phpweb\music.xingzhi.com\MusicSite\Runtime\Cache\Home\8b5c046d47b69012df43b9b33a3fd750.php 第 38 行.
INFO: Run Behavior\ParseTemplateBehavior [ RunTime:0.005396s ]
INFO: [ view_parse ] --END-- [ RunTime:0.005435s ]
INFO: [ view_filter ] --START--
INFO: Run Behavior\WriteHtmlCacheBehavior [ RunTime:0.000397s ]
INFO: [ view_filter ] --END-- [ RunTime:0.000430s ]
INFO: [ app_end ] --START--
INFO: Run Behavior\ShowPageTraceBehavior [ RunTime:0.000470s ]
INFO: [ app_end ] --END-- [ RunTime:0.000513s ]

[ 2017-11-27T21:08:39+08:00 ] 127.0.0.1 /apimusic/get_song_random?callback=jQuery111105791177573071866_1511788119075&sid=2079&songtype=1&_=1511788119076
INFO: [ app_init ] --START--
INFO: Run Behavior\BuildLiteBehavior [ RunTime:0.000011s ]
INFO: [ app_init ] --END-- [ RunTime:0.000330s ]
INFO: [ app_begin ] --START--
INFO: Run Behavior\ReadHtmlCacheBehavior [ RunTime:0.000409s ]
INFO: [ app_begin ] --END-- [ RunTime:0.000446s ]
SQL: SHOW COLUMNS FROM `song` [ RunTime:0.0038s ]
SQL: SHOW COLUMNS FROM `song` [ RunTime:0.0042s ]
SQL: SELECT song.*, 
				(SELECT singername from singer a WHERE a.id = song.singerid)  as singername,
				(SELECT albumname from singeralbum b WHERE b.id = song.albumnid)  as albumname,
				(SELECT thumbnail from singeralbum b WHERE b.id = song.albumnid)  as thumbnail 
				FROM song WHERE song.id = 2079 [ RunTime:0.0004s ]
SQL: UPDATE song SET listentime = listentime + 1 WHERE id = 2079 [ RunTime:0.0013s ]
INFO: [ app_end ] --START--
INFO: Run Behavior\ShowPageTraceBehavior [ RunTime:0.000552s ]
INFO: [ app_end ] --END-- [ RunTime:0.000587s ]

[ 2017-11-27T21:08:39+08:00 ] 127.0.0.1 /apimusic/get_song_info?songid=2079
INFO: [ app_init ] --START--
INFO: Run Behavior\BuildLiteBehavior [ RunTime:0.000015s ]
INFO: [ app_init ] --END-- [ RunTime:0.000891s ]
INFO: [ app_begin ] --START--
INFO: Run Behavior\ReadHtmlCacheBehavior [ RunTime:0.000529s ]
INFO: [ app_begin ] --END-- [ RunTime:0.000573s ]
SQL: SHOW COLUMNS FROM `song` [ RunTime:0.0053s ]
SQL: SHOW COLUMNS FROM `song` [ RunTime:0.0056s ]
SQL: SELECT a.*,b.albumname,b.issueyear,c.singername FROM song a INNER JOIN singeralbum b ON b.id = a.albumnid INNER JOIN singer c ON c.id = a.singerid WHERE a.id = 2079 [ RunTime:0.0006s ]
SQL: UPDATE song SET listentime = listentime + 1 WHERE id = 2079 [ RunTime:0.0015s ]
SQL: SHOW COLUMNS FROM `singer` [ RunTime:0.0037s ]
SQL: SHOW COLUMNS FROM `singer` [ RunTime:0.0033s ]
SQL: SELECT * FROM `singer` WHERE ( id = 71 )  [ RunTime:0.0002s ]
SQL: SHOW COLUMNS FROM `songlistenrecord` [ RunTime:0.0027s ]
SQL: SHOW COLUMNS FROM `songlistenrecord` [ RunTime:0.0029s ]
SQL: INSERT INTO `songlistenrecord` (`songid`,`songname`,`singername`,`addtime`) VALUES ('2079','兰桂坊的故事','苏永康','2017-11-27 21:08:39.000000') [ RunTime:0.0017s ]
SQL: select DISTINCT b.*,c.singername from songlistenrecord a INNER JOIN song b ON b.id = a.songid INNER JOIN singer c ON c.id = b.singerid order by a.id DESC limit 0,15 [ RunTime:0.1218s ]
INFO: [ app_end ] --START--
INFO: Run Behavior\ShowPageTraceBehavior [ RunTime:0.000560s ]
INFO: [ app_end ] --END-- [ RunTime:0.000604s ]

[ 2017-11-27T21:08:43+08:00 ] 127.0.0.1 /apimusic/get_song_random?callback=jQuery111105791177573071866_1511788119075&songtype=1&_=1511788119077
INFO: [ app_init ] --START--
INFO: Run Behavior\BuildLiteBehavior [ RunTime:0.000012s ]
INFO: [ app_init ] --END-- [ RunTime:0.000423s ]
INFO: [ app_begin ] --START--
INFO: Run Behavior\ReadHtmlCacheBehavior [ RunTime:0.000486s ]
INFO: [ app_begin ] --END-- [ RunTime:0.000524s ]
NOTIC: [8] Undefined index: sid D:\www\phpweb\music.xingzhi.com\Common\Common\function.php 第 70 行.
SQL: SHOW COLUMNS FROM `song` [ RunTime:0.0037s ]
SQL: SHOW COLUMNS FROM `song` [ RunTime:0.0034s ]
SQL: SELECT song.*, 
				(SELECT singername from singer a WHERE a.id = song.singerid)  as singername,
				(SELECT albumname from singeralbum b WHERE b.id = song.albumnid)  as albumname,
				(SELECT thumbnail from singeralbum b WHERE b.id = song.albumnid)  as thumbnail 
				FROM song WHERE (filetype = 'mp3' OR filetype = 'm4a') AND songtype = 1 ORDER BY RAND() LIMIT 1 [ RunTime:0.0267s ]
SQL: UPDATE song SET listentime = listentime + 1 WHERE id = 721 [ RunTime:0.0014s ]
INFO: [ app_end ] --START--
INFO: Run Behavior\ShowPageTraceBehavior [ RunTime:0.000555s ]
INFO: [ app_end ] --END-- [ RunTime:0.000594s ]

[ 2017-11-27T21:08:43+08:00 ] 127.0.0.1 /apimusic/get_song_info?songid=721
INFO: [ app_init ] --START--
INFO: Run Behavior\BuildLiteBehavior [ RunTime:0.000013s ]
INFO: [ app_init ] --END-- [ RunTime:0.000425s ]
INFO: [ app_begin ] --START--
INFO: Run Behavior\ReadHtmlCacheBehavior [ RunTime:0.000485s ]
INFO: [ app_begin ] --END-- [ RunTime:0.000526s ]
SQL: SHOW COLUMNS FROM `song` [ RunTime:0.0039s ]
SQL: SHOW COLUMNS FROM `song` [ RunTime:0.0029s ]
SQL: SELECT a.*,b.albumname,b.issueyear,c.singername FROM song a INNER JOIN singeralbum b ON b.id = a.albumnid INNER JOIN singer c ON c.id = a.singerid WHERE a.id = 721 [ RunTime:0.0003s ]
SQL: UPDATE song SET listentime = listentime + 1 WHERE id = 721 [ RunTime:0.0012s ]
SQL: SHOW COLUMNS FROM `singer` [ RunTime:0.0026s ]
SQL: SHOW COLUMNS FROM `singer` [ RunTime:0.0032s ]
SQL: SELECT * FROM `singer` WHERE ( id = 21 )  [ RunTime:0.0003s ]
SQL: SHOW COLUMNS FROM `songlistenrecord` [ RunTime:0.0034s ]
SQL: SHOW COLUMNS FROM `songlistenrecord` [ RunTime:0.0030s ]
SQL: INSERT INTO `songlistenrecord` (`songid`,`songname`,`singername`,`addtime`) VALUES ('721','但愿与她相拥','谭咏麟','2017-11-27 21:08:43.000000') [ RunTime:0.0015s ]
SQL: select DISTINCT b.*,c.singername from songlistenrecord a INNER JOIN song b ON b.id = a.songid INNER JOIN singer c ON c.id = b.singerid order by a.id DESC limit 0,15 [ RunTime:0.1356s ]
INFO: [ app_end ] --START--
INFO: Run Behavior\ShowPageTraceBehavior [ RunTime:0.000466s ]
INFO: [ app_end ] --END-- [ RunTime:0.000503s ]

[ 2017-11-27T21:12:28+08:00 ] 127.0.0.1 /apimusic/get_song_random?callback=jQuery111105791177573071866_1511788119075&songtype=1&_=1511788119078
INFO: [ app_init ] --START--
INFO: Run Behavior\BuildLiteBehavior [ RunTime:0.000016s ]
INFO: [ app_init ] --END-- [ RunTime:0.000562s ]
INFO: [ app_begin ] --START--
INFO: Run Behavior\ReadHtmlCacheBehavior [ RunTime:0.000741s ]
INFO: [ app_begin ] --END-- [ RunTime:0.000796s ]
NOTIC: [8] Undefined index: sid D:\www\phpweb\music.xingzhi.com\Common\Common\function.php 第 70 行.
SQL: SHOW COLUMNS FROM `song` [ RunTime:0.0055s ]
SQL: SHOW COLUMNS FROM `song` [ RunTime:0.0031s ]
SQL: SELECT song.*, 
				(SELECT singername from singer a WHERE a.id = song.singerid)  as singername,
				(SELECT albumname from singeralbum b WHERE b.id = song.albumnid)  as albumname,
				(SELECT thumbnail from singeralbum b WHERE b.id = song.albumnid)  as thumbnail 
				FROM song WHERE (filetype = 'mp3' OR filetype = 'm4a') AND songtype = 1 ORDER BY RAND() LIMIT 1 [ RunTime:0.0289s ]
SQL: UPDATE song SET listentime = listentime + 1 WHERE id = 2841 [ RunTime:0.0014s ]
INFO: [ app_end ] --START--
INFO: Run Behavior\ShowPageTraceBehavior [ RunTime:0.000585s ]
INFO: [ app_end ] --END-- [ RunTime:0.000623s ]

[ 2017-11-27T21:12:29+08:00 ] 127.0.0.1 /apimusic/get_song_info?songid=2841
INFO: [ app_init ] --START--
INFO: Run Behavior\BuildLiteBehavior [ RunTime:0.000011s ]
INFO: [ app_init ] --END-- [ RunTime:0.000373s ]
INFO: [ app_begin ] --START--
INFO: Run Behavior\ReadHtmlCacheBehavior [ RunTime:0.000432s ]
INFO: [ app_begin ] --END-- [ RunTime:0.000466s ]
SQL: SHOW COLUMNS FROM `song` [ RunTime:0.0037s ]
SQL: SHOW COLUMNS FROM `song` [ RunTime:0.0032s ]
SQL: SELECT a.*,b.albumname,b.issueyear,c.singername FROM song a INNER JOIN singeralbum b ON b.id = a.albumnid INNER JOIN singer c ON c.id = a.singerid WHERE a.id = 2841 [ RunTime:0.0004s ]
SQL: UPDATE song SET listentime = listentime + 1 WHERE id = 2841 [ RunTime:0.0012s ]
SQL: SHOW COLUMNS FROM `singer` [ RunTime:0.0043s ]
SQL: SHOW COLUMNS FROM `singer` [ RunTime:0.0032s ]
SQL: SELECT * FROM `singer` WHERE ( id = 3 )  [ RunTime:0.0002s ]
SQL: SHOW COLUMNS FROM `songlistenrecord` [ RunTime:0.0035s ]
SQL: SHOW COLUMNS FROM `songlistenrecord` [ RunTime:0.0032s ]
SQL: INSERT INTO `songlistenrecord` (`songid`,`songname`,`singername`,`addtime`) VALUES ('2841','十全十美','刘德华','2017-11-27 21:12:28.000000') [ RunTime:0.0016s ]
SQL: select DISTINCT b.*,c.singername from songlistenrecord a INNER JOIN song b ON b.id = a.songid INNER JOIN singer c ON c.id = b.singerid order by a.id DESC limit 0,15 [ RunTime:0.1306s ]
INFO: [ app_end ] --START--
INFO: Run Behavior\ShowPageTraceBehavior [ RunTime:0.000501s ]
INFO: [ app_end ] --END-- [ RunTime:0.000546s ]

[ 2017-11-27T21:17:59+08:00 ] 127.0.0.1 /apimusic/get_song_random?callback=jQuery111105791177573071866_1511788119075&songtype=1&_=1511788119079
INFO: [ app_init ] --START--
INFO: Run Behavior\BuildLiteBehavior [ RunTime:0.000017s ]
INFO: [ app_init ] --END-- [ RunTime:0.000673s ]
INFO: [ app_begin ] --START--
INFO: Run Behavior\ReadHtmlCacheBehavior [ RunTime:0.000991s ]
INFO: [ app_begin ] --END-- [ RunTime:0.001054s ]
NOTIC: [8] Undefined index: sid D:\www\phpweb\music.xingzhi.com\Common\Common\function.php 第 70 行.
SQL: SHOW COLUMNS FROM `song` [ RunTime:0.0049s ]
SQL: SHOW COLUMNS FROM `song` [ RunTime:0.0030s ]
SQL: SELECT song.*, 
				(SELECT singername from singer a WHERE a.id = song.singerid)  as singername,
				(SELECT albumname from singeralbum b WHERE b.id = song.albumnid)  as albumname,
				(SELECT thumbnail from singeralbum b WHERE b.id = song.albumnid)  as thumbnail 
				FROM song WHERE (filetype = 'mp3' OR filetype = 'm4a') AND songtype = 1 ORDER BY RAND() LIMIT 1 [ RunTime:0.0282s ]
SQL: UPDATE song SET listentime = listentime + 1 WHERE id = 1837 [ RunTime:0.0016s ]
INFO: [ app_end ] --START--
INFO: Run Behavior\ShowPageTraceBehavior [ RunTime:0.000704s ]
INFO: [ app_end ] --END-- [ RunTime:0.000739s ]

[ 2017-11-27T21:18:00+08:00 ] 127.0.0.1 /apimusic/get_song_info?songid=1837
INFO: [ app_init ] --START--
INFO: Run Behavior\BuildLiteBehavior [ RunTime:0.000011s ]
INFO: [ app_init ] --END-- [ RunTime:0.000415s ]
INFO: [ app_begin ] --START--
INFO: Run Behavior\ReadHtmlCacheBehavior [ RunTime:0.000559s ]
INFO: [ app_begin ] --END-- [ RunTime:0.000593s ]
SQL: SHOW COLUMNS FROM `song` [ RunTime:0.0036s ]
SQL: SHOW COLUMNS FROM `song` [ RunTime:0.0033s ]
SQL: SELECT a.*,b.albumname,b.issueyear,c.singername FROM song a INNER JOIN singeralbum b ON b.id = a.albumnid INNER JOIN singer c ON c.id = a.singerid WHERE a.id = 1837 [ RunTime:0.0003s ]
SQL: UPDATE song SET listentime = listentime + 1 WHERE id = 1837 [ RunTime:0.0012s ]
SQL: SHOW COLUMNS FROM `singer` [ RunTime:0.0030s ]
SQL: SHOW COLUMNS FROM `singer` [ RunTime:0.0038s ]
SQL: SELECT * FROM `singer` WHERE ( id = 21 )  [ RunTime:0.0002s ]
SQL: SHOW COLUMNS FROM `songlistenrecord` [ RunTime:0.0033s ]
SQL: SHOW COLUMNS FROM `songlistenrecord` [ RunTime:0.0031s ]
SQL: INSERT INTO `songlistenrecord` (`songid`,`songname`,`singername`,`addtime`) VALUES ('1837','别说多情好','谭咏麟','2017-11-27 21:17:59.000000') [ RunTime:0.0015s ]
SQL: select DISTINCT b.*,c.singername from songlistenrecord a INNER JOIN song b ON b.id = a.songid INNER JOIN singer c ON c.id = b.singerid order by a.id DESC limit 0,15 [ RunTime:0.1289s ]
INFO: [ app_end ] --START--
INFO: Run Behavior\ShowPageTraceBehavior [ RunTime:0.000700s ]
INFO: [ app_end ] --END-- [ RunTime:0.000745s ]

[ 2017-11-27T21:22:03+08:00 ] 127.0.0.1 /apimusic/get_song_random?callback=jQuery111105791177573071866_1511788119075&songtype=1&_=1511788119080
INFO: [ app_init ] --START--
INFO: Run Behavior\BuildLiteBehavior [ RunTime:0.000019s ]
INFO: [ app_init ] --END-- [ RunTime:0.000844s ]
INFO: [ app_begin ] --START--
INFO: Run Behavior\ReadHtmlCacheBehavior [ RunTime:0.001101s ]
INFO: [ app_begin ] --END-- [ RunTime:0.001180s ]
NOTIC: [8] Undefined index: sid D:\www\phpweb\music.xingzhi.com\Common\Common\function.php 第 70 行.
SQL: SHOW COLUMNS FROM `song` [ RunTime:0.0051s ]
SQL: SHOW COLUMNS FROM `song` [ RunTime:0.0029s ]
SQL: SELECT song.*, 
				(SELECT singername from singer a WHERE a.id = song.singerid)  as singername,
				(SELECT albumname from singeralbum b WHERE b.id = song.albumnid)  as albumname,
				(SELECT thumbnail from singeralbum b WHERE b.id = song.albumnid)  as thumbnail 
				FROM song WHERE (filetype = 'mp3' OR filetype = 'm4a') AND songtype = 1 ORDER BY RAND() LIMIT 1 [ RunTime:0.0254s ]
SQL: UPDATE song SET listentime = listentime + 1 WHERE id = 1674 [ RunTime:0.0016s ]
INFO: [ app_end ] --START--
INFO: Run Behavior\ShowPageTraceBehavior [ RunTime:0.000596s ]
INFO: [ app_end ] --END-- [ RunTime:0.000629s ]

[ 2017-11-27T21:22:03+08:00 ] 127.0.0.1 /apimusic/get_song_info?songid=1674
INFO: [ app_init ] --START--
INFO: Run Behavior\BuildLiteBehavior [ RunTime:0.000012s ]
INFO: [ app_init ] --END-- [ RunTime:0.000425s ]
INFO: [ app_begin ] --START--
INFO: Run Behavior\ReadHtmlCacheBehavior [ RunTime:0.000467s ]
INFO: [ app_begin ] --END-- [ RunTime:0.000530s ]
SQL: SHOW COLUMNS FROM `song` [ RunTime:0.0035s ]
SQL: SHOW COLUMNS FROM `song` [ RunTime:0.0033s ]
SQL: SELECT a.*,b.albumname,b.issueyear,c.singername FROM song a INNER JOIN singeralbum b ON b.id = a.albumnid INNER JOIN singer c ON c.id = a.singerid WHERE a.id = 1674 [ RunTime:0.0004s ]
SQL: UPDATE song SET listentime = listentime + 1 WHERE id = 1674 [ RunTime:0.0014s ]
SQL: SHOW COLUMNS FROM `singer` [ RunTime:0.0038s ]
SQL: SHOW COLUMNS FROM `singer` [ RunTime:0.0037s ]
SQL: SELECT * FROM `singer` WHERE ( id = 17 )  [ RunTime:0.0004s ]
SQL: SHOW COLUMNS FROM `songlistenrecord` [ RunTime:0.0033s ]
SQL: SHOW COLUMNS FROM `songlistenrecord` [ RunTime:0.0029s ]
SQL: INSERT INTO `songlistenrecord` (`songid`,`songname`,`singername`,`addtime`) VALUES ('1674','我要回家','周华建','2017-11-27 21:22:03.000000') [ RunTime:0.0014s ]
SQL: select DISTINCT b.*,c.singername from songlistenrecord a INNER JOIN song b ON b.id = a.songid INNER JOIN singer c ON c.id = b.singerid order by a.id DESC limit 0,15 [ RunTime:0.1129s ]
INFO: [ app_end ] --START--
INFO: Run Behavior\ShowPageTraceBehavior [ RunTime:0.000537s ]
INFO: [ app_end ] --END-- [ RunTime:0.000572s ]

