[ 2018-07-22T17:01:15+08:00 ] 127.0.0.1 /
INFO: [ app_init ] --START--
INFO: Run Behavior\BuildLiteBehavior [ RunTime:0.000029s ]
INFO: [ app_init ] --END-- [ RunTime:0.001496s ]
INFO: [ app_begin ] --START--
INFO: Run Behavior\ReadHtmlCacheBehavior [ RunTime:0.010051s ]
INFO: [ app_begin ] --END-- [ RunTime:0.010170s ]
SQL: SHOW COLUMNS FROM `song` [ RunTime:0.0020s ]
SQL: SHOW COLUMNS FROM `song` [ RunTime:0.0016s ]
SQL: SELECT COUNT(0) AS 'total' FROM song [ RunTime:0.0044s ]
NOTIC: [8] Undefined offset: 39 E:\www2\music.xingzhi.com\Common\Common\function.php 第 271 行.
NOTIC: [8] Undefined offset: 1 E:\www2\music.xingzhi.com\Common\Common\function.php 第 271 行.
INFO: [ view_parse ] --START--
INFO: [ template_filter ] --START--
INFO: Run Behavior\ContentReplaceBehavior [ RunTime:0.000212s ]
INFO: [ template_filter ] --END-- [ RunTime:0.000329s ]
INFO: Run Behavior\ParseTemplateBehavior [ RunTime:0.066926s ]
INFO: [ view_parse ] --END-- [ RunTime:0.067041s ]
INFO: [ view_filter ] --START--
INFO: Run Behavior\WriteHtmlCacheBehavior [ RunTime:0.001352s ]
INFO: [ view_filter ] --END-- [ RunTime:0.001417s ]
INFO: [ app_end ] --START--
INFO: Run Behavior\ShowPageTraceBehavior [ RunTime:0.017791s ]
INFO: [ app_end ] --END-- [ RunTime:0.017979s ]

[ 2018-07-22T17:01:15+08:00 ] 127.0.0.1 /apimusic/get_hot_song?callback=jQuery111108931069885764693_1532250075876&index=0&rows=15&_=1532250075877
INFO: [ app_init ] --START--
INFO: Run Behavior\BuildLiteBehavior [ RunTime:0.000024s ]
INFO: [ app_init ] --END-- [ RunTime:0.000555s ]
INFO: [ app_begin ] --START--
INFO: Run Behavior\ReadHtmlCacheBehavior [ RunTime:0.000636s ]
INFO: [ app_begin ] --END-- [ RunTime:0.000702s ]
SQL: SHOW COLUMNS FROM `song` [ RunTime:0.0006s ]
SQL: SHOW COLUMNS FROM `song` [ RunTime:0.0006s ]
SQL: select b.singername, a.* from song a INNER JOIN singer b ON b.id = a.singerid ORDER BY a.listentime DESC LIMIT 15 [ RunTime:0.0018s ]
INFO: [ app_end ] --START--
INFO: Run Behavior\ShowPageTraceBehavior [ RunTime:0.001058s ]
INFO: [ app_end ] --END-- [ RunTime:0.001112s ]

[ 2018-07-22T17:01:15+08:00 ] 127.0.0.1 /apimusic/get_byword?callback=jQuery111108931069885764693_1532250075882&index=0&rows=15&_=1532250075883
INFO: [ app_init ] --START--
INFO: Run Behavior\BuildLiteBehavior [ RunTime:0.000014s ]
INFO: [ app_init ] --END-- [ RunTime:0.000496s ]
INFO: [ app_begin ] --START--
INFO: Run Behavior\ReadHtmlCacheBehavior [ RunTime:0.000654s ]
INFO: [ app_begin ] --END-- [ RunTime:0.000714s ]
SQL: SHOW COLUMNS FROM `song` [ RunTime:0.0006s ]
SQL: SHOW COLUMNS FROM `song` [ RunTime:0.0008s ]
SQL: SELECT byword, COUNT(0) as total FROM song WHERE byword != '' GROUP BY byword ORDER BY total DESC LIMIT 0, 15 [ RunTime:0.0041s ]
INFO: [ app_end ] --START--
INFO: Run Behavior\ShowPageTraceBehavior [ RunTime:0.000819s ]
INFO: [ app_end ] --END-- [ RunTime:0.000863s ]

[ 2018-07-22T17:01:16+08:00 ] 127.0.0.1 /apimusic/get_record_song?callback=jQuery111108931069885764693_1532250075880&index=0&rows=15&_=1532250075881
INFO: [ app_init ] --START--
INFO: Run Behavior\BuildLiteBehavior [ RunTime:0.000012s ]
INFO: [ app_init ] --END-- [ RunTime:0.000421s ]
INFO: [ app_begin ] --START--
INFO: Run Behavior\ReadHtmlCacheBehavior [ RunTime:0.000667s ]
INFO: [ app_begin ] --END-- [ RunTime:0.000715s ]
SQL: SHOW COLUMNS FROM `song` [ RunTime:0.0067s ]
SQL: SHOW COLUMNS FROM `song` [ RunTime:0.0015s ]
SQL: select DISTINCT b.*,c.singername from songlistenrecord a INNER JOIN song b ON b.id = a.songid INNER JOIN singer c ON c.id = b.singerid order by a.id DESC limit 0,15 [ RunTime:0.2483s ]
INFO: [ app_end ] --START--
INFO: Run Behavior\ShowPageTraceBehavior [ RunTime:0.000686s ]
INFO: [ app_end ] --END-- [ RunTime:0.000724s ]

[ 2018-07-22T17:01:16+08:00 ] 127.0.0.1 /apimusic/get_new_song?callback=jQuery111108931069885764693_1532250075878&index=0&rows=15&_=1532250075879
INFO: [ app_init ] --START--
INFO: Run Behavior\BuildLiteBehavior [ RunTime:0.000012s ]
INFO: [ app_init ] --END-- [ RunTime:0.000498s ]
INFO: [ app_begin ] --START--
INFO: Run Behavior\ReadHtmlCacheBehavior [ RunTime:0.000697s ]
INFO: [ app_begin ] --END-- [ RunTime:0.000754s ]
SQL: SHOW COLUMNS FROM `song` [ RunTime:0.0005s ]
SQL: SHOW COLUMNS FROM `song` [ RunTime:0.0005s ]
SQL: select b.singername, a.* from song a INNER JOIN singer b ON b.id = a.singerid ORDER BY a.id DESC LIMIT 0, 15 [ RunTime:0.0004s ]
INFO: [ app_end ] --START--
INFO: Run Behavior\ShowPageTraceBehavior [ RunTime:0.000563s ]
INFO: [ app_end ] --END-- [ RunTime:0.000596s ]

[ 2018-07-22T17:01:16+08:00 ] 127.0.0.1 /favicon.ico
INFO: [ app_init ] --START--
INFO: Run Behavior\BuildLiteBehavior [ RunTime:0.000009s ]
INFO: [ app_init ] --END-- [ RunTime:0.000321s ]

