[ 2018-03-02T00:00:21+08:00 ] 127.0.0.1 /apimusic/get_song_random?callback=jQuery111101144012672587893_1519912199947&songtype=1&_=1519912199982
INFO: [ app_init ] --START--
INFO: Run Behavior\BuildLiteBehavior [ RunTime:0.000014s ]
INFO: [ app_init ] --END-- [ RunTime:0.000523s ]
INFO: [ app_begin ] --START--
INFO: Run Behavior\ReadHtmlCacheBehavior [ RunTime:0.000747s ]
INFO: [ app_begin ] --END-- [ RunTime:0.000801s ]
NOTIC: [8] Undefined index: sid D:\www\phpweb\music.xingzhi.com\Common\Common\function.php 第 70 行.
SQL: SHOW COLUMNS FROM `song` [ RunTime:0.0046s ]
SQL: SHOW COLUMNS FROM `song` [ RunTime:0.0032s ]
SQL: SELECT song.*, 
				(SELECT singername from singer a WHERE a.id = song.singerid)  as singername,
				(SELECT albumname from singeralbum b WHERE b.id = song.albumnid)  as albumname,
				(SELECT thumbnail from singeralbum b WHERE b.id = song.albumnid)  as thumbnail 
				FROM song WHERE (filetype = 'mp3' OR filetype = 'm4a') AND songtype = 1 ORDER BY RAND() LIMIT 1 [ RunTime:0.0282s ]
SQL: UPDATE song SET listentime = listentime + 1 WHERE id = 986 [ RunTime:0.0013s ]
INFO: [ app_end ] --START--
INFO: Run Behavior\ShowPageTraceBehavior [ RunTime:0.000607s ]
INFO: [ app_end ] --END-- [ RunTime:0.000640s ]

[ 2018-03-02T00:00:21+08:00 ] 127.0.0.1 /apimusic/get_song_info?songid=986
INFO: [ app_init ] --START--
INFO: Run Behavior\BuildLiteBehavior [ RunTime:0.000011s ]
INFO: [ app_init ] --END-- [ RunTime:0.000385s ]
INFO: [ app_begin ] --START--
INFO: Run Behavior\ReadHtmlCacheBehavior [ RunTime:0.000524s ]
INFO: [ app_begin ] --END-- [ RunTime:0.000557s ]
SQL: SHOW COLUMNS FROM `song` [ RunTime:0.0037s ]
SQL: SHOW COLUMNS FROM `song` [ RunTime:0.0040s ]
SQL: SELECT a.*,b.albumname,b.issueyear,c.singername FROM song a INNER JOIN singeralbum b ON b.id = a.albumnid INNER JOIN singer c ON c.id = a.singerid WHERE a.id = 986 [ RunTime:0.0005s ]
SQL: SHOW COLUMNS FROM `singer` [ RunTime:0.0035s ]
SQL: SHOW COLUMNS FROM `singer` [ RunTime:0.0032s ]
SQL: SELECT * FROM `singer` WHERE ( id = 29 )  [ RunTime:0.0002s ]
SQL: SHOW COLUMNS FROM `songlistenrecord` [ RunTime:0.0030s ]
SQL: SHOW COLUMNS FROM `songlistenrecord` [ RunTime:0.0028s ]
SQL: INSERT INTO `songlistenrecord` (`songid`,`songname`,`singername`,`addtime`) VALUES ('986','千色派对','周慧敏','2018-03-02 00:00:21.000000') [ RunTime:0.0014s ]
SQL: select DISTINCT b.*,c.singername from songlistenrecord a INNER JOIN song b ON b.id = a.songid INNER JOIN singer c ON c.id = b.singerid order by a.id DESC limit 0,15 [ RunTime:0.1484s ]
INFO: [ app_end ] --START--
INFO: Run Behavior\ShowPageTraceBehavior [ RunTime:0.000543s ]
INFO: [ app_end ] --END-- [ RunTime:0.000577s ]

[ 2018-03-02T00:05:01+08:00 ] 127.0.0.1 /apimusic/get_song_random?callback=jQuery111101144012672587893_1519912199947&songtype=1&_=1519912199983
INFO: [ app_init ] --START--
INFO: Run Behavior\BuildLiteBehavior [ RunTime:0.000013s ]
INFO: [ app_init ] --END-- [ RunTime:0.000599s ]
INFO: [ app_begin ] --START--
INFO: Run Behavior\ReadHtmlCacheBehavior [ RunTime:0.000885s ]
INFO: [ app_begin ] --END-- [ RunTime:0.000938s ]
NOTIC: [8] Undefined index: sid D:\www\phpweb\music.xingzhi.com\Common\Common\function.php 第 70 行.
SQL: SHOW COLUMNS FROM `song` [ RunTime:0.0047s ]
SQL: SHOW COLUMNS FROM `song` [ RunTime:0.0030s ]
SQL: SELECT song.*, 
				(SELECT singername from singer a WHERE a.id = song.singerid)  as singername,
				(SELECT albumname from singeralbum b WHERE b.id = song.albumnid)  as albumname,
				(SELECT thumbnail from singeralbum b WHERE b.id = song.albumnid)  as thumbnail 
				FROM song WHERE (filetype = 'mp3' OR filetype = 'm4a') AND songtype = 1 ORDER BY RAND() LIMIT 1 [ RunTime:0.0276s ]
SQL: UPDATE song SET listentime = listentime + 1 WHERE id = 3370 [ RunTime:0.0027s ]
INFO: [ app_end ] --START--
INFO: Run Behavior\ShowPageTraceBehavior [ RunTime:0.000673s ]
INFO: [ app_end ] --END-- [ RunTime:0.000706s ]

[ 2018-03-02T00:05:01+08:00 ] 127.0.0.1 /apimusic/get_song_info?songid=3370
INFO: [ app_init ] --START--
INFO: Run Behavior\BuildLiteBehavior [ RunTime:0.000011s ]
INFO: [ app_init ] --END-- [ RunTime:0.000380s ]
INFO: [ app_begin ] --START--
INFO: Run Behavior\ReadHtmlCacheBehavior [ RunTime:0.000561s ]
INFO: [ app_begin ] --END-- [ RunTime:0.000595s ]
SQL: SHOW COLUMNS FROM `song` [ RunTime:0.0037s ]
SQL: SHOW COLUMNS FROM `song` [ RunTime:0.0040s ]
SQL: SELECT a.*,b.albumname,b.issueyear,c.singername FROM song a INNER JOIN singeralbum b ON b.id = a.albumnid INNER JOIN singer c ON c.id = a.singerid WHERE a.id = 3370 [ RunTime:0.0003s ]
SQL: SHOW COLUMNS FROM `singer` [ RunTime:0.0033s ]
SQL: SHOW COLUMNS FROM `singer` [ RunTime:0.0029s ]
SQL: SELECT * FROM `singer` WHERE ( id = 122 )  [ RunTime:0.0002s ]
SQL: SHOW COLUMNS FROM `songlistenrecord` [ RunTime:0.0032s ]
SQL: SHOW COLUMNS FROM `songlistenrecord` [ RunTime:0.0030s ]
SQL: INSERT INTO `songlistenrecord` (`songid`,`songname`,`singername`,`addtime`) VALUES ('3370','闪亮的日子','胡彦斌','2018-03-02 00:05:01.000000') [ RunTime:0.0016s ]
SQL: select DISTINCT b.*,c.singername from songlistenrecord a INNER JOIN song b ON b.id = a.songid INNER JOIN singer c ON c.id = b.singerid order by a.id DESC limit 0,15 [ RunTime:0.1368s ]
INFO: [ app_end ] --START--
INFO: Run Behavior\ShowPageTraceBehavior [ RunTime:0.000713s ]
INFO: [ app_end ] --END-- [ RunTime:0.000748s ]

[ 2018-03-02T00:08:35+08:00 ] 127.0.0.1 /apimusic/get_song_random?callback=jQuery111101144012672587893_1519912199947&songtype=1&_=1519912199984
INFO: [ app_init ] --START--
INFO: Run Behavior\BuildLiteBehavior [ RunTime:0.000019s ]
INFO: [ app_init ] --END-- [ RunTime:0.000842s ]
INFO: [ app_begin ] --START--
INFO: Run Behavior\ReadHtmlCacheBehavior [ RunTime:0.001105s ]
INFO: [ app_begin ] --END-- [ RunTime:0.001185s ]
NOTIC: [8] Undefined index: sid D:\www\phpweb\music.xingzhi.com\Common\Common\function.php 第 70 行.
SQL: SHOW COLUMNS FROM `song` [ RunTime:0.0032s ]
SQL: SHOW COLUMNS FROM `song` [ RunTime:0.0032s ]
SQL: SELECT song.*, 
				(SELECT singername from singer a WHERE a.id = song.singerid)  as singername,
				(SELECT albumname from singeralbum b WHERE b.id = song.albumnid)  as albumname,
				(SELECT thumbnail from singeralbum b WHERE b.id = song.albumnid)  as thumbnail 
				FROM song WHERE (filetype = 'mp3' OR filetype = 'm4a') AND songtype = 1 ORDER BY RAND() LIMIT 1 [ RunTime:0.0453s ]
SQL: UPDATE song SET listentime = listentime + 1 WHERE id = 209 [ RunTime:0.0015s ]
INFO: [ app_end ] --START--
INFO: Run Behavior\ShowPageTraceBehavior [ RunTime:0.000600s ]
INFO: [ app_end ] --END-- [ RunTime:0.000630s ]

[ 2018-03-02T00:08:35+08:00 ] 127.0.0.1 /apimusic/get_song_info?songid=209
INFO: [ app_init ] --START--
INFO: Run Behavior\BuildLiteBehavior [ RunTime:0.000015s ]
INFO: [ app_init ] --END-- [ RunTime:0.000394s ]
INFO: [ app_begin ] --START--
INFO: Run Behavior\ReadHtmlCacheBehavior [ RunTime:0.000450s ]
INFO: [ app_begin ] --END-- [ RunTime:0.000492s ]
SQL: SHOW COLUMNS FROM `song` [ RunTime:0.0037s ]
SQL: SHOW COLUMNS FROM `song` [ RunTime:0.0033s ]
SQL: SELECT a.*,b.albumname,b.issueyear,c.singername FROM song a INNER JOIN singeralbum b ON b.id = a.albumnid INNER JOIN singer c ON c.id = a.singerid WHERE a.id = 209 [ RunTime:0.0004s ]
SQL: SHOW COLUMNS FROM `singer` [ RunTime:0.0032s ]
SQL: SHOW COLUMNS FROM `singer` [ RunTime:0.0031s ]
SQL: SELECT * FROM `singer` WHERE ( id = 5 )  [ RunTime:0.0003s ]
SQL: SHOW COLUMNS FROM `songlistenrecord` [ RunTime:0.0029s ]
SQL: SHOW COLUMNS FROM `songlistenrecord` [ RunTime:0.0028s ]
SQL: INSERT INTO `songlistenrecord` (`songid`,`songname`,`singername`,`addtime`) VALUES ('209','离开以后','张学友','2018-03-02 00:08:35.000000') [ RunTime:0.0014s ]
SQL: select DISTINCT b.*,c.singername from songlistenrecord a INNER JOIN song b ON b.id = a.songid INNER JOIN singer c ON c.id = b.singerid order by a.id DESC limit 0,15 [ RunTime:0.1335s ]
INFO: [ app_end ] --START--
INFO: Run Behavior\ShowPageTraceBehavior [ RunTime:0.000549s ]
INFO: [ app_end ] --END-- [ RunTime:0.000586s ]

[ 2018-03-02T00:12:37+08:00 ] 127.0.0.1 /apimusic/get_song_random?callback=jQuery111101144012672587893_1519912199947&songtype=1&_=1519912199985
INFO: [ app_init ] --START--
INFO: Run Behavior\BuildLiteBehavior [ RunTime:0.000034s ]
INFO: [ app_init ] --END-- [ RunTime:0.001382s ]
INFO: [ app_begin ] --START--
INFO: Run Behavior\ReadHtmlCacheBehavior [ RunTime:0.002179s ]
INFO: [ app_begin ] --END-- [ RunTime:0.002321s ]
NOTIC: [8] Undefined index: sid D:\www\phpweb\music.xingzhi.com\Common\Common\function.php 第 70 行.
SQL: SHOW COLUMNS FROM `song` [ RunTime:0.0079s ]
SQL: SHOW COLUMNS FROM `song` [ RunTime:0.0063s ]
SQL: SELECT song.*, 
				(SELECT singername from singer a WHERE a.id = song.singerid)  as singername,
				(SELECT albumname from singeralbum b WHERE b.id = song.albumnid)  as albumname,
				(SELECT thumbnail from singeralbum b WHERE b.id = song.albumnid)  as thumbnail 
				FROM song WHERE (filetype = 'mp3' OR filetype = 'm4a') AND songtype = 1 ORDER BY RAND() LIMIT 1 [ RunTime:0.0360s ]
SQL: UPDATE song SET listentime = listentime + 1 WHERE id = 1465 [ RunTime:0.0016s ]
INFO: [ app_end ] --START--
INFO: Run Behavior\ShowPageTraceBehavior [ RunTime:0.000720s ]
INFO: [ app_end ] --END-- [ RunTime:0.000753s ]

[ 2018-03-02T00:12:37+08:00 ] 127.0.0.1 /apimusic/get_song_info?songid=1465
INFO: [ app_init ] --START--
INFO: Run Behavior\BuildLiteBehavior [ RunTime:0.000011s ]
INFO: [ app_init ] --END-- [ RunTime:0.000339s ]
INFO: [ app_begin ] --START--
INFO: Run Behavior\ReadHtmlCacheBehavior [ RunTime:0.000542s ]
INFO: [ app_begin ] --END-- [ RunTime:0.000574s ]
SQL: SHOW COLUMNS FROM `song` [ RunTime:0.0032s ]
SQL: SHOW COLUMNS FROM `song` [ RunTime:0.0032s ]
SQL: SELECT a.*,b.albumname,b.issueyear,c.singername FROM song a INNER JOIN singeralbum b ON b.id = a.albumnid INNER JOIN singer c ON c.id = a.singerid WHERE a.id = 1465 [ RunTime:0.0003s ]
SQL: SHOW COLUMNS FROM `singer` [ RunTime:0.0028s ]
SQL: SHOW COLUMNS FROM `singer` [ RunTime:0.0028s ]
SQL: SELECT * FROM `singer` WHERE ( id = 11 )  [ RunTime:0.0002s ]
SQL: SHOW COLUMNS FROM `songlistenrecord` [ RunTime:0.0029s ]
SQL: SHOW COLUMNS FROM `songlistenrecord` [ RunTime:0.0029s ]
SQL: INSERT INTO `songlistenrecord` (`songid`,`songname`,`singername`,`addtime`) VALUES ('1465','只因我爱你','王杰','2018-03-02 00:12:37.000000') [ RunTime:0.0015s ]
SQL: select DISTINCT b.*,c.singername from songlistenrecord a INNER JOIN song b ON b.id = a.songid INNER JOIN singer c ON c.id = b.singerid order by a.id DESC limit 0,15 [ RunTime:0.1364s ]
INFO: [ app_end ] --START--
INFO: Run Behavior\ShowPageTraceBehavior [ RunTime:0.000650s ]
INFO: [ app_end ] --END-- [ RunTime:0.000685s ]

[ 2018-03-02T00:16:39+08:00 ] 127.0.0.1 /apimusic/get_song_random?callback=jQuery111101144012672587893_1519912199947&songtype=1&_=1519912199986
INFO: [ app_init ] --START--
INFO: Run Behavior\BuildLiteBehavior [ RunTime:0.000017s ]
INFO: [ app_init ] --END-- [ RunTime:0.000746s ]
INFO: [ app_begin ] --START--
INFO: Run Behavior\ReadHtmlCacheBehavior [ RunTime:0.001100s ]
INFO: [ app_begin ] --END-- [ RunTime:0.001170s ]
NOTIC: [8] Undefined index: sid D:\www\phpweb\music.xingzhi.com\Common\Common\function.php 第 70 行.
SQL: SHOW COLUMNS FROM `song` [ RunTime:0.0048s ]
SQL: SHOW COLUMNS FROM `song` [ RunTime:0.0033s ]
SQL: SELECT song.*, 
				(SELECT singername from singer a WHERE a.id = song.singerid)  as singername,
				(SELECT albumname from singeralbum b WHERE b.id = song.albumnid)  as albumname,
				(SELECT thumbnail from singeralbum b WHERE b.id = song.albumnid)  as thumbnail 
				FROM song WHERE (filetype = 'mp3' OR filetype = 'm4a') AND songtype = 1 ORDER BY RAND() LIMIT 1 [ RunTime:0.0452s ]
SQL: UPDATE song SET listentime = listentime + 1 WHERE id = 2042 [ RunTime:0.0042s ]
INFO: [ app_end ] --START--
INFO: Run Behavior\ShowPageTraceBehavior [ RunTime:0.000639s ]
INFO: [ app_end ] --END-- [ RunTime:0.000671s ]

[ 2018-03-02T00:16:39+08:00 ] 127.0.0.1 /apimusic/get_song_info?songid=2042
INFO: [ app_init ] --START--
INFO: Run Behavior\BuildLiteBehavior [ RunTime:0.000012s ]
INFO: [ app_init ] --END-- [ RunTime:0.000372s ]
INFO: [ app_begin ] --START--
INFO: Run Behavior\ReadHtmlCacheBehavior [ RunTime:0.000506s ]
INFO: [ app_begin ] --END-- [ RunTime:0.000544s ]
SQL: SHOW COLUMNS FROM `song` [ RunTime:0.0035s ]
SQL: SHOW COLUMNS FROM `song` [ RunTime:0.0032s ]
SQL: SELECT a.*,b.albumname,b.issueyear,c.singername FROM song a INNER JOIN singeralbum b ON b.id = a.albumnid INNER JOIN singer c ON c.id = a.singerid WHERE a.id = 2042 [ RunTime:0.0003s ]
SQL: SHOW COLUMNS FROM `singer` [ RunTime:0.0029s ]
SQL: SHOW COLUMNS FROM `singer` [ RunTime:0.0028s ]
SQL: SELECT * FROM `singer` WHERE ( id = 70 )  [ RunTime:0.0002s ]
SQL: SHOW COLUMNS FROM `songlistenrecord` [ RunTime:0.0033s ]
SQL: SHOW COLUMNS FROM `songlistenrecord` [ RunTime:0.0029s ]
SQL: INSERT INTO `songlistenrecord` (`songid`,`songname`,`singername`,`addtime`) VALUES ('2042','初相识','张智霖','2018-03-02 00:16:39.000000') [ RunTime:0.0045s ]
SQL: select DISTINCT b.*,c.singername from songlistenrecord a INNER JOIN song b ON b.id = a.songid INNER JOIN singer c ON c.id = b.singerid order by a.id DESC limit 0,15 [ RunTime:0.1337s ]
INFO: [ app_end ] --START--
INFO: Run Behavior\ShowPageTraceBehavior [ RunTime:0.000472s ]
INFO: [ app_end ] --END-- [ RunTime:0.000506s ]

[ 2018-03-02T00:20:47+08:00 ] 127.0.0.1 /apimusic/get_song_random?callback=jQuery111101144012672587893_1519912199947&songtype=1&_=1519912199987
INFO: [ app_init ] --START--
INFO: Run Behavior\BuildLiteBehavior [ RunTime:0.000017s ]
INFO: [ app_init ] --END-- [ RunTime:0.000743s ]
INFO: [ app_begin ] --START--
INFO: Run Behavior\ReadHtmlCacheBehavior [ RunTime:0.001142s ]
INFO: [ app_begin ] --END-- [ RunTime:0.001212s ]
NOTIC: [8] Undefined index: sid D:\www\phpweb\music.xingzhi.com\Common\Common\function.php 第 70 行.
SQL: SHOW COLUMNS FROM `song` [ RunTime:0.0075s ]
SQL: SHOW COLUMNS FROM `song` [ RunTime:0.0109s ]
SQL: SELECT song.*, 
				(SELECT singername from singer a WHERE a.id = song.singerid)  as singername,
				(SELECT albumname from singeralbum b WHERE b.id = song.albumnid)  as albumname,
				(SELECT thumbnail from singeralbum b WHERE b.id = song.albumnid)  as thumbnail 
				FROM song WHERE (filetype = 'mp3' OR filetype = 'm4a') AND songtype = 1 ORDER BY RAND() LIMIT 1 [ RunTime:0.0506s ]
SQL: UPDATE song SET listentime = listentime + 1 WHERE id = 3523 [ RunTime:0.0017s ]
INFO: [ app_end ] --START--
INFO: Run Behavior\ShowPageTraceBehavior [ RunTime:0.000679s ]
INFO: [ app_end ] --END-- [ RunTime:0.000711s ]

[ 2018-03-02T00:20:47+08:00 ] 127.0.0.1 /apimusic/get_song_info?songid=3523
INFO: [ app_init ] --START--
INFO: Run Behavior\BuildLiteBehavior [ RunTime:0.000012s ]
INFO: [ app_init ] --END-- [ RunTime:0.000411s ]
INFO: [ app_begin ] --START--
INFO: Run Behavior\ReadHtmlCacheBehavior [ RunTime:0.000626s ]
INFO: [ app_begin ] --END-- [ RunTime:0.000657s ]
SQL: SHOW COLUMNS FROM `song` [ RunTime:0.0033s ]
SQL: SHOW COLUMNS FROM `song` [ RunTime:0.0033s ]
SQL: SELECT a.*,b.albumname,b.issueyear,c.singername FROM song a INNER JOIN singeralbum b ON b.id = a.albumnid INNER JOIN singer c ON c.id = a.singerid WHERE a.id = 3523 [ RunTime:0.0003s ]
SQL: SHOW COLUMNS FROM `singer` [ RunTime:0.0030s ]
SQL: SHOW COLUMNS FROM `singer` [ RunTime:0.0028s ]
SQL: SELECT * FROM `singer` WHERE ( id = 128 )  [ RunTime:0.0002s ]
SQL: SHOW COLUMNS FROM `songlistenrecord` [ RunTime:0.0029s ]
SQL: SHOW COLUMNS FROM `songlistenrecord` [ RunTime:0.0028s ]
SQL: INSERT INTO `songlistenrecord` (`songid`,`songname`,`singername`,`addtime`) VALUES ('3523','玫瑰的名字','张雨生','2018-03-02 00:20:47.000000') [ RunTime:0.0015s ]
SQL: select DISTINCT b.*,c.singername from songlistenrecord a INNER JOIN song b ON b.id = a.songid INNER JOIN singer c ON c.id = b.singerid order by a.id DESC limit 0,15 [ RunTime:0.1691s ]
INFO: [ app_end ] --START--
INFO: Run Behavior\ShowPageTraceBehavior [ RunTime:0.000676s ]
INFO: [ app_end ] --END-- [ RunTime:0.000711s ]

[ 2018-03-02T00:25:15+08:00 ] 127.0.0.1 /apimusic/get_song_random?callback=jQuery111101144012672587893_1519912199947&songtype=1&_=1519912199988
INFO: [ app_init ] --START--
INFO: Run Behavior\BuildLiteBehavior [ RunTime:0.000015s ]
INFO: [ app_init ] --END-- [ RunTime:0.000650s ]
INFO: [ app_begin ] --START--
INFO: Run Behavior\ReadHtmlCacheBehavior [ RunTime:0.000904s ]
INFO: [ app_begin ] --END-- [ RunTime:0.000962s ]
NOTIC: [8] Undefined index: sid D:\www\phpweb\music.xingzhi.com\Common\Common\function.php 第 70 行.
SQL: SHOW COLUMNS FROM `song` [ RunTime:0.0123s ]
SQL: SHOW COLUMNS FROM `song` [ RunTime:0.0112s ]
SQL: SELECT song.*, 
				(SELECT singername from singer a WHERE a.id = song.singerid)  as singername,
				(SELECT albumname from singeralbum b WHERE b.id = song.albumnid)  as albumname,
				(SELECT thumbnail from singeralbum b WHERE b.id = song.albumnid)  as thumbnail 
				FROM song WHERE (filetype = 'mp3' OR filetype = 'm4a') AND songtype = 1 ORDER BY RAND() LIMIT 1 [ RunTime:0.0462s ]
SQL: UPDATE song SET listentime = listentime + 1 WHERE id = 1513 [ RunTime:0.0014s ]
INFO: [ app_end ] --START--
INFO: Run Behavior\ShowPageTraceBehavior [ RunTime:0.000621s ]
INFO: [ app_end ] --END-- [ RunTime:0.000653s ]

[ 2018-03-02T00:25:15+08:00 ] 127.0.0.1 /apimusic/get_song_info?songid=1513
INFO: [ app_init ] --START--
INFO: Run Behavior\BuildLiteBehavior [ RunTime:0.000012s ]
INFO: [ app_init ] --END-- [ RunTime:0.000365s ]
INFO: [ app_begin ] --START--
INFO: Run Behavior\ReadHtmlCacheBehavior [ RunTime:0.000483s ]
INFO: [ app_begin ] --END-- [ RunTime:0.000516s ]
SQL: SHOW COLUMNS FROM `song` [ RunTime:0.0036s ]
SQL: SHOW COLUMNS FROM `song` [ RunTime:0.0032s ]
SQL: SELECT a.*,b.albumname,b.issueyear,c.singername FROM song a INNER JOIN singeralbum b ON b.id = a.albumnid INNER JOIN singer c ON c.id = a.singerid WHERE a.id = 1513 [ RunTime:0.0003s ]
SQL: SHOW COLUMNS FROM `singer` [ RunTime:0.0031s ]
SQL: SHOW COLUMNS FROM `singer` [ RunTime:0.0031s ]
SQL: SELECT * FROM `singer` WHERE ( id = 53 )  [ RunTime:0.0002s ]
SQL: SHOW COLUMNS FROM `songlistenrecord` [ RunTime:0.0028s ]
SQL: SHOW COLUMNS FROM `songlistenrecord` [ RunTime:0.0030s ]
SQL: INSERT INTO `songlistenrecord` (`songid`,`songname`,`singername`,`addtime`) VALUES ('1513','Can\'t Stop Loving You','任贤齐','2018-03-02 00:25:15.000000') [ RunTime:0.0017s ]
SQL: select DISTINCT b.*,c.singername from songlistenrecord a INNER JOIN song b ON b.id = a.songid INNER JOIN singer c ON c.id = b.singerid order by a.id DESC limit 0,15 [ RunTime:0.1577s ]
INFO: [ app_end ] --START--
INFO: Run Behavior\ShowPageTraceBehavior [ RunTime:0.000476s ]
INFO: [ app_end ] --END-- [ RunTime:0.000513s ]

[ 2018-03-02T00:29:03+08:00 ] 127.0.0.1 /apimusic/get_song_random?callback=jQuery111101144012672587893_1519912199947&songtype=1&_=1519912199989
INFO: [ app_init ] --START--
INFO: Run Behavior\BuildLiteBehavior [ RunTime:0.000017s ]
INFO: [ app_init ] --END-- [ RunTime:0.000751s ]
INFO: [ app_begin ] --START--
INFO: Run Behavior\ReadHtmlCacheBehavior [ RunTime:0.001152s ]
INFO: [ app_begin ] --END-- [ RunTime:0.001221s ]
NOTIC: [8] Undefined index: sid D:\www\phpweb\music.xingzhi.com\Common\Common\function.php 第 70 行.
SQL: SHOW COLUMNS FROM `song` [ RunTime:0.0049s ]
SQL: SHOW COLUMNS FROM `song` [ RunTime:0.0052s ]
SQL: SELECT song.*, 
				(SELECT singername from singer a WHERE a.id = song.singerid)  as singername,
				(SELECT albumname from singeralbum b WHERE b.id = song.albumnid)  as albumname,
				(SELECT thumbnail from singeralbum b WHERE b.id = song.albumnid)  as thumbnail 
				FROM song WHERE (filetype = 'mp3' OR filetype = 'm4a') AND songtype = 1 ORDER BY RAND() LIMIT 1 [ RunTime:0.0489s ]
SQL: UPDATE song SET listentime = listentime + 1 WHERE id = 2541 [ RunTime:0.0014s ]
INFO: [ app_end ] --START--
INFO: Run Behavior\ShowPageTraceBehavior [ RunTime:0.000761s ]
INFO: [ app_end ] --END-- [ RunTime:0.000797s ]

[ 2018-03-02T00:29:03+08:00 ] 127.0.0.1 /apimusic/get_song_info?songid=2541
INFO: [ app_init ] --START--
INFO: Run Behavior\BuildLiteBehavior [ RunTime:0.000011s ]
INFO: [ app_init ] --END-- [ RunTime:0.000413s ]
INFO: [ app_begin ] --START--
INFO: Run Behavior\ReadHtmlCacheBehavior [ RunTime:0.000640s ]
INFO: [ app_begin ] --END-- [ RunTime:0.000673s ]
SQL: SHOW COLUMNS FROM `song` [ RunTime:0.0034s ]
SQL: SHOW COLUMNS FROM `song` [ RunTime:0.0032s ]
SQL: SELECT a.*,b.albumname,b.issueyear,c.singername FROM song a INNER JOIN singeralbum b ON b.id = a.albumnid INNER JOIN singer c ON c.id = a.singerid WHERE a.id = 2541 [ RunTime:0.0004s ]
SQL: SHOW COLUMNS FROM `singer` [ RunTime:0.0032s ]
SQL: SHOW COLUMNS FROM `singer` [ RunTime:0.0028s ]
SQL: SELECT * FROM `singer` WHERE ( id = 83 )  [ RunTime:0.0002s ]
SQL: SHOW COLUMNS FROM `songlistenrecord` [ RunTime:0.0028s ]
SQL: SHOW COLUMNS FROM `songlistenrecord` [ RunTime:0.0029s ]
SQL: INSERT INTO `songlistenrecord` (`songid`,`songname`,`singername`,`addtime`) VALUES ('2541','爱丽斯永远住在这里','莫文蔚','2018-03-02 00:29:03.000000') [ RunTime:0.0042s ]
SQL: select DISTINCT b.*,c.singername from songlistenrecord a INNER JOIN song b ON b.id = a.songid INNER JOIN singer c ON c.id = b.singerid order by a.id DESC limit 0,15 [ RunTime:0.1350s ]
INFO: [ app_end ] --START--
INFO: Run Behavior\ShowPageTraceBehavior [ RunTime:0.000691s ]
INFO: [ app_end ] --END-- [ RunTime:0.000726s ]

[ 2018-03-02T00:32:57+08:00 ] 127.0.0.1 /apimusic/get_song_random?callback=jQuery111101144012672587893_1519912199947&songtype=1&_=1519912199990
INFO: [ app_init ] --START--
INFO: Run Behavior\BuildLiteBehavior [ RunTime:0.000015s ]
INFO: [ app_init ] --END-- [ RunTime:0.000650s ]
INFO: [ app_begin ] --START--
INFO: Run Behavior\ReadHtmlCacheBehavior [ RunTime:0.000943s ]
INFO: [ app_begin ] --END-- [ RunTime:0.001005s ]
NOTIC: [8] Undefined index: sid D:\www\phpweb\music.xingzhi.com\Common\Common\function.php 第 70 行.
SQL: SHOW COLUMNS FROM `song` [ RunTime:0.0063s ]
SQL: SHOW COLUMNS FROM `song` [ RunTime:0.0047s ]
SQL: SELECT song.*, 
				(SELECT singername from singer a WHERE a.id = song.singerid)  as singername,
				(SELECT albumname from singeralbum b WHERE b.id = song.albumnid)  as albumname,
				(SELECT thumbnail from singeralbum b WHERE b.id = song.albumnid)  as thumbnail 
				FROM song WHERE (filetype = 'mp3' OR filetype = 'm4a') AND songtype = 1 ORDER BY RAND() LIMIT 1 [ RunTime:0.0327s ]
SQL: UPDATE song SET listentime = listentime + 1 WHERE id = 2792 [ RunTime:0.0013s ]
INFO: [ app_end ] --START--
INFO: Run Behavior\ShowPageTraceBehavior [ RunTime:0.000600s ]
INFO: [ app_end ] --END-- [ RunTime:0.000635s ]

[ 2018-03-02T00:32:57+08:00 ] 127.0.0.1 /apimusic/get_song_info?songid=2792
INFO: [ app_init ] --START--
INFO: Run Behavior\BuildLiteBehavior [ RunTime:0.000012s ]
INFO: [ app_init ] --END-- [ RunTime:0.000408s ]
INFO: [ app_begin ] --START--
INFO: Run Behavior\ReadHtmlCacheBehavior [ RunTime:0.000552s ]
INFO: [ app_begin ] --END-- [ RunTime:0.000598s ]
SQL: SHOW COLUMNS FROM `song` [ RunTime:0.0043s ]
SQL: SHOW COLUMNS FROM `song` [ RunTime:0.0058s ]
SQL: SELECT a.*,b.albumname,b.issueyear,c.singername FROM song a INNER JOIN singeralbum b ON b.id = a.albumnid INNER JOIN singer c ON c.id = a.singerid WHERE a.id = 2792 [ RunTime:0.0005s ]
SQL: SHOW COLUMNS FROM `singer` [ RunTime:0.0037s ]
SQL: SHOW COLUMNS FROM `singer` [ RunTime:0.0037s ]
SQL: SELECT * FROM `singer` WHERE ( id = 91 )  [ RunTime:0.0003s ]
SQL: SHOW COLUMNS FROM `songlistenrecord` [ RunTime:0.0028s ]
SQL: SHOW COLUMNS FROM `songlistenrecord` [ RunTime:0.0029s ]
SQL: INSERT INTO `songlistenrecord` (`songid`,`songname`,`singername`,`addtime`) VALUES ('2792','青藏高原','韩红','2018-03-02 00:32:57.000000') [ RunTime:0.0014s ]
SQL: select DISTINCT b.*,c.singername from songlistenrecord a INNER JOIN song b ON b.id = a.songid INNER JOIN singer c ON c.id = b.singerid order by a.id DESC limit 0,15 [ RunTime:0.1379s ]
INFO: [ app_end ] --START--
INFO: Run Behavior\ShowPageTraceBehavior [ RunTime:0.000508s ]
INFO: [ app_end ] --END-- [ RunTime:0.000544s ]

[ 2018-03-02T00:36:23+08:00 ] 127.0.0.1 /apimusic/get_song_random?callback=jQuery111101144012672587893_1519912199947&songtype=1&_=1519912199991
INFO: [ app_init ] --START--
INFO: Run Behavior\BuildLiteBehavior [ RunTime:0.000021s ]
INFO: [ app_init ] --END-- [ RunTime:0.000912s ]
INFO: [ app_begin ] --START--
INFO: Run Behavior\ReadHtmlCacheBehavior [ RunTime:0.001281s ]
INFO: [ app_begin ] --END-- [ RunTime:0.001367s ]
NOTIC: [8] Undefined index: sid D:\www\phpweb\music.xingzhi.com\Common\Common\function.php 第 70 行.
SQL: SHOW COLUMNS FROM `song` [ RunTime:0.0080s ]
SQL: SHOW COLUMNS FROM `song` [ RunTime:0.0079s ]
SQL: SELECT song.*, 
				(SELECT singername from singer a WHERE a.id = song.singerid)  as singername,
				(SELECT albumname from singeralbum b WHERE b.id = song.albumnid)  as albumname,
				(SELECT thumbnail from singeralbum b WHERE b.id = song.albumnid)  as thumbnail 
				FROM song WHERE (filetype = 'mp3' OR filetype = 'm4a') AND songtype = 1 ORDER BY RAND() LIMIT 1 [ RunTime:0.0420s ]
SQL: UPDATE song SET listentime = listentime + 1 WHERE id = 136 [ RunTime:0.0013s ]
INFO: [ app_end ] --START--
INFO: Run Behavior\ShowPageTraceBehavior [ RunTime:0.000649s ]
INFO: [ app_end ] --END-- [ RunTime:0.000685s ]

[ 2018-03-02T00:36:23+08:00 ] 127.0.0.1 /apimusic/get_song_info?songid=136
INFO: [ app_init ] --START--
INFO: Run Behavior\BuildLiteBehavior [ RunTime:0.000011s ]
INFO: [ app_init ] --END-- [ RunTime:0.000415s ]
INFO: [ app_begin ] --START--
INFO: Run Behavior\ReadHtmlCacheBehavior [ RunTime:0.000535s ]
INFO: [ app_begin ] --END-- [ RunTime:0.000568s ]
SQL: SHOW COLUMNS FROM `song` [ RunTime:0.0032s ]
SQL: SHOW COLUMNS FROM `song` [ RunTime:0.0033s ]
SQL: SELECT a.*,b.albumname,b.issueyear,c.singername FROM song a INNER JOIN singeralbum b ON b.id = a.albumnid INNER JOIN singer c ON c.id = a.singerid WHERE a.id = 136 [ RunTime:0.0003s ]
SQL: SHOW COLUMNS FROM `singer` [ RunTime:0.0029s ]
SQL: SHOW COLUMNS FROM `singer` [ RunTime:0.0029s ]
SQL: SELECT * FROM `singer` WHERE ( id = 3 )  [ RunTime:0.0002s ]
SQL: SHOW COLUMNS FROM `songlistenrecord` [ RunTime:0.0030s ]
SQL: SHOW COLUMNS FROM `songlistenrecord` [ RunTime:0.0030s ]
SQL: INSERT INTO `songlistenrecord` (`songid`,`songname`,`singername`,`addtime`) VALUES ('136','爱不死','刘德华','2018-03-02 00:36:23.000000') [ RunTime:0.0016s ]
SQL: select DISTINCT b.*,c.singername from songlistenrecord a INNER JOIN song b ON b.id = a.songid INNER JOIN singer c ON c.id = b.singerid order by a.id DESC limit 0,15 [ RunTime:0.1323s ]
INFO: [ app_end ] --START--
INFO: Run Behavior\ShowPageTraceBehavior [ RunTime:0.000494s ]
INFO: [ app_end ] --END-- [ RunTime:0.000531s ]

[ 2018-03-02T00:40:53+08:00 ] 127.0.0.1 /apimusic/get_song_random?callback=jQuery111101144012672587893_1519912199947&songtype=1&_=1519912199992
INFO: [ app_init ] --START--
INFO: Run Behavior\BuildLiteBehavior [ RunTime:0.000015s ]
INFO: [ app_init ] --END-- [ RunTime:0.000641s ]
INFO: [ app_begin ] --START--
INFO: Run Behavior\ReadHtmlCacheBehavior [ RunTime:0.000973s ]
INFO: [ app_begin ] --END-- [ RunTime:0.001032s ]
NOTIC: [8] Undefined index: sid D:\www\phpweb\music.xingzhi.com\Common\Common\function.php 第 70 行.
SQL: SHOW COLUMNS FROM `song` [ RunTime:0.0049s ]
SQL: SHOW COLUMNS FROM `song` [ RunTime:0.0029s ]
SQL: SELECT song.*, 
				(SELECT singername from singer a WHERE a.id = song.singerid)  as singername,
				(SELECT albumname from singeralbum b WHERE b.id = song.albumnid)  as albumname,
				(SELECT thumbnail from singeralbum b WHERE b.id = song.albumnid)  as thumbnail 
				FROM song WHERE (filetype = 'mp3' OR filetype = 'm4a') AND songtype = 1 ORDER BY RAND() LIMIT 1 [ RunTime:0.0483s ]
SQL: UPDATE song SET listentime = listentime + 1 WHERE id = 363 [ RunTime:0.0016s ]
INFO: [ app_end ] --START--
INFO: Run Behavior\ShowPageTraceBehavior [ RunTime:0.000785s ]
INFO: [ app_end ] --END-- [ RunTime:0.000821s ]

[ 2018-03-02T00:40:53+08:00 ] 127.0.0.1 /apimusic/get_song_info?songid=363
INFO: [ app_init ] --START--
INFO: Run Behavior\BuildLiteBehavior [ RunTime:0.000011s ]
INFO: [ app_init ] --END-- [ RunTime:0.000430s ]
INFO: [ app_begin ] --START--
INFO: Run Behavior\ReadHtmlCacheBehavior [ RunTime:0.000630s ]
INFO: [ app_begin ] --END-- [ RunTime:0.000660s ]
SQL: SHOW COLUMNS FROM `song` [ RunTime:0.0032s ]
SQL: SHOW COLUMNS FROM `song` [ RunTime:0.0032s ]
SQL: SELECT a.*,b.albumname,b.issueyear,c.singername FROM song a INNER JOIN singeralbum b ON b.id = a.albumnid INNER JOIN singer c ON c.id = a.singerid WHERE a.id = 363 [ RunTime:0.0003s ]
SQL: SHOW COLUMNS FROM `singer` [ RunTime:0.0029s ]
SQL: SHOW COLUMNS FROM `singer` [ RunTime:0.0032s ]
SQL: SELECT * FROM `singer` WHERE ( id = 8 )  [ RunTime:0.0002s ]
SQL: SHOW COLUMNS FROM `songlistenrecord` [ RunTime:0.0028s ]
SQL: SHOW COLUMNS FROM `songlistenrecord` [ RunTime:0.0028s ]
SQL: INSERT INTO `songlistenrecord` (`songid`,`songname`,`singername`,`addtime`) VALUES ('363','我感觉不到你','巫启贤','2018-03-02 00:40:53.000000') [ RunTime:0.0015s ]
SQL: select DISTINCT b.*,c.singername from songlistenrecord a INNER JOIN song b ON b.id = a.songid INNER JOIN singer c ON c.id = b.singerid order by a.id DESC limit 0,15 [ RunTime:0.1606s ]
INFO: [ app_end ] --START--
INFO: Run Behavior\ShowPageTraceBehavior [ RunTime:0.000709s ]
INFO: [ app_end ] --END-- [ RunTime:0.000745s ]

[ 2018-03-02T00:45:25+08:00 ] 127.0.0.1 /apimusic/get_song_random?callback=jQuery111101144012672587893_1519912199947&songtype=1&_=1519912199993
INFO: [ app_init ] --START--
INFO: Run Behavior\BuildLiteBehavior [ RunTime:0.000017s ]
INFO: [ app_init ] --END-- [ RunTime:0.000713s ]
INFO: [ app_begin ] --START--
INFO: Run Behavior\ReadHtmlCacheBehavior [ RunTime:0.000989s ]
INFO: [ app_begin ] --END-- [ RunTime:0.001057s ]
NOTIC: [8] Undefined index: sid D:\www\phpweb\music.xingzhi.com\Common\Common\function.php 第 70 行.
SQL: SHOW COLUMNS FROM `song` [ RunTime:0.0046s ]
SQL: SHOW COLUMNS FROM `song` [ RunTime:0.0033s ]
SQL: SELECT song.*, 
				(SELECT singername from singer a WHERE a.id = song.singerid)  as singername,
				(SELECT albumname from singeralbum b WHERE b.id = song.albumnid)  as albumname,
				(SELECT thumbnail from singeralbum b WHERE b.id = song.albumnid)  as thumbnail 
				FROM song WHERE (filetype = 'mp3' OR filetype = 'm4a') AND songtype = 1 ORDER BY RAND() LIMIT 1 [ RunTime:0.0289s ]
SQL: UPDATE song SET listentime = listentime + 1 WHERE id = 256 [ RunTime:0.0016s ]
INFO: [ app_end ] --START--
INFO: Run Behavior\ShowPageTraceBehavior [ RunTime:0.000599s ]
INFO: [ app_end ] --END-- [ RunTime:0.000631s ]

[ 2018-03-02T00:45:25+08:00 ] 127.0.0.1 /apimusic/get_song_info?songid=256
INFO: [ app_init ] --START--
INFO: Run Behavior\BuildLiteBehavior [ RunTime:0.000014s ]
INFO: [ app_init ] --END-- [ RunTime:0.000406s ]
INFO: [ app_begin ] --START--
INFO: Run Behavior\ReadHtmlCacheBehavior [ RunTime:0.000599s ]
INFO: [ app_begin ] --END-- [ RunTime:0.000641s ]
SQL: SHOW COLUMNS FROM `song` [ RunTime:0.0034s ]
SQL: SHOW COLUMNS FROM `song` [ RunTime:0.0032s ]
SQL: SELECT a.*,b.albumname,b.issueyear,c.singername FROM song a INNER JOIN singeralbum b ON b.id = a.albumnid INNER JOIN singer c ON c.id = a.singerid WHERE a.id = 256 [ RunTime:0.0003s ]
SQL: SHOW COLUMNS FROM `singer` [ RunTime:0.0031s ]
SQL: SHOW COLUMNS FROM `singer` [ RunTime:0.0033s ]
SQL: SELECT * FROM `singer` WHERE ( id = 5 )  [ RunTime:0.0002s ]
SQL: SHOW COLUMNS FROM `songlistenrecord` [ RunTime:0.0030s ]
SQL: SHOW COLUMNS FROM `songlistenrecord` [ RunTime:0.0028s ]
SQL: INSERT INTO `songlistenrecord` (`songid`,`songname`,`singername`,`addtime`) VALUES ('256','怨偶','张学友','2018-03-02 00:45:25.000000') [ RunTime:0.0016s ]
SQL: select DISTINCT b.*,c.singername from songlistenrecord a INNER JOIN song b ON b.id = a.songid INNER JOIN singer c ON c.id = b.singerid order by a.id DESC limit 0,15 [ RunTime:0.1348s ]
INFO: [ app_end ] --START--
INFO: Run Behavior\ShowPageTraceBehavior [ RunTime:0.000542s ]
INFO: [ app_end ] --END-- [ RunTime:0.000578s ]

[ 2018-03-02T00:50:21+08:00 ] 127.0.0.1 /apimusic/get_song_random?callback=jQuery111101144012672587893_1519912199947&songtype=1&_=1519912199994
INFO: [ app_init ] --START--
INFO: Run Behavior\BuildLiteBehavior [ RunTime:0.000015s ]
INFO: [ app_init ] --END-- [ RunTime:0.000644s ]
INFO: [ app_begin ] --START--
INFO: Run Behavior\ReadHtmlCacheBehavior [ RunTime:0.000832s ]
INFO: [ app_begin ] --END-- [ RunTime:0.000891s ]
NOTIC: [8] Undefined index: sid D:\www\phpweb\music.xingzhi.com\Common\Common\function.php 第 70 行.
SQL: SHOW COLUMNS FROM `song` [ RunTime:0.0053s ]
SQL: SHOW COLUMNS FROM `song` [ RunTime:0.0049s ]
SQL: SELECT song.*, 
				(SELECT singername from singer a WHERE a.id = song.singerid)  as singername,
				(SELECT albumname from singeralbum b WHERE b.id = song.albumnid)  as albumname,
				(SELECT thumbnail from singeralbum b WHERE b.id = song.albumnid)  as thumbnail 
				FROM song WHERE (filetype = 'mp3' OR filetype = 'm4a') AND songtype = 1 ORDER BY RAND() LIMIT 1 [ RunTime:0.0365s ]
SQL: UPDATE song SET listentime = listentime + 1 WHERE id = 1213 [ RunTime:0.0016s ]
INFO: [ app_end ] --START--
INFO: Run Behavior\ShowPageTraceBehavior [ RunTime:0.000626s ]
INFO: [ app_end ] --END-- [ RunTime:0.000659s ]

[ 2018-03-02T00:50:21+08:00 ] 127.0.0.1 /apimusic/get_song_info?songid=1213
INFO: [ app_init ] --START--
INFO: Run Behavior\BuildLiteBehavior [ RunTime:0.000012s ]
INFO: [ app_init ] --END-- [ RunTime:0.000393s ]
INFO: [ app_begin ] --START--
INFO: Run Behavior\ReadHtmlCacheBehavior [ RunTime:0.000533s ]
INFO: [ app_begin ] --END-- [ RunTime:0.000565s ]
SQL: SHOW COLUMNS FROM `song` [ RunTime:0.0032s ]
SQL: SHOW COLUMNS FROM `song` [ RunTime:0.0032s ]
SQL: SELECT a.*,b.albumname,b.issueyear,c.singername FROM song a INNER JOIN singeralbum b ON b.id = a.albumnid INNER JOIN singer c ON c.id = a.singerid WHERE a.id = 1213 [ RunTime:0.0003s ]
SQL: SHOW COLUMNS FROM `singer` [ RunTime:0.0029s ]
SQL: SHOW COLUMNS FROM `singer` [ RunTime:0.0031s ]
SQL: SELECT * FROM `singer` WHERE ( id = 5 )  [ RunTime:0.0003s ]
SQL: SHOW COLUMNS FROM `songlistenrecord` [ RunTime:0.0030s ]
SQL: SHOW COLUMNS FROM `songlistenrecord` [ RunTime:0.0029s ]
SQL: INSERT INTO `songlistenrecord` (`songid`,`songname`,`singername`,`addtime`) VALUES ('1213','老是一件令人回味的事','张学友','2018-03-02 00:50:21.000000') [ RunTime:0.0014s ]
SQL: select DISTINCT b.*,c.singername from songlistenrecord a INNER JOIN song b ON b.id = a.songid INNER JOIN singer c ON c.id = b.singerid order by a.id DESC limit 0,15 [ RunTime:0.1364s ]
INFO: [ app_end ] --START--
INFO: Run Behavior\ShowPageTraceBehavior [ RunTime:0.000552s ]
INFO: [ app_end ] --END-- [ RunTime:0.000587s ]

[ 2018-03-02T00:54:47+08:00 ] 127.0.0.1 /apimusic/get_song_random?callback=jQuery111101144012672587893_1519912199947&songtype=1&_=1519912199995
INFO: [ app_init ] --START--
INFO: Run Behavior\BuildLiteBehavior [ RunTime:0.000015s ]
INFO: [ app_init ] --END-- [ RunTime:0.000641s ]
INFO: [ app_begin ] --START--
INFO: Run Behavior\ReadHtmlCacheBehavior [ RunTime:0.000893s ]
INFO: [ app_begin ] --END-- [ RunTime:0.000951s ]
NOTIC: [8] Undefined index: sid D:\www\phpweb\music.xingzhi.com\Common\Common\function.php 第 70 行.
SQL: SHOW COLUMNS FROM `song` [ RunTime:0.0049s ]
SQL: SHOW COLUMNS FROM `song` [ RunTime:0.0031s ]
SQL: SELECT song.*, 
				(SELECT singername from singer a WHERE a.id = song.singerid)  as singername,
				(SELECT albumname from singeralbum b WHERE b.id = song.albumnid)  as albumname,
				(SELECT thumbnail from singeralbum b WHERE b.id = song.albumnid)  as thumbnail 
				FROM song WHERE (filetype = 'mp3' OR filetype = 'm4a') AND songtype = 1 ORDER BY RAND() LIMIT 1 [ RunTime:0.0277s ]
SQL: UPDATE song SET listentime = listentime + 1 WHERE id = 2695 [ RunTime:0.0016s ]
INFO: [ app_end ] --START--
INFO: Run Behavior\ShowPageTraceBehavior [ RunTime:0.000576s ]
INFO: [ app_end ] --END-- [ RunTime:0.000609s ]

[ 2018-03-02T00:54:47+08:00 ] 127.0.0.1 /apimusic/get_song_info?songid=2695
INFO: [ app_init ] --START--
INFO: Run Behavior\BuildLiteBehavior [ RunTime:0.000033s ]
INFO: [ app_init ] --END-- [ RunTime:0.000427s ]
INFO: [ app_begin ] --START--
INFO: Run Behavior\ReadHtmlCacheBehavior [ RunTime:0.000601s ]
INFO: [ app_begin ] --END-- [ RunTime:0.000647s ]
SQL: SHOW COLUMNS FROM `song` [ RunTime:0.0039s ]
SQL: SHOW COLUMNS FROM `song` [ RunTime:0.0036s ]
SQL: SELECT a.*,b.albumname,b.issueyear,c.singername FROM song a INNER JOIN singeralbum b ON b.id = a.albumnid INNER JOIN singer c ON c.id = a.singerid WHERE a.id = 2695 [ RunTime:0.0003s ]
SQL: SHOW COLUMNS FROM `singer` [ RunTime:0.0029s ]
SQL: SHOW COLUMNS FROM `singer` [ RunTime:0.0030s ]
SQL: SELECT * FROM `singer` WHERE ( id = 60 )  [ RunTime:0.0002s ]
SQL: SHOW COLUMNS FROM `songlistenrecord` [ RunTime:0.0031s ]
SQL: SHOW COLUMNS FROM `songlistenrecord` [ RunTime:0.0028s ]
SQL: INSERT INTO `songlistenrecord` (`songid`,`songname`,`singername`,`addtime`) VALUES ('2695','各师各法','林子祥','2018-03-02 00:54:47.000000') [ RunTime:0.0015s ]
SQL: select DISTINCT b.*,c.singername from songlistenrecord a INNER JOIN song b ON b.id = a.songid INNER JOIN singer c ON c.id = b.singerid order by a.id DESC limit 0,15 [ RunTime:0.1379s ]
INFO: [ app_end ] --START--
INFO: Run Behavior\ShowPageTraceBehavior [ RunTime:0.000520s ]
INFO: [ app_end ] --END-- [ RunTime:0.000556s ]

[ 2018-03-02T00:57:01+08:00 ] 127.0.0.1 /apimusic/get_song_random?callback=jQuery111101144012672587893_1519912199947&songtype=1&_=1519912199996
INFO: [ app_init ] --START--
INFO: Run Behavior\BuildLiteBehavior [ RunTime:0.000019s ]
INFO: [ app_init ] --END-- [ RunTime:0.000836s ]
INFO: [ app_begin ] --START--
INFO: Run Behavior\ReadHtmlCacheBehavior [ RunTime:0.001104s ]
INFO: [ app_begin ] --END-- [ RunTime:0.001182s ]
NOTIC: [8] Undefined index: sid D:\www\phpweb\music.xingzhi.com\Common\Common\function.php 第 70 行.
SQL: SHOW COLUMNS FROM `song` [ RunTime:0.0058s ]
SQL: SHOW COLUMNS FROM `song` [ RunTime:0.0031s ]
SQL: SELECT song.*, 
				(SELECT singername from singer a WHERE a.id = song.singerid)  as singername,
				(SELECT albumname from singeralbum b WHERE b.id = song.albumnid)  as albumname,
				(SELECT thumbnail from singeralbum b WHERE b.id = song.albumnid)  as thumbnail 
				FROM song WHERE (filetype = 'mp3' OR filetype = 'm4a') AND songtype = 1 ORDER BY RAND() LIMIT 1 [ RunTime:0.0303s ]
SQL: UPDATE song SET listentime = listentime + 1 WHERE id = 1363 [ RunTime:0.0012s ]
INFO: [ app_end ] --START--
INFO: Run Behavior\ShowPageTraceBehavior [ RunTime:0.000644s ]
INFO: [ app_end ] --END-- [ RunTime:0.000675s ]

[ 2018-03-02T00:57:01+08:00 ] 127.0.0.1 /apimusic/get_song_info?songid=1363
INFO: [ app_init ] --START--
INFO: Run Behavior\BuildLiteBehavior [ RunTime:0.000011s ]
INFO: [ app_init ] --END-- [ RunTime:0.000394s ]
INFO: [ app_begin ] --START--
INFO: Run Behavior\ReadHtmlCacheBehavior [ RunTime:0.000477s ]
INFO: [ app_begin ] --END-- [ RunTime:0.000508s ]
SQL: SHOW COLUMNS FROM `song` [ RunTime:0.0034s ]
SQL: SHOW COLUMNS FROM `song` [ RunTime:0.0039s ]
SQL: SELECT a.*,b.albumname,b.issueyear,c.singername FROM song a INNER JOIN singeralbum b ON b.id = a.albumnid INNER JOIN singer c ON c.id = a.singerid WHERE a.id = 1363 [ RunTime:0.0004s ]
SQL: SHOW COLUMNS FROM `singer` [ RunTime:0.0038s ]
SQL: SHOW COLUMNS FROM `singer` [ RunTime:0.0034s ]
SQL: SELECT * FROM `singer` WHERE ( id = 5 )  [ RunTime:0.0003s ]
SQL: SHOW COLUMNS FROM `songlistenrecord` [ RunTime:0.0034s ]
SQL: SHOW COLUMNS FROM `songlistenrecord` [ RunTime:0.0027s ]
SQL: INSERT INTO `songlistenrecord` (`songid`,`songname`,`singername`,`addtime`) VALUES ('1363','不老的传说(Live)','张学友','2018-03-02 00:57:01.000000') [ RunTime:0.0014s ]
SQL: select DISTINCT b.*,c.singername from songlistenrecord a INNER JOIN song b ON b.id = a.songid INNER JOIN singer c ON c.id = b.singerid order by a.id DESC limit 0,15 [ RunTime:0.1351s ]
INFO: [ app_end ] --START--
INFO: Run Behavior\ShowPageTraceBehavior [ RunTime:0.000526s ]
INFO: [ app_end ] --END-- [ RunTime:0.000563s ]

