[ 2018-06-03T08:36:09+08:00 ] 127.0.0.1 /
INFO: [ app_init ] --START--
INFO: Run Behavior\BuildLiteBehavior [ RunTime:0.000025s ]
INFO: [ app_init ] --END-- [ RunTime:0.001144s ]
INFO: [ app_begin ] --START--
INFO: Run Behavior\ReadHtmlCacheBehavior [ RunTime:0.010920s ]
INFO: [ app_begin ] --END-- [ RunTime:0.011003s ]
SQL: SHOW COLUMNS FROM `song` [ RunTime:0.0008s ]
SQL: SHOW COLUMNS FROM `song` [ RunTime:0.0005s ]
SQL: SELECT COUNT(0) AS 'total' FROM song [ RunTime:0.0011s ]
INFO: [ view_parse ] --START--
INFO: [ template_filter ] --START--
INFO: Run Behavior\ContentReplaceBehavior [ RunTime:0.000074s ]
INFO: [ template_filter ] --END-- [ RunTime:0.000119s ]
INFO: Run Behavior\ParseTemplateBehavior [ RunTime:0.024162s ]
INFO: [ view_parse ] --END-- [ RunTime:0.024215s ]
INFO: [ view_filter ] --START--
INFO: Run Behavior\WriteHtmlCacheBehavior [ RunTime:0.001298s ]
INFO: [ view_filter ] --END-- [ RunTime:0.001333s ]
INFO: [ app_end ] --START--
INFO: Run Behavior\ShowPageTraceBehavior [ RunTime:0.010838s ]
INFO: [ app_end ] --END-- [ RunTime:0.010900s ]

[ 2018-06-03T08:36:12+08:00 ] 127.0.0.1 /apimusic/get_hot_song?callback=jQuery110206408939454713591_1527986170995&index=0&rows=15&_=1527986170996
INFO: [ app_init ] --START--
INFO: Run Behavior\BuildLiteBehavior [ RunTime:0.000012s ]
INFO: [ app_init ] --END-- [ RunTime:0.000374s ]
INFO: [ app_begin ] --START--
INFO: Run Behavior\ReadHtmlCacheBehavior [ RunTime:0.000510s ]
INFO: [ app_begin ] --END-- [ RunTime:0.000557s ]
SQL: SHOW COLUMNS FROM `song` [ RunTime:0.0005s ]
SQL: SHOW COLUMNS FROM `song` [ RunTime:0.0004s ]
SQL: select b.singername, a.* from song a INNER JOIN singer b ON b.id = a.singerid ORDER BY a.listentime DESC LIMIT 15 [ RunTime:0.0018s ]
INFO: [ app_end ] --START--
INFO: Run Behavior\ShowPageTraceBehavior [ RunTime:0.000707s ]
INFO: [ app_end ] --END-- [ RunTime:0.000771s ]

[ 2018-06-03T08:36:12+08:00 ] 127.0.0.1 /apimusic/get_new_song?callback=jQuery110206408939454713591_1527986170997&index=0&rows=15&_=1527986170998
INFO: [ app_init ] --START--
INFO: Run Behavior\BuildLiteBehavior [ RunTime:0.000012s ]
INFO: [ app_init ] --END-- [ RunTime:0.000402s ]
INFO: [ app_begin ] --START--
INFO: Run Behavior\ReadHtmlCacheBehavior [ RunTime:0.000613s ]
INFO: [ app_begin ] --END-- [ RunTime:0.000663s ]
SQL: SHOW COLUMNS FROM `song` [ RunTime:0.0005s ]
SQL: SHOW COLUMNS FROM `song` [ RunTime:0.0004s ]
SQL: select b.singername, a.* from song a INNER JOIN singer b ON b.id = a.singerid ORDER BY a.id DESC LIMIT 0, 15 [ RunTime:0.0004s ]
INFO: [ app_end ] --START--
INFO: Run Behavior\ShowPageTraceBehavior [ RunTime:0.000524s ]
INFO: [ app_end ] --END-- [ RunTime:0.000551s ]

[ 2018-06-03T08:36:12+08:00 ] 127.0.0.1 /apimusic/get_record_song?callback=jQuery110206408939454713591_1527986170999&index=0&rows=15&_=1527986171000
INFO: [ app_init ] --START--
INFO: Run Behavior\BuildLiteBehavior [ RunTime:0.000008s ]
INFO: [ app_init ] --END-- [ RunTime:0.000369s ]
INFO: [ app_begin ] --START--
INFO: Run Behavior\ReadHtmlCacheBehavior [ RunTime:0.000459s ]
INFO: [ app_begin ] --END-- [ RunTime:0.000503s ]
SQL: SHOW COLUMNS FROM `song` [ RunTime:0.0005s ]
SQL: SHOW COLUMNS FROM `song` [ RunTime:0.0004s ]
SQL: select DISTINCT b.*,c.singername from songlistenrecord a INNER JOIN song b ON b.id = a.songid INNER JOIN singer c ON c.id = b.singerid order by a.id DESC limit 0,15 [ RunTime:0.6045s ]
INFO: [ app_end ] --START--
INFO: Run Behavior\ShowPageTraceBehavior [ RunTime:0.001011s ]
INFO: [ app_end ] --END-- [ RunTime:0.001143s ]

[ 2018-06-03T08:36:12+08:00 ] 127.0.0.1 /apimusic/get_byword?callback=jQuery110206408939454713591_1527986171001&index=0&rows=15&_=1527986171002
INFO: [ app_init ] --START--
INFO: Run Behavior\BuildLiteBehavior [ RunTime:0.000011s ]
INFO: [ app_init ] --END-- [ RunTime:0.000388s ]
INFO: [ app_begin ] --START--
INFO: Run Behavior\ReadHtmlCacheBehavior [ RunTime:0.000523s ]
INFO: [ app_begin ] --END-- [ RunTime:0.000568s ]
SQL: SHOW COLUMNS FROM `song` [ RunTime:0.0014s ]
SQL: SHOW COLUMNS FROM `song` [ RunTime:0.0013s ]
SQL: SELECT byword, COUNT(0) as total FROM song WHERE byword != '' GROUP BY byword ORDER BY total DESC LIMIT 0, 15 [ RunTime:0.0060s ]
INFO: [ app_end ] --START--
INFO: Run Behavior\ShowPageTraceBehavior [ RunTime:0.002011s ]
INFO: [ app_end ] --END-- [ RunTime:0.002082s ]

[ 2018-06-03T08:36:16+08:00 ] 127.0.0.1 /music/song
INFO: [ app_init ] --START--
INFO: Run Behavior\BuildLiteBehavior [ RunTime:0.000015s ]
INFO: [ app_init ] --END-- [ RunTime:0.000506s ]
INFO: [ app_begin ] --START--
INFO: Run Behavior\ReadHtmlCacheBehavior [ RunTime:0.000731s ]
INFO: [ app_begin ] --END-- [ RunTime:0.000787s ]
NOTIC: [8] Undefined index: sid E:\www2\music.xingzhi.com\Common\Common\function.php 第 70 行.
INFO: [ view_parse ] --START--
INFO: [ template_filter ] --START--
INFO: Run Behavior\ContentReplaceBehavior [ RunTime:0.000088s ]
INFO: [ template_filter ] --END-- [ RunTime:0.000145s ]
NOTIC: [8] Undefined variable: songurl E:\www2\music.xingzhi.com\MusicSite\Runtime\Cache\Home\8b5c046d47b69012df43b9b33a3fd750.php 第 38 行.
INFO: Run Behavior\ParseTemplateBehavior [ RunTime:0.038690s ]
INFO: [ view_parse ] --END-- [ RunTime:0.038784s ]
INFO: [ view_filter ] --START--
INFO: Run Behavior\WriteHtmlCacheBehavior [ RunTime:0.002717s ]
INFO: [ view_filter ] --END-- [ RunTime:0.002878s ]
INFO: [ app_end ] --START--
INFO: Run Behavior\ShowPageTraceBehavior [ RunTime:0.002327s ]
INFO: [ app_end ] --END-- [ RunTime:0.002599s ]

[ 2018-06-03T08:36:17+08:00 ] 127.0.0.1 /apimusic/get_song_random?callback=jQuery111101799212353486126_1527986176979&sid=&songtype=1&_=1527986176980
INFO: [ app_init ] --START--
INFO: Run Behavior\BuildLiteBehavior [ RunTime:0.000015s ]
INFO: [ app_init ] --END-- [ RunTime:0.000560s ]
INFO: [ app_begin ] --START--
INFO: Run Behavior\ReadHtmlCacheBehavior [ RunTime:0.000799s ]
INFO: [ app_begin ] --END-- [ RunTime:0.000875s ]
SQL: SHOW COLUMNS FROM `song` [ RunTime:0.0009s ]
SQL: SHOW COLUMNS FROM `song` [ RunTime:0.0010s ]
SQL: SELECT song.*, 
				(SELECT singername from singer a WHERE a.id = song.singerid)  as singername,
				(SELECT albumname from singeralbum b WHERE b.id = song.albumnid)  as albumname,
				(SELECT thumbnail from singeralbum b WHERE b.id = song.albumnid)  as thumbnail 
				FROM song WHERE (filetype = 'mp3' OR filetype = 'm4a') AND songtype = 1 ORDER BY RAND() LIMIT 1 [ RunTime:0.0394s ]
SQL: UPDATE song SET listentime = listentime + 1 WHERE id = 2596 [ RunTime:0.1219s ]
INFO: [ app_end ] --START--
INFO: Run Behavior\ShowPageTraceBehavior [ RunTime:0.001713s ]
INFO: [ app_end ] --END-- [ RunTime:0.001820s ]

[ 2018-06-03T08:36:17+08:00 ] 127.0.0.1 /apimusic/get_song_info?songid=2596
INFO: [ app_init ] --START--
INFO: Run Behavior\BuildLiteBehavior [ RunTime:0.000016s ]
INFO: [ app_init ] --END-- [ RunTime:0.000604s ]
INFO: [ app_begin ] --START--
INFO: Run Behavior\ReadHtmlCacheBehavior [ RunTime:0.000693s ]
INFO: [ app_begin ] --END-- [ RunTime:0.000740s ]
SQL: SHOW COLUMNS FROM `song` [ RunTime:0.0005s ]
SQL: SHOW COLUMNS FROM `song` [ RunTime:0.0005s ]
SQL: SELECT a.*,b.albumname,b.issueyear,c.singername FROM song a INNER JOIN singeralbum b ON b.id = a.albumnid INNER JOIN singer c ON c.id = a.singerid WHERE a.id = 2596 [ RunTime:0.0003s ]
SQL: SHOW COLUMNS FROM `singer` [ RunTime:0.0005s ]
SQL: SHOW COLUMNS FROM `singer` [ RunTime:0.0004s ]
SQL: SELECT * FROM `singer` WHERE ( id = 5 )  [ RunTime:0.0003s ]
SQL: SHOW COLUMNS FROM `songlistenrecord` [ RunTime:0.0007s ]
SQL: SHOW COLUMNS FROM `songlistenrecord` [ RunTime:0.0005s ]
SQL: INSERT INTO `songlistenrecord` (`songid`,`songname`,`singername`,`addtime`) VALUES ('2596','外星客','张学友','2018-06-03 08:36:17.000000') [ RunTime:0.0691s ]
INFO: [ app_end ] --START--
INFO: Run Behavior\ShowPageTraceBehavior [ RunTime:0.001981s ]
INFO: [ app_end ] --END-- [ RunTime:0.002106s ]

[ 2018-06-03T08:36:18+08:00 ] 127.0.0.1 /favicon.ico
INFO: [ app_init ] --START--
INFO: Run Behavior\BuildLiteBehavior [ RunTime:0.000009s ]
INFO: [ app_init ] --END-- [ RunTime:0.000295s ]

[ 2018-06-03T08:40:01+08:00 ] 127.0.0.1 /apimusic/get_song_random?callback=jQuery111101799212353486126_1527986176979&songtype=1&_=1527986176981
INFO: [ app_init ] --START--
INFO: Run Behavior\BuildLiteBehavior [ RunTime:0.000020s ]
INFO: [ app_init ] --END-- [ RunTime:0.000751s ]
INFO: [ app_begin ] --START--
INFO: Run Behavior\ReadHtmlCacheBehavior [ RunTime:0.001132s ]
INFO: [ app_begin ] --END-- [ RunTime:0.001218s ]
NOTIC: [8] Undefined index: sid E:\www2\music.xingzhi.com\Common\Common\function.php 第 70 行.
SQL: SHOW COLUMNS FROM `song` [ RunTime:0.0014s ]
SQL: SHOW COLUMNS FROM `song` [ RunTime:0.0010s ]
SQL: SELECT song.*, 
				(SELECT singername from singer a WHERE a.id = song.singerid)  as singername,
				(SELECT albumname from singeralbum b WHERE b.id = song.albumnid)  as albumname,
				(SELECT thumbnail from singeralbum b WHERE b.id = song.albumnid)  as thumbnail 
				FROM song WHERE (filetype = 'mp3' OR filetype = 'm4a') AND songtype = 1 ORDER BY RAND() LIMIT 1 [ RunTime:0.0537s ]
SQL: UPDATE song SET listentime = listentime + 1 WHERE id = 2820 [ RunTime:0.0474s ]
INFO: [ app_end ] --START--
INFO: Run Behavior\ShowPageTraceBehavior [ RunTime:0.001879s ]
INFO: [ app_end ] --END-- [ RunTime:0.001986s ]

[ 2018-06-03T08:40:01+08:00 ] 127.0.0.1 /apimusic/get_song_info?songid=2820
INFO: [ app_init ] --START--
INFO: Run Behavior\BuildLiteBehavior [ RunTime:0.000015s ]
INFO: [ app_init ] --END-- [ RunTime:0.000486s ]
INFO: [ app_begin ] --START--
INFO: Run Behavior\ReadHtmlCacheBehavior [ RunTime:0.000698s ]
INFO: [ app_begin ] --END-- [ RunTime:0.000749s ]
SQL: SHOW COLUMNS FROM `song` [ RunTime:0.0008s ]
SQL: SHOW COLUMNS FROM `song` [ RunTime:0.0007s ]
SQL: SELECT a.*,b.albumname,b.issueyear,c.singername FROM song a INNER JOIN singeralbum b ON b.id = a.albumnid INNER JOIN singer c ON c.id = a.singerid WHERE a.id = 2820 [ RunTime:0.0003s ]
SQL: SHOW COLUMNS FROM `singer` [ RunTime:0.0004s ]
SQL: SHOW COLUMNS FROM `singer` [ RunTime:0.0003s ]
SQL: SELECT * FROM `singer` WHERE ( id = 4 )  [ RunTime:0.0002s ]
SQL: SHOW COLUMNS FROM `songlistenrecord` [ RunTime:0.0004s ]
SQL: SHOW COLUMNS FROM `songlistenrecord` [ RunTime:0.0004s ]
SQL: INSERT INTO `songlistenrecord` (`songid`,`songname`,`singername`,`addtime`) VALUES ('2820','凌晨旧戏','陈慧娴','2018-06-03 08:40:01.000000') [ RunTime:0.0325s ]
INFO: [ app_end ] --START--
INFO: Run Behavior\ShowPageTraceBehavior [ RunTime:0.001684s ]
INFO: [ app_end ] --END-- [ RunTime:0.001787s ]

[ 2018-06-03T08:44:21+08:00 ] 127.0.0.1 /apimusic/get_song_random?callback=jQuery111101799212353486126_1527986176979&songtype=1&_=1527986176982
INFO: [ app_init ] --START--
INFO: Run Behavior\BuildLiteBehavior [ RunTime:0.000019s ]
INFO: [ app_init ] --END-- [ RunTime:0.000713s ]
INFO: [ app_begin ] --START--
INFO: Run Behavior\ReadHtmlCacheBehavior [ RunTime:0.001065s ]
INFO: [ app_begin ] --END-- [ RunTime:0.001144s ]
NOTIC: [8] Undefined index: sid E:\www2\music.xingzhi.com\Common\Common\function.php 第 70 行.
SQL: SHOW COLUMNS FROM `song` [ RunTime:0.0007s ]
SQL: SHOW COLUMNS FROM `song` [ RunTime:0.0005s ]
SQL: SELECT song.*, 
				(SELECT singername from singer a WHERE a.id = song.singerid)  as singername,
				(SELECT albumname from singeralbum b WHERE b.id = song.albumnid)  as albumname,
				(SELECT thumbnail from singeralbum b WHERE b.id = song.albumnid)  as thumbnail 
				FROM song WHERE (filetype = 'mp3' OR filetype = 'm4a') AND songtype = 1 ORDER BY RAND() LIMIT 1 [ RunTime:0.0358s ]
SQL: UPDATE song SET listentime = listentime + 1 WHERE id = 1590 [ RunTime:0.0496s ]
INFO: [ app_end ] --START--
INFO: Run Behavior\ShowPageTraceBehavior [ RunTime:0.000864s ]
INFO: [ app_end ] --END-- [ RunTime:0.000942s ]

[ 2018-06-03T08:44:21+08:00 ] 127.0.0.1 /apimusic/get_song_info?songid=1590
INFO: [ app_init ] --START--
INFO: Run Behavior\BuildLiteBehavior [ RunTime:0.000010s ]
INFO: [ app_init ] --END-- [ RunTime:0.000295s ]
INFO: [ app_begin ] --START--
INFO: Run Behavior\ReadHtmlCacheBehavior [ RunTime:0.000418s ]
INFO: [ app_begin ] --END-- [ RunTime:0.000449s ]
SQL: SHOW COLUMNS FROM `song` [ RunTime:0.0006s ]
SQL: SHOW COLUMNS FROM `song` [ RunTime:0.0005s ]
SQL: SELECT a.*,b.albumname,b.issueyear,c.singername FROM song a INNER JOIN singeralbum b ON b.id = a.albumnid INNER JOIN singer c ON c.id = a.singerid WHERE a.id = 1590 [ RunTime:0.0003s ]
SQL: SHOW COLUMNS FROM `singer` [ RunTime:0.0004s ]
SQL: SHOW COLUMNS FROM `singer` [ RunTime:0.0003s ]
SQL: SELECT * FROM `singer` WHERE ( id = 5 )  [ RunTime:0.0002s ]
SQL: SHOW COLUMNS FROM `songlistenrecord` [ RunTime:0.0006s ]
SQL: SHOW COLUMNS FROM `songlistenrecord` [ RunTime:0.0008s ]
SQL: INSERT INTO `songlistenrecord` (`songid`,`songname`,`singername`,`addtime`) VALUES ('1590','I Got It Made','张学友','2018-06-03 08:44:21.000000') [ RunTime:0.0513s ]
INFO: [ app_end ] --START--
INFO: Run Behavior\ShowPageTraceBehavior [ RunTime:0.001669s ]
INFO: [ app_end ] --END-- [ RunTime:0.001770s ]

[ 2018-06-03T08:47:01+08:00 ] 127.0.0.1 /apimusic/get_song_random?callback=jQuery111101799212353486126_1527986176979&songtype=1&_=1527986176983
INFO: [ app_init ] --START--
INFO: Run Behavior\BuildLiteBehavior [ RunTime:0.000011s ]
INFO: [ app_init ] --END-- [ RunTime:0.000395s ]
INFO: [ app_begin ] --START--
INFO: Run Behavior\ReadHtmlCacheBehavior [ RunTime:0.000515s ]
INFO: [ app_begin ] --END-- [ RunTime:0.000551s ]
NOTIC: [8] Undefined index: sid E:\www2\music.xingzhi.com\Common\Common\function.php 第 70 行.
SQL: SHOW COLUMNS FROM `song` [ RunTime:0.0007s ]
SQL: SHOW COLUMNS FROM `song` [ RunTime:0.0004s ]
SQL: SELECT song.*, 
				(SELECT singername from singer a WHERE a.id = song.singerid)  as singername,
				(SELECT albumname from singeralbum b WHERE b.id = song.albumnid)  as albumname,
				(SELECT thumbnail from singeralbum b WHERE b.id = song.albumnid)  as thumbnail 
				FROM song WHERE (filetype = 'mp3' OR filetype = 'm4a') AND songtype = 1 ORDER BY RAND() LIMIT 1 [ RunTime:0.0769s ]
SQL: UPDATE song SET listentime = listentime + 1 WHERE id = 1930 [ RunTime:0.0624s ]
INFO: [ app_end ] --START--
INFO: Run Behavior\ShowPageTraceBehavior [ RunTime:0.001951s ]
INFO: [ app_end ] --END-- [ RunTime:0.002054s ]

[ 2018-06-03T08:47:01+08:00 ] 127.0.0.1 /apimusic/get_song_info?songid=1930
INFO: [ app_init ] --START--
INFO: Run Behavior\BuildLiteBehavior [ RunTime:0.000021s ]
INFO: [ app_init ] --END-- [ RunTime:0.000726s ]
INFO: [ app_begin ] --START--
INFO: Run Behavior\ReadHtmlCacheBehavior [ RunTime:0.001128s ]
INFO: [ app_begin ] --END-- [ RunTime:0.001210s ]
SQL: SHOW COLUMNS FROM `song` [ RunTime:0.0005s ]
SQL: SHOW COLUMNS FROM `song` [ RunTime:0.0006s ]
SQL: SELECT a.*,b.albumname,b.issueyear,c.singername FROM song a INNER JOIN singeralbum b ON b.id = a.albumnid INNER JOIN singer c ON c.id = a.singerid WHERE a.id = 1930 [ RunTime:0.0006s ]
SQL: SHOW COLUMNS FROM `singer` [ RunTime:0.0007s ]
SQL: SHOW COLUMNS FROM `singer` [ RunTime:0.0006s ]
SQL: SELECT * FROM `singer` WHERE ( id = 64 )  [ RunTime:0.0004s ]
SQL: SHOW COLUMNS FROM `songlistenrecord` [ RunTime:0.0005s ]
SQL: SHOW COLUMNS FROM `songlistenrecord` [ RunTime:0.0004s ]
SQL: INSERT INTO `songlistenrecord` (`songid`,`songname`,`singername`,`addtime`) VALUES ('1930','柴米油盐酱醋茶','王力宏','2018-06-03 08:47:01.000000') [ RunTime:0.0444s ]
INFO: [ app_end ] --START--
INFO: Run Behavior\ShowPageTraceBehavior [ RunTime:0.000665s ]
INFO: [ app_end ] --END-- [ RunTime:0.000698s ]

[ 2018-06-03T08:50:55+08:00 ] 127.0.0.1 /apimusic/get_song_random?callback=jQuery111101799212353486126_1527986176979&songtype=1&_=1527986176984
INFO: [ app_init ] --START--
INFO: Run Behavior\BuildLiteBehavior [ RunTime:0.000017s ]
INFO: [ app_init ] --END-- [ RunTime:0.000608s ]
INFO: [ app_begin ] --START--
INFO: Run Behavior\ReadHtmlCacheBehavior [ RunTime:0.000928s ]
INFO: [ app_begin ] --END-- [ RunTime:0.000997s ]
NOTIC: [8] Undefined index: sid E:\www2\music.xingzhi.com\Common\Common\function.php 第 70 行.
SQL: SHOW COLUMNS FROM `song` [ RunTime:0.0006s ]
SQL: SHOW COLUMNS FROM `song` [ RunTime:0.0005s ]
SQL: SELECT song.*, 
				(SELECT singername from singer a WHERE a.id = song.singerid)  as singername,
				(SELECT albumname from singeralbum b WHERE b.id = song.albumnid)  as albumname,
				(SELECT thumbnail from singeralbum b WHERE b.id = song.albumnid)  as thumbnail 
				FROM song WHERE (filetype = 'mp3' OR filetype = 'm4a') AND songtype = 1 ORDER BY RAND() LIMIT 1 [ RunTime:0.0302s ]
SQL: UPDATE song SET listentime = listentime + 1 WHERE id = 2501 [ RunTime:0.0410s ]
INFO: [ app_end ] --START--
INFO: Run Behavior\ShowPageTraceBehavior [ RunTime:0.000545s ]
INFO: [ app_end ] --END-- [ RunTime:0.000575s ]

[ 2018-06-03T08:50:55+08:00 ] 127.0.0.1 /apimusic/get_song_info?songid=2501
INFO: [ app_init ] --START--
INFO: Run Behavior\BuildLiteBehavior [ RunTime:0.000012s ]
INFO: [ app_init ] --END-- [ RunTime:0.013273s ]
INFO: [ app_begin ] --START--
INFO: Run Behavior\ReadHtmlCacheBehavior [ RunTime:0.000412s ]
INFO: [ app_begin ] --END-- [ RunTime:0.000439s ]
SQL: SHOW COLUMNS FROM `song` [ RunTime:0.0005s ]
SQL: SHOW COLUMNS FROM `song` [ RunTime:0.0004s ]
SQL: SELECT a.*,b.albumname,b.issueyear,c.singername FROM song a INNER JOIN singeralbum b ON b.id = a.albumnid INNER JOIN singer c ON c.id = a.singerid WHERE a.id = 2501 [ RunTime:0.0003s ]
SQL: SHOW COLUMNS FROM `singer` [ RunTime:0.0004s ]
SQL: SHOW COLUMNS FROM `singer` [ RunTime:0.0003s ]
SQL: SELECT * FROM `singer` WHERE ( id = 3 )  [ RunTime:0.0002s ]
SQL: SHOW COLUMNS FROM `songlistenrecord` [ RunTime:0.0004s ]
SQL: SHOW COLUMNS FROM `songlistenrecord` [ RunTime:0.0003s ]
SQL: INSERT INTO `songlistenrecord` (`songid`,`songname`,`singername`,`addtime`) VALUES ('2501','假装','刘德华','2018-06-03 08:50:55.000000') [ RunTime:0.0486s ]
INFO: [ app_end ] --START--
INFO: Run Behavior\ShowPageTraceBehavior [ RunTime:0.001642s ]
INFO: [ app_end ] --END-- [ RunTime:0.001743s ]

[ 2018-06-03T08:55:29+08:00 ] 127.0.0.1 /apimusic/get_song_random?callback=jQuery111101799212353486126_1527986176979&songtype=1&_=1527986176985
INFO: [ app_init ] --START--
INFO: Run Behavior\BuildLiteBehavior [ RunTime:0.000013s ]
INFO: [ app_init ] --END-- [ RunTime:0.000472s ]
INFO: [ app_begin ] --START--
INFO: Run Behavior\ReadHtmlCacheBehavior [ RunTime:0.000713s ]
INFO: [ app_begin ] --END-- [ RunTime:0.000765s ]
NOTIC: [8] Undefined index: sid E:\www2\music.xingzhi.com\Common\Common\function.php 第 70 行.
SQL: SHOW COLUMNS FROM `song` [ RunTime:0.0010s ]
SQL: SHOW COLUMNS FROM `song` [ RunTime:0.0008s ]
SQL: SELECT song.*, 
				(SELECT singername from singer a WHERE a.id = song.singerid)  as singername,
				(SELECT albumname from singeralbum b WHERE b.id = song.albumnid)  as albumname,
				(SELECT thumbnail from singeralbum b WHERE b.id = song.albumnid)  as thumbnail 
				FROM song WHERE (filetype = 'mp3' OR filetype = 'm4a') AND songtype = 1 ORDER BY RAND() LIMIT 1 [ RunTime:0.0422s ]
SQL: UPDATE song SET listentime = listentime + 1 WHERE id = 458 [ RunTime:0.0366s ]
INFO: [ app_end ] --START--
INFO: Run Behavior\ShowPageTraceBehavior [ RunTime:0.000527s ]
INFO: [ app_end ] --END-- [ RunTime:0.000554s ]

[ 2018-06-03T08:55:29+08:00 ] 127.0.0.1 /apimusic/get_song_info?songid=458
INFO: [ app_init ] --START--
INFO: Run Behavior\BuildLiteBehavior [ RunTime:0.000009s ]
INFO: [ app_init ] --END-- [ RunTime:0.000265s ]
INFO: [ app_begin ] --START--
INFO: Run Behavior\ReadHtmlCacheBehavior [ RunTime:0.000365s ]
INFO: [ app_begin ] --END-- [ RunTime:0.000390s ]
SQL: SHOW COLUMNS FROM `song` [ RunTime:0.0008s ]
SQL: SHOW COLUMNS FROM `song` [ RunTime:0.0006s ]
SQL: SELECT a.*,b.albumname,b.issueyear,c.singername FROM song a INNER JOIN singeralbum b ON b.id = a.albumnid INNER JOIN singer c ON c.id = a.singerid WHERE a.id = 458 [ RunTime:0.0003s ]
SQL: SHOW COLUMNS FROM `singer` [ RunTime:0.0004s ]
SQL: SHOW COLUMNS FROM `singer` [ RunTime:0.0003s ]
SQL: SELECT * FROM `singer` WHERE ( id = 19 )  [ RunTime:0.0002s ]
SQL: SHOW COLUMNS FROM `songlistenrecord` [ RunTime:0.0005s ]
SQL: SHOW COLUMNS FROM `songlistenrecord` [ RunTime:0.0004s ]
SQL: INSERT INTO `songlistenrecord` (`songid`,`songname`,`singername`,`addtime`) VALUES ('458','厌倦寂寞','Beyond','2018-06-03 08:55:29.000000') [ RunTime:0.0332s ]
INFO: [ app_end ] --START--
INFO: Run Behavior\ShowPageTraceBehavior [ RunTime:0.000486s ]
INFO: [ app_end ] --END-- [ RunTime:0.000514s ]

[ 2018-06-03T08:59:51+08:00 ] 127.0.0.1 /apimusic/get_song_random?callback=jQuery111101799212353486126_1527986176979&songtype=1&_=1527986176986
INFO: [ app_init ] --START--
INFO: Run Behavior\BuildLiteBehavior [ RunTime:0.000018s ]
INFO: [ app_init ] --END-- [ RunTime:0.000655s ]
INFO: [ app_begin ] --START--
INFO: Run Behavior\ReadHtmlCacheBehavior [ RunTime:0.000997s ]
INFO: [ app_begin ] --END-- [ RunTime:0.001070s ]
NOTIC: [8] Undefined index: sid E:\www2\music.xingzhi.com\Common\Common\function.php 第 70 行.
SQL: SHOW COLUMNS FROM `song` [ RunTime:0.0006s ]
SQL: SHOW COLUMNS FROM `song` [ RunTime:0.0004s ]
SQL: SELECT song.*, 
				(SELECT singername from singer a WHERE a.id = song.singerid)  as singername,
				(SELECT albumname from singeralbum b WHERE b.id = song.albumnid)  as albumname,
				(SELECT thumbnail from singeralbum b WHERE b.id = song.albumnid)  as thumbnail 
				FROM song WHERE (filetype = 'mp3' OR filetype = 'm4a') AND songtype = 1 ORDER BY RAND() LIMIT 1 [ RunTime:0.0444s ]
SQL: UPDATE song SET listentime = listentime + 1 WHERE id = 2914 [ RunTime:0.0423s ]
INFO: [ app_end ] --START--
INFO: Run Behavior\ShowPageTraceBehavior [ RunTime:0.001823s ]
INFO: [ app_end ] --END-- [ RunTime:0.001926s ]

[ 2018-06-03T08:59:51+08:00 ] 127.0.0.1 /apimusic/get_song_info?songid=2914
INFO: [ app_init ] --START--
INFO: Run Behavior\BuildLiteBehavior [ RunTime:0.000019s ]
INFO: [ app_init ] --END-- [ RunTime:0.000731s ]
INFO: [ app_begin ] --START--
INFO: Run Behavior\ReadHtmlCacheBehavior [ RunTime:0.000746s ]
INFO: [ app_begin ] --END-- [ RunTime:0.000804s ]
SQL: SHOW COLUMNS FROM `song` [ RunTime:0.0008s ]
SQL: SHOW COLUMNS FROM `song` [ RunTime:0.0009s ]
SQL: SELECT a.*,b.albumname,b.issueyear,c.singername FROM song a INNER JOIN singeralbum b ON b.id = a.albumnid INNER JOIN singer c ON c.id = a.singerid WHERE a.id = 2914 [ RunTime:0.0007s ]
SQL: SHOW COLUMNS FROM `singer` [ RunTime:0.0007s ]
SQL: SHOW COLUMNS FROM `singer` [ RunTime:0.0005s ]
SQL: SELECT * FROM `singer` WHERE ( id = 5 )  [ RunTime:0.0003s ]
SQL: SHOW COLUMNS FROM `songlistenrecord` [ RunTime:0.0006s ]
SQL: SHOW COLUMNS FROM `songlistenrecord` [ RunTime:0.0006s ]
SQL: INSERT INTO `songlistenrecord` (`songid`,`songname`,`singername`,`addtime`) VALUES ('2914','总有一天等到你(Live)','张学友','2018-06-03 08:59:51.000000') [ RunTime:0.0501s ]
INFO: [ app_end ] --START--
INFO: Run Behavior\ShowPageTraceBehavior [ RunTime:0.000847s ]
INFO: [ app_end ] --END-- [ RunTime:0.000900s ]

[ 2018-06-03T09:04:07+08:00 ] 127.0.0.1 /apimusic/get_song_random?callback=jQuery111101799212353486126_1527986176979&songtype=1&_=1527986176987
INFO: [ app_init ] --START--
INFO: Run Behavior\BuildLiteBehavior [ RunTime:0.000044s ]
INFO: [ app_init ] --END-- [ RunTime:0.001619s ]
INFO: [ app_begin ] --START--
INFO: Run Behavior\ReadHtmlCacheBehavior [ RunTime:0.001897s ]
INFO: [ app_begin ] --END-- [ RunTime:0.002051s ]
NOTIC: [8] Undefined index: sid E:\www2\music.xingzhi.com\Common\Common\function.php 第 70 行.
SQL: SHOW COLUMNS FROM `song` [ RunTime:0.0010s ]
SQL: SHOW COLUMNS FROM `song` [ RunTime:0.0007s ]
SQL: SELECT song.*, 
				(SELECT singername from singer a WHERE a.id = song.singerid)  as singername,
				(SELECT albumname from singeralbum b WHERE b.id = song.albumnid)  as albumname,
				(SELECT thumbnail from singeralbum b WHERE b.id = song.albumnid)  as thumbnail 
				FROM song WHERE (filetype = 'mp3' OR filetype = 'm4a') AND songtype = 1 ORDER BY RAND() LIMIT 1 [ RunTime:0.0435s ]
SQL: UPDATE song SET listentime = listentime + 1 WHERE id = 3853 [ RunTime:0.0298s ]
INFO: [ app_end ] --START--
INFO: Run Behavior\ShowPageTraceBehavior [ RunTime:0.000554s ]
INFO: [ app_end ] --END-- [ RunTime:0.000582s ]

[ 2018-06-03T09:04:07+08:00 ] 127.0.0.1 /apimusic/get_song_info?songid=3853
INFO: [ app_init ] --START--
INFO: Run Behavior\BuildLiteBehavior [ RunTime:0.000009s ]
INFO: [ app_init ] --END-- [ RunTime:0.000271s ]
INFO: [ app_begin ] --START--
INFO: Run Behavior\ReadHtmlCacheBehavior [ RunTime:0.000370s ]
INFO: [ app_begin ] --END-- [ RunTime:0.000398s ]
SQL: SHOW COLUMNS FROM `song` [ RunTime:0.0005s ]
SQL: SHOW COLUMNS FROM `song` [ RunTime:0.0004s ]
SQL: SELECT a.*,b.albumname,b.issueyear,c.singername FROM song a INNER JOIN singeralbum b ON b.id = a.albumnid INNER JOIN singer c ON c.id = a.singerid WHERE a.id = 3853 [ RunTime:0.0003s ]
SQL: SHOW COLUMNS FROM `singer` [ RunTime:0.0004s ]
SQL: SHOW COLUMNS FROM `singer` [ RunTime:0.0003s ]
SQL: SELECT * FROM `singer` WHERE ( id = 16 )  [ RunTime:0.0002s ]
SQL: SHOW COLUMNS FROM `songlistenrecord` [ RunTime:0.0004s ]
SQL: SHOW COLUMNS FROM `songlistenrecord` [ RunTime:0.0003s ]
SQL: INSERT INTO `songlistenrecord` (`songid`,`songname`,`singername`,`addtime`) VALUES ('3853','爱别离','黄安','2018-06-03 09:04:07.000000') [ RunTime:0.0259s ]
INFO: [ app_end ] --START--
INFO: Run Behavior\ShowPageTraceBehavior [ RunTime:0.000568s ]
INFO: [ app_end ] --END-- [ RunTime:0.000596s ]

[ 2018-06-03T09:08:25+08:00 ] 127.0.0.1 /apimusic/get_song_random?callback=jQuery111101799212353486126_1527986176979&songtype=1&_=1527986176988
INFO: [ app_init ] --START--
INFO: Run Behavior\BuildLiteBehavior [ RunTime:0.000018s ]
INFO: [ app_init ] --END-- [ RunTime:0.000694s ]
INFO: [ app_begin ] --START--
INFO: Run Behavior\ReadHtmlCacheBehavior [ RunTime:0.001307s ]
INFO: [ app_begin ] --END-- [ RunTime:0.001407s ]
NOTIC: [8] Undefined index: sid E:\www2\music.xingzhi.com\Common\Common\function.php 第 70 行.
SQL: SHOW COLUMNS FROM `song` [ RunTime:0.0015s ]
SQL: SHOW COLUMNS FROM `song` [ RunTime:0.0010s ]
SQL: SELECT song.*, 
				(SELECT singername from singer a WHERE a.id = song.singerid)  as singername,
				(SELECT albumname from singeralbum b WHERE b.id = song.albumnid)  as albumname,
				(SELECT thumbnail from singeralbum b WHERE b.id = song.albumnid)  as thumbnail 
				FROM song WHERE (filetype = 'mp3' OR filetype = 'm4a') AND songtype = 1 ORDER BY RAND() LIMIT 1 [ RunTime:0.0576s ]
SQL: UPDATE song SET listentime = listentime + 1 WHERE id = 2708 [ RunTime:0.0367s ]
INFO: [ app_end ] --START--
INFO: Run Behavior\ShowPageTraceBehavior [ RunTime:0.000537s ]
INFO: [ app_end ] --END-- [ RunTime:0.000565s ]

[ 2018-06-03T09:08:25+08:00 ] 127.0.0.1 /apimusic/get_song_info?songid=2708
INFO: [ app_init ] --START--
INFO: Run Behavior\BuildLiteBehavior [ RunTime:0.000013s ]
INFO: [ app_init ] --END-- [ RunTime:0.005234s ]
INFO: [ app_begin ] --START--
INFO: Run Behavior\ReadHtmlCacheBehavior [ RunTime:0.000465s ]
INFO: [ app_begin ] --END-- [ RunTime:0.000495s ]
SQL: SHOW COLUMNS FROM `song` [ RunTime:0.0004s ]
SQL: SHOW COLUMNS FROM `song` [ RunTime:0.0005s ]
SQL: SELECT a.*,b.albumname,b.issueyear,c.singername FROM song a INNER JOIN singeralbum b ON b.id = a.albumnid INNER JOIN singer c ON c.id = a.singerid WHERE a.id = 2708 [ RunTime:0.0003s ]
SQL: SHOW COLUMNS FROM `singer` [ RunTime:0.0004s ]
SQL: SHOW COLUMNS FROM `singer` [ RunTime:0.0003s ]
SQL: SELECT * FROM `singer` WHERE ( id = 90 )  [ RunTime:0.0002s ]
SQL: SHOW COLUMNS FROM `songlistenrecord` [ RunTime:0.0004s ]
SQL: SHOW COLUMNS FROM `songlistenrecord` [ RunTime:0.0003s ]
SQL: INSERT INTO `songlistenrecord` (`songid`,`songname`,`singername`,`addtime`) VALUES ('2708','而情似近','陈百强','2018-06-03 09:08:25.000000') [ RunTime:0.0438s ]
INFO: [ app_end ] --START--
INFO: Run Behavior\ShowPageTraceBehavior [ RunTime:0.001210s ]
INFO: [ app_end ] --END-- [ RunTime:0.001283s ]

[ 2018-06-03T09:12:43+08:00 ] 127.0.0.1 /apimusic/get_song_random?callback=jQuery111101799212353486126_1527986176979&songtype=1&_=1527986176989
INFO: [ app_init ] --START--
INFO: Run Behavior\BuildLiteBehavior [ RunTime:0.000018s ]
INFO: [ app_init ] --END-- [ RunTime:0.000662s ]
INFO: [ app_begin ] --START--
INFO: Run Behavior\ReadHtmlCacheBehavior [ RunTime:0.001002s ]
INFO: [ app_begin ] --END-- [ RunTime:0.001082s ]
NOTIC: [8] Undefined index: sid E:\www2\music.xingzhi.com\Common\Common\function.php 第 70 行.
SQL: SHOW COLUMNS FROM `song` [ RunTime:0.0007s ]
SQL: SHOW COLUMNS FROM `song` [ RunTime:0.0005s ]
SQL: SELECT song.*, 
				(SELECT singername from singer a WHERE a.id = song.singerid)  as singername,
				(SELECT albumname from singeralbum b WHERE b.id = song.albumnid)  as albumname,
				(SELECT thumbnail from singeralbum b WHERE b.id = song.albumnid)  as thumbnail 
				FROM song WHERE (filetype = 'mp3' OR filetype = 'm4a') AND songtype = 1 ORDER BY RAND() LIMIT 1 [ RunTime:0.0318s ]
SQL: UPDATE song SET listentime = listentime + 1 WHERE id = 3203 [ RunTime:0.0408s ]
INFO: [ app_end ] --START--
INFO: Run Behavior\ShowPageTraceBehavior [ RunTime:0.001374s ]
INFO: [ app_end ] --END-- [ RunTime:0.001447s ]

[ 2018-06-03T09:12:43+08:00 ] 127.0.0.1 /apimusic/get_song_info?songid=3203
INFO: [ app_init ] --START--
INFO: Run Behavior\BuildLiteBehavior [ RunTime:0.000016s ]
INFO: [ app_init ] --END-- [ RunTime:0.000547s ]
INFO: [ app_begin ] --START--
INFO: Run Behavior\ReadHtmlCacheBehavior [ RunTime:0.001144s ]
INFO: [ app_begin ] --END-- [ RunTime:0.001225s ]
SQL: SHOW COLUMNS FROM `song` [ RunTime:0.0007s ]
SQL: SHOW COLUMNS FROM `song` [ RunTime:0.0010s ]
SQL: SELECT a.*,b.albumname,b.issueyear,c.singername FROM song a INNER JOIN singeralbum b ON b.id = a.albumnid INNER JOIN singer c ON c.id = a.singerid WHERE a.id = 3203 [ RunTime:0.0004s ]
SQL: SHOW COLUMNS FROM `singer` [ RunTime:0.0005s ]
SQL: SHOW COLUMNS FROM `singer` [ RunTime:0.0004s ]
SQL: SELECT * FROM `singer` WHERE ( id = 97 )  [ RunTime:0.0002s ]
SQL: SHOW COLUMNS FROM `songlistenrecord` [ RunTime:0.0005s ]
SQL: SHOW COLUMNS FROM `songlistenrecord` [ RunTime:0.0004s ]
SQL: INSERT INTO `songlistenrecord` (`songid`,`songname`,`singername`,`addtime`) VALUES ('3203','偷幸福','李圣杰','2018-06-03 09:12:43.000000') [ RunTime:0.0381s ]
INFO: [ app_end ] --START--
INFO: Run Behavior\ShowPageTraceBehavior [ RunTime:0.001226s ]
INFO: [ app_end ] --END-- [ RunTime:0.001288s ]

[ 2018-06-03T09:17:53+08:00 ] 127.0.0.1 /apimusic/get_song_random?callback=jQuery111101799212353486126_1527986176979&songtype=1&_=1527986176990
INFO: [ app_init ] --START--
INFO: Run Behavior\BuildLiteBehavior [ RunTime:0.000028s ]
INFO: [ app_init ] --END-- [ RunTime:0.001100s ]
INFO: [ app_begin ] --START--
INFO: Run Behavior\ReadHtmlCacheBehavior [ RunTime:0.001662s ]
INFO: [ app_begin ] --END-- [ RunTime:0.001781s ]
NOTIC: [8] Undefined index: sid E:\www2\music.xingzhi.com\Common\Common\function.php 第 70 行.
SQL: SHOW COLUMNS FROM `song` [ RunTime:0.0010s ]
SQL: SHOW COLUMNS FROM `song` [ RunTime:0.0007s ]
SQL: SELECT song.*, 
				(SELECT singername from singer a WHERE a.id = song.singerid)  as singername,
				(SELECT albumname from singeralbum b WHERE b.id = song.albumnid)  as albumname,
				(SELECT thumbnail from singeralbum b WHERE b.id = song.albumnid)  as thumbnail 
				FROM song WHERE (filetype = 'mp3' OR filetype = 'm4a') AND songtype = 1 ORDER BY RAND() LIMIT 1 [ RunTime:0.0417s ]
SQL: UPDATE song SET listentime = listentime + 1 WHERE id = 338 [ RunTime:0.0314s ]
INFO: [ app_end ] --START--
INFO: Run Behavior\ShowPageTraceBehavior [ RunTime:0.000557s ]
INFO: [ app_end ] --END-- [ RunTime:0.000586s ]

[ 2018-06-03T09:17:53+08:00 ] 127.0.0.1 /apimusic/get_song_info?songid=338
INFO: [ app_init ] --START--
INFO: Run Behavior\BuildLiteBehavior [ RunTime:0.000008s ]
INFO: [ app_init ] --END-- [ RunTime:0.000269s ]
INFO: [ app_begin ] --START--
INFO: Run Behavior\ReadHtmlCacheBehavior [ RunTime:0.000372s ]
INFO: [ app_begin ] --END-- [ RunTime:0.000399s ]
SQL: SHOW COLUMNS FROM `song` [ RunTime:0.0005s ]
SQL: SHOW COLUMNS FROM `song` [ RunTime:0.0004s ]
SQL: SELECT a.*,b.albumname,b.issueyear,c.singername FROM song a INNER JOIN singeralbum b ON b.id = a.albumnid INNER JOIN singer c ON c.id = a.singerid WHERE a.id = 338 [ RunTime:0.0003s ]
SQL: SHOW COLUMNS FROM `singer` [ RunTime:0.0004s ]
SQL: SHOW COLUMNS FROM `singer` [ RunTime:0.0004s ]
SQL: SELECT * FROM `singer` WHERE ( id = 8 )  [ RunTime:0.0002s ]
SQL: SHOW COLUMNS FROM `songlistenrecord` [ RunTime:0.0004s ]
SQL: SHOW COLUMNS FROM `songlistenrecord` [ RunTime:0.0003s ]
SQL: INSERT INTO `songlistenrecord` (`songid`,`songname`,`singername`,`addtime`) VALUES ('338','太伤','巫启贤','2018-06-03 09:17:53.000000') [ RunTime:0.0080s ]
INFO: [ app_end ] --START--
INFO: Run Behavior\ShowPageTraceBehavior [ RunTime:0.000479s ]
INFO: [ app_end ] --END-- [ RunTime:0.000508s ]

[ 2018-06-03T09:22:21+08:00 ] 127.0.0.1 /apimusic/get_song_random?callback=jQuery111101799212353486126_1527986176979&songtype=1&_=1527986176991
INFO: [ app_init ] --START--
INFO: Run Behavior\BuildLiteBehavior [ RunTime:0.000030s ]
INFO: [ app_init ] --END-- [ RunTime:0.001083s ]
INFO: [ app_begin ] --START--
INFO: Run Behavior\ReadHtmlCacheBehavior [ RunTime:0.001648s ]
INFO: [ app_begin ] --END-- [ RunTime:0.001767s ]
NOTIC: [8] Undefined index: sid E:\www2\music.xingzhi.com\Common\Common\function.php 第 70 行.
SQL: SHOW COLUMNS FROM `song` [ RunTime:0.0012s ]
SQL: SHOW COLUMNS FROM `song` [ RunTime:0.0008s ]
SQL: SELECT song.*, 
				(SELECT singername from singer a WHERE a.id = song.singerid)  as singername,
				(SELECT albumname from singeralbum b WHERE b.id = song.albumnid)  as albumname,
				(SELECT thumbnail from singeralbum b WHERE b.id = song.albumnid)  as thumbnail 
				FROM song WHERE (filetype = 'mp3' OR filetype = 'm4a') AND songtype = 1 ORDER BY RAND() LIMIT 1 [ RunTime:0.0479s ]
SQL: UPDATE song SET listentime = listentime + 1 WHERE id = 1250 [ RunTime:0.0376s ]
INFO: [ app_end ] --START--
INFO: Run Behavior\ShowPageTraceBehavior [ RunTime:0.001868s ]
INFO: [ app_end ] --END-- [ RunTime:0.001978s ]

[ 2018-06-03T09:22:21+08:00 ] 127.0.0.1 /apimusic/get_song_info?songid=1250
INFO: [ app_init ] --START--
INFO: Run Behavior\BuildLiteBehavior [ RunTime:0.000019s ]
INFO: [ app_init ] --END-- [ RunTime:0.000544s ]
INFO: [ app_begin ] --START--
INFO: Run Behavior\ReadHtmlCacheBehavior [ RunTime:0.000788s ]
INFO: [ app_begin ] --END-- [ RunTime:0.000842s ]
SQL: SHOW COLUMNS FROM `song` [ RunTime:0.0005s ]
SQL: SHOW COLUMNS FROM `song` [ RunTime:0.0004s ]
SQL: SELECT a.*,b.albumname,b.issueyear,c.singername FROM song a INNER JOIN singeralbum b ON b.id = a.albumnid INNER JOIN singer c ON c.id = a.singerid WHERE a.id = 1250 [ RunTime:0.0003s ]
SQL: SHOW COLUMNS FROM `singer` [ RunTime:0.0004s ]
SQL: SHOW COLUMNS FROM `singer` [ RunTime:0.0003s ]
SQL: SELECT * FROM `singer` WHERE ( id = 3 )  [ RunTime:0.0002s ]
SQL: SHOW COLUMNS FROM `songlistenrecord` [ RunTime:0.0004s ]
SQL: SHOW COLUMNS FROM `songlistenrecord` [ RunTime:0.0003s ]
SQL: INSERT INTO `songlistenrecord` (`songid`,`songname`,`singername`,`addtime`) VALUES ('1250','会说话的哑巴','刘德华','2018-06-03 09:22:21.000000') [ RunTime:0.0390s ]
INFO: [ app_end ] --START--
INFO: Run Behavior\ShowPageTraceBehavior [ RunTime:0.001178s ]
INFO: [ app_end ] --END-- [ RunTime:0.001259s ]

[ 2018-06-03T09:27:05+08:00 ] 127.0.0.1 /apimusic/get_song_random?callback=jQuery111101799212353486126_1527986176979&songtype=1&_=1527986176992
INFO: [ app_init ] --START--
INFO: Run Behavior\BuildLiteBehavior [ RunTime:0.000017s ]
INFO: [ app_init ] --END-- [ RunTime:0.000616s ]
INFO: [ app_begin ] --START--
INFO: Run Behavior\ReadHtmlCacheBehavior [ RunTime:0.000930s ]
INFO: [ app_begin ] --END-- [ RunTime:0.000997s ]
NOTIC: [8] Undefined index: sid E:\www2\music.xingzhi.com\Common\Common\function.php 第 70 行.
SQL: SHOW COLUMNS FROM `song` [ RunTime:0.0008s ]
SQL: SHOW COLUMNS FROM `song` [ RunTime:0.0005s ]
SQL: SELECT song.*, 
				(SELECT singername from singer a WHERE a.id = song.singerid)  as singername,
				(SELECT albumname from singeralbum b WHERE b.id = song.albumnid)  as albumname,
				(SELECT thumbnail from singeralbum b WHERE b.id = song.albumnid)  as thumbnail 
				FROM song WHERE (filetype = 'mp3' OR filetype = 'm4a') AND songtype = 1 ORDER BY RAND() LIMIT 1 [ RunTime:0.0398s ]
SQL: UPDATE song SET listentime = listentime + 1 WHERE id = 3433 [ RunTime:0.0386s ]
INFO: [ app_end ] --START--
INFO: Run Behavior\ShowPageTraceBehavior [ RunTime:0.000758s ]
INFO: [ app_end ] --END-- [ RunTime:0.000795s ]

[ 2018-06-03T09:27:05+08:00 ] 127.0.0.1 /apimusic/get_song_info?songid=3433
INFO: [ app_init ] --START--
INFO: Run Behavior\BuildLiteBehavior [ RunTime:0.000008s ]
INFO: [ app_init ] --END-- [ RunTime:0.000251s ]
INFO: [ app_begin ] --START--
INFO: Run Behavior\ReadHtmlCacheBehavior [ RunTime:0.000364s ]
INFO: [ app_begin ] --END-- [ RunTime:0.000390s ]
SQL: SHOW COLUMNS FROM `song` [ RunTime:0.0034s ]
SQL: SHOW COLUMNS FROM `song` [ RunTime:0.0005s ]
SQL: SELECT a.*,b.albumname,b.issueyear,c.singername FROM song a INNER JOIN singeralbum b ON b.id = a.albumnid INNER JOIN singer c ON c.id = a.singerid WHERE a.id = 3433 [ RunTime:0.0003s ]
SQL: SHOW COLUMNS FROM `singer` [ RunTime:0.0004s ]
SQL: SHOW COLUMNS FROM `singer` [ RunTime:0.0003s ]
SQL: SELECT * FROM `singer` WHERE ( id = 126 )  [ RunTime:0.0002s ]
SQL: SHOW COLUMNS FROM `songlistenrecord` [ RunTime:0.0004s ]
SQL: SHOW COLUMNS FROM `songlistenrecord` [ RunTime:0.0003s ]
SQL: INSERT INTO `songlistenrecord` (`songid`,`songname`,`singername`,`addtime`) VALUES ('3433','冬','林志炫','2018-06-03 09:27:05.000000') [ RunTime:0.0118s ]
INFO: [ app_end ] --START--
INFO: Run Behavior\ShowPageTraceBehavior [ RunTime:0.000573s ]
INFO: [ app_end ] --END-- [ RunTime:0.000602s ]

[ 2018-06-03T09:31:01+08:00 ] 127.0.0.1 /apimusic/get_song_random?callback=jQuery111101799212353486126_1527986176979&songtype=1&_=1527986176993
INFO: [ app_init ] --START--
INFO: Run Behavior\BuildLiteBehavior [ RunTime:0.000015s ]
INFO: [ app_init ] --END-- [ RunTime:0.000544s ]
INFO: [ app_begin ] --START--
INFO: Run Behavior\ReadHtmlCacheBehavior [ RunTime:0.000826s ]
INFO: [ app_begin ] --END-- [ RunTime:0.000886s ]
NOTIC: [8] Undefined index: sid E:\www2\music.xingzhi.com\Common\Common\function.php 第 70 行.
SQL: SHOW COLUMNS FROM `song` [ RunTime:0.0007s ]
SQL: SHOW COLUMNS FROM `song` [ RunTime:0.0005s ]
SQL: SELECT song.*, 
				(SELECT singername from singer a WHERE a.id = song.singerid)  as singername,
				(SELECT albumname from singeralbum b WHERE b.id = song.albumnid)  as albumname,
				(SELECT thumbnail from singeralbum b WHERE b.id = song.albumnid)  as thumbnail 
				FROM song WHERE (filetype = 'mp3' OR filetype = 'm4a') AND songtype = 1 ORDER BY RAND() LIMIT 1 [ RunTime:0.0328s ]
SQL: UPDATE song SET listentime = listentime + 1 WHERE id = 1377 [ RunTime:0.0190s ]
INFO: [ app_end ] --START--
INFO: Run Behavior\ShowPageTraceBehavior [ RunTime:0.000529s ]
INFO: [ app_end ] --END-- [ RunTime:0.000560s ]

[ 2018-06-03T09:31:01+08:00 ] 127.0.0.1 /apimusic/get_song_info?songid=1377
INFO: [ app_init ] --START--
INFO: Run Behavior\BuildLiteBehavior [ RunTime:0.000009s ]
INFO: [ app_init ] --END-- [ RunTime:0.000300s ]
INFO: [ app_begin ] --START--
INFO: Run Behavior\ReadHtmlCacheBehavior [ RunTime:0.000458s ]
INFO: [ app_begin ] --END-- [ RunTime:0.000502s ]
SQL: SHOW COLUMNS FROM `song` [ RunTime:0.0007s ]
SQL: SHOW COLUMNS FROM `song` [ RunTime:0.0007s ]
SQL: SELECT a.*,b.albumname,b.issueyear,c.singername FROM song a INNER JOIN singeralbum b ON b.id = a.albumnid INNER JOIN singer c ON c.id = a.singerid WHERE a.id = 1377 [ RunTime:0.0003s ]
SQL: SHOW COLUMNS FROM `singer` [ RunTime:0.0061s ]
SQL: SHOW COLUMNS FROM `singer` [ RunTime:0.0004s ]
SQL: SELECT * FROM `singer` WHERE ( id = 5 )  [ RunTime:0.0002s ]
SQL: SHOW COLUMNS FROM `songlistenrecord` [ RunTime:0.0004s ]
SQL: SHOW COLUMNS FROM `songlistenrecord` [ RunTime:0.0003s ]
SQL: INSERT INTO `songlistenrecord` (`songid`,`songname`,`singername`,`addtime`) VALUES ('1377','蓝雨(Live)','张学友','2018-06-03 09:31:01.000000') [ RunTime:0.0518s ]
INFO: [ app_end ] --START--
INFO: Run Behavior\ShowPageTraceBehavior [ RunTime:0.001645s ]
INFO: [ app_end ] --END-- [ RunTime:0.001748s ]

[ 2018-06-03T09:35:43+08:00 ] 127.0.0.1 /apimusic/get_song_random?callback=jQuery111101799212353486126_1527986176979&songtype=1&_=1527986176994
INFO: [ app_init ] --START--
INFO: Run Behavior\BuildLiteBehavior [ RunTime:0.000009s ]
INFO: [ app_init ] --END-- [ RunTime:0.000315s ]
INFO: [ app_begin ] --START--
INFO: Run Behavior\ReadHtmlCacheBehavior [ RunTime:0.000646s ]
INFO: [ app_begin ] --END-- [ RunTime:0.000704s ]
NOTIC: [8] Undefined index: sid E:\www2\music.xingzhi.com\Common\Common\function.php 第 70 行.
SQL: SHOW COLUMNS FROM `song` [ RunTime:0.0009s ]
SQL: SHOW COLUMNS FROM `song` [ RunTime:0.0008s ]
SQL: SELECT song.*, 
				(SELECT singername from singer a WHERE a.id = song.singerid)  as singername,
				(SELECT albumname from singeralbum b WHERE b.id = song.albumnid)  as albumname,
				(SELECT thumbnail from singeralbum b WHERE b.id = song.albumnid)  as thumbnail 
				FROM song WHERE (filetype = 'mp3' OR filetype = 'm4a') AND songtype = 1 ORDER BY RAND() LIMIT 1 [ RunTime:0.0324s ]
SQL: UPDATE song SET listentime = listentime + 1 WHERE id = 3677 [ RunTime:0.0506s ]
INFO: [ app_end ] --START--
INFO: Run Behavior\ShowPageTraceBehavior [ RunTime:0.000603s ]
INFO: [ app_end ] --END-- [ RunTime:0.000646s ]

[ 2018-06-03T09:35:43+08:00 ] 127.0.0.1 /apimusic/get_song_info?songid=3677
INFO: [ app_init ] --START--
INFO: Run Behavior\BuildLiteBehavior [ RunTime:0.000013s ]
INFO: [ app_init ] --END-- [ RunTime:0.000394s ]
INFO: [ app_begin ] --START--
INFO: Run Behavior\ReadHtmlCacheBehavior [ RunTime:0.000544s ]
INFO: [ app_begin ] --END-- [ RunTime:0.000593s ]
SQL: SHOW COLUMNS FROM `song` [ RunTime:0.0007s ]
SQL: SHOW COLUMNS FROM `song` [ RunTime:0.0008s ]
SQL: SELECT a.*,b.albumname,b.issueyear,c.singername FROM song a INNER JOIN singeralbum b ON b.id = a.albumnid INNER JOIN singer c ON c.id = a.singerid WHERE a.id = 3677 [ RunTime:0.0006s ]
SQL: SHOW COLUMNS FROM `singer` [ RunTime:0.0007s ]
SQL: SHOW COLUMNS FROM `singer` [ RunTime:0.0006s ]
SQL: SELECT * FROM `singer` WHERE ( id = 140 )  [ RunTime:0.0003s ]
SQL: SHOW COLUMNS FROM `songlistenrecord` [ RunTime:0.0007s ]
SQL: SHOW COLUMNS FROM `songlistenrecord` [ RunTime:0.0007s ]
SQL: INSERT INTO `songlistenrecord` (`songid`,`songname`,`singername`,`addtime`) VALUES ('3677','故乡的云','文章','2018-06-03 09:35:43.000000') [ RunTime:0.0360s ]
INFO: [ app_end ] --START--
INFO: Run Behavior\ShowPageTraceBehavior [ RunTime:0.000476s ]
INFO: [ app_end ] --END-- [ RunTime:0.000507s ]

[ 2018-06-03T09:40:17+08:00 ] 127.0.0.1 /apimusic/get_song_random?callback=jQuery111101799212353486126_1527986176979&songtype=1&_=1527986176995
INFO: [ app_init ] --START--
INFO: Run Behavior\BuildLiteBehavior [ RunTime:0.000019s ]
INFO: [ app_init ] --END-- [ RunTime:0.000670s ]
INFO: [ app_begin ] --START--
INFO: Run Behavior\ReadHtmlCacheBehavior [ RunTime:0.001005s ]
INFO: [ app_begin ] --END-- [ RunTime:0.001091s ]
NOTIC: [8] Undefined index: sid E:\www2\music.xingzhi.com\Common\Common\function.php 第 70 行.
SQL: SHOW COLUMNS FROM `song` [ RunTime:0.0010s ]
SQL: SHOW COLUMNS FROM `song` [ RunTime:0.0005s ]
SQL: SELECT song.*, 
				(SELECT singername from singer a WHERE a.id = song.singerid)  as singername,
				(SELECT albumname from singeralbum b WHERE b.id = song.albumnid)  as albumname,
				(SELECT thumbnail from singeralbum b WHERE b.id = song.albumnid)  as thumbnail 
				FROM song WHERE (filetype = 'mp3' OR filetype = 'm4a') AND songtype = 1 ORDER BY RAND() LIMIT 1 [ RunTime:0.0555s ]
SQL: UPDATE song SET listentime = listentime + 1 WHERE id = 2845 [ RunTime:0.0387s ]
INFO: [ app_end ] --START--
INFO: Run Behavior\ShowPageTraceBehavior [ RunTime:0.000721s ]
INFO: [ app_end ] --END-- [ RunTime:0.000757s ]

[ 2018-06-03T09:40:17+08:00 ] 127.0.0.1 /apimusic/get_song_info?songid=2845
INFO: [ app_init ] --START--
INFO: Run Behavior\BuildLiteBehavior [ RunTime:0.000015s ]
INFO: [ app_init ] --END-- [ RunTime:0.000487s ]
INFO: [ app_begin ] --START--
INFO: Run Behavior\ReadHtmlCacheBehavior [ RunTime:0.000698s ]
INFO: [ app_begin ] --END-- [ RunTime:0.000748s ]
SQL: SHOW COLUMNS FROM `song` [ RunTime:0.0008s ]
SQL: SHOW COLUMNS FROM `song` [ RunTime:0.0004s ]
SQL: SELECT a.*,b.albumname,b.issueyear,c.singername FROM song a INNER JOIN singeralbum b ON b.id = a.albumnid INNER JOIN singer c ON c.id = a.singerid WHERE a.id = 2845 [ RunTime:0.0003s ]
SQL: SHOW COLUMNS FROM `singer` [ RunTime:0.0004s ]
SQL: SHOW COLUMNS FROM `singer` [ RunTime:0.0003s ]
SQL: SELECT * FROM `singer` WHERE ( id = 3 )  [ RunTime:0.0002s ]
SQL: SHOW COLUMNS FROM `songlistenrecord` [ RunTime:0.0004s ]
SQL: SHOW COLUMNS FROM `songlistenrecord` [ RunTime:0.0003s ]
SQL: INSERT INTO `songlistenrecord` (`songid`,`songname`,`singername`,`addtime`) VALUES ('2845','缘尽','刘德华','2018-06-03 09:40:17.000000') [ RunTime:0.0349s ]
INFO: [ app_end ] --START--
INFO: Run Behavior\ShowPageTraceBehavior [ RunTime:0.001209s ]
INFO: [ app_end ] --END-- [ RunTime:0.001272s ]

[ 2018-06-03T09:45:03+08:00 ] 127.0.0.1 /apimusic/get_song_random?callback=jQuery111101799212353486126_1527986176979&songtype=1&_=1527986176996
INFO: [ app_init ] --START--
INFO: Run Behavior\BuildLiteBehavior [ RunTime:0.000020s ]
INFO: [ app_init ] --END-- [ RunTime:0.000702s ]
INFO: [ app_begin ] --START--
INFO: Run Behavior\ReadHtmlCacheBehavior [ RunTime:0.001056s ]
INFO: [ app_begin ] --END-- [ RunTime:0.001133s ]
NOTIC: [8] Undefined index: sid E:\www2\music.xingzhi.com\Common\Common\function.php 第 70 行.
SQL: SHOW COLUMNS FROM `song` [ RunTime:0.0010s ]
SQL: SHOW COLUMNS FROM `song` [ RunTime:0.0007s ]
SQL: SELECT song.*, 
				(SELECT singername from singer a WHERE a.id = song.singerid)  as singername,
				(SELECT albumname from singeralbum b WHERE b.id = song.albumnid)  as albumname,
				(SELECT thumbnail from singeralbum b WHERE b.id = song.albumnid)  as thumbnail 
				FROM song WHERE (filetype = 'mp3' OR filetype = 'm4a') AND songtype = 1 ORDER BY RAND() LIMIT 1 [ RunTime:0.0364s ]
SQL: UPDATE song SET listentime = listentime + 1 WHERE id = 2122 [ RunTime:0.0203s ]
INFO: [ app_end ] --START--
INFO: Run Behavior\ShowPageTraceBehavior [ RunTime:0.000526s ]
INFO: [ app_end ] --END-- [ RunTime:0.000553s ]

[ 2018-06-03T09:45:03+08:00 ] 127.0.0.1 /apimusic/get_song_info?songid=2122
INFO: [ app_init ] --START--
INFO: Run Behavior\BuildLiteBehavior [ RunTime:0.000009s ]
INFO: [ app_init ] --END-- [ RunTime:0.000256s ]
INFO: [ app_begin ] --START--
INFO: Run Behavior\ReadHtmlCacheBehavior [ RunTime:0.000367s ]
INFO: [ app_begin ] --END-- [ RunTime:0.000398s ]
SQL: SHOW COLUMNS FROM `song` [ RunTime:0.0005s ]
SQL: SHOW COLUMNS FROM `song` [ RunTime:0.0004s ]
SQL: SELECT a.*,b.albumname,b.issueyear,c.singername FROM song a INNER JOIN singeralbum b ON b.id = a.albumnid INNER JOIN singer c ON c.id = a.singerid WHERE a.id = 2122 [ RunTime:0.0003s ]
SQL: SHOW COLUMNS FROM `singer` [ RunTime:0.0004s ]
SQL: SHOW COLUMNS FROM `singer` [ RunTime:0.0003s ]
SQL: SELECT * FROM `singer` WHERE ( id = 3 )  [ RunTime:0.0002s ]
SQL: SHOW COLUMNS FROM `songlistenrecord` [ RunTime:0.0005s ]
SQL: SHOW COLUMNS FROM `songlistenrecord` [ RunTime:0.0003s ]
SQL: INSERT INTO `songlistenrecord` (`songid`,`songname`,`singername`,`addtime`) VALUES ('2122','爱你一万年','刘德华','2018-06-03 09:45:03.000000') [ RunTime:0.0158s ]
INFO: [ app_end ] --START--
INFO: Run Behavior\ShowPageTraceBehavior [ RunTime:0.000480s ]
INFO: [ app_end ] --END-- [ RunTime:0.000508s ]

[ 2018-06-03T09:49:55+08:00 ] 127.0.0.1 /apimusic/get_song_random?callback=jQuery111101799212353486126_1527986176979&songtype=1&_=1527986176997
INFO: [ app_init ] --START--
INFO: Run Behavior\BuildLiteBehavior [ RunTime:0.000016s ]
INFO: [ app_init ] --END-- [ RunTime:0.000618s ]
INFO: [ app_begin ] --START--
INFO: Run Behavior\ReadHtmlCacheBehavior [ RunTime:0.000880s ]
INFO: [ app_begin ] --END-- [ RunTime:0.000944s ]
NOTIC: [8] Undefined index: sid E:\www2\music.xingzhi.com\Common\Common\function.php 第 70 行.
SQL: SHOW COLUMNS FROM `song` [ RunTime:0.0011s ]
SQL: SHOW COLUMNS FROM `song` [ RunTime:0.0007s ]
SQL: SELECT song.*, 
				(SELECT singername from singer a WHERE a.id = song.singerid)  as singername,
				(SELECT albumname from singeralbum b WHERE b.id = song.albumnid)  as albumname,
				(SELECT thumbnail from singeralbum b WHERE b.id = song.albumnid)  as thumbnail 
				FROM song WHERE (filetype = 'mp3' OR filetype = 'm4a') AND songtype = 1 ORDER BY RAND() LIMIT 1 [ RunTime:0.0460s ]
SQL: UPDATE song SET listentime = listentime + 1 WHERE id = 3319 [ RunTime:0.0485s ]
INFO: [ app_end ] --START--
INFO: Run Behavior\ShowPageTraceBehavior [ RunTime:0.001958s ]
INFO: [ app_end ] --END-- [ RunTime:0.002068s ]

[ 2018-06-03T09:49:55+08:00 ] 127.0.0.1 /apimusic/get_song_info?songid=3319
INFO: [ app_init ] --START--
INFO: Run Behavior\BuildLiteBehavior [ RunTime:0.000016s ]
INFO: [ app_init ] --END-- [ RunTime:0.000531s ]
INFO: [ app_begin ] --START--
INFO: Run Behavior\ReadHtmlCacheBehavior [ RunTime:0.000845s ]
INFO: [ app_begin ] --END-- [ RunTime:0.000899s ]
SQL: SHOW COLUMNS FROM `song` [ RunTime:0.0006s ]
SQL: SHOW COLUMNS FROM `song` [ RunTime:0.0007s ]
SQL: SELECT a.*,b.albumname,b.issueyear,c.singername FROM song a INNER JOIN singeralbum b ON b.id = a.albumnid INNER JOIN singer c ON c.id = a.singerid WHERE a.id = 3319 [ RunTime:0.0004s ]
SQL: SHOW COLUMNS FROM `singer` [ RunTime:0.0005s ]
SQL: SHOW COLUMNS FROM `singer` [ RunTime:0.0004s ]
SQL: SELECT * FROM `singer` WHERE ( id = 120 )  [ RunTime:0.0002s ]
SQL: SHOW COLUMNS FROM `songlistenrecord` [ RunTime:0.0006s ]
SQL: SHOW COLUMNS FROM `songlistenrecord` [ RunTime:0.0008s ]
SQL: INSERT INTO `songlistenrecord` (`songid`,`songname`,`singername`,`addtime`) VALUES ('3319','The Catalyst','Linkin Park','2018-06-03 09:49:55.000000') [ RunTime:0.0424s ]
INFO: [ app_end ] --START--
INFO: Run Behavior\ShowPageTraceBehavior [ RunTime:0.000572s ]
INFO: [ app_end ] --END-- [ RunTime:0.000601s ]

[ 2018-06-03T09:55:37+08:00 ] 127.0.0.1 /apimusic/get_song_random?callback=jQuery111101799212353486126_1527986176979&songtype=1&_=1527986176998
INFO: [ app_init ] --START--
INFO: Run Behavior\BuildLiteBehavior [ RunTime:0.000016s ]
INFO: [ app_init ] --END-- [ RunTime:0.000603s ]
INFO: [ app_begin ] --START--
INFO: Run Behavior\ReadHtmlCacheBehavior [ RunTime:0.000881s ]
INFO: [ app_begin ] --END-- [ RunTime:0.000944s ]
NOTIC: [8] Undefined index: sid E:\www2\music.xingzhi.com\Common\Common\function.php 第 70 行.
SQL: SHOW COLUMNS FROM `song` [ RunTime:0.0011s ]
SQL: SHOW COLUMNS FROM `song` [ RunTime:0.0008s ]
SQL: SELECT song.*, 
				(SELECT singername from singer a WHERE a.id = song.singerid)  as singername,
				(SELECT albumname from singeralbum b WHERE b.id = song.albumnid)  as albumname,
				(SELECT thumbnail from singeralbum b WHERE b.id = song.albumnid)  as thumbnail 
				FROM song WHERE (filetype = 'mp3' OR filetype = 'm4a') AND songtype = 1 ORDER BY RAND() LIMIT 1 [ RunTime:0.0362s ]
SQL: UPDATE song SET listentime = listentime + 1 WHERE id = 618 [ RunTime:0.0384s ]
INFO: [ app_end ] --START--
INFO: Run Behavior\ShowPageTraceBehavior [ RunTime:0.001813s ]
INFO: [ app_end ] --END-- [ RunTime:0.001918s ]

[ 2018-06-03T09:55:37+08:00 ] 127.0.0.1 /apimusic/get_song_info?songid=618
INFO: [ app_init ] --START--
INFO: Run Behavior\BuildLiteBehavior [ RunTime:0.000019s ]
INFO: [ app_init ] --END-- [ RunTime:0.000605s ]
INFO: [ app_begin ] --START--
INFO: Run Behavior\ReadHtmlCacheBehavior [ RunTime:0.000766s ]
INFO: [ app_begin ] --END-- [ RunTime:0.000815s ]
SQL: SHOW COLUMNS FROM `song` [ RunTime:0.0006s ]
SQL: SHOW COLUMNS FROM `song` [ RunTime:0.0005s ]
SQL: SELECT a.*,b.albumname,b.issueyear,c.singername FROM song a INNER JOIN singeralbum b ON b.id = a.albumnid INNER JOIN singer c ON c.id = a.singerid WHERE a.id = 618 [ RunTime:0.0003s ]
SQL: SHOW COLUMNS FROM `singer` [ RunTime:0.0005s ]
SQL: SHOW COLUMNS FROM `singer` [ RunTime:0.0004s ]
SQL: SELECT * FROM `singer` WHERE ( id = 5 )  [ RunTime:0.0002s ]
SQL: SHOW COLUMNS FROM `songlistenrecord` [ RunTime:0.0005s ]
SQL: SHOW COLUMNS FROM `songlistenrecord` [ RunTime:0.0004s ]
SQL: INSERT INTO `songlistenrecord` (`songid`,`songname`,`singername`,`addtime`) VALUES ('618','地震(Live)','张学友','2018-06-03 09:55:37.000000') [ RunTime:0.0470s ]
INFO: [ app_end ] --START--
INFO: Run Behavior\ShowPageTraceBehavior [ RunTime:0.001673s ]
INFO: [ app_end ] --END-- [ RunTime:0.001781s ]

[ 2018-06-03T09:59:59+08:00 ] 127.0.0.1 /apimusic/get_song_random?callback=jQuery111101799212353486126_1527986176979&songtype=1&_=1527986176999
INFO: [ app_init ] --START--
INFO: Run Behavior\BuildLiteBehavior [ RunTime:0.000029s ]
INFO: [ app_init ] --END-- [ RunTime:0.001095s ]
INFO: [ app_begin ] --START--
INFO: Run Behavior\ReadHtmlCacheBehavior [ RunTime:0.001638s ]
INFO: [ app_begin ] --END-- [ RunTime:0.001759s ]
NOTIC: [8] Undefined index: sid E:\www2\music.xingzhi.com\Common\Common\function.php 第 70 行.
SQL: SHOW COLUMNS FROM `song` [ RunTime:0.0009s ]
SQL: SHOW COLUMNS FROM `song` [ RunTime:0.0006s ]
SQL: SELECT song.*, 
				(SELECT singername from singer a WHERE a.id = song.singerid)  as singername,
				(SELECT albumname from singeralbum b WHERE b.id = song.albumnid)  as albumname,
				(SELECT thumbnail from singeralbum b WHERE b.id = song.albumnid)  as thumbnail 
				FROM song WHERE (filetype = 'mp3' OR filetype = 'm4a') AND songtype = 1 ORDER BY RAND() LIMIT 1 [ RunTime:0.0655s ]
SQL: UPDATE song SET listentime = listentime + 1 WHERE id = 2937 [ RunTime:0.0459s ]
INFO: [ app_end ] --START--
INFO: Run Behavior\ShowPageTraceBehavior [ RunTime:0.001927s ]
INFO: [ app_end ] --END-- [ RunTime:0.002030s ]

[ 2018-06-03T09:59:59+08:00 ] 127.0.0.1 /apimusic/get_song_info?songid=2937
INFO: [ app_init ] --START--
INFO: Run Behavior\BuildLiteBehavior [ RunTime:0.000016s ]
INFO: [ app_init ] --END-- [ RunTime:0.000521s ]
INFO: [ app_begin ] --START--
INFO: Run Behavior\ReadHtmlCacheBehavior [ RunTime:0.000730s ]
INFO: [ app_begin ] --END-- [ RunTime:0.000783s ]
SQL: SHOW COLUMNS FROM `song` [ RunTime:0.0008s ]
SQL: SHOW COLUMNS FROM `song` [ RunTime:0.0007s ]
SQL: SELECT a.*,b.albumname,b.issueyear,c.singername FROM song a INNER JOIN singeralbum b ON b.id = a.albumnid INNER JOIN singer c ON c.id = a.singerid WHERE a.id = 2937 [ RunTime:0.0005s ]
SQL: SHOW COLUMNS FROM `singer` [ RunTime:0.0008s ]
SQL: SHOW COLUMNS FROM `singer` [ RunTime:0.0006s ]
SQL: SELECT * FROM `singer` WHERE ( id = 21 )  [ RunTime:0.0003s ]
SQL: SHOW COLUMNS FROM `songlistenrecord` [ RunTime:0.0009s ]
SQL: SHOW COLUMNS FROM `songlistenrecord` [ RunTime:0.0009s ]
SQL: INSERT INTO `songlistenrecord` (`songid`,`songname`,`singername`,`addtime`) VALUES ('2937','明天你是否依然爱我','谭咏麟','2018-06-03 09:59:59.000000') [ RunTime:0.0484s ]
INFO: [ app_end ] --START--
INFO: Run Behavior\ShowPageTraceBehavior [ RunTime:0.001789s ]
INFO: [ app_end ] --END-- [ RunTime:0.001880s ]

[ 2018-06-03T10:04:13+08:00 ] 127.0.0.1 /apimusic/get_song_random?callback=jQuery111101799212353486126_1527986176979&songtype=1&_=1527986177000
INFO: [ app_init ] --START--
INFO: Run Behavior\BuildLiteBehavior [ RunTime:0.000029s ]
INFO: [ app_init ] --END-- [ RunTime:0.001089s ]
INFO: [ app_begin ] --START--
INFO: Run Behavior\ReadHtmlCacheBehavior [ RunTime:0.000921s ]
INFO: [ app_begin ] --END-- [ RunTime:0.000988s ]
NOTIC: [8] Undefined index: sid E:\www2\music.xingzhi.com\Common\Common\function.php 第 70 行.
SQL: SHOW COLUMNS FROM `song` [ RunTime:0.0011s ]
SQL: SHOW COLUMNS FROM `song` [ RunTime:0.0007s ]
SQL: SELECT song.*, 
				(SELECT singername from singer a WHERE a.id = song.singerid)  as singername,
				(SELECT albumname from singeralbum b WHERE b.id = song.albumnid)  as albumname,
				(SELECT thumbnail from singeralbum b WHERE b.id = song.albumnid)  as thumbnail 
				FROM song WHERE (filetype = 'mp3' OR filetype = 'm4a') AND songtype = 1 ORDER BY RAND() LIMIT 1 [ RunTime:0.0429s ]
SQL: UPDATE song SET listentime = listentime + 1 WHERE id = 413 [ RunTime:0.0493s ]
INFO: [ app_end ] --START--
INFO: Run Behavior\ShowPageTraceBehavior [ RunTime:0.001812s ]
INFO: [ app_end ] --END-- [ RunTime:0.001917s ]

[ 2018-06-03T10:04:13+08:00 ] 127.0.0.1 /apimusic/get_song_info?songid=413
INFO: [ app_init ] --START--
INFO: Run Behavior\BuildLiteBehavior [ RunTime:0.000014s ]
INFO: [ app_init ] --END-- [ RunTime:0.000455s ]
INFO: [ app_begin ] --START--
INFO: Run Behavior\ReadHtmlCacheBehavior [ RunTime:0.000663s ]
INFO: [ app_begin ] --END-- [ RunTime:0.000711s ]
SQL: SHOW COLUMNS FROM `song` [ RunTime:0.0007s ]
SQL: SHOW COLUMNS FROM `song` [ RunTime:0.0007s ]
SQL: SELECT a.*,b.albumname,b.issueyear,c.singername FROM song a INNER JOIN singeralbum b ON b.id = a.albumnid INNER JOIN singer c ON c.id = a.singerid WHERE a.id = 413 [ RunTime:0.0004s ]
SQL: SHOW COLUMNS FROM `singer` [ RunTime:0.0006s ]
SQL: SHOW COLUMNS FROM `singer` [ RunTime:0.0006s ]
SQL: SELECT * FROM `singer` WHERE ( id = 18 )  [ RunTime:0.0004s ]
SQL: SHOW COLUMNS FROM `songlistenrecord` [ RunTime:0.0006s ]
SQL: SHOW COLUMNS FROM `songlistenrecord` [ RunTime:0.0005s ]
SQL: INSERT INTO `songlistenrecord` (`songid`,`songname`,`singername`,`addtime`) VALUES ('413','白天不懂夜的黑','那英','2018-06-03 10:04:13.000000') [ RunTime:0.0084s ]
INFO: [ app_end ] --START--
INFO: Run Behavior\ShowPageTraceBehavior [ RunTime:0.000792s ]
INFO: [ app_end ] --END-- [ RunTime:0.000837s ]

[ 2018-06-03T10:08:17+08:00 ] 127.0.0.1 /apimusic/get_song_random?callback=jQuery111101799212353486126_1527986176979&songtype=1&_=1527986177001
INFO: [ app_init ] --START--
INFO: Run Behavior\BuildLiteBehavior [ RunTime:0.000017s ]
INFO: [ app_init ] --END-- [ RunTime:0.000661s ]
INFO: [ app_begin ] --START--
INFO: Run Behavior\ReadHtmlCacheBehavior [ RunTime:0.001416s ]
INFO: [ app_begin ] --END-- [ RunTime:0.001530s ]
NOTIC: [8] Undefined index: sid E:\www2\music.xingzhi.com\Common\Common\function.php 第 70 行.
SQL: SHOW COLUMNS FROM `song` [ RunTime:0.0012s ]
SQL: SHOW COLUMNS FROM `song` [ RunTime:0.0008s ]
SQL: SELECT song.*, 
				(SELECT singername from singer a WHERE a.id = song.singerid)  as singername,
				(SELECT albumname from singeralbum b WHERE b.id = song.albumnid)  as albumname,
				(SELECT thumbnail from singeralbum b WHERE b.id = song.albumnid)  as thumbnail 
				FROM song WHERE (filetype = 'mp3' OR filetype = 'm4a') AND songtype = 1 ORDER BY RAND() LIMIT 1 [ RunTime:0.0746s ]
SQL: UPDATE song SET listentime = listentime + 1 WHERE id = 1367 [ RunTime:0.0148s ]
INFO: [ app_end ] --START--
INFO: Run Behavior\ShowPageTraceBehavior [ RunTime:0.000598s ]
INFO: [ app_end ] --END-- [ RunTime:0.000631s ]

[ 2018-06-03T10:08:17+08:00 ] 127.0.0.1 /apimusic/get_song_info?songid=1367
INFO: [ app_init ] --START--
INFO: Run Behavior\BuildLiteBehavior [ RunTime:0.000014s ]
INFO: [ app_init ] --END-- [ RunTime:0.000551s ]
INFO: [ app_begin ] --START--
INFO: Run Behavior\ReadHtmlCacheBehavior [ RunTime:0.000519s ]
INFO: [ app_begin ] --END-- [ RunTime:0.000557s ]
SQL: SHOW COLUMNS FROM `song` [ RunTime:0.0005s ]
SQL: SHOW COLUMNS FROM `song` [ RunTime:0.0005s ]
SQL: SELECT a.*,b.albumname,b.issueyear,c.singername FROM song a INNER JOIN singeralbum b ON b.id = a.albumnid INNER JOIN singer c ON c.id = a.singerid WHERE a.id = 1367 [ RunTime:0.0003s ]
SQL: SHOW COLUMNS FROM `singer` [ RunTime:0.0004s ]
SQL: SHOW COLUMNS FROM `singer` [ RunTime:0.0003s ]
SQL: SELECT * FROM `singer` WHERE ( id = 5 )  [ RunTime:0.0002s ]
SQL: SHOW COLUMNS FROM `songlistenrecord` [ RunTime:0.0004s ]
SQL: SHOW COLUMNS FROM `songlistenrecord` [ RunTime:0.0004s ]
SQL: INSERT INTO `songlistenrecord` (`songid`,`songname`,`singername`,`addtime`) VALUES ('1367','HOO LA LA(Live)','张学友','2018-06-03 10:08:17.000000') [ RunTime:0.0141s ]
INFO: [ app_end ] --START--
INFO: Run Behavior\ShowPageTraceBehavior [ RunTime:0.000481s ]
INFO: [ app_end ] --END-- [ RunTime:0.000508s ]

[ 2018-06-03T10:13:15+08:00 ] 127.0.0.1 /apimusic/get_song_random?callback=jQuery111101799212353486126_1527986176979&songtype=1&_=1527986177002
INFO: [ app_init ] --START--
INFO: Run Behavior\BuildLiteBehavior [ RunTime:0.000015s ]
INFO: [ app_init ] --END-- [ RunTime:0.000563s ]
INFO: [ app_begin ] --START--
INFO: Run Behavior\ReadHtmlCacheBehavior [ RunTime:0.000836s ]
INFO: [ app_begin ] --END-- [ RunTime:0.000896s ]
NOTIC: [8] Undefined index: sid E:\www2\music.xingzhi.com\Common\Common\function.php 第 70 行.
SQL: SHOW COLUMNS FROM `song` [ RunTime:0.0019s ]
SQL: SHOW COLUMNS FROM `song` [ RunTime:0.0014s ]
SQL: SELECT song.*, 
				(SELECT singername from singer a WHERE a.id = song.singerid)  as singername,
				(SELECT albumname from singeralbum b WHERE b.id = song.albumnid)  as albumname,
				(SELECT thumbnail from singeralbum b WHERE b.id = song.albumnid)  as thumbnail 
				FROM song WHERE (filetype = 'mp3' OR filetype = 'm4a') AND songtype = 1 ORDER BY RAND() LIMIT 1 [ RunTime:0.0806s ]
SQL: UPDATE song SET listentime = listentime + 1 WHERE id = 1315 [ RunTime:0.0222s ]
INFO: [ app_end ] --START--
INFO: Run Behavior\ShowPageTraceBehavior [ RunTime:0.000741s ]
INFO: [ app_end ] --END-- [ RunTime:0.000778s ]

[ 2018-06-03T10:13:15+08:00 ] 127.0.0.1 /apimusic/get_song_info?songid=1315
INFO: [ app_init ] --START--
INFO: Run Behavior\BuildLiteBehavior [ RunTime:0.000015s ]
INFO: [ app_init ] --END-- [ RunTime:0.000515s ]
INFO: [ app_begin ] --START--
INFO: Run Behavior\ReadHtmlCacheBehavior [ RunTime:0.000726s ]
INFO: [ app_begin ] --END-- [ RunTime:0.000778s ]
SQL: SHOW COLUMNS FROM `song` [ RunTime:0.0006s ]
SQL: SHOW COLUMNS FROM `song` [ RunTime:0.0005s ]
SQL: SELECT a.*,b.albumname,b.issueyear,c.singername FROM song a INNER JOIN singeralbum b ON b.id = a.albumnid INNER JOIN singer c ON c.id = a.singerid WHERE a.id = 1315 [ RunTime:0.0003s ]
SQL: SHOW COLUMNS FROM `singer` [ RunTime:0.0004s ]
SQL: SHOW COLUMNS FROM `singer` [ RunTime:0.0003s ]
SQL: SELECT * FROM `singer` WHERE ( id = 11 )  [ RunTime:0.0002s ]
SQL: SHOW COLUMNS FROM `songlistenrecord` [ RunTime:0.0005s ]
SQL: SHOW COLUMNS FROM `songlistenrecord` [ RunTime:0.0004s ]
SQL: INSERT INTO `songlistenrecord` (`songid`,`songname`,`singername`,`addtime`) VALUES ('1315','人在风雨中','王杰','2018-06-03 10:13:15.000000') [ RunTime:0.0116s ]
INFO: [ app_end ] --START--
INFO: Run Behavior\ShowPageTraceBehavior [ RunTime:0.000667s ]
INFO: [ app_end ] --END-- [ RunTime:0.000700s ]

[ 2018-06-03T10:17:39+08:00 ] 127.0.0.1 /apimusic/get_song_random?callback=jQuery111101799212353486126_1527986176979&songtype=1&_=1527986177003
INFO: [ app_init ] --START--
INFO: Run Behavior\BuildLiteBehavior [ RunTime:0.000017s ]
INFO: [ app_init ] --END-- [ RunTime:0.000621s ]
INFO: [ app_begin ] --START--
INFO: Run Behavior\ReadHtmlCacheBehavior [ RunTime:0.000936s ]
INFO: [ app_begin ] --END-- [ RunTime:0.001003s ]
NOTIC: [8] Undefined index: sid E:\www2\music.xingzhi.com\Common\Common\function.php 第 70 行.
SQL: SHOW COLUMNS FROM `song` [ RunTime:0.0013s ]
SQL: SHOW COLUMNS FROM `song` [ RunTime:0.0009s ]
SQL: SELECT song.*, 
				(SELECT singername from singer a WHERE a.id = song.singerid)  as singername,
				(SELECT albumname from singeralbum b WHERE b.id = song.albumnid)  as albumname,
				(SELECT thumbnail from singeralbum b WHERE b.id = song.albumnid)  as thumbnail 
				FROM song WHERE (filetype = 'mp3' OR filetype = 'm4a') AND songtype = 1 ORDER BY RAND() LIMIT 1 [ RunTime:0.0426s ]
SQL: UPDATE song SET listentime = listentime + 1 WHERE id = 1758 [ RunTime:0.0182s ]
INFO: [ app_end ] --START--
INFO: Run Behavior\ShowPageTraceBehavior [ RunTime:0.000527s ]
INFO: [ app_end ] --END-- [ RunTime:0.000555s ]

[ 2018-06-03T10:17:39+08:00 ] 127.0.0.1 /apimusic/get_song_info?songid=1758
INFO: [ app_init ] --START--
INFO: Run Behavior\BuildLiteBehavior [ RunTime:0.000008s ]
INFO: [ app_init ] --END-- [ RunTime:0.000255s ]
INFO: [ app_begin ] --START--
INFO: Run Behavior\ReadHtmlCacheBehavior [ RunTime:0.000367s ]
INFO: [ app_begin ] --END-- [ RunTime:0.000393s ]
SQL: SHOW COLUMNS FROM `song` [ RunTime:0.0005s ]
SQL: SHOW COLUMNS FROM `song` [ RunTime:0.0005s ]
SQL: SELECT a.*,b.albumname,b.issueyear,c.singername FROM song a INNER JOIN singeralbum b ON b.id = a.albumnid INNER JOIN singer c ON c.id = a.singerid WHERE a.id = 1758 [ RunTime:0.0005s ]
SQL: SHOW COLUMNS FROM `singer` [ RunTime:0.0005s ]
SQL: SHOW COLUMNS FROM `singer` [ RunTime:0.0003s ]
SQL: SELECT * FROM `singer` WHERE ( id = 3 )  [ RunTime:0.0002s ]
SQL: SHOW COLUMNS FROM `songlistenrecord` [ RunTime:0.0004s ]
SQL: SHOW COLUMNS FROM `songlistenrecord` [ RunTime:0.0003s ]
SQL: INSERT INTO `songlistenrecord` (`songid`,`songname`,`singername`,`addtime`) VALUES ('1758','苦缠','刘德华','2018-06-03 10:17:39.000000') [ RunTime:0.0282s ]
INFO: [ app_end ] --START--
INFO: Run Behavior\ShowPageTraceBehavior [ RunTime:0.001256s ]
INFO: [ app_end ] --END-- [ RunTime:0.001351s ]

[ 2018-06-03T10:21:51+08:00 ] 127.0.0.1 /apimusic/get_song_random?callback=jQuery111101799212353486126_1527986176979&songtype=1&_=1527986177004
INFO: [ app_init ] --START--
INFO: Run Behavior\BuildLiteBehavior [ RunTime:0.000016s ]
INFO: [ app_init ] --END-- [ RunTime:0.000601s ]
INFO: [ app_begin ] --START--
INFO: Run Behavior\ReadHtmlCacheBehavior [ RunTime:0.000881s ]
INFO: [ app_begin ] --END-- [ RunTime:0.000944s ]
NOTIC: [8] Undefined index: sid E:\www2\music.xingzhi.com\Common\Common\function.php 第 70 行.
SQL: SHOW COLUMNS FROM `song` [ RunTime:0.0006s ]
SQL: SHOW COLUMNS FROM `song` [ RunTime:0.0004s ]
SQL: SELECT song.*, 
				(SELECT singername from singer a WHERE a.id = song.singerid)  as singername,
				(SELECT albumname from singeralbum b WHERE b.id = song.albumnid)  as albumname,
				(SELECT thumbnail from singeralbum b WHERE b.id = song.albumnid)  as thumbnail 
				FROM song WHERE (filetype = 'mp3' OR filetype = 'm4a') AND songtype = 1 ORDER BY RAND() LIMIT 1 [ RunTime:0.0290s ]
SQL: UPDATE song SET listentime = listentime + 1 WHERE id = 3184 [ RunTime:0.0223s ]
INFO: [ app_end ] --START--
INFO: Run Behavior\ShowPageTraceBehavior [ RunTime:0.000544s ]
INFO: [ app_end ] --END-- [ RunTime:0.000573s ]

[ 2018-06-03T10:21:51+08:00 ] 127.0.0.1 /apimusic/get_song_info?songid=3184
INFO: [ app_init ] --START--
INFO: Run Behavior\BuildLiteBehavior [ RunTime:0.000009s ]
INFO: [ app_init ] --END-- [ RunTime:0.000279s ]
INFO: [ app_begin ] --START--
INFO: Run Behavior\ReadHtmlCacheBehavior [ RunTime:0.000424s ]
INFO: [ app_begin ] --END-- [ RunTime:0.000456s ]
SQL: SHOW COLUMNS FROM `song` [ RunTime:0.0006s ]
SQL: SHOW COLUMNS FROM `song` [ RunTime:0.0008s ]
SQL: SELECT a.*,b.albumname,b.issueyear,c.singername FROM song a INNER JOIN singeralbum b ON b.id = a.albumnid INNER JOIN singer c ON c.id = a.singerid WHERE a.id = 3184 [ RunTime:0.0004s ]
SQL: SHOW COLUMNS FROM `singer` [ RunTime:0.0005s ]
SQL: SHOW COLUMNS FROM `singer` [ RunTime:0.0003s ]
SQL: SELECT * FROM `singer` WHERE ( id = 107 )  [ RunTime:0.0002s ]
SQL: SHOW COLUMNS FROM `songlistenrecord` [ RunTime:0.0004s ]
SQL: SHOW COLUMNS FROM `songlistenrecord` [ RunTime:0.0003s ]
SQL: INSERT INTO `songlistenrecord` (`songid`,`songname`,`singername`,`addtime`) VALUES ('3184','遇上爱','杨丞琳','2018-06-03 10:21:51.000000') [ RunTime:0.0138s ]
INFO: [ app_end ] --START--
INFO: Run Behavior\ShowPageTraceBehavior [ RunTime:0.000505s ]
INFO: [ app_end ] --END-- [ RunTime:0.000534s ]

[ 2018-06-03T10:25:45+08:00 ] 127.0.0.1 /apimusic/get_song_random?callback=jQuery111101799212353486126_1527986176979&songtype=1&_=1527986177005
INFO: [ app_init ] --START--
INFO: Run Behavior\BuildLiteBehavior [ RunTime:0.000017s ]
INFO: [ app_init ] --END-- [ RunTime:0.000584s ]
INFO: [ app_begin ] --START--
INFO: Run Behavior\ReadHtmlCacheBehavior [ RunTime:0.000886s ]
INFO: [ app_begin ] --END-- [ RunTime:0.000949s ]
NOTIC: [8] Undefined index: sid E:\www2\music.xingzhi.com\Common\Common\function.php 第 70 行.
SQL: SHOW COLUMNS FROM `song` [ RunTime:0.0008s ]
SQL: SHOW COLUMNS FROM `song` [ RunTime:0.0005s ]
SQL: SELECT song.*, 
				(SELECT singername from singer a WHERE a.id = song.singerid)  as singername,
				(SELECT albumname from singeralbum b WHERE b.id = song.albumnid)  as albumname,
				(SELECT thumbnail from singeralbum b WHERE b.id = song.albumnid)  as thumbnail 
				FROM song WHERE (filetype = 'mp3' OR filetype = 'm4a') AND songtype = 1 ORDER BY RAND() LIMIT 1 [ RunTime:0.0343s ]
SQL: UPDATE song SET listentime = listentime + 1 WHERE id = 1612 [ RunTime:0.0192s ]
INFO: [ app_end ] --START--
INFO: Run Behavior\ShowPageTraceBehavior [ RunTime:0.000555s ]
INFO: [ app_end ] --END-- [ RunTime:0.000583s ]

[ 2018-06-03T10:25:45+08:00 ] 127.0.0.1 /apimusic/get_song_info?songid=1612
INFO: [ app_init ] --START--
INFO: Run Behavior\BuildLiteBehavior [ RunTime:0.000014s ]
INFO: [ app_init ] --END-- [ RunTime:0.000547s ]
INFO: [ app_begin ] --START--
INFO: Run Behavior\ReadHtmlCacheBehavior [ RunTime:0.000596s ]
INFO: [ app_begin ] --END-- [ RunTime:0.000638s ]
SQL: SHOW COLUMNS FROM `song` [ RunTime:0.0007s ]
SQL: SHOW COLUMNS FROM `song` [ RunTime:0.0006s ]
SQL: SELECT a.*,b.albumname,b.issueyear,c.singername FROM song a INNER JOIN singeralbum b ON b.id = a.albumnid INNER JOIN singer c ON c.id = a.singerid WHERE a.id = 1612 [ RunTime:0.0003s ]
SQL: SHOW COLUMNS FROM `singer` [ RunTime:0.0004s ]
SQL: SHOW COLUMNS FROM `singer` [ RunTime:0.0003s ]
SQL: SELECT * FROM `singer` WHERE ( id = 56 )  [ RunTime:0.0002s ]
SQL: SHOW COLUMNS FROM `songlistenrecord` [ RunTime:0.0004s ]
SQL: SHOW COLUMNS FROM `songlistenrecord` [ RunTime:0.0003s ]
SQL: INSERT INTO `songlistenrecord` (`songid`,`songname`,`singername`,`addtime`) VALUES ('1612','眷恋','王菲','2018-06-03 10:25:45.000000') [ RunTime:0.0126s ]
INFO: [ app_end ] --START--
INFO: Run Behavior\ShowPageTraceBehavior [ RunTime:0.000567s ]
INFO: [ app_end ] --END-- [ RunTime:0.000595s ]

[ 2018-06-03T10:29:51+08:00 ] 127.0.0.1 /apimusic/get_song_random?callback=jQuery111101799212353486126_1527986176979&songtype=1&_=1527986177006
INFO: [ app_init ] --START--
INFO: Run Behavior\BuildLiteBehavior [ RunTime:0.000019s ]
INFO: [ app_init ] --END-- [ RunTime:0.000632s ]
INFO: [ app_begin ] --START--
INFO: Run Behavior\ReadHtmlCacheBehavior [ RunTime:0.000947s ]
INFO: [ app_begin ] --END-- [ RunTime:0.001016s ]
NOTIC: [8] Undefined index: sid E:\www2\music.xingzhi.com\Common\Common\function.php 第 70 行.
SQL: SHOW COLUMNS FROM `song` [ RunTime:0.0012s ]
SQL: SHOW COLUMNS FROM `song` [ RunTime:0.0008s ]
SQL: SELECT song.*, 
				(SELECT singername from singer a WHERE a.id = song.singerid)  as singername,
				(SELECT albumname from singeralbum b WHERE b.id = song.albumnid)  as albumname,
				(SELECT thumbnail from singeralbum b WHERE b.id = song.albumnid)  as thumbnail 
				FROM song WHERE (filetype = 'mp3' OR filetype = 'm4a') AND songtype = 1 ORDER BY RAND() LIMIT 1 [ RunTime:0.0569s ]
SQL: UPDATE song SET listentime = listentime + 1 WHERE id = 1597 [ RunTime:0.0234s ]
INFO: [ app_end ] --START--
INFO: Run Behavior\ShowPageTraceBehavior [ RunTime:0.000549s ]
INFO: [ app_end ] --END-- [ RunTime:0.000578s ]

[ 2018-06-03T10:29:51+08:00 ] 127.0.0.1 /apimusic/get_song_info?songid=1597
INFO: [ app_init ] --START--
INFO: Run Behavior\BuildLiteBehavior [ RunTime:0.000012s ]
INFO: [ app_init ] --END-- [ RunTime:0.010200s ]
INFO: [ app_begin ] --START--
INFO: Run Behavior\ReadHtmlCacheBehavior [ RunTime:0.000417s ]
INFO: [ app_begin ] --END-- [ RunTime:0.000445s ]
SQL: SHOW COLUMNS FROM `song` [ RunTime:0.0005s ]
SQL: SHOW COLUMNS FROM `song` [ RunTime:0.0004s ]
SQL: SELECT a.*,b.albumname,b.issueyear,c.singername FROM song a INNER JOIN singeralbum b ON b.id = a.albumnid INNER JOIN singer c ON c.id = a.singerid WHERE a.id = 1597 [ RunTime:0.0003s ]
SQL: SHOW COLUMNS FROM `singer` [ RunTime:0.0004s ]
SQL: SHOW COLUMNS FROM `singer` [ RunTime:0.0003s ]
SQL: SELECT * FROM `singer` WHERE ( id = 5 )  [ RunTime:0.0002s ]
SQL: SHOW COLUMNS FROM `songlistenrecord` [ RunTime:0.0004s ]
SQL: SHOW COLUMNS FROM `songlistenrecord` [ RunTime:0.0007s ]
SQL: INSERT INTO `songlistenrecord` (`songid`,`songname`,`singername`,`addtime`) VALUES ('1597','一路上','张学友','2018-06-03 10:29:51.000000') [ RunTime:0.0358s ]
INFO: [ app_end ] --START--
INFO: Run Behavior\ShowPageTraceBehavior [ RunTime:0.000487s ]
INFO: [ app_end ] --END-- [ RunTime:0.000514s ]

[ 2018-06-03T10:33:47+08:00 ] 127.0.0.1 /apimusic/get_song_random?callback=jQuery111101799212353486126_1527986176979&songtype=1&_=1527986177007
INFO: [ app_init ] --START--
INFO: Run Behavior\BuildLiteBehavior [ RunTime:0.000029s ]
INFO: [ app_init ] --END-- [ RunTime:0.001094s ]
INFO: [ app_begin ] --START--
INFO: Run Behavior\ReadHtmlCacheBehavior [ RunTime:0.001792s ]
INFO: [ app_begin ] --END-- [ RunTime:0.002168s ]
NOTIC: [8] Undefined index: sid E:\www2\music.xingzhi.com\Common\Common\function.php 第 70 行.
SQL: SHOW COLUMNS FROM `song` [ RunTime:0.0012s ]
SQL: SHOW COLUMNS FROM `song` [ RunTime:0.0008s ]
SQL: SELECT song.*, 
				(SELECT singername from singer a WHERE a.id = song.singerid)  as singername,
				(SELECT albumname from singeralbum b WHERE b.id = song.albumnid)  as albumname,
				(SELECT thumbnail from singeralbum b WHERE b.id = song.albumnid)  as thumbnail 
				FROM song WHERE (filetype = 'mp3' OR filetype = 'm4a') AND songtype = 1 ORDER BY RAND() LIMIT 1 [ RunTime:0.0492s ]
SQL: UPDATE song SET listentime = listentime + 1 WHERE id = 2150 [ RunTime:0.0162s ]
INFO: [ app_end ] --START--
INFO: Run Behavior\ShowPageTraceBehavior [ RunTime:0.000537s ]
INFO: [ app_end ] --END-- [ RunTime:0.000564s ]

[ 2018-06-03T10:33:47+08:00 ] 127.0.0.1 /apimusic/get_song_info?songid=2150
INFO: [ app_init ] --START--
INFO: Run Behavior\BuildLiteBehavior [ RunTime:0.000008s ]
INFO: [ app_init ] --END-- [ RunTime:0.000279s ]
INFO: [ app_begin ] --START--
INFO: Run Behavior\ReadHtmlCacheBehavior [ RunTime:0.000376s ]
INFO: [ app_begin ] --END-- [ RunTime:0.000402s ]
SQL: SHOW COLUMNS FROM `song` [ RunTime:0.0005s ]
SQL: SHOW COLUMNS FROM `song` [ RunTime:0.0004s ]
SQL: SELECT a.*,b.albumname,b.issueyear,c.singername FROM song a INNER JOIN singeralbum b ON b.id = a.albumnid INNER JOIN singer c ON c.id = a.singerid WHERE a.id = 2150 [ RunTime:0.0003s ]
SQL: SHOW COLUMNS FROM `singer` [ RunTime:0.0004s ]
SQL: SHOW COLUMNS FROM `singer` [ RunTime:0.0003s ]
SQL: SELECT * FROM `singer` WHERE ( id = 21 )  [ RunTime:0.0002s ]
SQL: SHOW COLUMNS FROM `songlistenrecord` [ RunTime:0.0004s ]
SQL: SHOW COLUMNS FROM `songlistenrecord` [ RunTime:0.0003s ]
SQL: INSERT INTO `songlistenrecord` (`songid`,`songname`,`singername`,`addtime`) VALUES ('2150','天地无药','谭咏麟','2018-06-03 10:33:47.000000') [ RunTime:0.0116s ]
INFO: [ app_end ] --START--
INFO: Run Behavior\ShowPageTraceBehavior [ RunTime:0.002490s ]
INFO: [ app_end ] --END-- [ RunTime:0.002525s ]

[ 2018-06-03T10:37:13+08:00 ] 127.0.0.1 /apimusic/get_song_random?callback=jQuery111101799212353486126_1527986176979&songtype=1&_=1527986177008
INFO: [ app_init ] --START--
INFO: Run Behavior\BuildLiteBehavior [ RunTime:0.000013s ]
INFO: [ app_init ] --END-- [ RunTime:0.000477s ]
INFO: [ app_begin ] --START--
INFO: Run Behavior\ReadHtmlCacheBehavior [ RunTime:0.000710s ]
INFO: [ app_begin ] --END-- [ RunTime:0.000761s ]
NOTIC: [8] Undefined index: sid E:\www2\music.xingzhi.com\Common\Common\function.php 第 70 行.
SQL: SHOW COLUMNS FROM `song` [ RunTime:0.0009s ]
SQL: SHOW COLUMNS FROM `song` [ RunTime:0.0006s ]
SQL: SELECT song.*, 
				(SELECT singername from singer a WHERE a.id = song.singerid)  as singername,
				(SELECT albumname from singeralbum b WHERE b.id = song.albumnid)  as albumname,
				(SELECT thumbnail from singeralbum b WHERE b.id = song.albumnid)  as thumbnail 
				FROM song WHERE (filetype = 'mp3' OR filetype = 'm4a') AND songtype = 1 ORDER BY RAND() LIMIT 1 [ RunTime:0.0400s ]
SQL: UPDATE song SET listentime = listentime + 1 WHERE id = 1301 [ RunTime:0.0489s ]
INFO: [ app_end ] --START--
INFO: Run Behavior\ShowPageTraceBehavior [ RunTime:0.001935s ]
INFO: [ app_end ] --END-- [ RunTime:0.002038s ]

[ 2018-06-03T10:37:13+08:00 ] 127.0.0.1 /apimusic/get_song_info?songid=1301
INFO: [ app_init ] --START--
INFO: Run Behavior\BuildLiteBehavior [ RunTime:0.000008s ]
INFO: [ app_init ] --END-- [ RunTime:0.000258s ]
INFO: [ app_begin ] --START--
INFO: Run Behavior\ReadHtmlCacheBehavior [ RunTime:0.000442s ]
INFO: [ app_begin ] --END-- [ RunTime:0.000470s ]
SQL: SHOW COLUMNS FROM `song` [ RunTime:0.0005s ]
SQL: SHOW COLUMNS FROM `song` [ RunTime:0.0004s ]
SQL: SELECT a.*,b.albumname,b.issueyear,c.singername FROM song a INNER JOIN singeralbum b ON b.id = a.albumnid INNER JOIN singer c ON c.id = a.singerid WHERE a.id = 1301 [ RunTime:0.0003s ]
SQL: SHOW COLUMNS FROM `singer` [ RunTime:0.0004s ]
SQL: SHOW COLUMNS FROM `singer` [ RunTime:0.0003s ]
SQL: SELECT * FROM `singer` WHERE ( id = 45 )  [ RunTime:0.0002s ]
SQL: SHOW COLUMNS FROM `songlistenrecord` [ RunTime:0.0005s ]
SQL: SHOW COLUMNS FROM `songlistenrecord` [ RunTime:0.0007s ]
SQL: INSERT INTO `songlistenrecord` (`songid`,`songname`,`singername`,`addtime`) VALUES ('1301','一段盟誓','黎明','2018-06-03 10:37:13.000000') [ RunTime:0.0431s ]
INFO: [ app_end ] --START--
INFO: Run Behavior\ShowPageTraceBehavior [ RunTime:0.001029s ]
INFO: [ app_end ] --END-- [ RunTime:0.001080s ]

[ 2018-06-03T10:41:23+08:00 ] 127.0.0.1 /apimusic/get_song_random?callback=jQuery111101799212353486126_1527986176979&songtype=1&_=1527986177009
INFO: [ app_init ] --START--
INFO: Run Behavior\BuildLiteBehavior [ RunTime:0.000020s ]
INFO: [ app_init ] --END-- [ RunTime:0.000725s ]
INFO: [ app_begin ] --START--
INFO: Run Behavior\ReadHtmlCacheBehavior [ RunTime:0.001084s ]
INFO: [ app_begin ] --END-- [ RunTime:0.001161s ]
NOTIC: [8] Undefined index: sid E:\www2\music.xingzhi.com\Common\Common\function.php 第 70 行.
SQL: SHOW COLUMNS FROM `song` [ RunTime:0.0007s ]
SQL: SHOW COLUMNS FROM `song` [ RunTime:0.0005s ]
SQL: SELECT song.*, 
				(SELECT singername from singer a WHERE a.id = song.singerid)  as singername,
				(SELECT albumname from singeralbum b WHERE b.id = song.albumnid)  as albumname,
				(SELECT thumbnail from singeralbum b WHERE b.id = song.albumnid)  as thumbnail 
				FROM song WHERE (filetype = 'mp3' OR filetype = 'm4a') AND songtype = 1 ORDER BY RAND() LIMIT 1 [ RunTime:0.0531s ]
SQL: UPDATE song SET listentime = listentime + 1 WHERE id = 2555 [ RunTime:0.0253s ]
INFO: [ app_end ] --START--
INFO: Run Behavior\ShowPageTraceBehavior [ RunTime:0.000533s ]
INFO: [ app_end ] --END-- [ RunTime:0.000561s ]

[ 2018-06-03T10:41:23+08:00 ] 127.0.0.1 /apimusic/get_song_info?songid=2555
INFO: [ app_init ] --START--
INFO: Run Behavior\BuildLiteBehavior [ RunTime:0.000011s ]
INFO: [ app_init ] --END-- [ RunTime:0.000339s ]
INFO: [ app_begin ] --START--
INFO: Run Behavior\ReadHtmlCacheBehavior [ RunTime:0.000491s ]
INFO: [ app_begin ] --END-- [ RunTime:0.000526s ]
SQL: SHOW COLUMNS FROM `song` [ RunTime:0.0006s ]
SQL: SHOW COLUMNS FROM `song` [ RunTime:0.0005s ]
SQL: SELECT a.*,b.albumname,b.issueyear,c.singername FROM song a INNER JOIN singeralbum b ON b.id = a.albumnid INNER JOIN singer c ON c.id = a.singerid WHERE a.id = 2555 [ RunTime:0.0003s ]
SQL: SHOW COLUMNS FROM `singer` [ RunTime:0.0005s ]
SQL: SHOW COLUMNS FROM `singer` [ RunTime:0.0004s ]
SQL: SELECT * FROM `singer` WHERE ( id = 83 )  [ RunTime:0.0002s ]
SQL: SHOW COLUMNS FROM `songlistenrecord` [ RunTime:0.0005s ]
SQL: SHOW COLUMNS FROM `songlistenrecord` [ RunTime:0.0004s ]
SQL: INSERT INTO `songlistenrecord` (`songid`,`songname`,`singername`,`addtime`) VALUES ('2555','爱死你','莫文蔚','2018-06-03 10:41:23.000000') [ RunTime:0.0155s ]
INFO: [ app_end ] --START--
INFO: Run Behavior\ShowPageTraceBehavior [ RunTime:0.000490s ]
INFO: [ app_end ] --END-- [ RunTime:0.000519s ]

[ 2018-06-03T10:45:31+08:00 ] 127.0.0.1 /apimusic/get_song_random?callback=jQuery111101799212353486126_1527986176979&songtype=1&_=1527986177010
INFO: [ app_init ] --START--
INFO: Run Behavior\BuildLiteBehavior [ RunTime:0.000016s ]
INFO: [ app_init ] --END-- [ RunTime:0.000586s ]
INFO: [ app_begin ] --START--
INFO: Run Behavior\ReadHtmlCacheBehavior [ RunTime:0.000904s ]
INFO: [ app_begin ] --END-- [ RunTime:0.000969s ]
NOTIC: [8] Undefined index: sid E:\www2\music.xingzhi.com\Common\Common\function.php 第 70 行.
SQL: SHOW COLUMNS FROM `song` [ RunTime:0.0006s ]
SQL: SHOW COLUMNS FROM `song` [ RunTime:0.0004s ]
SQL: SELECT song.*, 
				(SELECT singername from singer a WHERE a.id = song.singerid)  as singername,
				(SELECT albumname from singeralbum b WHERE b.id = song.albumnid)  as albumname,
				(SELECT thumbnail from singeralbum b WHERE b.id = song.albumnid)  as thumbnail 
				FROM song WHERE (filetype = 'mp3' OR filetype = 'm4a') AND songtype = 1 ORDER BY RAND() LIMIT 1 [ RunTime:0.0318s ]
SQL: UPDATE song SET listentime = listentime + 1 WHERE id = 600 [ RunTime:0.0202s ]
INFO: [ app_end ] --START--
INFO: Run Behavior\ShowPageTraceBehavior [ RunTime:0.000611s ]
INFO: [ app_end ] --END-- [ RunTime:0.000641s ]

[ 2018-06-03T10:45:31+08:00 ] 127.0.0.1 /apimusic/get_song_info?songid=600
INFO: [ app_init ] --START--
INFO: Run Behavior\BuildLiteBehavior [ RunTime:0.000024s ]
INFO: [ app_init ] --END-- [ RunTime:0.000796s ]
INFO: [ app_begin ] --START--
INFO: Run Behavior\ReadHtmlCacheBehavior [ RunTime:0.000641s ]
INFO: [ app_begin ] --END-- [ RunTime:0.000683s ]
SQL: SHOW COLUMNS FROM `song` [ RunTime:0.0006s ]
SQL: SHOW COLUMNS FROM `song` [ RunTime:0.0006s ]
SQL: SELECT a.*,b.albumname,b.issueyear,c.singername FROM song a INNER JOIN singeralbum b ON b.id = a.albumnid INNER JOIN singer c ON c.id = a.singerid WHERE a.id = 600 [ RunTime:0.0004s ]
SQL: SHOW COLUMNS FROM `singer` [ RunTime:0.0005s ]
SQL: SHOW COLUMNS FROM `singer` [ RunTime:0.0005s ]
SQL: SELECT * FROM `singer` WHERE ( id = 5 )  [ RunTime:0.0003s ]
SQL: SHOW COLUMNS FROM `songlistenrecord` [ RunTime:0.0006s ]
SQL: SHOW COLUMNS FROM `songlistenrecord` [ RunTime:0.0005s ]
SQL: INSERT INTO `songlistenrecord` (`songid`,`songname`,`singername`,`addtime`) VALUES ('600','马路英雄','张学友','2018-06-03 10:45:31.000000') [ RunTime:0.0164s ]
INFO: [ app_end ] --START--
INFO: Run Behavior\ShowPageTraceBehavior [ RunTime:0.000834s ]
INFO: [ app_end ] --END-- [ RunTime:0.000876s ]

[ 2018-06-03T10:49:39+08:00 ] 127.0.0.1 /apimusic/get_song_random?callback=jQuery111101799212353486126_1527986176979&songtype=1&_=1527986177011
INFO: [ app_init ] --START--
INFO: Run Behavior\BuildLiteBehavior [ RunTime:0.000013s ]
INFO: [ app_init ] --END-- [ RunTime:0.000461s ]
INFO: [ app_begin ] --START--
INFO: Run Behavior\ReadHtmlCacheBehavior [ RunTime:0.000693s ]
INFO: [ app_begin ] --END-- [ RunTime:0.000742s ]
NOTIC: [8] Undefined index: sid E:\www2\music.xingzhi.com\Common\Common\function.php 第 70 行.
SQL: SHOW COLUMNS FROM `song` [ RunTime:0.0009s ]
SQL: SHOW COLUMNS FROM `song` [ RunTime:0.0006s ]
SQL: SELECT song.*, 
				(SELECT singername from singer a WHERE a.id = song.singerid)  as singername,
				(SELECT albumname from singeralbum b WHERE b.id = song.albumnid)  as albumname,
				(SELECT thumbnail from singeralbum b WHERE b.id = song.albumnid)  as thumbnail 
				FROM song WHERE (filetype = 'mp3' OR filetype = 'm4a') AND songtype = 1 ORDER BY RAND() LIMIT 1 [ RunTime:0.0364s ]
SQL: UPDATE song SET listentime = listentime + 1 WHERE id = 986 [ RunTime:0.0190s ]
INFO: [ app_end ] --START--
INFO: Run Behavior\ShowPageTraceBehavior [ RunTime:0.001280s ]
INFO: [ app_end ] --END-- [ RunTime:0.001350s ]

[ 2018-06-03T10:49:39+08:00 ] 127.0.0.1 /apimusic/get_song_info?songid=986
INFO: [ app_init ] --START--
INFO: Run Behavior\BuildLiteBehavior [ RunTime:0.000012s ]
INFO: [ app_init ] --END-- [ RunTime:0.000371s ]
INFO: [ app_begin ] --START--
INFO: Run Behavior\ReadHtmlCacheBehavior [ RunTime:0.000531s ]
INFO: [ app_begin ] --END-- [ RunTime:0.000569s ]
SQL: SHOW COLUMNS FROM `song` [ RunTime:0.0006s ]
SQL: SHOW COLUMNS FROM `song` [ RunTime:0.0005s ]
SQL: SELECT a.*,b.albumname,b.issueyear,c.singername FROM song a INNER JOIN singeralbum b ON b.id = a.albumnid INNER JOIN singer c ON c.id = a.singerid WHERE a.id = 986 [ RunTime:0.0004s ]
SQL: SHOW COLUMNS FROM `singer` [ RunTime:0.0005s ]
SQL: SHOW COLUMNS FROM `singer` [ RunTime:0.0004s ]
SQL: SELECT * FROM `singer` WHERE ( id = 29 )  [ RunTime:0.0002s ]
SQL: SHOW COLUMNS FROM `songlistenrecord` [ RunTime:0.0005s ]
SQL: SHOW COLUMNS FROM `songlistenrecord` [ RunTime:0.0004s ]
SQL: INSERT INTO `songlistenrecord` (`songid`,`songname`,`singername`,`addtime`) VALUES ('986','千色派对','周慧敏','2018-06-03 10:49:39.000000') [ RunTime:0.0187s ]
INFO: [ app_end ] --START--
INFO: Run Behavior\ShowPageTraceBehavior [ RunTime:0.000502s ]
INFO: [ app_end ] --END-- [ RunTime:0.000539s ]

[ 2018-06-03T10:54:19+08:00 ] 127.0.0.1 /apimusic/get_song_random?callback=jQuery111101799212353486126_1527986176979&songtype=1&_=1527986177012
INFO: [ app_init ] --START--
INFO: Run Behavior\BuildLiteBehavior [ RunTime:0.000013s ]
INFO: [ app_init ] --END-- [ RunTime:0.000471s ]
INFO: [ app_begin ] --START--
INFO: Run Behavior\ReadHtmlCacheBehavior [ RunTime:0.000790s ]
INFO: [ app_begin ] --END-- [ RunTime:0.000850s ]
NOTIC: [8] Undefined index: sid E:\www2\music.xingzhi.com\Common\Common\function.php 第 70 行.
SQL: SHOW COLUMNS FROM `song` [ RunTime:0.0009s ]
SQL: SHOW COLUMNS FROM `song` [ RunTime:0.0006s ]
SQL: SELECT song.*, 
				(SELECT singername from singer a WHERE a.id = song.singerid)  as singername,
				(SELECT albumname from singeralbum b WHERE b.id = song.albumnid)  as albumname,
				(SELECT thumbnail from singeralbum b WHERE b.id = song.albumnid)  as thumbnail 
				FROM song WHERE (filetype = 'mp3' OR filetype = 'm4a') AND songtype = 1 ORDER BY RAND() LIMIT 1 [ RunTime:0.0503s ]
SQL: UPDATE song SET listentime = listentime + 1 WHERE id = 3673 [ RunTime:0.0153s ]
INFO: [ app_end ] --START--
INFO: Run Behavior\ShowPageTraceBehavior [ RunTime:0.000579s ]
INFO: [ app_end ] --END-- [ RunTime:0.000610s ]

[ 2018-06-03T10:54:19+08:00 ] 127.0.0.1 /apimusic/get_song_info?songid=3673
INFO: [ app_init ] --START--
INFO: Run Behavior\BuildLiteBehavior [ RunTime:0.000011s ]
INFO: [ app_init ] --END-- [ RunTime:0.000363s ]
INFO: [ app_begin ] --START--
INFO: Run Behavior\ReadHtmlCacheBehavior [ RunTime:0.000488s ]
INFO: [ app_begin ] --END-- [ RunTime:0.000526s ]
SQL: SHOW COLUMNS FROM `song` [ RunTime:0.0006s ]
SQL: SHOW COLUMNS FROM `song` [ RunTime:0.0008s ]
SQL: SELECT a.*,b.albumname,b.issueyear,c.singername FROM song a INNER JOIN singeralbum b ON b.id = a.albumnid INNER JOIN singer c ON c.id = a.singerid WHERE a.id = 3673 [ RunTime:0.0005s ]
SQL: SHOW COLUMNS FROM `singer` [ RunTime:0.0006s ]
SQL: SHOW COLUMNS FROM `singer` [ RunTime:0.0006s ]
SQL: SELECT * FROM `singer` WHERE ( id = 139 )  [ RunTime:0.0002s ]
SQL: SHOW COLUMNS FROM `songlistenrecord` [ RunTime:0.0004s ]
SQL: SHOW COLUMNS FROM `songlistenrecord` [ RunTime:0.0004s ]
SQL: INSERT INTO `songlistenrecord` (`songid`,`songname`,`singername`,`addtime`) VALUES ('3673','睡吧','陈小春','2018-06-03 10:54:19.000000') [ RunTime:0.0138s ]
INFO: [ app_end ] --START--
INFO: Run Behavior\ShowPageTraceBehavior [ RunTime:0.000541s ]
INFO: [ app_end ] --END-- [ RunTime:0.000573s ]

[ 2018-06-03T10:58:09+08:00 ] 127.0.0.1 /apimusic/get_song_random?callback=jQuery111101799212353486126_1527986176979&songtype=1&_=1527986177013
INFO: [ app_init ] --START--
INFO: Run Behavior\BuildLiteBehavior [ RunTime:0.000029s ]
INFO: [ app_init ] --END-- [ RunTime:0.001091s ]
INFO: [ app_begin ] --START--
INFO: Run Behavior\ReadHtmlCacheBehavior [ RunTime:0.001640s ]
INFO: [ app_begin ] --END-- [ RunTime:0.001758s ]
NOTIC: [8] Undefined index: sid E:\www2\music.xingzhi.com\Common\Common\function.php 第 70 行.
SQL: SHOW COLUMNS FROM `song` [ RunTime:0.0012s ]
SQL: SHOW COLUMNS FROM `song` [ RunTime:0.0008s ]
SQL: SELECT song.*, 
				(SELECT singername from singer a WHERE a.id = song.singerid)  as singername,
				(SELECT albumname from singeralbum b WHERE b.id = song.albumnid)  as albumname,
				(SELECT thumbnail from singeralbum b WHERE b.id = song.albumnid)  as thumbnail 
				FROM song WHERE (filetype = 'mp3' OR filetype = 'm4a') AND songtype = 1 ORDER BY RAND() LIMIT 1 [ RunTime:0.0585s ]
SQL: UPDATE song SET listentime = listentime + 1 WHERE id = 2422 [ RunTime:0.0440s ]
INFO: [ app_end ] --START--
INFO: Run Behavior\ShowPageTraceBehavior [ RunTime:0.001997s ]
INFO: [ app_end ] --END-- [ RunTime:0.002102s ]

[ 2018-06-03T10:58:09+08:00 ] 127.0.0.1 /apimusic/get_song_info?songid=2422
INFO: [ app_init ] --START--
INFO: Run Behavior\BuildLiteBehavior [ RunTime:0.000016s ]
INFO: [ app_init ] --END-- [ RunTime:0.000513s ]
INFO: [ app_begin ] --START--
INFO: Run Behavior\ReadHtmlCacheBehavior [ RunTime:0.000746s ]
INFO: [ app_begin ] --END-- [ RunTime:0.000802s ]
SQL: SHOW COLUMNS FROM `song` [ RunTime:0.0005s ]
SQL: SHOW COLUMNS FROM `song` [ RunTime:0.0004s ]
SQL: SELECT a.*,b.albumname,b.issueyear,c.singername FROM song a INNER JOIN singeralbum b ON b.id = a.albumnid INNER JOIN singer c ON c.id = a.singerid WHERE a.id = 2422 [ RunTime:0.0793s ]
SQL: SHOW COLUMNS FROM `singer` [ RunTime:0.0011s ]
SQL: SHOW COLUMNS FROM `singer` [ RunTime:0.0009s ]
SQL: SELECT * FROM `singer` WHERE ( id = 79 )  [ RunTime:0.0005s ]
SQL: SHOW COLUMNS FROM `songlistenrecord` [ RunTime:0.0010s ]
SQL: SHOW COLUMNS FROM `songlistenrecord` [ RunTime:0.0009s ]
SQL: INSERT INTO `songlistenrecord` (`songid`,`songname`,`singername`,`addtime`) VALUES ('2422','沉睡的野兽','杨培安','2018-06-03 10:58:09.000000') [ RunTime:0.0309s ]
INFO: [ app_end ] --START--
INFO: Run Behavior\ShowPageTraceBehavior [ RunTime:0.001919s ]
INFO: [ app_end ] --END-- [ RunTime:0.002024s ]

[ 2018-06-03T11:02:19+08:00 ] 127.0.0.1 /apimusic/get_song_random?callback=jQuery111101799212353486126_1527986176979&songtype=1&_=1527986177014
INFO: [ app_init ] --START--
INFO: Run Behavior\BuildLiteBehavior [ RunTime:0.000028s ]
INFO: [ app_init ] --END-- [ RunTime:0.001100s ]
INFO: [ app_begin ] --START--
INFO: Run Behavior\ReadHtmlCacheBehavior [ RunTime:0.001661s ]
INFO: [ app_begin ] --END-- [ RunTime:0.001780s ]
NOTIC: [8] Undefined index: sid E:\www2\music.xingzhi.com\Common\Common\function.php 第 70 行.
SQL: SHOW COLUMNS FROM `song` [ RunTime:0.0119s ]
SQL: SHOW COLUMNS FROM `song` [ RunTime:0.0009s ]
SQL: SELECT song.*, 
				(SELECT singername from singer a WHERE a.id = song.singerid)  as singername,
				(SELECT albumname from singeralbum b WHERE b.id = song.albumnid)  as albumname,
				(SELECT thumbnail from singeralbum b WHERE b.id = song.albumnid)  as thumbnail 
				FROM song WHERE (filetype = 'mp3' OR filetype = 'm4a') AND songtype = 1 ORDER BY RAND() LIMIT 1 [ RunTime:0.1834s ]
SQL: UPDATE song SET listentime = listentime + 1 WHERE id = 2574 [ RunTime:0.0365s ]
INFO: [ app_end ] --START--
INFO: Run Behavior\ShowPageTraceBehavior [ RunTime:0.001811s ]
INFO: [ app_end ] --END-- [ RunTime:0.001912s ]

[ 2018-06-03T11:02:19+08:00 ] 127.0.0.1 /apimusic/get_song_info?songid=2574
INFO: [ app_init ] --START--
INFO: Run Behavior\BuildLiteBehavior [ RunTime:0.000015s ]
INFO: [ app_init ] --END-- [ RunTime:0.000504s ]
INFO: [ app_begin ] --START--
INFO: Run Behavior\ReadHtmlCacheBehavior [ RunTime:0.000745s ]
INFO: [ app_begin ] --END-- [ RunTime:0.000798s ]
SQL: SHOW COLUMNS FROM `song` [ RunTime:0.0004s ]
SQL: SHOW COLUMNS FROM `song` [ RunTime:0.0004s ]
SQL: SELECT a.*,b.albumname,b.issueyear,c.singername FROM song a INNER JOIN singeralbum b ON b.id = a.albumnid INNER JOIN singer c ON c.id = a.singerid WHERE a.id = 2574 [ RunTime:0.0003s ]
SQL: SHOW COLUMNS FROM `singer` [ RunTime:0.0004s ]
SQL: SHOW COLUMNS FROM `singer` [ RunTime:0.0003s ]
SQL: SELECT * FROM `singer` WHERE ( id = 85 )  [ RunTime:0.0002s ]
SQL: SHOW COLUMNS FROM `songlistenrecord` [ RunTime:0.0004s ]
SQL: SHOW COLUMNS FROM `songlistenrecord` [ RunTime:0.0003s ]
SQL: INSERT INTO `songlistenrecord` (`songid`,`songname`,`singername`,`addtime`) VALUES ('2574','回头望着你','吴奇隆','2018-06-03 11:02:19.000000') [ RunTime:0.0165s ]
INFO: [ app_end ] --START--
INFO: Run Behavior\ShowPageTraceBehavior [ RunTime:0.000488s ]
INFO: [ app_end ] --END-- [ RunTime:0.000516s ]

