[ 2018-05-15T00:03:30+08:00 ] 127.0.0.1 /apimusic/get_song_random?callback=jQuery1111017353635244933652_1526305915639&songtype=1&_=1526305915674
INFO: [ app_init ] --START--
INFO: Run Behavior\BuildLiteBehavior [ RunTime:0.000010s ]
INFO: [ app_init ] --END-- [ RunTime:0.000647s ]
INFO: [ app_begin ] --START--
INFO: Run Behavior\ReadHtmlCacheBehavior [ RunTime:0.000964s ]
INFO: [ app_begin ] --END-- [ RunTime:0.001048s ]
NOTIC: [8] Undefined index: sid D:\www\phpweb\music.xingzhi.com\Common\Common\function.php 第 70 行.
SQL: SHOW COLUMNS FROM `song` [ RunTime:0.0071s ]
SQL: SHOW COLUMNS FROM `song` [ RunTime:0.0050s ]
SQL: SELECT song.*, 
				(SELECT singername from singer a WHERE a.id = song.singerid)  as singername,
				(SELECT albumname from singeralbum b WHERE b.id = song.albumnid)  as albumname,
				(SELECT thumbnail from singeralbum b WHERE b.id = song.albumnid)  as thumbnail 
				FROM song WHERE (filetype = 'mp3' OR filetype = 'm4a') AND songtype = 1 ORDER BY RAND() LIMIT 1 [ RunTime:0.0381s ]
SQL: UPDATE song SET listentime = listentime + 1 WHERE id = 620 [ RunTime:0.0020s ]
INFO: [ app_end ] --START--
INFO: Run Behavior\ShowPageTraceBehavior [ RunTime:0.000755s ]
INFO: [ app_end ] --END-- [ RunTime:0.000803s ]

[ 2018-05-15T00:03:30+08:00 ] 127.0.0.1 /apimusic/get_song_info?songid=620
INFO: [ app_init ] --START--
INFO: Run Behavior\BuildLiteBehavior [ RunTime:0.000008s ]
INFO: [ app_init ] --END-- [ RunTime:0.000361s ]
INFO: [ app_begin ] --START--
INFO: Run Behavior\ReadHtmlCacheBehavior [ RunTime:0.000486s ]
INFO: [ app_begin ] --END-- [ RunTime:0.000521s ]
SQL: SHOW COLUMNS FROM `song` [ RunTime:0.0041s ]
SQL: SHOW COLUMNS FROM `song` [ RunTime:0.0041s ]
SQL: SELECT a.*,b.albumname,b.issueyear,c.singername FROM song a INNER JOIN singeralbum b ON b.id = a.albumnid INNER JOIN singer c ON c.id = a.singerid WHERE a.id = 620 [ RunTime:0.0003s ]
SQL: SHOW COLUMNS FROM `singer` [ RunTime:0.0042s ]
SQL: SHOW COLUMNS FROM `singer` [ RunTime:0.0041s ]
SQL: SELECT * FROM `singer` WHERE ( id = 5 )  [ RunTime:0.0002s ]
SQL: SHOW COLUMNS FROM `songlistenrecord` [ RunTime:0.0040s ]
SQL: SHOW COLUMNS FROM `songlistenrecord` [ RunTime:0.0044s ]
SQL: INSERT INTO `songlistenrecord` (`songid`,`songname`,`singername`,`addtime`) VALUES ('620','道道道 (Live)','张学友','2018-05-15 00:03:30.000000') [ RunTime:0.0017s ]
SQL: select DISTINCT b.*,c.singername from songlistenrecord a INNER JOIN song b ON b.id = a.songid INNER JOIN singer c ON c.id = b.singerid order by a.id DESC limit 0,15 [ RunTime:0.2192s ]
INFO: [ app_end ] --START--
INFO: Run Behavior\ShowPageTraceBehavior [ RunTime:0.000598s ]
INFO: [ app_end ] --END-- [ RunTime:0.000637s ]

[ 2018-05-15T00:05:28+08:00 ] 127.0.0.1 /apimusic/get_song_random?callback=jQuery1111017353635244933652_1526305915639&songtype=1&_=1526305915675
INFO: [ app_init ] --START--
INFO: Run Behavior\BuildLiteBehavior [ RunTime:0.000022s ]
INFO: [ app_init ] --END-- [ RunTime:0.000665s ]
INFO: [ app_begin ] --START--
INFO: Run Behavior\ReadHtmlCacheBehavior [ RunTime:0.001090s ]
INFO: [ app_begin ] --END-- [ RunTime:0.001169s ]
NOTIC: [8] Undefined index: sid D:\www\phpweb\music.xingzhi.com\Common\Common\function.php 第 70 行.
SQL: SHOW COLUMNS FROM `song` [ RunTime:0.0043s ]
SQL: SHOW COLUMNS FROM `song` [ RunTime:0.0042s ]
SQL: SELECT song.*, 
				(SELECT singername from singer a WHERE a.id = song.singerid)  as singername,
				(SELECT albumname from singeralbum b WHERE b.id = song.albumnid)  as albumname,
				(SELECT thumbnail from singeralbum b WHERE b.id = song.albumnid)  as thumbnail 
				FROM song WHERE (filetype = 'mp3' OR filetype = 'm4a') AND songtype = 1 ORDER BY RAND() LIMIT 1 [ RunTime:0.0307s ]
SQL: UPDATE song SET listentime = listentime + 1 WHERE id = 1222 [ RunTime:0.0014s ]
INFO: [ app_end ] --START--
INFO: Run Behavior\ShowPageTraceBehavior [ RunTime:0.000771s ]
INFO: [ app_end ] --END-- [ RunTime:0.000802s ]

[ 2018-05-15T00:05:28+08:00 ] 127.0.0.1 /apimusic/get_song_info?songid=1222
INFO: [ app_init ] --START--
INFO: Run Behavior\BuildLiteBehavior [ RunTime:0.000009s ]
INFO: [ app_init ] --END-- [ RunTime:0.000388s ]
INFO: [ app_begin ] --START--
INFO: Run Behavior\ReadHtmlCacheBehavior [ RunTime:0.000645s ]
INFO: [ app_begin ] --END-- [ RunTime:0.000680s ]
SQL: SHOW COLUMNS FROM `song` [ RunTime:0.0045s ]
SQL: SHOW COLUMNS FROM `song` [ RunTime:0.0041s ]
SQL: SELECT a.*,b.albumname,b.issueyear,c.singername FROM song a INNER JOIN singeralbum b ON b.id = a.albumnid INNER JOIN singer c ON c.id = a.singerid WHERE a.id = 1222 [ RunTime:0.0003s ]
SQL: SHOW COLUMNS FROM `singer` [ RunTime:0.0042s ]
SQL: SHOW COLUMNS FROM `singer` [ RunTime:0.0039s ]
SQL: SELECT * FROM `singer` WHERE ( id = 5 )  [ RunTime:0.0002s ]
SQL: SHOW COLUMNS FROM `songlistenrecord` [ RunTime:0.0039s ]
SQL: SHOW COLUMNS FROM `songlistenrecord` [ RunTime:0.0038s ]
SQL: INSERT INTO `songlistenrecord` (`songid`,`songname`,`singername`,`addtime`) VALUES ('1222','HONEY B','张学友','2018-05-15 00:05:28.000000') [ RunTime:0.0042s ]
SQL: select DISTINCT b.*,c.singername from songlistenrecord a INNER JOIN song b ON b.id = a.songid INNER JOIN singer c ON c.id = b.singerid order by a.id DESC limit 0,15 [ RunTime:0.1950s ]
INFO: [ app_end ] --START--
INFO: Run Behavior\ShowPageTraceBehavior [ RunTime:0.000721s ]
INFO: [ app_end ] --END-- [ RunTime:0.000756s ]

[ 2018-05-15T00:10:20+08:00 ] 127.0.0.1 /apimusic/get_song_random?callback=jQuery1111017353635244933652_1526305915639&songtype=1&_=1526305915676
INFO: [ app_init ] --START--
INFO: Run Behavior\BuildLiteBehavior [ RunTime:0.000009s ]
INFO: [ app_init ] --END-- [ RunTime:0.000401s ]
INFO: [ app_begin ] --START--
INFO: Run Behavior\ReadHtmlCacheBehavior [ RunTime:0.000548s ]
INFO: [ app_begin ] --END-- [ RunTime:0.000584s ]
NOTIC: [8] Undefined index: sid D:\www\phpweb\music.xingzhi.com\Common\Common\function.php 第 70 行.
SQL: SHOW COLUMNS FROM `song` [ RunTime:0.0048s ]
SQL: SHOW COLUMNS FROM `song` [ RunTime:0.0040s ]
SQL: SELECT song.*, 
				(SELECT singername from singer a WHERE a.id = song.singerid)  as singername,
				(SELECT albumname from singeralbum b WHERE b.id = song.albumnid)  as albumname,
				(SELECT thumbnail from singeralbum b WHERE b.id = song.albumnid)  as thumbnail 
				FROM song WHERE (filetype = 'mp3' OR filetype = 'm4a') AND songtype = 1 ORDER BY RAND() LIMIT 1 [ RunTime:0.0309s ]
SQL: UPDATE song SET listentime = listentime + 1 WHERE id = 2088 [ RunTime:0.0017s ]
INFO: [ app_end ] --START--
INFO: Run Behavior\ShowPageTraceBehavior [ RunTime:0.000649s ]
INFO: [ app_end ] --END-- [ RunTime:0.000694s ]

[ 2018-05-15T00:10:20+08:00 ] 127.0.0.1 /apimusic/get_song_info?songid=2088
INFO: [ app_init ] --START--
INFO: Run Behavior\BuildLiteBehavior [ RunTime:0.000009s ]
INFO: [ app_init ] --END-- [ RunTime:0.000373s ]
INFO: [ app_begin ] --START--
INFO: Run Behavior\ReadHtmlCacheBehavior [ RunTime:0.000496s ]
INFO: [ app_begin ] --END-- [ RunTime:0.000530s ]
SQL: SHOW COLUMNS FROM `song` [ RunTime:0.0045s ]
SQL: SHOW COLUMNS FROM `song` [ RunTime:0.0040s ]
SQL: SELECT a.*,b.albumname,b.issueyear,c.singername FROM song a INNER JOIN singeralbum b ON b.id = a.albumnid INNER JOIN singer c ON c.id = a.singerid WHERE a.id = 2088 [ RunTime:0.0003s ]
SQL: SHOW COLUMNS FROM `singer` [ RunTime:0.0040s ]
SQL: SHOW COLUMNS FROM `singer` [ RunTime:0.0041s ]
SQL: SELECT * FROM `singer` WHERE ( id = 13 )  [ RunTime:0.0002s ]
SQL: SHOW COLUMNS FROM `songlistenrecord` [ RunTime:0.0041s ]
SQL: SHOW COLUMNS FROM `songlistenrecord` [ RunTime:0.0038s ]
SQL: INSERT INTO `songlistenrecord` (`songid`,`songname`,`singername`,`addtime`) VALUES ('2088','The Kinslayer','Nightwish','2018-05-15 00:10:20.000000') [ RunTime:0.0015s ]
SQL: select DISTINCT b.*,c.singername from songlistenrecord a INNER JOIN song b ON b.id = a.songid INNER JOIN singer c ON c.id = b.singerid order by a.id DESC limit 0,15 [ RunTime:0.1918s ]
INFO: [ app_end ] --START--
INFO: Run Behavior\ShowPageTraceBehavior [ RunTime:0.000641s ]
INFO: [ app_end ] --END-- [ RunTime:0.000682s ]

[ 2018-05-15T00:14:20+08:00 ] 127.0.0.1 /apimusic/get_song_random?callback=jQuery1111017353635244933652_1526305915639&songtype=1&_=1526305915677
INFO: [ app_init ] --START--
INFO: Run Behavior\BuildLiteBehavior [ RunTime:0.000028s ]
INFO: [ app_init ] --END-- [ RunTime:0.000533s ]
INFO: [ app_begin ] --START--
INFO: Run Behavior\ReadHtmlCacheBehavior [ RunTime:0.000929s ]
INFO: [ app_begin ] --END-- [ RunTime:0.000992s ]
NOTIC: [8] Undefined index: sid D:\www\phpweb\music.xingzhi.com\Common\Common\function.php 第 70 行.
SQL: SHOW COLUMNS FROM `song` [ RunTime:0.0057s ]
SQL: SHOW COLUMNS FROM `song` [ RunTime:0.0043s ]
SQL: SELECT song.*, 
				(SELECT singername from singer a WHERE a.id = song.singerid)  as singername,
				(SELECT albumname from singeralbum b WHERE b.id = song.albumnid)  as albumname,
				(SELECT thumbnail from singeralbum b WHERE b.id = song.albumnid)  as thumbnail 
				FROM song WHERE (filetype = 'mp3' OR filetype = 'm4a') AND songtype = 1 ORDER BY RAND() LIMIT 1 [ RunTime:0.0390s ]
SQL: UPDATE song SET listentime = listentime + 1 WHERE id = 2312 [ RunTime:0.0019s ]
INFO: [ app_end ] --START--
INFO: Run Behavior\ShowPageTraceBehavior [ RunTime:0.000807s ]
INFO: [ app_end ] --END-- [ RunTime:0.000855s ]

[ 2018-05-15T00:14:20+08:00 ] 127.0.0.1 /apimusic/get_song_info?songid=2312
INFO: [ app_init ] --START--
INFO: Run Behavior\BuildLiteBehavior [ RunTime:0.000011s ]
INFO: [ app_init ] --END-- [ RunTime:0.000456s ]
INFO: [ app_begin ] --START--
INFO: Run Behavior\ReadHtmlCacheBehavior [ RunTime:0.000692s ]
INFO: [ app_begin ] --END-- [ RunTime:0.000732s ]
SQL: SHOW COLUMNS FROM `song` [ RunTime:0.0056s ]
SQL: SHOW COLUMNS FROM `song` [ RunTime:0.0041s ]
SQL: SELECT a.*,b.albumname,b.issueyear,c.singername FROM song a INNER JOIN singeralbum b ON b.id = a.albumnid INNER JOIN singer c ON c.id = a.singerid WHERE a.id = 2312 [ RunTime:0.0004s ]
SQL: SHOW COLUMNS FROM `singer` [ RunTime:0.0050s ]
SQL: SHOW COLUMNS FROM `singer` [ RunTime:0.0045s ]
SQL: SELECT * FROM `singer` WHERE ( id = 44 )  [ RunTime:0.0003s ]
SQL: SHOW COLUMNS FROM `songlistenrecord` [ RunTime:0.0049s ]
SQL: SHOW COLUMNS FROM `songlistenrecord` [ RunTime:0.0043s ]
SQL: INSERT INTO `songlistenrecord` (`songid`,`songname`,`singername`,`addtime`) VALUES ('2312','男人也好女人也好','张信哲','2018-05-15 00:14:20.000000') [ RunTime:0.0014s ]
SQL: select DISTINCT b.*,c.singername from songlistenrecord a INNER JOIN song b ON b.id = a.songid INNER JOIN singer c ON c.id = b.singerid order by a.id DESC limit 0,15 [ RunTime:0.2321s ]
INFO: [ app_end ] --START--
INFO: Run Behavior\ShowPageTraceBehavior [ RunTime:0.000772s ]
INFO: [ app_end ] --END-- [ RunTime:0.000820s ]

[ 2018-05-15T00:19:10+08:00 ] 127.0.0.1 /apimusic/get_song_random?callback=jQuery1111017353635244933652_1526305915639&songtype=1&_=1526305915678
INFO: [ app_init ] --START--
INFO: Run Behavior\BuildLiteBehavior [ RunTime:0.000011s ]
INFO: [ app_init ] --END-- [ RunTime:0.000572s ]
INFO: [ app_begin ] --START--
INFO: Run Behavior\ReadHtmlCacheBehavior [ RunTime:0.000551s ]
INFO: [ app_begin ] --END-- [ RunTime:0.000591s ]
NOTIC: [8] Undefined index: sid D:\www\phpweb\music.xingzhi.com\Common\Common\function.php 第 70 行.
SQL: SHOW COLUMNS FROM `song` [ RunTime:0.0055s ]
SQL: SHOW COLUMNS FROM `song` [ RunTime:0.0054s ]
SQL: SELECT song.*, 
				(SELECT singername from singer a WHERE a.id = song.singerid)  as singername,
				(SELECT albumname from singeralbum b WHERE b.id = song.albumnid)  as albumname,
				(SELECT thumbnail from singeralbum b WHERE b.id = song.albumnid)  as thumbnail 
				FROM song WHERE (filetype = 'mp3' OR filetype = 'm4a') AND songtype = 1 ORDER BY RAND() LIMIT 1 [ RunTime:0.0397s ]
SQL: UPDATE song SET listentime = listentime + 1 WHERE id = 1760 [ RunTime:0.0072s ]
INFO: [ app_end ] --START--
INFO: Run Behavior\ShowPageTraceBehavior [ RunTime:0.000834s ]
INFO: [ app_end ] --END-- [ RunTime:0.000877s ]

[ 2018-05-15T00:19:10+08:00 ] 127.0.0.1 /apimusic/get_song_info?songid=1760
INFO: [ app_init ] --START--
INFO: Run Behavior\BuildLiteBehavior [ RunTime:0.000010s ]
INFO: [ app_init ] --END-- [ RunTime:0.000464s ]
INFO: [ app_begin ] --START--
INFO: Run Behavior\ReadHtmlCacheBehavior [ RunTime:0.000557s ]
INFO: [ app_begin ] --END-- [ RunTime:0.000631s ]
SQL: SHOW COLUMNS FROM `song` [ RunTime:0.0056s ]
SQL: SHOW COLUMNS FROM `song` [ RunTime:0.0048s ]
SQL: SELECT a.*,b.albumname,b.issueyear,c.singername FROM song a INNER JOIN singeralbum b ON b.id = a.albumnid INNER JOIN singer c ON c.id = a.singerid WHERE a.id = 1760 [ RunTime:0.0004s ]
SQL: SHOW COLUMNS FROM `singer` [ RunTime:0.0046s ]
SQL: SHOW COLUMNS FROM `singer` [ RunTime:0.0048s ]
SQL: SELECT * FROM `singer` WHERE ( id = 3 )  [ RunTime:0.0003s ]
SQL: SHOW COLUMNS FROM `songlistenrecord` [ RunTime:0.0050s ]
SQL: SHOW COLUMNS FROM `songlistenrecord` [ RunTime:0.0052s ]
SQL: INSERT INTO `songlistenrecord` (`songid`,`songname`,`singername`,`addtime`) VALUES ('1760','我不是故意要那么像他','刘德华','2018-05-15 00:19:10.000000') [ RunTime:0.0017s ]
SQL: select DISTINCT b.*,c.singername from songlistenrecord a INNER JOIN song b ON b.id = a.songid INNER JOIN singer c ON c.id = b.singerid order by a.id DESC limit 0,15 [ RunTime:0.2155s ]
INFO: [ app_end ] --START--
INFO: Run Behavior\ShowPageTraceBehavior [ RunTime:0.000584s ]
INFO: [ app_end ] --END-- [ RunTime:0.000621s ]

[ 2018-05-15T00:22:52+08:00 ] 127.0.0.1 /apimusic/get_song_random?callback=jQuery1111017353635244933652_1526305915639&songtype=1&_=1526305915679
INFO: [ app_init ] --START--
INFO: Run Behavior\BuildLiteBehavior [ RunTime:0.000021s ]
INFO: [ app_init ] --END-- [ RunTime:0.000791s ]
INFO: [ app_begin ] --START--
INFO: Run Behavior\ReadHtmlCacheBehavior [ RunTime:0.001372s ]
INFO: [ app_begin ] --END-- [ RunTime:0.001456s ]
NOTIC: [8] Undefined index: sid D:\www\phpweb\music.xingzhi.com\Common\Common\function.php 第 70 行.
SQL: SHOW COLUMNS FROM `song` [ RunTime:0.0044s ]
SQL: SHOW COLUMNS FROM `song` [ RunTime:0.0042s ]
SQL: SELECT song.*, 
				(SELECT singername from singer a WHERE a.id = song.singerid)  as singername,
				(SELECT albumname from singeralbum b WHERE b.id = song.albumnid)  as albumname,
				(SELECT thumbnail from singeralbum b WHERE b.id = song.albumnid)  as thumbnail 
				FROM song WHERE (filetype = 'mp3' OR filetype = 'm4a') AND songtype = 1 ORDER BY RAND() LIMIT 1 [ RunTime:0.0311s ]
SQL: UPDATE song SET listentime = listentime + 1 WHERE id = 2247 [ RunTime:0.0018s ]
INFO: [ app_end ] --START--
INFO: Run Behavior\ShowPageTraceBehavior [ RunTime:0.000751s ]
INFO: [ app_end ] --END-- [ RunTime:0.000784s ]

[ 2018-05-15T00:22:52+08:00 ] 127.0.0.1 /apimusic/get_song_info?songid=2247
INFO: [ app_init ] --START--
INFO: Run Behavior\BuildLiteBehavior [ RunTime:0.000010s ]
INFO: [ app_init ] --END-- [ RunTime:0.000372s ]
INFO: [ app_begin ] --START--
INFO: Run Behavior\ReadHtmlCacheBehavior [ RunTime:0.000644s ]
INFO: [ app_begin ] --END-- [ RunTime:0.000678s ]
SQL: SHOW COLUMNS FROM `song` [ RunTime:0.0041s ]
SQL: SHOW COLUMNS FROM `song` [ RunTime:0.0041s ]
SQL: SELECT a.*,b.albumname,b.issueyear,c.singername FROM song a INNER JOIN singeralbum b ON b.id = a.albumnid INNER JOIN singer c ON c.id = a.singerid WHERE a.id = 2247 [ RunTime:0.0003s ]
SQL: SHOW COLUMNS FROM `singer` [ RunTime:0.0039s ]
SQL: SHOW COLUMNS FROM `singer` [ RunTime:0.0037s ]
SQL: SELECT * FROM `singer` WHERE ( id = 3 )  [ RunTime:0.0002s ]
SQL: SHOW COLUMNS FROM `songlistenrecord` [ RunTime:0.0039s ]
SQL: SHOW COLUMNS FROM `songlistenrecord` [ RunTime:0.0039s ]
SQL: INSERT INTO `songlistenrecord` (`songid`,`songname`,`singername`,`addtime`) VALUES ('2247','你怎么舍得我难过','刘德华','2018-05-15 00:22:52.000000') [ RunTime:0.0040s ]
SQL: select DISTINCT b.*,c.singername from songlistenrecord a INNER JOIN song b ON b.id = a.songid INNER JOIN singer c ON c.id = b.singerid order by a.id DESC limit 0,15 [ RunTime:0.1994s ]
INFO: [ app_end ] --START--
INFO: Run Behavior\ShowPageTraceBehavior [ RunTime:0.000750s ]
INFO: [ app_end ] --END-- [ RunTime:0.000787s ]

[ 2018-05-15T00:27:48+08:00 ] 127.0.0.1 /apimusic/get_song_random?callback=jQuery1111017353635244933652_1526305915639&songtype=1&_=1526305915680
INFO: [ app_init ] --START--
INFO: Run Behavior\BuildLiteBehavior [ RunTime:0.000009s ]
INFO: [ app_init ] --END-- [ RunTime:0.000403s ]
INFO: [ app_begin ] --START--
INFO: Run Behavior\ReadHtmlCacheBehavior [ RunTime:0.000587s ]
INFO: [ app_begin ] --END-- [ RunTime:0.000625s ]
NOTIC: [8] Undefined index: sid D:\www\phpweb\music.xingzhi.com\Common\Common\function.php 第 70 行.
SQL: SHOW COLUMNS FROM `song` [ RunTime:0.0044s ]
SQL: SHOW COLUMNS FROM `song` [ RunTime:0.0040s ]
SQL: SELECT song.*, 
				(SELECT singername from singer a WHERE a.id = song.singerid)  as singername,
				(SELECT albumname from singeralbum b WHERE b.id = song.albumnid)  as albumname,
				(SELECT thumbnail from singeralbum b WHERE b.id = song.albumnid)  as thumbnail 
				FROM song WHERE (filetype = 'mp3' OR filetype = 'm4a') AND songtype = 1 ORDER BY RAND() LIMIT 1 [ RunTime:0.0311s ]
SQL: UPDATE song SET listentime = listentime + 1 WHERE id = 3725 [ RunTime:0.0015s ]
INFO: [ app_end ] --START--
INFO: Run Behavior\ShowPageTraceBehavior [ RunTime:0.000662s ]
INFO: [ app_end ] --END-- [ RunTime:0.000698s ]

[ 2018-05-15T00:27:48+08:00 ] 127.0.0.1 /apimusic/get_song_info?songid=3725
INFO: [ app_init ] --START--
INFO: Run Behavior\BuildLiteBehavior [ RunTime:0.000021s ]
INFO: [ app_init ] --END-- [ RunTime:0.000363s ]
INFO: [ app_begin ] --START--
INFO: Run Behavior\ReadHtmlCacheBehavior [ RunTime:0.000454s ]
INFO: [ app_begin ] --END-- [ RunTime:0.000492s ]
SQL: SHOW COLUMNS FROM `song` [ RunTime:0.0046s ]
SQL: SHOW COLUMNS FROM `song` [ RunTime:0.0041s ]
SQL: SELECT a.*,b.albumname,b.issueyear,c.singername FROM song a INNER JOIN singeralbum b ON b.id = a.albumnid INNER JOIN singer c ON c.id = a.singerid WHERE a.id = 3725 [ RunTime:0.0004s ]
SQL: SHOW COLUMNS FROM `singer` [ RunTime:0.0041s ]
SQL: SHOW COLUMNS FROM `singer` [ RunTime:0.0040s ]
SQL: SELECT * FROM `singer` WHERE ( id = 142 )  [ RunTime:0.0002s ]
SQL: SHOW COLUMNS FROM `songlistenrecord` [ RunTime:0.0040s ]
SQL: SHOW COLUMNS FROM `songlistenrecord` [ RunTime:0.0039s ]
SQL: INSERT INTO `songlistenrecord` (`songid`,`songname`,`singername`,`addtime`) VALUES ('3725','Take A Bow','Leona Lewis','2018-05-15 00:27:48.000000') [ RunTime:0.0015s ]
SQL: select DISTINCT b.*,c.singername from songlistenrecord a INNER JOIN song b ON b.id = a.songid INNER JOIN singer c ON c.id = b.singerid order by a.id DESC limit 0,15 [ RunTime:0.1907s ]
INFO: [ app_end ] --START--
INFO: Run Behavior\ShowPageTraceBehavior [ RunTime:0.000659s ]
INFO: [ app_end ] --END-- [ RunTime:0.000706s ]

[ 2018-05-15T00:31:44+08:00 ] 127.0.0.1 /apimusic/get_song_random?callback=jQuery1111017353635244933652_1526305915639&songtype=1&_=1526305915681
INFO: [ app_init ] --START--
INFO: Run Behavior\BuildLiteBehavior [ RunTime:0.000010s ]
INFO: [ app_init ] --END-- [ RunTime:0.000637s ]
INFO: [ app_begin ] --START--
INFO: Run Behavior\ReadHtmlCacheBehavior [ RunTime:0.001097s ]
INFO: [ app_begin ] --END-- [ RunTime:0.001142s ]
NOTIC: [8] Undefined index: sid D:\www\phpweb\music.xingzhi.com\Common\Common\function.php 第 70 行.
SQL: SHOW COLUMNS FROM `song` [ RunTime:0.0053s ]
SQL: SHOW COLUMNS FROM `song` [ RunTime:0.0049s ]
SQL: SELECT song.*, 
				(SELECT singername from singer a WHERE a.id = song.singerid)  as singername,
				(SELECT albumname from singeralbum b WHERE b.id = song.albumnid)  as albumname,
				(SELECT thumbnail from singeralbum b WHERE b.id = song.albumnid)  as thumbnail 
				FROM song WHERE (filetype = 'mp3' OR filetype = 'm4a') AND songtype = 1 ORDER BY RAND() LIMIT 1 [ RunTime:0.0408s ]
SQL: UPDATE song SET listentime = listentime + 1 WHERE id = 1717 [ RunTime:0.0034s ]
INFO: [ app_end ] --START--
INFO: Run Behavior\ShowPageTraceBehavior [ RunTime:0.000930s ]
INFO: [ app_end ] --END-- [ RunTime:0.000984s ]

[ 2018-05-15T00:31:44+08:00 ] 127.0.0.1 /apimusic/get_song_info?songid=1717
INFO: [ app_init ] --START--
INFO: Run Behavior\BuildLiteBehavior [ RunTime:0.000020s ]
INFO: [ app_init ] --END-- [ RunTime:0.000464s ]
INFO: [ app_begin ] --START--
INFO: Run Behavior\ReadHtmlCacheBehavior [ RunTime:0.000669s ]
INFO: [ app_begin ] --END-- [ RunTime:0.000705s ]
SQL: SHOW COLUMNS FROM `song` [ RunTime:0.0047s ]
SQL: SHOW COLUMNS FROM `song` [ RunTime:0.0045s ]
SQL: SELECT a.*,b.albumname,b.issueyear,c.singername FROM song a INNER JOIN singeralbum b ON b.id = a.albumnid INNER JOIN singer c ON c.id = a.singerid WHERE a.id = 1717 [ RunTime:0.0004s ]
SQL: SHOW COLUMNS FROM `singer` [ RunTime:0.0044s ]
SQL: SHOW COLUMNS FROM `singer` [ RunTime:0.0045s ]
SQL: SELECT * FROM `singer` WHERE ( id = 44 )  [ RunTime:0.0003s ]
SQL: SHOW COLUMNS FROM `songlistenrecord` [ RunTime:0.0041s ]
SQL: SHOW COLUMNS FROM `songlistenrecord` [ RunTime:0.0041s ]
SQL: INSERT INTO `songlistenrecord` (`songid`,`songname`,`singername`,`addtime`) VALUES ('1717','不要对他说','张信哲','2018-05-15 00:31:44.000000') [ RunTime:0.0022s ]
SQL: select DISTINCT b.*,c.singername from songlistenrecord a INNER JOIN song b ON b.id = a.songid INNER JOIN singer c ON c.id = b.singerid order by a.id DESC limit 0,15 [ RunTime:0.2360s ]
INFO: [ app_end ] --START--
INFO: Run Behavior\ShowPageTraceBehavior [ RunTime:0.000817s ]
INFO: [ app_end ] --END-- [ RunTime:0.000867s ]

[ 2018-05-15T00:36:36+08:00 ] 127.0.0.1 /apimusic/get_song_random?callback=jQuery1111017353635244933652_1526305915639&songtype=1&_=1526305915682
INFO: [ app_init ] --START--
INFO: Run Behavior\BuildLiteBehavior [ RunTime:0.000010s ]
INFO: [ app_init ] --END-- [ RunTime:0.000402s ]
INFO: [ app_begin ] --START--
INFO: Run Behavior\ReadHtmlCacheBehavior [ RunTime:0.000583s ]
INFO: [ app_begin ] --END-- [ RunTime:0.000621s ]
NOTIC: [8] Undefined index: sid D:\www\phpweb\music.xingzhi.com\Common\Common\function.php 第 70 行.
SQL: SHOW COLUMNS FROM `song` [ RunTime:0.0050s ]
SQL: SHOW COLUMNS FROM `song` [ RunTime:0.0045s ]
SQL: SELECT song.*, 
				(SELECT singername from singer a WHERE a.id = song.singerid)  as singername,
				(SELECT albumname from singeralbum b WHERE b.id = song.albumnid)  as albumname,
				(SELECT thumbnail from singeralbum b WHERE b.id = song.albumnid)  as thumbnail 
				FROM song WHERE (filetype = 'mp3' OR filetype = 'm4a') AND songtype = 1 ORDER BY RAND() LIMIT 1 [ RunTime:0.0334s ]
SQL: UPDATE song SET listentime = listentime + 1 WHERE id = 537 [ RunTime:0.0018s ]
INFO: [ app_end ] --START--
INFO: Run Behavior\ShowPageTraceBehavior [ RunTime:0.000657s ]
INFO: [ app_end ] --END-- [ RunTime:0.000702s ]

[ 2018-05-15T00:36:36+08:00 ] 127.0.0.1 /apimusic/get_song_info?songid=537
INFO: [ app_init ] --START--
INFO: Run Behavior\BuildLiteBehavior [ RunTime:0.000012s ]
INFO: [ app_init ] --END-- [ RunTime:0.000338s ]
INFO: [ app_begin ] --START--
INFO: Run Behavior\ReadHtmlCacheBehavior [ RunTime:0.000479s ]
INFO: [ app_begin ] --END-- [ RunTime:0.000515s ]
SQL: SHOW COLUMNS FROM `song` [ RunTime:0.0053s ]
SQL: SHOW COLUMNS FROM `song` [ RunTime:0.0051s ]
SQL: SELECT a.*,b.albumname,b.issueyear,c.singername FROM song a INNER JOIN singeralbum b ON b.id = a.albumnid INNER JOIN singer c ON c.id = a.singerid WHERE a.id = 537 [ RunTime:0.0004s ]
SQL: SHOW COLUMNS FROM `singer` [ RunTime:0.0049s ]
SQL: SHOW COLUMNS FROM `singer` [ RunTime:0.0054s ]
SQL: SELECT * FROM `singer` WHERE ( id = 4 )  [ RunTime:0.0003s ]
SQL: SHOW COLUMNS FROM `songlistenrecord` [ RunTime:0.0047s ]
SQL: SHOW COLUMNS FROM `songlistenrecord` [ RunTime:0.0054s ]
SQL: INSERT INTO `songlistenrecord` (`songid`,`songname`,`singername`,`addtime`) VALUES ('537','长情','陈慧娴','2018-05-15 00:36:36.000000') [ RunTime:0.0015s ]
SQL: select DISTINCT b.*,c.singername from songlistenrecord a INNER JOIN song b ON b.id = a.songid INNER JOIN singer c ON c.id = b.singerid order by a.id DESC limit 0,15 [ RunTime:0.2286s ]
INFO: [ app_end ] --START--
INFO: Run Behavior\ShowPageTraceBehavior [ RunTime:0.000599s ]
INFO: [ app_end ] --END-- [ RunTime:0.000639s ]

[ 2018-05-15T00:40:54+08:00 ] 127.0.0.1 /apimusic/get_song_random?callback=jQuery1111017353635244933652_1526305915639&songtype=1&_=1526305915683
INFO: [ app_init ] --START--
INFO: Run Behavior\BuildLiteBehavior [ RunTime:0.000012s ]
INFO: [ app_init ] --END-- [ RunTime:0.000713s ]
INFO: [ app_begin ] --START--
INFO: Run Behavior\ReadHtmlCacheBehavior [ RunTime:0.000730s ]
INFO: [ app_begin ] --END-- [ RunTime:0.000783s ]
NOTIC: [8] Undefined index: sid D:\www\phpweb\music.xingzhi.com\Common\Common\function.php 第 70 行.
SQL: SHOW COLUMNS FROM `song` [ RunTime:0.0061s ]
SQL: SHOW COLUMNS FROM `song` [ RunTime:0.0061s ]
SQL: SELECT song.*, 
				(SELECT singername from singer a WHERE a.id = song.singerid)  as singername,
				(SELECT albumname from singeralbum b WHERE b.id = song.albumnid)  as albumname,
				(SELECT thumbnail from singeralbum b WHERE b.id = song.albumnid)  as thumbnail 
				FROM song WHERE (filetype = 'mp3' OR filetype = 'm4a') AND songtype = 1 ORDER BY RAND() LIMIT 1 [ RunTime:0.0383s ]
SQL: UPDATE song SET listentime = listentime + 1 WHERE id = 1930 [ RunTime:0.0018s ]
INFO: [ app_end ] --START--
INFO: Run Behavior\ShowPageTraceBehavior [ RunTime:0.000772s ]
INFO: [ app_end ] --END-- [ RunTime:0.000815s ]

[ 2018-05-15T00:40:54+08:00 ] 127.0.0.1 /apimusic/get_song_info?songid=1930
INFO: [ app_init ] --START--
INFO: Run Behavior\BuildLiteBehavior [ RunTime:0.000012s ]
INFO: [ app_init ] --END-- [ RunTime:0.000359s ]
INFO: [ app_begin ] --START--
INFO: Run Behavior\ReadHtmlCacheBehavior [ RunTime:0.000556s ]
INFO: [ app_begin ] --END-- [ RunTime:0.000598s ]
SQL: SHOW COLUMNS FROM `song` [ RunTime:0.0060s ]
SQL: SHOW COLUMNS FROM `song` [ RunTime:0.0050s ]
SQL: SELECT a.*,b.albumname,b.issueyear,c.singername FROM song a INNER JOIN singeralbum b ON b.id = a.albumnid INNER JOIN singer c ON c.id = a.singerid WHERE a.id = 1930 [ RunTime:0.0004s ]
SQL: SHOW COLUMNS FROM `singer` [ RunTime:0.0047s ]
SQL: SHOW COLUMNS FROM `singer` [ RunTime:0.0047s ]
SQL: SELECT * FROM `singer` WHERE ( id = 64 )  [ RunTime:0.0002s ]
SQL: SHOW COLUMNS FROM `songlistenrecord` [ RunTime:0.0050s ]
SQL: SHOW COLUMNS FROM `songlistenrecord` [ RunTime:0.0048s ]
SQL: INSERT INTO `songlistenrecord` (`songid`,`songname`,`singername`,`addtime`) VALUES ('1930','柴米油盐酱醋茶','王力宏','2018-05-15 00:40:54.000000') [ RunTime:0.0015s ]
SQL: select DISTINCT b.*,c.singername from songlistenrecord a INNER JOIN song b ON b.id = a.songid INNER JOIN singer c ON c.id = b.singerid order by a.id DESC limit 0,15 [ RunTime:0.2339s ]
INFO: [ app_end ] --START--
INFO: Run Behavior\ShowPageTraceBehavior [ RunTime:0.000707s ]
INFO: [ app_end ] --END-- [ RunTime:0.000745s ]

