[ 2018-03-01T21:49:57+08:00 ] 127.0.0.1 /
INFO: [ app_init ] --START--
INFO: Run Behavior\BuildLiteBehavior [ RunTime:0.000021s ]
INFO: [ app_init ] --END-- [ RunTime:0.000445s ]
INFO: [ app_begin ] --START--
INFO: Run Behavior\ReadHtmlCacheBehavior [ RunTime:0.000711s ]
INFO: [ app_begin ] --END-- [ RunTime:0.000758s ]
SQL: SHOW COLUMNS FROM `song` [ RunTime:0.0033s ]
SQL: SHOW COLUMNS FROM `song` [ RunTime:0.0030s ]
SQL: SELECT COUNT(0) AS 'total' FROM song [ RunTime:0.0011s ]
INFO: [ view_parse ] --START--
INFO: [ template_filter ] --START--
INFO: Run Behavior\ContentReplaceBehavior [ RunTime:0.000062s ]
INFO: [ template_filter ] --END-- [ RunTime:0.000095s ]
INFO: Run Behavior\ParseTemplateBehavior [ RunTime:0.006343s ]
INFO: [ view_parse ] --END-- [ RunTime:0.006383s ]
INFO: [ view_filter ] --START--
INFO: Run Behavior\WriteHtmlCacheBehavior [ RunTime:0.000418s ]
INFO: [ view_filter ] --END-- [ RunTime:0.000447s ]
INFO: [ app_end ] --START--
INFO: Run Behavior\ShowPageTraceBehavior [ RunTime:0.000773s ]
INFO: [ app_end ] --END-- [ RunTime:0.000815s ]

[ 2018-03-01T21:49:57+08:00 ] 127.0.0.1 /apimusic/get_hot_song?callback=jQuery110205397824265599693_1519912197390&index=0&rows=15&_=1519912197391
INFO: [ app_init ] --START--
INFO: Run Behavior\BuildLiteBehavior [ RunTime:0.000016s ]
INFO: [ app_init ] --END-- [ RunTime:0.000559s ]
INFO: [ app_begin ] --START--
INFO: Run Behavior\ReadHtmlCacheBehavior [ RunTime:0.000945s ]
INFO: [ app_begin ] --END-- [ RunTime:0.001007s ]
SQL: SHOW COLUMNS FROM `song` [ RunTime:0.0035s ]
SQL: SHOW COLUMNS FROM `song` [ RunTime:0.0034s ]
SQL: select b.singername, a.* from song a INNER JOIN singer b ON b.id = a.singerid ORDER BY a.listentime DESC LIMIT 15 [ RunTime:0.0021s ]
INFO: [ app_end ] --START--
INFO: Run Behavior\ShowPageTraceBehavior [ RunTime:0.000738s ]
INFO: [ app_end ] --END-- [ RunTime:0.000808s ]

[ 2018-03-01T21:49:58+08:00 ] 127.0.0.1 /apimusic/get_record_song?callback=jQuery110205397824265599693_1519912197394&index=0&rows=15&_=1519912197395
INFO: [ app_init ] --START--
INFO: Run Behavior\BuildLiteBehavior [ RunTime:0.000017s ]
INFO: [ app_init ] --END-- [ RunTime:0.000633s ]
INFO: [ app_begin ] --START--
INFO: Run Behavior\ReadHtmlCacheBehavior [ RunTime:0.000800s ]
INFO: [ app_begin ] --END-- [ RunTime:0.000861s ]
SQL: SHOW COLUMNS FROM `song` [ RunTime:0.0083s ]
SQL: SHOW COLUMNS FROM `song` [ RunTime:0.0038s ]
SQL: select DISTINCT b.*,c.singername from songlistenrecord a INNER JOIN song b ON b.id = a.songid INNER JOIN singer c ON c.id = b.singerid order by a.id DESC limit 0,15 [ RunTime:0.1711s ]
INFO: [ app_end ] --START--
INFO: Run Behavior\ShowPageTraceBehavior [ RunTime:0.000601s ]
INFO: [ app_end ] --END-- [ RunTime:0.000642s ]

[ 2018-03-01T21:49:58+08:00 ] 127.0.0.1 /apimusic/get_byword?callback=jQuery110205397824265599693_1519912197396&index=0&rows=15&_=1519912197397
INFO: [ app_init ] --START--
INFO: Run Behavior\BuildLiteBehavior [ RunTime:0.000016s ]
INFO: [ app_init ] --END-- [ RunTime:0.000630s ]
INFO: [ app_begin ] --START--
INFO: Run Behavior\ReadHtmlCacheBehavior [ RunTime:0.000859s ]
INFO: [ app_begin ] --END-- [ RunTime:0.000932s ]
SQL: SHOW COLUMNS FROM `song` [ RunTime:0.0035s ]
SQL: SHOW COLUMNS FROM `song` [ RunTime:0.0033s ]
SQL: SELECT byword, COUNT(0) as total FROM song WHERE byword != '' GROUP BY byword ORDER BY total DESC LIMIT 0, 15 [ RunTime:0.0034s ]
INFO: [ app_end ] --START--
INFO: Run Behavior\ShowPageTraceBehavior [ RunTime:0.000688s ]
INFO: [ app_end ] --END-- [ RunTime:0.000731s ]

[ 2018-03-01T21:49:58+08:00 ] 127.0.0.1 /apimusic/get_new_song?callback=jQuery110205397824265599693_1519912197392&index=0&rows=15&_=1519912197393
INFO: [ app_init ] --START--
INFO: Run Behavior\BuildLiteBehavior [ RunTime:0.000017s ]
INFO: [ app_init ] --END-- [ RunTime:0.000651s ]
INFO: [ app_begin ] --START--
INFO: Run Behavior\ReadHtmlCacheBehavior [ RunTime:0.001026s ]
INFO: [ app_begin ] --END-- [ RunTime:0.001090s ]
SQL: SHOW COLUMNS FROM `song` [ RunTime:0.0032s ]
SQL: SHOW COLUMNS FROM `song` [ RunTime:0.0030s ]
SQL: select b.singername, a.* from song a INNER JOIN singer b ON b.id = a.singerid ORDER BY a.id DESC LIMIT 0, 15 [ RunTime:0.0004s ]
INFO: [ app_end ] --START--
INFO: Run Behavior\ShowPageTraceBehavior [ RunTime:0.000687s ]
INFO: [ app_end ] --END-- [ RunTime:0.000723s ]

[ 2018-03-01T21:49:59+08:00 ] 127.0.0.1 /music/song
INFO: [ app_init ] --START--
INFO: Run Behavior\BuildLiteBehavior [ RunTime:0.000011s ]
INFO: [ app_init ] --END-- [ RunTime:0.000416s ]
INFO: [ app_begin ] --START--
INFO: Run Behavior\ReadHtmlCacheBehavior [ RunTime:0.000744s ]
INFO: [ app_begin ] --END-- [ RunTime:0.000791s ]
NOTIC: [8] Undefined index: sid D:\www\phpweb\music.xingzhi.com\Common\Common\function.php 第 70 行.
INFO: [ view_parse ] --START--
INFO: [ template_filter ] --START--
INFO: Run Behavior\ContentReplaceBehavior [ RunTime:0.000053s ]
INFO: [ template_filter ] --END-- [ RunTime:0.000093s ]
NOTIC: [8] Undefined variable: songurl D:\www\phpweb\music.xingzhi.com\MusicSite\Runtime\Cache\Home\8b5c046d47b69012df43b9b33a3fd750.php 第 38 行.
INFO: Run Behavior\ParseTemplateBehavior [ RunTime:0.006284s ]
INFO: [ view_parse ] --END-- [ RunTime:0.006345s ]
INFO: [ view_filter ] --START--
INFO: Run Behavior\WriteHtmlCacheBehavior [ RunTime:0.000535s ]
INFO: [ view_filter ] --END-- [ RunTime:0.000563s ]
INFO: [ app_end ] --START--
INFO: Run Behavior\ShowPageTraceBehavior [ RunTime:0.000700s ]
INFO: [ app_end ] --END-- [ RunTime:0.000735s ]

[ 2018-03-01T21:50:00+08:00 ] 127.0.0.1 /apimusic/get_song_random?callback=jQuery111101144012672587893_1519912199947&sid=&songtype=1&_=1519912199948
INFO: [ app_init ] --START--
INFO: Run Behavior\BuildLiteBehavior [ RunTime:0.000013s ]
INFO: [ app_init ] --END-- [ RunTime:0.000459s ]
INFO: [ app_begin ] --START--
INFO: Run Behavior\ReadHtmlCacheBehavior [ RunTime:0.000841s ]
INFO: [ app_begin ] --END-- [ RunTime:0.000900s ]
SQL: SHOW COLUMNS FROM `song` [ RunTime:0.0033s ]
SQL: SHOW COLUMNS FROM `song` [ RunTime:0.0034s ]
SQL: SELECT song.*, 
				(SELECT singername from singer a WHERE a.id = song.singerid)  as singername,
				(SELECT albumname from singeralbum b WHERE b.id = song.albumnid)  as albumname,
				(SELECT thumbnail from singeralbum b WHERE b.id = song.albumnid)  as thumbnail 
				FROM song WHERE (filetype = 'mp3' OR filetype = 'm4a') AND songtype = 1 ORDER BY RAND() LIMIT 1 [ RunTime:0.0332s ]
SQL: UPDATE song SET listentime = listentime + 1 WHERE id = 3027 [ RunTime:0.0016s ]
INFO: [ app_end ] --START--
INFO: Run Behavior\ShowPageTraceBehavior [ RunTime:0.000666s ]
INFO: [ app_end ] --END-- [ RunTime:0.000700s ]

[ 2018-03-01T21:50:00+08:00 ] 127.0.0.1 /favicon.ico
INFO: [ app_init ] --START--
INFO: Run Behavior\BuildLiteBehavior [ RunTime:0.000013s ]
INFO: [ app_init ] --END-- [ RunTime:0.000489s ]

[ 2018-03-01T21:50:00+08:00 ] 127.0.0.1 /apimusic/get_song_info?songid=3027
INFO: [ app_init ] --START--
INFO: Run Behavior\BuildLiteBehavior [ RunTime:0.000012s ]
INFO: [ app_init ] --END-- [ RunTime:0.000480s ]
INFO: [ app_begin ] --START--
INFO: Run Behavior\ReadHtmlCacheBehavior [ RunTime:0.000696s ]
INFO: [ app_begin ] --END-- [ RunTime:0.000748s ]
SQL: SHOW COLUMNS FROM `song` [ RunTime:0.0031s ]
SQL: SHOW COLUMNS FROM `song` [ RunTime:0.0033s ]
SQL: SELECT a.*,b.albumname,b.issueyear,c.singername FROM song a INNER JOIN singeralbum b ON b.id = a.albumnid INNER JOIN singer c ON c.id = a.singerid WHERE a.id = 3027 [ RunTime:0.0004s ]
SQL: SHOW COLUMNS FROM `singer` [ RunTime:0.0031s ]
SQL: SHOW COLUMNS FROM `singer` [ RunTime:0.0029s ]
SQL: SELECT * FROM `singer` WHERE ( id = 81 )  [ RunTime:0.0003s ]
SQL: SHOW COLUMNS FROM `songlistenrecord` [ RunTime:0.0035s ]
SQL: SHOW COLUMNS FROM `songlistenrecord` [ RunTime:0.0031s ]
SQL: INSERT INTO `songlistenrecord` (`songid`,`songname`,`singername`,`addtime`) VALUES ('3027','落花','杨钰莹','2018-03-01 21:50:00.000000') [ RunTime:0.0041s ]
SQL: select DISTINCT b.*,c.singername from songlistenrecord a INNER JOIN song b ON b.id = a.songid INNER JOIN singer c ON c.id = b.singerid order by a.id DESC limit 0,15 [ RunTime:0.1709s ]
INFO: [ app_end ] --START--
INFO: Run Behavior\ShowPageTraceBehavior [ RunTime:0.000722s ]
INFO: [ app_end ] --END-- [ RunTime:0.000765s ]

[ 2018-03-01T21:54:35+08:00 ] 127.0.0.1 /apimusic/get_song_random?callback=jQuery111101144012672587893_1519912199947&songtype=1&_=1519912199949
INFO: [ app_init ] --START--
INFO: Run Behavior\BuildLiteBehavior [ RunTime:0.000018s ]
INFO: [ app_init ] --END-- [ RunTime:0.000759s ]
INFO: [ app_begin ] --START--
INFO: Run Behavior\ReadHtmlCacheBehavior [ RunTime:0.001053s ]
INFO: [ app_begin ] --END-- [ RunTime:0.001126s ]
NOTIC: [8] Undefined index: sid D:\www\phpweb\music.xingzhi.com\Common\Common\function.php 第 70 行.
SQL: SHOW COLUMNS FROM `song` [ RunTime:0.0036s ]
SQL: SHOW COLUMNS FROM `song` [ RunTime:0.0034s ]
SQL: SELECT song.*, 
				(SELECT singername from singer a WHERE a.id = song.singerid)  as singername,
				(SELECT albumname from singeralbum b WHERE b.id = song.albumnid)  as albumname,
				(SELECT thumbnail from singeralbum b WHERE b.id = song.albumnid)  as thumbnail 
				FROM song WHERE (filetype = 'mp3' OR filetype = 'm4a') AND songtype = 1 ORDER BY RAND() LIMIT 1 [ RunTime:0.0456s ]
SQL: UPDATE song SET listentime = listentime + 1 WHERE id = 1595 [ RunTime:0.0016s ]
INFO: [ app_end ] --START--
INFO: Run Behavior\ShowPageTraceBehavior [ RunTime:0.000612s ]
INFO: [ app_end ] --END-- [ RunTime:0.000643s ]

[ 2018-03-01T21:54:35+08:00 ] 127.0.0.1 /apimusic/get_song_info?songid=1595
INFO: [ app_init ] --START--
INFO: Run Behavior\BuildLiteBehavior [ RunTime:0.000012s ]
INFO: [ app_init ] --END-- [ RunTime:0.000423s ]
INFO: [ app_begin ] --START--
INFO: Run Behavior\ReadHtmlCacheBehavior [ RunTime:0.000577s ]
INFO: [ app_begin ] --END-- [ RunTime:0.000610s ]
SQL: SHOW COLUMNS FROM `song` [ RunTime:0.0033s ]
SQL: SHOW COLUMNS FROM `song` [ RunTime:0.0032s ]
SQL: SELECT a.*,b.albumname,b.issueyear,c.singername FROM song a INNER JOIN singeralbum b ON b.id = a.albumnid INNER JOIN singer c ON c.id = a.singerid WHERE a.id = 1595 [ RunTime:0.0004s ]
SQL: SHOW COLUMNS FROM `singer` [ RunTime:0.0030s ]
SQL: SHOW COLUMNS FROM `singer` [ RunTime:0.0029s ]
SQL: SELECT * FROM `singer` WHERE ( id = 5 )  [ RunTime:0.0002s ]
SQL: SHOW COLUMNS FROM `songlistenrecord` [ RunTime:0.0031s ]
SQL: SHOW COLUMNS FROM `songlistenrecord` [ RunTime:0.0029s ]
SQL: INSERT INTO `songlistenrecord` (`songid`,`songname`,`singername`,`addtime`) VALUES ('1595','Touch of Love','张学友','2018-03-01 21:54:35.000000') [ RunTime:0.0040s ]
SQL: select DISTINCT b.*,c.singername from songlistenrecord a INNER JOIN song b ON b.id = a.songid INNER JOIN singer c ON c.id = b.singerid order by a.id DESC limit 0,15 [ RunTime:0.1368s ]
INFO: [ app_end ] --START--
INFO: Run Behavior\ShowPageTraceBehavior [ RunTime:0.000495s ]
INFO: [ app_end ] --END-- [ RunTime:0.000532s ]

[ 2018-03-01T21:58:34+08:00 ] 127.0.0.1 /apimusic/get_song_random?callback=jQuery111101144012672587893_1519912199947&songtype=1&_=1519912199950
INFO: [ app_init ] --START--
INFO: Run Behavior\BuildLiteBehavior [ RunTime:0.000010s ]
INFO: [ app_init ] --END-- [ RunTime:0.000376s ]
INFO: [ app_begin ] --START--
INFO: Run Behavior\ReadHtmlCacheBehavior [ RunTime:0.000499s ]
INFO: [ app_begin ] --END-- [ RunTime:0.000534s ]
NOTIC: [8] Undefined index: sid D:\www\phpweb\music.xingzhi.com\Common\Common\function.php 第 70 行.
SQL: SHOW COLUMNS FROM `song` [ RunTime:0.0036s ]
SQL: SHOW COLUMNS FROM `song` [ RunTime:0.0033s ]
SQL: SELECT song.*, 
				(SELECT singername from singer a WHERE a.id = song.singerid)  as singername,
				(SELECT albumname from singeralbum b WHERE b.id = song.albumnid)  as albumname,
				(SELECT thumbnail from singeralbum b WHERE b.id = song.albumnid)  as thumbnail 
				FROM song WHERE (filetype = 'mp3' OR filetype = 'm4a') AND songtype = 1 ORDER BY RAND() LIMIT 1 [ RunTime:0.0296s ]
SQL: UPDATE song SET listentime = listentime + 1 WHERE id = 1652 [ RunTime:0.0016s ]
INFO: [ app_end ] --START--
INFO: Run Behavior\ShowPageTraceBehavior [ RunTime:0.000554s ]
INFO: [ app_end ] --END-- [ RunTime:0.000585s ]

[ 2018-03-01T21:58:35+08:00 ] 127.0.0.1 /apimusic/get_song_info?songid=1652
INFO: [ app_init ] --START--
INFO: Run Behavior\BuildLiteBehavior [ RunTime:0.000013s ]
INFO: [ app_init ] --END-- [ RunTime:0.000396s ]
INFO: [ app_begin ] --START--
INFO: Run Behavior\ReadHtmlCacheBehavior [ RunTime:0.000471s ]
INFO: [ app_begin ] --END-- [ RunTime:0.000514s ]
SQL: SHOW COLUMNS FROM `song` [ RunTime:0.0032s ]
SQL: SHOW COLUMNS FROM `song` [ RunTime:0.0032s ]
SQL: SELECT a.*,b.albumname,b.issueyear,c.singername FROM song a INNER JOIN singeralbum b ON b.id = a.albumnid INNER JOIN singer c ON c.id = a.singerid WHERE a.id = 1652 [ RunTime:0.0003s ]
SQL: SHOW COLUMNS FROM `singer` [ RunTime:0.0027s ]
SQL: SHOW COLUMNS FROM `singer` [ RunTime:0.0028s ]
SQL: SELECT * FROM `singer` WHERE ( id = 57 )  [ RunTime:0.0002s ]
SQL: SHOW COLUMNS FROM `songlistenrecord` [ RunTime:0.0027s ]
SQL: SHOW COLUMNS FROM `songlistenrecord` [ RunTime:0.0028s ]
SQL: INSERT INTO `songlistenrecord` (`songid`,`songname`,`singername`,`addtime`) VALUES ('1652','看星的日子','钟镇涛','2018-03-01 21:58:35.000000') [ RunTime:0.0014s ]
SQL: select DISTINCT b.*,c.singername from songlistenrecord a INNER JOIN song b ON b.id = a.songid INNER JOIN singer c ON c.id = b.singerid order by a.id DESC limit 0,15 [ RunTime:0.1459s ]
INFO: [ app_end ] --START--
INFO: Run Behavior\ShowPageTraceBehavior [ RunTime:0.000503s ]
INFO: [ app_end ] --END-- [ RunTime:0.000538s ]

[ 2018-03-01T22:02:36+08:00 ] 127.0.0.1 /apimusic/get_song_random?callback=jQuery111101144012672587893_1519912199947&songtype=1&_=1519912199951
INFO: [ app_init ] --START--
INFO: Run Behavior\BuildLiteBehavior [ RunTime:0.000010s ]
INFO: [ app_init ] --END-- [ RunTime:0.000371s ]
INFO: [ app_begin ] --START--
INFO: Run Behavior\ReadHtmlCacheBehavior [ RunTime:0.000637s ]
INFO: [ app_begin ] --END-- [ RunTime:0.000675s ]
NOTIC: [8] Undefined index: sid D:\www\phpweb\music.xingzhi.com\Common\Common\function.php 第 70 行.
SQL: SHOW COLUMNS FROM `song` [ RunTime:0.0034s ]
SQL: SHOW COLUMNS FROM `song` [ RunTime:0.0030s ]
SQL: SELECT song.*, 
				(SELECT singername from singer a WHERE a.id = song.singerid)  as singername,
				(SELECT albumname from singeralbum b WHERE b.id = song.albumnid)  as albumname,
				(SELECT thumbnail from singeralbum b WHERE b.id = song.albumnid)  as thumbnail 
				FROM song WHERE (filetype = 'mp3' OR filetype = 'm4a') AND songtype = 1 ORDER BY RAND() LIMIT 1 [ RunTime:0.0290s ]
SQL: UPDATE song SET listentime = listentime + 1 WHERE id = 2678 [ RunTime:0.0016s ]
INFO: [ app_end ] --START--
INFO: Run Behavior\ShowPageTraceBehavior [ RunTime:0.000690s ]
INFO: [ app_end ] --END-- [ RunTime:0.000725s ]

[ 2018-03-01T22:02:37+08:00 ] 127.0.0.1 /apimusic/get_song_info?songid=2678
INFO: [ app_init ] --START--
INFO: Run Behavior\BuildLiteBehavior [ RunTime:0.000015s ]
INFO: [ app_init ] --END-- [ RunTime:0.000419s ]
INFO: [ app_begin ] --START--
INFO: Run Behavior\ReadHtmlCacheBehavior [ RunTime:0.000655s ]
INFO: [ app_begin ] --END-- [ RunTime:0.000692s ]
SQL: SHOW COLUMNS FROM `song` [ RunTime:0.0032s ]
SQL: SHOW COLUMNS FROM `song` [ RunTime:0.0030s ]
SQL: SELECT a.*,b.albumname,b.issueyear,c.singername FROM song a INNER JOIN singeralbum b ON b.id = a.albumnid INNER JOIN singer c ON c.id = a.singerid WHERE a.id = 2678 [ RunTime:0.0004s ]
SQL: SHOW COLUMNS FROM `singer` [ RunTime:0.0029s ]
SQL: SHOW COLUMNS FROM `singer` [ RunTime:0.0027s ]
SQL: SELECT * FROM `singer` WHERE ( id = 11 )  [ RunTime:0.0002s ]
SQL: SHOW COLUMNS FROM `songlistenrecord` [ RunTime:0.0027s ]
SQL: SHOW COLUMNS FROM `songlistenrecord` [ RunTime:0.0026s ]
SQL: INSERT INTO `songlistenrecord` (`songid`,`songname`,`singername`,`addtime`) VALUES ('2678','孤独的观众','王杰','2018-03-01 22:02:37.000000') [ RunTime:0.0040s ]
SQL: select DISTINCT b.*,c.singername from songlistenrecord a INNER JOIN song b ON b.id = a.songid INNER JOIN singer c ON c.id = b.singerid order by a.id DESC limit 0,15 [ RunTime:0.1426s ]
INFO: [ app_end ] --START--
INFO: Run Behavior\ShowPageTraceBehavior [ RunTime:0.000667s ]
INFO: [ app_end ] --END-- [ RunTime:0.000703s ]

[ 2018-03-01T22:07:43+08:00 ] 127.0.0.1 /apimusic/get_song_random?callback=jQuery111101144012672587893_1519912199947&songtype=1&_=1519912199952
INFO: [ app_init ] --START--
INFO: Run Behavior\BuildLiteBehavior [ RunTime:0.000010s ]
INFO: [ app_init ] --END-- [ RunTime:0.000425s ]
INFO: [ app_begin ] --START--
INFO: Run Behavior\ReadHtmlCacheBehavior [ RunTime:0.000571s ]
INFO: [ app_begin ] --END-- [ RunTime:0.000610s ]
NOTIC: [8] Undefined index: sid D:\www\phpweb\music.xingzhi.com\Common\Common\function.php 第 70 行.
SQL: SHOW COLUMNS FROM `song` [ RunTime:0.0036s ]
SQL: SHOW COLUMNS FROM `song` [ RunTime:0.0034s ]
SQL: SELECT song.*, 
				(SELECT singername from singer a WHERE a.id = song.singerid)  as singername,
				(SELECT albumname from singeralbum b WHERE b.id = song.albumnid)  as albumname,
				(SELECT thumbnail from singeralbum b WHERE b.id = song.albumnid)  as thumbnail 
				FROM song WHERE (filetype = 'mp3' OR filetype = 'm4a') AND songtype = 1 ORDER BY RAND() LIMIT 1 [ RunTime:0.0297s ]
SQL: UPDATE song SET listentime = listentime + 1 WHERE id = 670 [ RunTime:0.0039s ]
INFO: [ app_end ] --START--
INFO: Run Behavior\ShowPageTraceBehavior [ RunTime:0.000602s ]
INFO: [ app_end ] --END-- [ RunTime:0.000636s ]

[ 2018-03-01T22:07:43+08:00 ] 127.0.0.1 /apimusic/get_song_info?songid=670
INFO: [ app_init ] --START--
INFO: Run Behavior\BuildLiteBehavior [ RunTime:0.000011s ]
INFO: [ app_init ] --END-- [ RunTime:0.000355s ]
INFO: [ app_begin ] --START--
INFO: Run Behavior\ReadHtmlCacheBehavior [ RunTime:0.000459s ]
INFO: [ app_begin ] --END-- [ RunTime:0.000494s ]
SQL: SHOW COLUMNS FROM `song` [ RunTime:0.0035s ]
SQL: SHOW COLUMNS FROM `song` [ RunTime:0.0043s ]
SQL: SELECT a.*,b.albumname,b.issueyear,c.singername FROM song a INNER JOIN singeralbum b ON b.id = a.albumnid INNER JOIN singer c ON c.id = a.singerid WHERE a.id = 670 [ RunTime:0.0003s ]
SQL: SHOW COLUMNS FROM `singer` [ RunTime:0.0032s ]
SQL: SHOW COLUMNS FROM `singer` [ RunTime:0.0033s ]
SQL: SELECT * FROM `singer` WHERE ( id = 5 )  [ RunTime:0.0003s ]
SQL: SHOW COLUMNS FROM `songlistenrecord` [ RunTime:0.0034s ]
SQL: SHOW COLUMNS FROM `songlistenrecord` [ RunTime:0.0030s ]
SQL: INSERT INTO `songlistenrecord` (`songid`,`songname`,`singername`,`addtime`) VALUES ('670','千金一刻','张学友','2018-03-01 22:07:43.000000') [ RunTime:0.0015s ]
SQL: select DISTINCT b.*,c.singername from songlistenrecord a INNER JOIN song b ON b.id = a.songid INNER JOIN singer c ON c.id = b.singerid order by a.id DESC limit 0,15 [ RunTime:0.1404s ]
INFO: [ app_end ] --START--
INFO: Run Behavior\ShowPageTraceBehavior [ RunTime:0.000530s ]
INFO: [ app_end ] --END-- [ RunTime:0.000567s ]

[ 2018-03-01T22:10:31+08:00 ] 127.0.0.1 /apimusic/get_song_random?callback=jQuery111101144012672587893_1519912199947&songtype=1&_=1519912199953
INFO: [ app_init ] --START--
INFO: Run Behavior\BuildLiteBehavior [ RunTime:0.000022s ]
INFO: [ app_init ] --END-- [ RunTime:0.000909s ]
INFO: [ app_begin ] --START--
INFO: Run Behavior\ReadHtmlCacheBehavior [ RunTime:0.001294s ]
INFO: [ app_begin ] --END-- [ RunTime:0.001381s ]
NOTIC: [8] Undefined index: sid D:\www\phpweb\music.xingzhi.com\Common\Common\function.php 第 70 行.
SQL: SHOW COLUMNS FROM `song` [ RunTime:0.0036s ]
SQL: SHOW COLUMNS FROM `song` [ RunTime:0.0035s ]
SQL: SELECT song.*, 
				(SELECT singername from singer a WHERE a.id = song.singerid)  as singername,
				(SELECT albumname from singeralbum b WHERE b.id = song.albumnid)  as albumname,
				(SELECT thumbnail from singeralbum b WHERE b.id = song.albumnid)  as thumbnail 
				FROM song WHERE (filetype = 'mp3' OR filetype = 'm4a') AND songtype = 1 ORDER BY RAND() LIMIT 1 [ RunTime:0.0309s ]
SQL: UPDATE song SET listentime = listentime + 1 WHERE id = 1444 [ RunTime:0.0018s ]
INFO: [ app_end ] --START--
INFO: Run Behavior\ShowPageTraceBehavior [ RunTime:0.000593s ]
INFO: [ app_end ] --END-- [ RunTime:0.000626s ]

[ 2018-03-01T22:10:31+08:00 ] 127.0.0.1 /apimusic/get_song_info?songid=1444
INFO: [ app_init ] --START--
INFO: Run Behavior\BuildLiteBehavior [ RunTime:0.000012s ]
INFO: [ app_init ] --END-- [ RunTime:0.000363s ]
INFO: [ app_begin ] --START--
INFO: Run Behavior\ReadHtmlCacheBehavior [ RunTime:0.000530s ]
INFO: [ app_begin ] --END-- [ RunTime:0.000574s ]
SQL: SHOW COLUMNS FROM `song` [ RunTime:0.0034s ]
SQL: SHOW COLUMNS FROM `song` [ RunTime:0.0036s ]
SQL: SELECT a.*,b.albumname,b.issueyear,c.singername FROM song a INNER JOIN singeralbum b ON b.id = a.albumnid INNER JOIN singer c ON c.id = a.singerid WHERE a.id = 1444 [ RunTime:0.0003s ]
SQL: SHOW COLUMNS FROM `singer` [ RunTime:0.0032s ]
SQL: SHOW COLUMNS FROM `singer` [ RunTime:0.0033s ]
SQL: SELECT * FROM `singer` WHERE ( id = 10 )  [ RunTime:0.0002s ]
SQL: SHOW COLUMNS FROM `songlistenrecord` [ RunTime:0.0028s ]
SQL: SHOW COLUMNS FROM `songlistenrecord` [ RunTime:0.0028s ]
SQL: INSERT INTO `songlistenrecord` (`songid`,`songname`,`singername`,`addtime`) VALUES ('1444','别再怪我痴情','邰正宵','2018-03-01 22:10:31.000000') [ RunTime:0.0014s ]
SQL: select DISTINCT b.*,c.singername from songlistenrecord a INNER JOIN song b ON b.id = a.songid INNER JOIN singer c ON c.id = b.singerid order by a.id DESC limit 0,15 [ RunTime:0.1620s ]
INFO: [ app_end ] --START--
INFO: Run Behavior\ShowPageTraceBehavior [ RunTime:0.000511s ]
INFO: [ app_end ] --END-- [ RunTime:0.000546s ]

[ 2018-03-01T22:15:17+08:00 ] 127.0.0.1 /apimusic/get_song_random?callback=jQuery111101144012672587893_1519912199947&songtype=1&_=1519912199954
INFO: [ app_init ] --START--
INFO: Run Behavior\BuildLiteBehavior [ RunTime:0.000015s ]
INFO: [ app_init ] --END-- [ RunTime:0.000653s ]
INFO: [ app_begin ] --START--
INFO: Run Behavior\ReadHtmlCacheBehavior [ RunTime:0.000973s ]
INFO: [ app_begin ] --END-- [ RunTime:0.001033s ]
NOTIC: [8] Undefined index: sid D:\www\phpweb\music.xingzhi.com\Common\Common\function.php 第 70 行.
SQL: SHOW COLUMNS FROM `song` [ RunTime:0.0125s ]
SQL: SHOW COLUMNS FROM `song` [ RunTime:0.0106s ]
SQL: SELECT song.*, 
				(SELECT singername from singer a WHERE a.id = song.singerid)  as singername,
				(SELECT albumname from singeralbum b WHERE b.id = song.albumnid)  as albumname,
				(SELECT thumbnail from singeralbum b WHERE b.id = song.albumnid)  as thumbnail 
				FROM song WHERE (filetype = 'mp3' OR filetype = 'm4a') AND songtype = 1 ORDER BY RAND() LIMIT 1 [ RunTime:0.0437s ]
SQL: UPDATE song SET listentime = listentime + 1 WHERE id = 939 [ RunTime:0.0013s ]
INFO: [ app_end ] --START--
INFO: Run Behavior\ShowPageTraceBehavior [ RunTime:0.000686s ]
INFO: [ app_end ] --END-- [ RunTime:0.000717s ]

[ 2018-03-01T22:15:17+08:00 ] 127.0.0.1 /apimusic/get_song_info?songid=939
INFO: [ app_init ] --START--
INFO: Run Behavior\BuildLiteBehavior [ RunTime:0.000013s ]
INFO: [ app_init ] --END-- [ RunTime:0.000388s ]
INFO: [ app_begin ] --START--
INFO: Run Behavior\ReadHtmlCacheBehavior [ RunTime:0.000674s ]
INFO: [ app_begin ] --END-- [ RunTime:0.000722s ]
SQL: SHOW COLUMNS FROM `song` [ RunTime:0.0034s ]
SQL: SHOW COLUMNS FROM `song` [ RunTime:0.0032s ]
SQL: SELECT a.*,b.albumname,b.issueyear,c.singername FROM song a INNER JOIN singeralbum b ON b.id = a.albumnid INNER JOIN singer c ON c.id = a.singerid WHERE a.id = 939 [ RunTime:0.0003s ]
SQL: SHOW COLUMNS FROM `singer` [ RunTime:0.0030s ]
SQL: SHOW COLUMNS FROM `singer` [ RunTime:0.0031s ]
SQL: SELECT * FROM `singer` WHERE ( id = 28 )  [ RunTime:0.0002s ]
SQL: SHOW COLUMNS FROM `songlistenrecord` [ RunTime:0.0030s ]
SQL: SHOW COLUMNS FROM `songlistenrecord` [ RunTime:0.0028s ]
SQL: INSERT INTO `songlistenrecord` (`songid`,`songname`,`singername`,`addtime`) VALUES ('939','安静了','S.H.E','2018-03-01 22:15:17.000000') [ RunTime:0.0016s ]
SQL: select DISTINCT b.*,c.singername from songlistenrecord a INNER JOIN song b ON b.id = a.songid INNER JOIN singer c ON c.id = b.singerid order by a.id DESC limit 0,15 [ RunTime:0.1582s ]
INFO: [ app_end ] --START--
INFO: Run Behavior\ShowPageTraceBehavior [ RunTime:0.000649s ]
INFO: [ app_end ] --END-- [ RunTime:0.000684s ]

[ 2018-03-01T22:19:53+08:00 ] 127.0.0.1 /apimusic/get_song_random?callback=jQuery111101144012672587893_1519912199947&songtype=1&_=1519912199955
INFO: [ app_init ] --START--
INFO: Run Behavior\BuildLiteBehavior [ RunTime:0.000020s ]
INFO: [ app_init ] --END-- [ RunTime:0.000855s ]
INFO: [ app_begin ] --START--
INFO: Run Behavior\ReadHtmlCacheBehavior [ RunTime:0.001088s ]
INFO: [ app_begin ] --END-- [ RunTime:0.001169s ]
NOTIC: [8] Undefined index: sid D:\www\phpweb\music.xingzhi.com\Common\Common\function.php 第 70 行.
SQL: SHOW COLUMNS FROM `song` [ RunTime:0.0050s ]
SQL: SHOW COLUMNS FROM `song` [ RunTime:0.0030s ]
SQL: SELECT song.*, 
				(SELECT singername from singer a WHERE a.id = song.singerid)  as singername,
				(SELECT albumname from singeralbum b WHERE b.id = song.albumnid)  as albumname,
				(SELECT thumbnail from singeralbum b WHERE b.id = song.albumnid)  as thumbnail 
				FROM song WHERE (filetype = 'mp3' OR filetype = 'm4a') AND songtype = 1 ORDER BY RAND() LIMIT 1 [ RunTime:0.0455s ]
SQL: UPDATE song SET listentime = listentime + 1 WHERE id = 3143 [ RunTime:0.0016s ]
INFO: [ app_end ] --START--
INFO: Run Behavior\ShowPageTraceBehavior [ RunTime:0.000607s ]
INFO: [ app_end ] --END-- [ RunTime:0.000639s ]

[ 2018-03-01T22:19:53+08:00 ] 127.0.0.1 /apimusic/get_song_info?songid=3143
INFO: [ app_init ] --START--
INFO: Run Behavior\BuildLiteBehavior [ RunTime:0.000011s ]
INFO: [ app_init ] --END-- [ RunTime:0.000415s ]
INFO: [ app_begin ] --START--
INFO: Run Behavior\ReadHtmlCacheBehavior [ RunTime:0.000498s ]
INFO: [ app_begin ] --END-- [ RunTime:0.000531s ]
SQL: SHOW COLUMNS FROM `song` [ RunTime:0.0034s ]
SQL: SHOW COLUMNS FROM `song` [ RunTime:0.0031s ]
SQL: SELECT a.*,b.albumname,b.issueyear,c.singername FROM song a INNER JOIN singeralbum b ON b.id = a.albumnid INNER JOIN singer c ON c.id = a.singerid WHERE a.id = 3143 [ RunTime:0.0003s ]
SQL: SHOW COLUMNS FROM `singer` [ RunTime:0.0033s ]
SQL: SHOW COLUMNS FROM `singer` [ RunTime:0.0030s ]
SQL: SELECT * FROM `singer` WHERE ( id = 46 )  [ RunTime:0.0002s ]
SQL: SHOW COLUMNS FROM `songlistenrecord` [ RunTime:0.0030s ]
SQL: SHOW COLUMNS FROM `songlistenrecord` [ RunTime:0.0030s ]
SQL: INSERT INTO `songlistenrecord` (`songid`,`songname`,`singername`,`addtime`) VALUES ('3143','善变的情人','温兆伦','2018-03-01 22:19:53.000000') [ RunTime:0.0016s ]
SQL: select DISTINCT b.*,c.singername from songlistenrecord a INNER JOIN song b ON b.id = a.songid INNER JOIN singer c ON c.id = b.singerid order by a.id DESC limit 0,15 [ RunTime:0.1534s ]
INFO: [ app_end ] --START--
INFO: Run Behavior\ShowPageTraceBehavior [ RunTime:0.000537s ]
INFO: [ app_end ] --END-- [ RunTime:0.000572s ]

[ 2018-03-01T22:24:11+08:00 ] 127.0.0.1 /apimusic/get_song_random?callback=jQuery111101144012672587893_1519912199947&songtype=1&_=1519912199956
INFO: [ app_init ] --START--
INFO: Run Behavior\BuildLiteBehavior [ RunTime:0.000014s ]
INFO: [ app_init ] --END-- [ RunTime:0.000617s ]
INFO: [ app_begin ] --START--
INFO: Run Behavior\ReadHtmlCacheBehavior [ RunTime:0.000874s ]
INFO: [ app_begin ] --END-- [ RunTime:0.000933s ]
NOTIC: [8] Undefined index: sid D:\www\phpweb\music.xingzhi.com\Common\Common\function.php 第 70 行.
SQL: SHOW COLUMNS FROM `song` [ RunTime:0.0047s ]
SQL: SHOW COLUMNS FROM `song` [ RunTime:0.0035s ]
SQL: SELECT song.*, 
				(SELECT singername from singer a WHERE a.id = song.singerid)  as singername,
				(SELECT albumname from singeralbum b WHERE b.id = song.albumnid)  as albumname,
				(SELECT thumbnail from singeralbum b WHERE b.id = song.albumnid)  as thumbnail 
				FROM song WHERE (filetype = 'mp3' OR filetype = 'm4a') AND songtype = 1 ORDER BY RAND() LIMIT 1 [ RunTime:0.0593s ]
SQL: UPDATE song SET listentime = listentime + 1 WHERE id = 3284 [ RunTime:0.0017s ]
INFO: [ app_end ] --START--
INFO: Run Behavior\ShowPageTraceBehavior [ RunTime:0.000797s ]
INFO: [ app_end ] --END-- [ RunTime:0.000845s ]

[ 2018-03-01T22:24:11+08:00 ] 127.0.0.1 /apimusic/get_song_info?songid=3284
INFO: [ app_init ] --START--
INFO: Run Behavior\BuildLiteBehavior [ RunTime:0.000023s ]
INFO: [ app_init ] --END-- [ RunTime:0.000431s ]
INFO: [ app_begin ] --START--
INFO: Run Behavior\ReadHtmlCacheBehavior [ RunTime:0.000579s ]
INFO: [ app_begin ] --END-- [ RunTime:0.000621s ]
SQL: SHOW COLUMNS FROM `song` [ RunTime:0.0035s ]
SQL: SHOW COLUMNS FROM `song` [ RunTime:0.0033s ]
SQL: SELECT a.*,b.albumname,b.issueyear,c.singername FROM song a INNER JOIN singeralbum b ON b.id = a.albumnid INNER JOIN singer c ON c.id = a.singerid WHERE a.id = 3284 [ RunTime:0.0004s ]
SQL: SHOW COLUMNS FROM `singer` [ RunTime:0.0030s ]
SQL: SHOW COLUMNS FROM `singer` [ RunTime:0.0028s ]
SQL: SELECT * FROM `singer` WHERE ( id = 111 )  [ RunTime:0.0003s ]
SQL: SHOW COLUMNS FROM `songlistenrecord` [ RunTime:0.0032s ]
SQL: SHOW COLUMNS FROM `songlistenrecord` [ RunTime:0.0030s ]
SQL: INSERT INTO `songlistenrecord` (`songid`,`songname`,`singername`,`addtime`) VALUES ('3284','我的心好乱','赵传','2018-03-01 22:24:11.000000') [ RunTime:0.0017s ]
SQL: select DISTINCT b.*,c.singername from songlistenrecord a INNER JOIN song b ON b.id = a.songid INNER JOIN singer c ON c.id = b.singerid order by a.id DESC limit 0,15 [ RunTime:0.1376s ]
INFO: [ app_end ] --START--
INFO: Run Behavior\ShowPageTraceBehavior [ RunTime:0.000603s ]
INFO: [ app_end ] --END-- [ RunTime:0.000653s ]

[ 2018-03-01T22:29:09+08:00 ] 127.0.0.1 /apimusic/get_song_random?callback=jQuery111101144012672587893_1519912199947&songtype=1&_=1519912199957
INFO: [ app_init ] --START--
INFO: Run Behavior\BuildLiteBehavior [ RunTime:0.000015s ]
INFO: [ app_init ] --END-- [ RunTime:0.000644s ]
INFO: [ app_begin ] --START--
INFO: Run Behavior\ReadHtmlCacheBehavior [ RunTime:0.000948s ]
INFO: [ app_begin ] --END-- [ RunTime:0.001008s ]
NOTIC: [8] Undefined index: sid D:\www\phpweb\music.xingzhi.com\Common\Common\function.php 第 70 行.
SQL: SHOW COLUMNS FROM `song` [ RunTime:0.0067s ]
SQL: SHOW COLUMNS FROM `song` [ RunTime:0.0045s ]
SQL: SELECT song.*, 
				(SELECT singername from singer a WHERE a.id = song.singerid)  as singername,
				(SELECT albumname from singeralbum b WHERE b.id = song.albumnid)  as albumname,
				(SELECT thumbnail from singeralbum b WHERE b.id = song.albumnid)  as thumbnail 
				FROM song WHERE (filetype = 'mp3' OR filetype = 'm4a') AND songtype = 1 ORDER BY RAND() LIMIT 1 [ RunTime:0.0336s ]
SQL: UPDATE song SET listentime = listentime + 1 WHERE id = 1547 [ RunTime:0.0017s ]
INFO: [ app_end ] --START--
INFO: Run Behavior\ShowPageTraceBehavior [ RunTime:0.000670s ]
INFO: [ app_end ] --END-- [ RunTime:0.000702s ]

[ 2018-03-01T22:29:09+08:00 ] 127.0.0.1 /apimusic/get_song_info?songid=1547
INFO: [ app_init ] --START--
INFO: Run Behavior\BuildLiteBehavior [ RunTime:0.000011s ]
INFO: [ app_init ] --END-- [ RunTime:0.000434s ]
INFO: [ app_begin ] --START--
INFO: Run Behavior\ReadHtmlCacheBehavior [ RunTime:0.000623s ]
INFO: [ app_begin ] --END-- [ RunTime:0.000705s ]
SQL: SHOW COLUMNS FROM `song` [ RunTime:0.0034s ]
SQL: SHOW COLUMNS FROM `song` [ RunTime:0.0029s ]
SQL: SELECT a.*,b.albumname,b.issueyear,c.singername FROM song a INNER JOIN singeralbum b ON b.id = a.albumnid INNER JOIN singer c ON c.id = a.singerid WHERE a.id = 1547 [ RunTime:0.0003s ]
SQL: SHOW COLUMNS FROM `singer` [ RunTime:0.0028s ]
SQL: SHOW COLUMNS FROM `singer` [ RunTime:0.0027s ]
SQL: SELECT * FROM `singer` WHERE ( id = 5 )  [ RunTime:0.0002s ]
SQL: SHOW COLUMNS FROM `songlistenrecord` [ RunTime:0.0031s ]
SQL: SHOW COLUMNS FROM `songlistenrecord` [ RunTime:0.0031s ]
SQL: INSERT INTO `songlistenrecord` (`songid`,`songname`,`singername`,`addtime`) VALUES ('1547','你来我往','张学友','2018-03-01 22:29:09.000000') [ RunTime:0.0040s ]
SQL: select DISTINCT b.*,c.singername from songlistenrecord a INNER JOIN song b ON b.id = a.songid INNER JOIN singer c ON c.id = b.singerid order by a.id DESC limit 0,15 [ RunTime:0.1683s ]
INFO: [ app_end ] --START--
INFO: Run Behavior\ShowPageTraceBehavior [ RunTime:0.000636s ]
INFO: [ app_end ] --END-- [ RunTime:0.000671s ]

[ 2018-03-01T22:32:49+08:00 ] 127.0.0.1 /apimusic/get_song_random?callback=jQuery111101144012672587893_1519912199947&songtype=1&_=1519912199958
INFO: [ app_init ] --START--
INFO: Run Behavior\BuildLiteBehavior [ RunTime:0.000021s ]
INFO: [ app_init ] --END-- [ RunTime:0.000919s ]
INFO: [ app_begin ] --START--
INFO: Run Behavior\ReadHtmlCacheBehavior [ RunTime:0.000626s ]
INFO: [ app_begin ] --END-- [ RunTime:0.000667s ]
NOTIC: [8] Undefined index: sid D:\www\phpweb\music.xingzhi.com\Common\Common\function.php 第 70 行.
SQL: SHOW COLUMNS FROM `song` [ RunTime:0.0048s ]
SQL: SHOW COLUMNS FROM `song` [ RunTime:0.0033s ]
SQL: SELECT song.*, 
				(SELECT singername from singer a WHERE a.id = song.singerid)  as singername,
				(SELECT albumname from singeralbum b WHERE b.id = song.albumnid)  as albumname,
				(SELECT thumbnail from singeralbum b WHERE b.id = song.albumnid)  as thumbnail 
				FROM song WHERE (filetype = 'mp3' OR filetype = 'm4a') AND songtype = 1 ORDER BY RAND() LIMIT 1 [ RunTime:0.0317s ]
SQL: UPDATE song SET listentime = listentime + 1 WHERE id = 3030 [ RunTime:0.0014s ]
INFO: [ app_end ] --START--
INFO: Run Behavior\ShowPageTraceBehavior [ RunTime:0.000574s ]
INFO: [ app_end ] --END-- [ RunTime:0.000605s ]

[ 2018-03-01T22:32:49+08:00 ] 127.0.0.1 /apimusic/get_song_info?songid=3030
INFO: [ app_init ] --START--
INFO: Run Behavior\BuildLiteBehavior [ RunTime:0.000011s ]
INFO: [ app_init ] --END-- [ RunTime:0.000351s ]
INFO: [ app_begin ] --START--
INFO: Run Behavior\ReadHtmlCacheBehavior [ RunTime:0.000498s ]
INFO: [ app_begin ] --END-- [ RunTime:0.000543s ]
SQL: SHOW COLUMNS FROM `song` [ RunTime:0.0034s ]
SQL: SHOW COLUMNS FROM `song` [ RunTime:0.0035s ]
SQL: SELECT a.*,b.albumname,b.issueyear,c.singername FROM song a INNER JOIN singeralbum b ON b.id = a.albumnid INNER JOIN singer c ON c.id = a.singerid WHERE a.id = 3030 [ RunTime:0.0003s ]
SQL: SHOW COLUMNS FROM `singer` [ RunTime:0.0030s ]
SQL: SHOW COLUMNS FROM `singer` [ RunTime:0.0028s ]
SQL: SELECT * FROM `singer` WHERE ( id = 81 )  [ RunTime:0.0002s ]
SQL: SHOW COLUMNS FROM `songlistenrecord` [ RunTime:0.0030s ]
SQL: SHOW COLUMNS FROM `songlistenrecord` [ RunTime:0.0028s ]
SQL: INSERT INTO `songlistenrecord` (`songid`,`songname`,`singername`,`addtime`) VALUES ('3030','悄悄把你藏心里','杨钰莹','2018-03-01 22:32:49.000000') [ RunTime:0.0016s ]
SQL: select DISTINCT b.*,c.singername from songlistenrecord a INNER JOIN song b ON b.id = a.songid INNER JOIN singer c ON c.id = b.singerid order by a.id DESC limit 0,15 [ RunTime:0.1354s ]
INFO: [ app_end ] --START--
INFO: Run Behavior\ShowPageTraceBehavior [ RunTime:0.000492s ]
INFO: [ app_end ] --END-- [ RunTime:0.000526s ]

[ 2018-03-01T22:37:11+08:00 ] 127.0.0.1 /apimusic/get_song_random?callback=jQuery111101144012672587893_1519912199947&songtype=1&_=1519912199959
INFO: [ app_init ] --START--
INFO: Run Behavior\BuildLiteBehavior [ RunTime:0.000017s ]
INFO: [ app_init ] --END-- [ RunTime:0.000750s ]
INFO: [ app_begin ] --START--
INFO: Run Behavior\ReadHtmlCacheBehavior [ RunTime:0.001146s ]
INFO: [ app_begin ] --END-- [ RunTime:0.001215s ]
NOTIC: [8] Undefined index: sid D:\www\phpweb\music.xingzhi.com\Common\Common\function.php 第 70 行.
SQL: SHOW COLUMNS FROM `song` [ RunTime:0.0046s ]
SQL: SHOW COLUMNS FROM `song` [ RunTime:0.0032s ]
SQL: SELECT song.*, 
				(SELECT singername from singer a WHERE a.id = song.singerid)  as singername,
				(SELECT albumname from singeralbum b WHERE b.id = song.albumnid)  as albumname,
				(SELECT thumbnail from singeralbum b WHERE b.id = song.albumnid)  as thumbnail 
				FROM song WHERE (filetype = 'mp3' OR filetype = 'm4a') AND songtype = 1 ORDER BY RAND() LIMIT 1 [ RunTime:0.0584s ]
SQL: UPDATE song SET listentime = listentime + 1 WHERE id = 3188 [ RunTime:0.0015s ]
INFO: [ app_end ] --START--
INFO: Run Behavior\ShowPageTraceBehavior [ RunTime:0.000938s ]
INFO: [ app_end ] --END-- [ RunTime:0.000984s ]

[ 2018-03-01T22:37:11+08:00 ] 127.0.0.1 /apimusic/get_song_info?songid=3188
INFO: [ app_init ] --START--
INFO: Run Behavior\BuildLiteBehavior [ RunTime:0.000012s ]
INFO: [ app_init ] --END-- [ RunTime:0.000401s ]
INFO: [ app_begin ] --START--
INFO: Run Behavior\ReadHtmlCacheBehavior [ RunTime:0.000607s ]
INFO: [ app_begin ] --END-- [ RunTime:0.000638s ]
SQL: SHOW COLUMNS FROM `song` [ RunTime:0.0036s ]
SQL: SHOW COLUMNS FROM `song` [ RunTime:0.0031s ]
SQL: SELECT a.*,b.albumname,b.issueyear,c.singername FROM song a INNER JOIN singeralbum b ON b.id = a.albumnid INNER JOIN singer c ON c.id = a.singerid WHERE a.id = 3188 [ RunTime:0.0003s ]
SQL: SHOW COLUMNS FROM `singer` [ RunTime:0.0030s ]
SQL: SHOW COLUMNS FROM `singer` [ RunTime:0.0028s ]
SQL: SELECT * FROM `singer` WHERE ( id = 89 )  [ RunTime:0.0002s ]
SQL: SHOW COLUMNS FROM `songlistenrecord` [ RunTime:0.0030s ]
SQL: SHOW COLUMNS FROM `songlistenrecord` [ RunTime:0.0028s ]
SQL: INSERT INTO `songlistenrecord` (`songid`,`songname`,`singername`,`addtime`) VALUES ('3188','请不要再爱我','叶丽仪','2018-03-01 22:37:11.000000') [ RunTime:0.0015s ]
SQL: select DISTINCT b.*,c.singername from songlistenrecord a INNER JOIN song b ON b.id = a.songid INNER JOIN singer c ON c.id = b.singerid order by a.id DESC limit 0,15 [ RunTime:0.1370s ]
INFO: [ app_end ] --START--
INFO: Run Behavior\ShowPageTraceBehavior [ RunTime:0.000734s ]
INFO: [ app_end ] --END-- [ RunTime:0.000769s ]

[ 2018-03-01T22:40:33+08:00 ] 127.0.0.1 /apimusic/get_song_random?callback=jQuery111101144012672587893_1519912199947&songtype=1&_=1519912199960
INFO: [ app_init ] --START--
INFO: Run Behavior\BuildLiteBehavior [ RunTime:0.000017s ]
INFO: [ app_init ] --END-- [ RunTime:0.000821s ]
INFO: [ app_begin ] --START--
INFO: Run Behavior\ReadHtmlCacheBehavior [ RunTime:0.001018s ]
INFO: [ app_begin ] --END-- [ RunTime:0.001088s ]
NOTIC: [8] Undefined index: sid D:\www\phpweb\music.xingzhi.com\Common\Common\function.php 第 70 行.
SQL: SHOW COLUMNS FROM `song` [ RunTime:0.0031s ]
SQL: SHOW COLUMNS FROM `song` [ RunTime:0.0030s ]
SQL: SELECT song.*, 
				(SELECT singername from singer a WHERE a.id = song.singerid)  as singername,
				(SELECT albumname from singeralbum b WHERE b.id = song.albumnid)  as albumname,
				(SELECT thumbnail from singeralbum b WHERE b.id = song.albumnid)  as thumbnail 
				FROM song WHERE (filetype = 'mp3' OR filetype = 'm4a') AND songtype = 1 ORDER BY RAND() LIMIT 1 [ RunTime:0.0274s ]
SQL: UPDATE song SET listentime = listentime + 1 WHERE id = 3458 [ RunTime:0.0013s ]
INFO: [ app_end ] --START--
INFO: Run Behavior\ShowPageTraceBehavior [ RunTime:0.000571s ]
INFO: [ app_end ] --END-- [ RunTime:0.000602s ]

[ 2018-03-01T22:40:33+08:00 ] 127.0.0.1 /apimusic/get_song_info?songid=3458
INFO: [ app_init ] --START--
INFO: Run Behavior\BuildLiteBehavior [ RunTime:0.000013s ]
INFO: [ app_init ] --END-- [ RunTime:0.000384s ]
INFO: [ app_begin ] --START--
INFO: Run Behavior\ReadHtmlCacheBehavior [ RunTime:0.000515s ]
INFO: [ app_begin ] --END-- [ RunTime:0.000560s ]
SQL: SHOW COLUMNS FROM `song` [ RunTime:0.0038s ]
SQL: SHOW COLUMNS FROM `song` [ RunTime:0.0032s ]
SQL: SELECT a.*,b.albumname,b.issueyear,c.singername FROM song a INNER JOIN singeralbum b ON b.id = a.albumnid INNER JOIN singer c ON c.id = a.singerid WHERE a.id = 3458 [ RunTime:0.0003s ]
SQL: SHOW COLUMNS FROM `singer` [ RunTime:0.0031s ]
SQL: SHOW COLUMNS FROM `singer` [ RunTime:0.0030s ]
SQL: SELECT * FROM `singer` WHERE ( id = 71 )  [ RunTime:0.0002s ]
SQL: SHOW COLUMNS FROM `songlistenrecord` [ RunTime:0.0030s ]
SQL: SHOW COLUMNS FROM `songlistenrecord` [ RunTime:0.0029s ]
SQL: INSERT INTO `songlistenrecord` (`songid`,`songname`,`singername`,`addtime`) VALUES ('3458','写你','苏永康','2018-03-01 22:40:33.000000') [ RunTime:0.0014s ]
SQL: select DISTINCT b.*,c.singername from songlistenrecord a INNER JOIN song b ON b.id = a.songid INNER JOIN singer c ON c.id = b.singerid order by a.id DESC limit 0,15 [ RunTime:0.1343s ]
INFO: [ app_end ] --START--
INFO: Run Behavior\ShowPageTraceBehavior [ RunTime:0.000558s ]
INFO: [ app_end ] --END-- [ RunTime:0.000592s ]

[ 2018-03-01T22:44:41+08:00 ] 127.0.0.1 /apimusic/get_song_random?callback=jQuery111101144012672587893_1519912199947&songtype=1&_=1519912199961
INFO: [ app_init ] --START--
INFO: Run Behavior\BuildLiteBehavior [ RunTime:0.000014s ]
INFO: [ app_init ] --END-- [ RunTime:0.000642s ]
INFO: [ app_begin ] --START--
INFO: Run Behavior\ReadHtmlCacheBehavior [ RunTime:0.000896s ]
INFO: [ app_begin ] --END-- [ RunTime:0.000953s ]
NOTIC: [8] Undefined index: sid D:\www\phpweb\music.xingzhi.com\Common\Common\function.php 第 70 行.
SQL: SHOW COLUMNS FROM `song` [ RunTime:0.0063s ]
SQL: SHOW COLUMNS FROM `song` [ RunTime:0.0048s ]
SQL: SELECT song.*, 
				(SELECT singername from singer a WHERE a.id = song.singerid)  as singername,
				(SELECT albumname from singeralbum b WHERE b.id = song.albumnid)  as albumname,
				(SELECT thumbnail from singeralbum b WHERE b.id = song.albumnid)  as thumbnail 
				FROM song WHERE (filetype = 'mp3' OR filetype = 'm4a') AND songtype = 1 ORDER BY RAND() LIMIT 1 [ RunTime:0.0429s ]
SQL: UPDATE song SET listentime = listentime + 1 WHERE id = 922 [ RunTime:0.0015s ]
INFO: [ app_end ] --START--
INFO: Run Behavior\ShowPageTraceBehavior [ RunTime:0.000591s ]
INFO: [ app_end ] --END-- [ RunTime:0.000623s ]

[ 2018-03-01T22:44:41+08:00 ] 127.0.0.1 /apimusic/get_song_info?songid=922
INFO: [ app_init ] --START--
INFO: Run Behavior\BuildLiteBehavior [ RunTime:0.000011s ]
INFO: [ app_init ] --END-- [ RunTime:0.000417s ]
INFO: [ app_begin ] --START--
INFO: Run Behavior\ReadHtmlCacheBehavior [ RunTime:0.000560s ]
INFO: [ app_begin ] --END-- [ RunTime:0.000593s ]
SQL: SHOW COLUMNS FROM `song` [ RunTime:0.0033s ]
SQL: SHOW COLUMNS FROM `song` [ RunTime:0.0032s ]
SQL: SELECT a.*,b.albumname,b.issueyear,c.singername FROM song a INNER JOIN singeralbum b ON b.id = a.albumnid INNER JOIN singer c ON c.id = a.singerid WHERE a.id = 922 [ RunTime:0.0003s ]
SQL: SHOW COLUMNS FROM `singer` [ RunTime:0.0029s ]
SQL: SHOW COLUMNS FROM `singer` [ RunTime:0.0029s ]
SQL: SELECT * FROM `singer` WHERE ( id = 28 )  [ RunTime:0.0002s ]
SQL: SHOW COLUMNS FROM `songlistenrecord` [ RunTime:0.0029s ]
SQL: SHOW COLUMNS FROM `songlistenrecord` [ RunTime:0.0031s ]
SQL: INSERT INTO `songlistenrecord` (`songid`,`songname`,`singername`,`addtime`) VALUES ('922','Super Model','S.H.E','2018-03-01 22:44:41.000000') [ RunTime:0.0016s ]
SQL: select DISTINCT b.*,c.singername from songlistenrecord a INNER JOIN song b ON b.id = a.songid INNER JOIN singer c ON c.id = b.singerid order by a.id DESC limit 0,15 [ RunTime:0.1607s ]
INFO: [ app_end ] --START--
INFO: Run Behavior\ShowPageTraceBehavior [ RunTime:0.000479s ]
INFO: [ app_end ] --END-- [ RunTime:0.000514s ]

[ 2018-03-01T22:48:19+08:00 ] 127.0.0.1 /apimusic/get_song_random?callback=jQuery111101144012672587893_1519912199947&songtype=1&_=1519912199962
INFO: [ app_init ] --START--
INFO: Run Behavior\BuildLiteBehavior [ RunTime:0.000015s ]
INFO: [ app_init ] --END-- [ RunTime:0.000613s ]
INFO: [ app_begin ] --START--
INFO: Run Behavior\ReadHtmlCacheBehavior [ RunTime:0.000993s ]
INFO: [ app_begin ] --END-- [ RunTime:0.001052s ]
NOTIC: [8] Undefined index: sid D:\www\phpweb\music.xingzhi.com\Common\Common\function.php 第 70 行.
SQL: SHOW COLUMNS FROM `song` [ RunTime:0.0047s ]
SQL: SHOW COLUMNS FROM `song` [ RunTime:0.0030s ]
SQL: SELECT song.*, 
				(SELECT singername from singer a WHERE a.id = song.singerid)  as singername,
				(SELECT albumname from singeralbum b WHERE b.id = song.albumnid)  as albumname,
				(SELECT thumbnail from singeralbum b WHERE b.id = song.albumnid)  as thumbnail 
				FROM song WHERE (filetype = 'mp3' OR filetype = 'm4a') AND songtype = 1 ORDER BY RAND() LIMIT 1 [ RunTime:0.0277s ]
SQL: UPDATE song SET listentime = listentime + 1 WHERE id = 2615 [ RunTime:0.0015s ]
INFO: [ app_end ] --START--
INFO: Run Behavior\ShowPageTraceBehavior [ RunTime:0.000700s ]
INFO: [ app_end ] --END-- [ RunTime:0.000731s ]

[ 2018-03-01T22:48:19+08:00 ] 127.0.0.1 /apimusic/get_song_info?songid=2615
INFO: [ app_init ] --START--
INFO: Run Behavior\BuildLiteBehavior [ RunTime:0.000011s ]
INFO: [ app_init ] --END-- [ RunTime:0.000338s ]
INFO: [ app_begin ] --START--
INFO: Run Behavior\ReadHtmlCacheBehavior [ RunTime:0.000561s ]
INFO: [ app_begin ] --END-- [ RunTime:0.000593s ]
SQL: SHOW COLUMNS FROM `song` [ RunTime:0.0034s ]
SQL: SHOW COLUMNS FROM `song` [ RunTime:0.0030s ]
SQL: SELECT a.*,b.albumname,b.issueyear,c.singername FROM song a INNER JOIN singeralbum b ON b.id = a.albumnid INNER JOIN singer c ON c.id = a.singerid WHERE a.id = 2615 [ RunTime:0.0003s ]
SQL: SHOW COLUMNS FROM `singer` [ RunTime:0.0032s ]
SQL: SHOW COLUMNS FROM `singer` [ RunTime:0.0030s ]
SQL: SELECT * FROM `singer` WHERE ( id = 5 )  [ RunTime:0.0002s ]
SQL: SHOW COLUMNS FROM `songlistenrecord` [ RunTime:0.0031s ]
SQL: SHOW COLUMNS FROM `songlistenrecord` [ RunTime:0.0032s ]
SQL: INSERT INTO `songlistenrecord` (`songid`,`songname`,`singername`,`addtime`) VALUES ('2615','怒','张学友','2018-03-01 22:48:19.000000') [ RunTime:0.0015s ]
SQL: select DISTINCT b.*,c.singername from songlistenrecord a INNER JOIN song b ON b.id = a.songid INNER JOIN singer c ON c.id = b.singerid order by a.id DESC limit 0,15 [ RunTime:0.1342s ]
INFO: [ app_end ] --START--
INFO: Run Behavior\ShowPageTraceBehavior [ RunTime:0.000732s ]
INFO: [ app_end ] --END-- [ RunTime:0.000767s ]

[ 2018-03-01T22:50:09+08:00 ] 127.0.0.1 /apimusic/get_song_random?callback=jQuery111101144012672587893_1519912199947&songtype=1&_=1519912199963
INFO: [ app_init ] --START--
INFO: Run Behavior\BuildLiteBehavior [ RunTime:0.000017s ]
INFO: [ app_init ] --END-- [ RunTime:0.000718s ]
INFO: [ app_begin ] --START--
INFO: Run Behavior\ReadHtmlCacheBehavior [ RunTime:0.001019s ]
INFO: [ app_begin ] --END-- [ RunTime:0.001088s ]
NOTIC: [8] Undefined index: sid D:\www\phpweb\music.xingzhi.com\Common\Common\function.php 第 70 行.
SQL: SHOW COLUMNS FROM `song` [ RunTime:0.0104s ]
SQL: SHOW COLUMNS FROM `song` [ RunTime:0.0107s ]
SQL: SELECT song.*, 
				(SELECT singername from singer a WHERE a.id = song.singerid)  as singername,
				(SELECT albumname from singeralbum b WHERE b.id = song.albumnid)  as albumname,
				(SELECT thumbnail from singeralbum b WHERE b.id = song.albumnid)  as thumbnail 
				FROM song WHERE (filetype = 'mp3' OR filetype = 'm4a') AND songtype = 1 ORDER BY RAND() LIMIT 1 [ RunTime:0.0468s ]
SQL: UPDATE song SET listentime = listentime + 1 WHERE id = 3187 [ RunTime:0.0014s ]
INFO: [ app_end ] --START--
INFO: Run Behavior\ShowPageTraceBehavior [ RunTime:0.000599s ]
INFO: [ app_end ] --END-- [ RunTime:0.000631s ]

[ 2018-03-01T22:50:09+08:00 ] 127.0.0.1 /apimusic/get_song_info?songid=3187
INFO: [ app_init ] --START--
INFO: Run Behavior\BuildLiteBehavior [ RunTime:0.000012s ]
INFO: [ app_init ] --END-- [ RunTime:0.000397s ]
INFO: [ app_begin ] --START--
INFO: Run Behavior\ReadHtmlCacheBehavior [ RunTime:0.000538s ]
INFO: [ app_begin ] --END-- [ RunTime:0.000578s ]
SQL: SHOW COLUMNS FROM `song` [ RunTime:0.0039s ]
SQL: SHOW COLUMNS FROM `song` [ RunTime:0.0037s ]
SQL: SELECT a.*,b.albumname,b.issueyear,c.singername FROM song a INNER JOIN singeralbum b ON b.id = a.albumnid INNER JOIN singer c ON c.id = a.singerid WHERE a.id = 3187 [ RunTime:0.0004s ]
SQL: SHOW COLUMNS FROM `singer` [ RunTime:0.0033s ]
SQL: SHOW COLUMNS FROM `singer` [ RunTime:0.0030s ]
SQL: SELECT * FROM `singer` WHERE ( id = 89 )  [ RunTime:0.0002s ]
SQL: SHOW COLUMNS FROM `songlistenrecord` [ RunTime:0.0029s ]
SQL: SHOW COLUMNS FROM `songlistenrecord` [ RunTime:0.0031s ]
SQL: INSERT INTO `songlistenrecord` (`songid`,`songname`,`singername`,`addtime`) VALUES ('3187','上海滩','叶丽仪','2018-03-01 22:50:09.000000') [ RunTime:0.0040s ]
SQL: select DISTINCT b.*,c.singername from songlistenrecord a INNER JOIN song b ON b.id = a.songid INNER JOIN singer c ON c.id = b.singerid order by a.id DESC limit 0,15 [ RunTime:0.1698s ]
INFO: [ app_end ] --START--
INFO: Run Behavior\ShowPageTraceBehavior [ RunTime:0.000543s ]
INFO: [ app_end ] --END-- [ RunTime:0.000577s ]

[ 2018-03-01T22:53:25+08:00 ] 127.0.0.1 /apimusic/get_song_random?callback=jQuery111101144012672587893_1519912199947&songtype=1&_=1519912199964
INFO: [ app_init ] --START--
INFO: Run Behavior\BuildLiteBehavior [ RunTime:0.000015s ]
INFO: [ app_init ] --END-- [ RunTime:0.000642s ]
INFO: [ app_begin ] --START--
INFO: Run Behavior\ReadHtmlCacheBehavior [ RunTime:0.000827s ]
INFO: [ app_begin ] --END-- [ RunTime:0.000887s ]
NOTIC: [8] Undefined index: sid D:\www\phpweb\music.xingzhi.com\Common\Common\function.php 第 70 行.
SQL: SHOW COLUMNS FROM `song` [ RunTime:0.0063s ]
SQL: SHOW COLUMNS FROM `song` [ RunTime:0.0046s ]
SQL: SELECT song.*, 
				(SELECT singername from singer a WHERE a.id = song.singerid)  as singername,
				(SELECT albumname from singeralbum b WHERE b.id = song.albumnid)  as albumname,
				(SELECT thumbnail from singeralbum b WHERE b.id = song.albumnid)  as thumbnail 
				FROM song WHERE (filetype = 'mp3' OR filetype = 'm4a') AND songtype = 1 ORDER BY RAND() LIMIT 1 [ RunTime:0.0598s ]
SQL: UPDATE song SET listentime = listentime + 1 WHERE id = 3108 [ RunTime:0.0015s ]
INFO: [ app_end ] --START--
INFO: Run Behavior\ShowPageTraceBehavior [ RunTime:0.000617s ]
INFO: [ app_end ] --END-- [ RunTime:0.000649s ]

[ 2018-03-01T22:53:25+08:00 ] 127.0.0.1 /apimusic/get_song_info?songid=3108
INFO: [ app_init ] --START--
INFO: Run Behavior\BuildLiteBehavior [ RunTime:0.000010s ]
INFO: [ app_init ] --END-- [ RunTime:0.000342s ]
INFO: [ app_begin ] --START--
INFO: Run Behavior\ReadHtmlCacheBehavior [ RunTime:0.000410s ]
INFO: [ app_begin ] --END-- [ RunTime:0.000442s ]
SQL: SHOW COLUMNS FROM `song` [ RunTime:0.0038s ]
SQL: SHOW COLUMNS FROM `song` [ RunTime:0.0037s ]
SQL: SELECT a.*,b.albumname,b.issueyear,c.singername FROM song a INNER JOIN singeralbum b ON b.id = a.albumnid INNER JOIN singer c ON c.id = a.singerid WHERE a.id = 3108 [ RunTime:0.0003s ]
SQL: SHOW COLUMNS FROM `singer` [ RunTime:0.0030s ]
SQL: SHOW COLUMNS FROM `singer` [ RunTime:0.0029s ]
SQL: SELECT * FROM `singer` WHERE ( id = 3 )  [ RunTime:0.0002s ]
SQL: SHOW COLUMNS FROM `songlistenrecord` [ RunTime:0.0028s ]
SQL: SHOW COLUMNS FROM `songlistenrecord` [ RunTime:0.0031s ]
SQL: INSERT INTO `songlistenrecord` (`songid`,`songname`,`singername`,`addtime`) VALUES ('3108','按摩女郎','刘德华','2018-03-01 22:53:25.000000') [ RunTime:0.0015s ]
SQL: select DISTINCT b.*,c.singername from songlistenrecord a INNER JOIN song b ON b.id = a.songid INNER JOIN singer c ON c.id = b.singerid order by a.id DESC limit 0,15 [ RunTime:0.1349s ]
INFO: [ app_end ] --START--
INFO: Run Behavior\ShowPageTraceBehavior [ RunTime:0.000548s ]
INFO: [ app_end ] --END-- [ RunTime:0.000583s ]

[ 2018-03-01T22:57:39+08:00 ] 127.0.0.1 /apimusic/get_song_random?callback=jQuery111101144012672587893_1519912199947&songtype=1&_=1519912199965
INFO: [ app_init ] --START--
INFO: Run Behavior\BuildLiteBehavior [ RunTime:0.000014s ]
INFO: [ app_init ] --END-- [ RunTime:0.000647s ]
INFO: [ app_begin ] --START--
INFO: Run Behavior\ReadHtmlCacheBehavior [ RunTime:0.000862s ]
INFO: [ app_begin ] --END-- [ RunTime:0.000919s ]
NOTIC: [8] Undefined index: sid D:\www\phpweb\music.xingzhi.com\Common\Common\function.php 第 70 行.
SQL: SHOW COLUMNS FROM `song` [ RunTime:0.0062s ]
SQL: SHOW COLUMNS FROM `song` [ RunTime:0.0046s ]
SQL: SELECT song.*, 
				(SELECT singername from singer a WHERE a.id = song.singerid)  as singername,
				(SELECT albumname from singeralbum b WHERE b.id = song.albumnid)  as albumname,
				(SELECT thumbnail from singeralbum b WHERE b.id = song.albumnid)  as thumbnail 
				FROM song WHERE (filetype = 'mp3' OR filetype = 'm4a') AND songtype = 1 ORDER BY RAND() LIMIT 1 [ RunTime:0.0359s ]
SQL: UPDATE song SET listentime = listentime + 1 WHERE id = 695 [ RunTime:0.0016s ]
INFO: [ app_end ] --START--
INFO: Run Behavior\ShowPageTraceBehavior [ RunTime:0.000593s ]
INFO: [ app_end ] --END-- [ RunTime:0.000623s ]

[ 2018-03-01T22:57:39+08:00 ] 127.0.0.1 /apimusic/get_song_info?songid=695
INFO: [ app_init ] --START--
INFO: Run Behavior\BuildLiteBehavior [ RunTime:0.000011s ]
INFO: [ app_init ] --END-- [ RunTime:0.000329s ]
INFO: [ app_begin ] --START--
INFO: Run Behavior\ReadHtmlCacheBehavior [ RunTime:0.000471s ]
INFO: [ app_begin ] --END-- [ RunTime:0.000504s ]
SQL: SHOW COLUMNS FROM `song` [ RunTime:0.0034s ]
SQL: SHOW COLUMNS FROM `song` [ RunTime:0.0032s ]
SQL: SELECT a.*,b.albumname,b.issueyear,c.singername FROM song a INNER JOIN singeralbum b ON b.id = a.albumnid INNER JOIN singer c ON c.id = a.singerid WHERE a.id = 695 [ RunTime:0.0004s ]
SQL: SHOW COLUMNS FROM `singer` [ RunTime:0.0033s ]
SQL: SHOW COLUMNS FROM `singer` [ RunTime:0.0032s ]
SQL: SELECT * FROM `singer` WHERE ( id = 5 )  [ RunTime:0.0002s ]
SQL: SHOW COLUMNS FROM `songlistenrecord` [ RunTime:0.0032s ]
SQL: SHOW COLUMNS FROM `songlistenrecord` [ RunTime:0.0040s ]
SQL: INSERT INTO `songlistenrecord` (`songid`,`songname`,`singername`,`addtime`) VALUES ('695','等你','张学友','2018-03-01 22:57:39.000000') [ RunTime:0.0016s ]
SQL: select DISTINCT b.*,c.singername from songlistenrecord a INNER JOIN song b ON b.id = a.songid INNER JOIN singer c ON c.id = b.singerid order by a.id DESC limit 0,15 [ RunTime:0.1369s ]
INFO: [ app_end ] --START--
INFO: Run Behavior\ShowPageTraceBehavior [ RunTime:0.000479s ]
INFO: [ app_end ] --END-- [ RunTime:0.000529s ]

[ 2018-03-01T23:01:27+08:00 ] 127.0.0.1 /apimusic/get_song_random?callback=jQuery111101144012672587893_1519912199947&songtype=1&_=1519912199966
INFO: [ app_init ] --START--
INFO: Run Behavior\BuildLiteBehavior [ RunTime:0.000016s ]
INFO: [ app_init ] --END-- [ RunTime:0.000704s ]
INFO: [ app_begin ] --START--
INFO: Run Behavior\ReadHtmlCacheBehavior [ RunTime:0.000914s ]
INFO: [ app_begin ] --END-- [ RunTime:0.000980s ]
NOTIC: [8] Undefined index: sid D:\www\phpweb\music.xingzhi.com\Common\Common\function.php 第 70 行.
SQL: SHOW COLUMNS FROM `song` [ RunTime:0.0047s ]
SQL: SHOW COLUMNS FROM `song` [ RunTime:0.0030s ]
SQL: SELECT song.*, 
				(SELECT singername from singer a WHERE a.id = song.singerid)  as singername,
				(SELECT albumname from singeralbum b WHERE b.id = song.albumnid)  as albumname,
				(SELECT thumbnail from singeralbum b WHERE b.id = song.albumnid)  as thumbnail 
				FROM song WHERE (filetype = 'mp3' OR filetype = 'm4a') AND songtype = 1 ORDER BY RAND() LIMIT 1 [ RunTime:0.0282s ]
SQL: UPDATE song SET listentime = listentime + 1 WHERE id = 414 [ RunTime:0.0015s ]
INFO: [ app_end ] --START--
INFO: Run Behavior\ShowPageTraceBehavior [ RunTime:0.000542s ]
INFO: [ app_end ] --END-- [ RunTime:0.000573s ]

[ 2018-03-01T23:01:27+08:00 ] 127.0.0.1 /apimusic/get_song_info?songid=414
INFO: [ app_init ] --START--
INFO: Run Behavior\BuildLiteBehavior [ RunTime:0.000010s ]
INFO: [ app_init ] --END-- [ RunTime:0.000334s ]
INFO: [ app_begin ] --START--
INFO: Run Behavior\ReadHtmlCacheBehavior [ RunTime:0.000392s ]
INFO: [ app_begin ] --END-- [ RunTime:0.000424s ]
SQL: SHOW COLUMNS FROM `song` [ RunTime:0.0038s ]
SQL: SHOW COLUMNS FROM `song` [ RunTime:0.0038s ]
SQL: SELECT a.*,b.albumname,b.issueyear,c.singername FROM song a INNER JOIN singeralbum b ON b.id = a.albumnid INNER JOIN singer c ON c.id = a.singerid WHERE a.id = 414 [ RunTime:0.0005s ]
SQL: SHOW COLUMNS FROM `singer` [ RunTime:0.0039s ]
SQL: SHOW COLUMNS FROM `singer` [ RunTime:0.0031s ]
SQL: SELECT * FROM `singer` WHERE ( id = 18 )  [ RunTime:0.0003s ]
SQL: SHOW COLUMNS FROM `songlistenrecord` [ RunTime:0.0031s ]
SQL: SHOW COLUMNS FROM `songlistenrecord` [ RunTime:0.0035s ]
SQL: INSERT INTO `songlistenrecord` (`songid`,`songname`,`singername`,`addtime`) VALUES ('414','不管有多苦','那英','2018-03-01 23:01:27.000000') [ RunTime:0.0015s ]
SQL: select DISTINCT b.*,c.singername from songlistenrecord a INNER JOIN song b ON b.id = a.songid INNER JOIN singer c ON c.id = b.singerid order by a.id DESC limit 0,15 [ RunTime:0.1390s ]
INFO: [ app_end ] --START--
INFO: Run Behavior\ShowPageTraceBehavior [ RunTime:0.000553s ]
INFO: [ app_end ] --END-- [ RunTime:0.000588s ]

[ 2018-03-01T23:05:55+08:00 ] 127.0.0.1 /apimusic/get_song_random?callback=jQuery111101144012672587893_1519912199947&songtype=1&_=1519912199967
INFO: [ app_init ] --START--
INFO: Run Behavior\BuildLiteBehavior [ RunTime:0.000017s ]
INFO: [ app_init ] --END-- [ RunTime:0.000715s ]
INFO: [ app_begin ] --START--
INFO: Run Behavior\ReadHtmlCacheBehavior [ RunTime:0.000982s ]
INFO: [ app_begin ] --END-- [ RunTime:0.001048s ]
NOTIC: [8] Undefined index: sid D:\www\phpweb\music.xingzhi.com\Common\Common\function.php 第 70 行.
SQL: SHOW COLUMNS FROM `song` [ RunTime:0.0047s ]
SQL: SHOW COLUMNS FROM `song` [ RunTime:0.0031s ]
SQL: SELECT song.*, 
				(SELECT singername from singer a WHERE a.id = song.singerid)  as singername,
				(SELECT albumname from singeralbum b WHERE b.id = song.albumnid)  as albumname,
				(SELECT thumbnail from singeralbum b WHERE b.id = song.albumnid)  as thumbnail 
				FROM song WHERE (filetype = 'mp3' OR filetype = 'm4a') AND songtype = 1 ORDER BY RAND() LIMIT 1 [ RunTime:0.0278s ]
SQL: UPDATE song SET listentime = listentime + 1 WHERE id = 2088 [ RunTime:0.0014s ]
INFO: [ app_end ] --START--
INFO: Run Behavior\ShowPageTraceBehavior [ RunTime:0.000579s ]
INFO: [ app_end ] --END-- [ RunTime:0.000610s ]

[ 2018-03-01T23:05:55+08:00 ] 127.0.0.1 /apimusic/get_song_info?songid=2088
INFO: [ app_init ] --START--
INFO: Run Behavior\BuildLiteBehavior [ RunTime:0.000013s ]
INFO: [ app_init ] --END-- [ RunTime:0.000373s ]
INFO: [ app_begin ] --START--
INFO: Run Behavior\ReadHtmlCacheBehavior [ RunTime:0.000554s ]
INFO: [ app_begin ] --END-- [ RunTime:0.000591s ]
SQL: SHOW COLUMNS FROM `song` [ RunTime:0.0034s ]
SQL: SHOW COLUMNS FROM `song` [ RunTime:0.0034s ]
SQL: SELECT a.*,b.albumname,b.issueyear,c.singername FROM song a INNER JOIN singeralbum b ON b.id = a.albumnid INNER JOIN singer c ON c.id = a.singerid WHERE a.id = 2088 [ RunTime:0.0003s ]
SQL: SHOW COLUMNS FROM `singer` [ RunTime:0.0031s ]
SQL: SHOW COLUMNS FROM `singer` [ RunTime:0.0028s ]
SQL: SELECT * FROM `singer` WHERE ( id = 13 )  [ RunTime:0.0002s ]
SQL: SHOW COLUMNS FROM `songlistenrecord` [ RunTime:0.0028s ]
SQL: SHOW COLUMNS FROM `songlistenrecord` [ RunTime:0.0026s ]
SQL: INSERT INTO `songlistenrecord` (`songid`,`songname`,`singername`,`addtime`) VALUES ('2088','The Kinslayer','Nightwish','2018-03-01 23:05:55.000000') [ RunTime:0.0015s ]
SQL: select DISTINCT b.*,c.singername from songlistenrecord a INNER JOIN song b ON b.id = a.songid INNER JOIN singer c ON c.id = b.singerid order by a.id DESC limit 0,15 [ RunTime:0.1332s ]
INFO: [ app_end ] --START--
INFO: Run Behavior\ShowPageTraceBehavior [ RunTime:0.000539s ]
INFO: [ app_end ] --END-- [ RunTime:0.000575s ]

[ 2018-03-01T23:09:55+08:00 ] 127.0.0.1 /apimusic/get_song_random?callback=jQuery111101144012672587893_1519912199947&songtype=1&_=1519912199968
INFO: [ app_init ] --START--
INFO: Run Behavior\BuildLiteBehavior [ RunTime:0.000019s ]
INFO: [ app_init ] --END-- [ RunTime:0.000815s ]
INFO: [ app_begin ] --START--
INFO: Run Behavior\ReadHtmlCacheBehavior [ RunTime:0.001108s ]
INFO: [ app_begin ] --END-- [ RunTime:0.001187s ]
NOTIC: [8] Undefined index: sid D:\www\phpweb\music.xingzhi.com\Common\Common\function.php 第 70 行.
SQL: SHOW COLUMNS FROM `song` [ RunTime:0.0055s ]
SQL: SHOW COLUMNS FROM `song` [ RunTime:0.0070s ]
SQL: SELECT song.*, 
				(SELECT singername from singer a WHERE a.id = song.singerid)  as singername,
				(SELECT albumname from singeralbum b WHERE b.id = song.albumnid)  as albumname,
				(SELECT thumbnail from singeralbum b WHERE b.id = song.albumnid)  as thumbnail 
				FROM song WHERE (filetype = 'mp3' OR filetype = 'm4a') AND songtype = 1 ORDER BY RAND() LIMIT 1 [ RunTime:0.0468s ]
SQL: UPDATE song SET listentime = listentime + 1 WHERE id = 2792 [ RunTime:0.0015s ]
INFO: [ app_end ] --START--
INFO: Run Behavior\ShowPageTraceBehavior [ RunTime:0.000677s ]
INFO: [ app_end ] --END-- [ RunTime:0.000714s ]

[ 2018-03-01T23:09:55+08:00 ] 127.0.0.1 /apimusic/get_song_info?songid=2792
INFO: [ app_init ] --START--
INFO: Run Behavior\BuildLiteBehavior [ RunTime:0.000011s ]
INFO: [ app_init ] --END-- [ RunTime:0.000438s ]
INFO: [ app_begin ] --START--
INFO: Run Behavior\ReadHtmlCacheBehavior [ RunTime:0.000517s ]
INFO: [ app_begin ] --END-- [ RunTime:0.000550s ]
SQL: SHOW COLUMNS FROM `song` [ RunTime:0.0035s ]
SQL: SHOW COLUMNS FROM `song` [ RunTime:0.0032s ]
SQL: SELECT a.*,b.albumname,b.issueyear,c.singername FROM song a INNER JOIN singeralbum b ON b.id = a.albumnid INNER JOIN singer c ON c.id = a.singerid WHERE a.id = 2792 [ RunTime:0.0003s ]
SQL: SHOW COLUMNS FROM `singer` [ RunTime:0.0031s ]
SQL: SHOW COLUMNS FROM `singer` [ RunTime:0.0031s ]
SQL: SELECT * FROM `singer` WHERE ( id = 91 )  [ RunTime:0.0002s ]
SQL: SHOW COLUMNS FROM `songlistenrecord` [ RunTime:0.0029s ]
SQL: SHOW COLUMNS FROM `songlistenrecord` [ RunTime:0.0030s ]
SQL: INSERT INTO `songlistenrecord` (`songid`,`songname`,`singername`,`addtime`) VALUES ('2792','青藏高原','韩红','2018-03-01 23:09:55.000000') [ RunTime:0.0016s ]
SQL: select DISTINCT b.*,c.singername from songlistenrecord a INNER JOIN song b ON b.id = a.songid INNER JOIN singer c ON c.id = b.singerid order by a.id DESC limit 0,15 [ RunTime:0.1352s ]
INFO: [ app_end ] --START--
INFO: Run Behavior\ShowPageTraceBehavior [ RunTime:0.000548s ]
INFO: [ app_end ] --END-- [ RunTime:0.000582s ]

[ 2018-03-01T23:13:21+08:00 ] 127.0.0.1 /apimusic/get_song_random?callback=jQuery111101144012672587893_1519912199947&songtype=1&_=1519912199969
INFO: [ app_init ] --START--
INFO: Run Behavior\BuildLiteBehavior [ RunTime:0.000020s ]
INFO: [ app_init ] --END-- [ RunTime:0.000841s ]
INFO: [ app_begin ] --START--
INFO: Run Behavior\ReadHtmlCacheBehavior [ RunTime:0.001246s ]
INFO: [ app_begin ] --END-- [ RunTime:0.001325s ]
NOTIC: [8] Undefined index: sid D:\www\phpweb\music.xingzhi.com\Common\Common\function.php 第 70 行.
SQL: SHOW COLUMNS FROM `song` [ RunTime:0.0068s ]
SQL: SHOW COLUMNS FROM `song` [ RunTime:0.0065s ]
SQL: SELECT song.*, 
				(SELECT singername from singer a WHERE a.id = song.singerid)  as singername,
				(SELECT albumname from singeralbum b WHERE b.id = song.albumnid)  as albumname,
				(SELECT thumbnail from singeralbum b WHERE b.id = song.albumnid)  as thumbnail 
				FROM song WHERE (filetype = 'mp3' OR filetype = 'm4a') AND songtype = 1 ORDER BY RAND() LIMIT 1 [ RunTime:0.0386s ]
SQL: UPDATE song SET listentime = listentime + 1 WHERE id = 441 [ RunTime:0.0014s ]
INFO: [ app_end ] --START--
INFO: Run Behavior\ShowPageTraceBehavior [ RunTime:0.000700s ]
INFO: [ app_end ] --END-- [ RunTime:0.000734s ]

[ 2018-03-01T23:13:21+08:00 ] 127.0.0.1 /apimusic/get_song_info?songid=441
INFO: [ app_init ] --START--
INFO: Run Behavior\BuildLiteBehavior [ RunTime:0.000012s ]
INFO: [ app_init ] --END-- [ RunTime:0.000522s ]
INFO: [ app_begin ] --START--
INFO: Run Behavior\ReadHtmlCacheBehavior [ RunTime:0.000578s ]
INFO: [ app_begin ] --END-- [ RunTime:0.000621s ]
SQL: SHOW COLUMNS FROM `song` [ RunTime:0.0035s ]
SQL: SHOW COLUMNS FROM `song` [ RunTime:0.0032s ]
SQL: SELECT a.*,b.albumname,b.issueyear,c.singername FROM song a INNER JOIN singeralbum b ON b.id = a.albumnid INNER JOIN singer c ON c.id = a.singerid WHERE a.id = 441 [ RunTime:0.0003s ]
SQL: SHOW COLUMNS FROM `singer` [ RunTime:0.0033s ]
SQL: SHOW COLUMNS FROM `singer` [ RunTime:0.0027s ]
SQL: SELECT * FROM `singer` WHERE ( id = 19 )  [ RunTime:0.0002s ]
SQL: SHOW COLUMNS FROM `songlistenrecord` [ RunTime:0.0030s ]
SQL: SHOW COLUMNS FROM `songlistenrecord` [ RunTime:0.0028s ]
SQL: INSERT INTO `songlistenrecord` (`songid`,`songname`,`singername`,`addtime`) VALUES ('441','不再犹豫','Beyond','2018-03-01 23:13:21.000000') [ RunTime:0.0015s ]
SQL: select DISTINCT b.*,c.singername from songlistenrecord a INNER JOIN song b ON b.id = a.songid INNER JOIN singer c ON c.id = b.singerid order by a.id DESC limit 0,15 [ RunTime:0.1345s ]
INFO: [ app_end ] --START--
INFO: Run Behavior\ShowPageTraceBehavior [ RunTime:0.000690s ]
INFO: [ app_end ] --END-- [ RunTime:0.000725s ]

[ 2018-03-01T23:17:39+08:00 ] 127.0.0.1 /apimusic/get_song_random?callback=jQuery111101144012672587893_1519912199947&songtype=1&_=1519912199970
INFO: [ app_init ] --START--
INFO: Run Behavior\BuildLiteBehavior [ RunTime:0.000017s ]
INFO: [ app_init ] --END-- [ RunTime:0.000747s ]
INFO: [ app_begin ] --START--
INFO: Run Behavior\ReadHtmlCacheBehavior [ RunTime:0.001048s ]
INFO: [ app_begin ] --END-- [ RunTime:0.001118s ]
NOTIC: [8] Undefined index: sid D:\www\phpweb\music.xingzhi.com\Common\Common\function.php 第 70 行.
SQL: SHOW COLUMNS FROM `song` [ RunTime:0.0049s ]
SQL: SHOW COLUMNS FROM `song` [ RunTime:0.0033s ]
SQL: SELECT song.*, 
				(SELECT singername from singer a WHERE a.id = song.singerid)  as singername,
				(SELECT albumname from singeralbum b WHERE b.id = song.albumnid)  as albumname,
				(SELECT thumbnail from singeralbum b WHERE b.id = song.albumnid)  as thumbnail 
				FROM song WHERE (filetype = 'mp3' OR filetype = 'm4a') AND songtype = 1 ORDER BY RAND() LIMIT 1 [ RunTime:0.0456s ]
SQL: UPDATE song SET listentime = listentime + 1 WHERE id = 1114 [ RunTime:0.0013s ]
INFO: [ app_end ] --START--
INFO: Run Behavior\ShowPageTraceBehavior [ RunTime:0.000600s ]
INFO: [ app_end ] --END-- [ RunTime:0.000631s ]

[ 2018-03-01T23:17:39+08:00 ] 127.0.0.1 /apimusic/get_song_info?songid=1114
INFO: [ app_init ] --START--
INFO: Run Behavior\BuildLiteBehavior [ RunTime:0.000012s ]
INFO: [ app_init ] --END-- [ RunTime:0.000413s ]
INFO: [ app_begin ] --START--
INFO: Run Behavior\ReadHtmlCacheBehavior [ RunTime:0.000740s ]
INFO: [ app_begin ] --END-- [ RunTime:0.000792s ]
SQL: SHOW COLUMNS FROM `song` [ RunTime:0.0037s ]
SQL: SHOW COLUMNS FROM `song` [ RunTime:0.0041s ]
SQL: SELECT a.*,b.albumname,b.issueyear,c.singername FROM song a INNER JOIN singeralbum b ON b.id = a.albumnid INNER JOIN singer c ON c.id = a.singerid WHERE a.id = 1114 [ RunTime:0.0005s ]
SQL: SHOW COLUMNS FROM `singer` [ RunTime:0.0030s ]
SQL: SHOW COLUMNS FROM `singer` [ RunTime:0.0028s ]
SQL: SELECT * FROM `singer` WHERE ( id = 39 )  [ RunTime:0.0002s ]
SQL: SHOW COLUMNS FROM `songlistenrecord` [ RunTime:0.0031s ]
SQL: SHOW COLUMNS FROM `songlistenrecord` [ RunTime:0.0032s ]
SQL: INSERT INTO `songlistenrecord` (`songid`,`songname`,`singername`,`addtime`) VALUES ('1114','潮流季','薛之谦','2018-03-01 23:17:39.000000') [ RunTime:0.0015s ]
SQL: select DISTINCT b.*,c.singername from songlistenrecord a INNER JOIN song b ON b.id = a.songid INNER JOIN singer c ON c.id = b.singerid order by a.id DESC limit 0,15 [ RunTime:0.1328s ]
INFO: [ app_end ] --START--
INFO: Run Behavior\ShowPageTraceBehavior [ RunTime:0.000480s ]
INFO: [ app_end ] --END-- [ RunTime:0.000517s ]

[ 2018-03-01T23:21:39+08:00 ] 127.0.0.1 /apimusic/get_song_random?callback=jQuery111101144012672587893_1519912199947&songtype=1&_=1519912199971
INFO: [ app_init ] --START--
INFO: Run Behavior\BuildLiteBehavior [ RunTime:0.000021s ]
INFO: [ app_init ] --END-- [ RunTime:0.000861s ]
INFO: [ app_begin ] --START--
INFO: Run Behavior\ReadHtmlCacheBehavior [ RunTime:0.001414s ]
INFO: [ app_begin ] --END-- [ RunTime:0.001501s ]
NOTIC: [8] Undefined index: sid D:\www\phpweb\music.xingzhi.com\Common\Common\function.php 第 70 行.
SQL: SHOW COLUMNS FROM `song` [ RunTime:0.0046s ]
SQL: SHOW COLUMNS FROM `song` [ RunTime:0.0028s ]
SQL: SELECT song.*, 
				(SELECT singername from singer a WHERE a.id = song.singerid)  as singername,
				(SELECT albumname from singeralbum b WHERE b.id = song.albumnid)  as albumname,
				(SELECT thumbnail from singeralbum b WHERE b.id = song.albumnid)  as thumbnail 
				FROM song WHERE (filetype = 'mp3' OR filetype = 'm4a') AND songtype = 1 ORDER BY RAND() LIMIT 1 [ RunTime:0.0285s ]
SQL: UPDATE song SET listentime = listentime + 1 WHERE id = 632 [ RunTime:0.0042s ]
INFO: [ app_end ] --START--
INFO: Run Behavior\ShowPageTraceBehavior [ RunTime:0.000631s ]
INFO: [ app_end ] --END-- [ RunTime:0.000664s ]

[ 2018-03-01T23:21:39+08:00 ] 127.0.0.1 /apimusic/get_song_info?songid=632
INFO: [ app_init ] --START--
INFO: Run Behavior\BuildLiteBehavior [ RunTime:0.000011s ]
INFO: [ app_init ] --END-- [ RunTime:0.000322s ]
INFO: [ app_begin ] --START--
INFO: Run Behavior\ReadHtmlCacheBehavior [ RunTime:0.000535s ]
INFO: [ app_begin ] --END-- [ RunTime:0.000567s ]
SQL: SHOW COLUMNS FROM `song` [ RunTime:0.0038s ]
SQL: SHOW COLUMNS FROM `song` [ RunTime:0.0038s ]
SQL: SELECT a.*,b.albumname,b.issueyear,c.singername FROM song a INNER JOIN singeralbum b ON b.id = a.albumnid INNER JOIN singer c ON c.id = a.singerid WHERE a.id = 632 [ RunTime:0.0003s ]
SQL: SHOW COLUMNS FROM `singer` [ RunTime:0.0029s ]
SQL: SHOW COLUMNS FROM `singer` [ RunTime:0.0028s ]
SQL: SELECT * FROM `singer` WHERE ( id = 5 )  [ RunTime:0.0002s ]
SQL: SHOW COLUMNS FROM `songlistenrecord` [ RunTime:0.0029s ]
SQL: SHOW COLUMNS FROM `songlistenrecord` [ RunTime:0.0030s ]
SQL: INSERT INTO `songlistenrecord` (`songid`,`songname`,`singername`,`addtime`) VALUES ('632','情已逝 (Live)','张学友','2018-03-01 23:21:39.000000') [ RunTime:0.0014s ]
SQL: select DISTINCT b.*,c.singername from songlistenrecord a INNER JOIN song b ON b.id = a.songid INNER JOIN singer c ON c.id = b.singerid order by a.id DESC limit 0,15 [ RunTime:0.1581s ]
INFO: [ app_end ] --START--
INFO: Run Behavior\ShowPageTraceBehavior [ RunTime:0.000704s ]
INFO: [ app_end ] --END-- [ RunTime:0.000740s ]

[ 2018-03-01T23:24:25+08:00 ] 127.0.0.1 /apimusic/get_song_random?callback=jQuery111101144012672587893_1519912199947&songtype=1&_=1519912199972
INFO: [ app_init ] --START--
INFO: Run Behavior\BuildLiteBehavior [ RunTime:0.000020s ]
INFO: [ app_init ] --END-- [ RunTime:0.000850s ]
INFO: [ app_begin ] --START--
INFO: Run Behavior\ReadHtmlCacheBehavior [ RunTime:0.001207s ]
INFO: [ app_begin ] --END-- [ RunTime:0.001288s ]
NOTIC: [8] Undefined index: sid D:\www\phpweb\music.xingzhi.com\Common\Common\function.php 第 70 行.
SQL: SHOW COLUMNS FROM `song` [ RunTime:0.0035s ]
SQL: SHOW COLUMNS FROM `song` [ RunTime:0.0029s ]
SQL: SELECT song.*, 
				(SELECT singername from singer a WHERE a.id = song.singerid)  as singername,
				(SELECT albumname from singeralbum b WHERE b.id = song.albumnid)  as albumname,
				(SELECT thumbnail from singeralbum b WHERE b.id = song.albumnid)  as thumbnail 
				FROM song WHERE (filetype = 'mp3' OR filetype = 'm4a') AND songtype = 1 ORDER BY RAND() LIMIT 1 [ RunTime:0.0489s ]
SQL: UPDATE song SET listentime = listentime + 1 WHERE id = 2259 [ RunTime:0.0048s ]
INFO: [ app_end ] --START--
INFO: Run Behavior\ShowPageTraceBehavior [ RunTime:0.000724s ]
INFO: [ app_end ] --END-- [ RunTime:0.000764s ]

[ 2018-03-01T23:24:25+08:00 ] 127.0.0.1 /apimusic/get_song_info?songid=2259
INFO: [ app_init ] --START--
INFO: Run Behavior\BuildLiteBehavior [ RunTime:0.000011s ]
INFO: [ app_init ] --END-- [ RunTime:0.000347s ]
INFO: [ app_begin ] --START--
INFO: Run Behavior\ReadHtmlCacheBehavior [ RunTime:0.000469s ]
INFO: [ app_begin ] --END-- [ RunTime:0.000502s ]
SQL: SHOW COLUMNS FROM `song` [ RunTime:0.0037s ]
SQL: SHOW COLUMNS FROM `song` [ RunTime:0.0029s ]
SQL: SELECT a.*,b.albumname,b.issueyear,c.singername FROM song a INNER JOIN singeralbum b ON b.id = a.albumnid INNER JOIN singer c ON c.id = a.singerid WHERE a.id = 2259 [ RunTime:0.0003s ]
SQL: SHOW COLUMNS FROM `singer` [ RunTime:0.0028s ]
SQL: SHOW COLUMNS FROM `singer` [ RunTime:0.0026s ]
SQL: SELECT * FROM `singer` WHERE ( id = 3 )  [ RunTime:0.0002s ]
SQL: SHOW COLUMNS FROM `songlistenrecord` [ RunTime:0.0028s ]
SQL: SHOW COLUMNS FROM `songlistenrecord` [ RunTime:0.0030s ]
SQL: INSERT INTO `songlistenrecord` (`songid`,`songname`,`singername`,`addtime`) VALUES ('2259','全人类注视','刘德华','2018-03-01 23:24:25.000000') [ RunTime:0.0015s ]
SQL: select DISTINCT b.*,c.singername from songlistenrecord a INNER JOIN song b ON b.id = a.songid INNER JOIN singer c ON c.id = b.singerid order by a.id DESC limit 0,15 [ RunTime:0.1338s ]
INFO: [ app_end ] --START--
INFO: Run Behavior\ShowPageTraceBehavior [ RunTime:0.000502s ]
INFO: [ app_end ] --END-- [ RunTime:0.000537s ]

[ 2018-03-01T23:28:31+08:00 ] 127.0.0.1 /apimusic/get_song_random?callback=jQuery111101144012672587893_1519912199947&songtype=1&_=1519912199973
INFO: [ app_init ] --START--
INFO: Run Behavior\BuildLiteBehavior [ RunTime:0.000026s ]
INFO: [ app_init ] --END-- [ RunTime:0.000904s ]
INFO: [ app_begin ] --START--
INFO: Run Behavior\ReadHtmlCacheBehavior [ RunTime:0.001397s ]
INFO: [ app_begin ] --END-- [ RunTime:0.001482s ]
NOTIC: [8] Undefined index: sid D:\www\phpweb\music.xingzhi.com\Common\Common\function.php 第 70 行.
SQL: SHOW COLUMNS FROM `song` [ RunTime:0.0049s ]
SQL: SHOW COLUMNS FROM `song` [ RunTime:0.0033s ]
SQL: SELECT song.*, 
				(SELECT singername from singer a WHERE a.id = song.singerid)  as singername,
				(SELECT albumname from singeralbum b WHERE b.id = song.albumnid)  as albumname,
				(SELECT thumbnail from singeralbum b WHERE b.id = song.albumnid)  as thumbnail 
				FROM song WHERE (filetype = 'mp3' OR filetype = 'm4a') AND songtype = 1 ORDER BY RAND() LIMIT 1 [ RunTime:0.0299s ]
SQL: UPDATE song SET listentime = listentime + 1 WHERE id = 2649 [ RunTime:0.0016s ]
INFO: [ app_end ] --START--
INFO: Run Behavior\ShowPageTraceBehavior [ RunTime:0.000698s ]
INFO: [ app_end ] --END-- [ RunTime:0.000729s ]

[ 2018-03-01T23:28:31+08:00 ] 127.0.0.1 /apimusic/get_song_info?songid=2649
INFO: [ app_init ] --START--
INFO: Run Behavior\BuildLiteBehavior [ RunTime:0.000011s ]
INFO: [ app_init ] --END-- [ RunTime:0.000409s ]
INFO: [ app_begin ] --START--
INFO: Run Behavior\ReadHtmlCacheBehavior [ RunTime:0.000629s ]
INFO: [ app_begin ] --END-- [ RunTime:0.000661s ]
SQL: SHOW COLUMNS FROM `song` [ RunTime:0.0036s ]
SQL: SHOW COLUMNS FROM `song` [ RunTime:0.0033s ]
SQL: SELECT a.*,b.albumname,b.issueyear,c.singername FROM song a INNER JOIN singeralbum b ON b.id = a.albumnid INNER JOIN singer c ON c.id = a.singerid WHERE a.id = 2649 [ RunTime:0.0003s ]
SQL: SHOW COLUMNS FROM `singer` [ RunTime:0.0030s ]
SQL: SHOW COLUMNS FROM `singer` [ RunTime:0.0030s ]
SQL: SELECT * FROM `singer` WHERE ( id = 37 )  [ RunTime:0.0002s ]
SQL: SHOW COLUMNS FROM `songlistenrecord` [ RunTime:0.0028s ]
SQL: SHOW COLUMNS FROM `songlistenrecord` [ RunTime:0.0028s ]
SQL: INSERT INTO `songlistenrecord` (`songid`,`songname`,`singername`,`addtime`) VALUES ('2649','侬本多情','张国荣','2018-03-01 23:28:31.000000') [ RunTime:0.0040s ]
SQL: select DISTINCT b.*,c.singername from songlistenrecord a INNER JOIN song b ON b.id = a.songid INNER JOIN singer c ON c.id = b.singerid order by a.id DESC limit 0,15 [ RunTime:0.1533s ]
INFO: [ app_end ] --START--
INFO: Run Behavior\ShowPageTraceBehavior [ RunTime:0.000698s ]
INFO: [ app_end ] --END-- [ RunTime:0.000733s ]

[ 2018-03-01T23:32:19+08:00 ] 127.0.0.1 /apimusic/get_song_random?callback=jQuery111101144012672587893_1519912199947&songtype=1&_=1519912199974
INFO: [ app_init ] --START--
INFO: Run Behavior\BuildLiteBehavior [ RunTime:0.000021s ]
INFO: [ app_init ] --END-- [ RunTime:0.000905s ]
INFO: [ app_begin ] --START--
INFO: Run Behavior\ReadHtmlCacheBehavior [ RunTime:0.001165s ]
INFO: [ app_begin ] --END-- [ RunTime:0.001252s ]
NOTIC: [8] Undefined index: sid D:\www\phpweb\music.xingzhi.com\Common\Common\function.php 第 70 行.
SQL: SHOW COLUMNS FROM `song` [ RunTime:0.0045s ]
SQL: SHOW COLUMNS FROM `song` [ RunTime:0.0032s ]
SQL: SELECT song.*, 
				(SELECT singername from singer a WHERE a.id = song.singerid)  as singername,
				(SELECT albumname from singeralbum b WHERE b.id = song.albumnid)  as albumname,
				(SELECT thumbnail from singeralbum b WHERE b.id = song.albumnid)  as thumbnail 
				FROM song WHERE (filetype = 'mp3' OR filetype = 'm4a') AND songtype = 1 ORDER BY RAND() LIMIT 1 [ RunTime:0.0289s ]
SQL: UPDATE song SET listentime = listentime + 1 WHERE id = 1271 [ RunTime:0.0014s ]
INFO: [ app_end ] --START--
INFO: Run Behavior\ShowPageTraceBehavior [ RunTime:0.000615s ]
INFO: [ app_end ] --END-- [ RunTime:0.000646s ]

[ 2018-03-01T23:32:19+08:00 ] 127.0.0.1 /apimusic/get_song_info?songid=1271
INFO: [ app_init ] --START--
INFO: Run Behavior\BuildLiteBehavior [ RunTime:0.000012s ]
INFO: [ app_init ] --END-- [ RunTime:0.000346s ]
INFO: [ app_begin ] --START--
INFO: Run Behavior\ReadHtmlCacheBehavior [ RunTime:0.000475s ]
INFO: [ app_begin ] --END-- [ RunTime:0.000509s ]
SQL: SHOW COLUMNS FROM `song` [ RunTime:0.0035s ]
SQL: SHOW COLUMNS FROM `song` [ RunTime:0.0033s ]
SQL: SELECT a.*,b.albumname,b.issueyear,c.singername FROM song a INNER JOIN singeralbum b ON b.id = a.albumnid INNER JOIN singer c ON c.id = a.singerid WHERE a.id = 1271 [ RunTime:0.0003s ]
SQL: SHOW COLUMNS FROM `singer` [ RunTime:0.0032s ]
SQL: SHOW COLUMNS FROM `singer` [ RunTime:0.0030s ]
SQL: SELECT * FROM `singer` WHERE ( id = 43 )  [ RunTime:0.0002s ]
SQL: SHOW COLUMNS FROM `songlistenrecord` [ RunTime:0.0028s ]
SQL: SHOW COLUMNS FROM `songlistenrecord` [ RunTime:0.0028s ]
SQL: INSERT INTO `songlistenrecord` (`songid`,`songname`,`singername`,`addtime`) VALUES ('1271','最初的地方','刘若英','2018-03-01 23:32:19.000000') [ RunTime:0.0015s ]
SQL: select DISTINCT b.*,c.singername from songlistenrecord a INNER JOIN song b ON b.id = a.songid INNER JOIN singer c ON c.id = b.singerid order by a.id DESC limit 0,15 [ RunTime:0.1361s ]
INFO: [ app_end ] --START--
INFO: Run Behavior\ShowPageTraceBehavior [ RunTime:0.000555s ]
INFO: [ app_end ] --END-- [ RunTime:0.000589s ]

[ 2018-03-01T23:36:49+08:00 ] 127.0.0.1 /apimusic/get_song_random?callback=jQuery111101144012672587893_1519912199947&songtype=1&_=1519912199975
INFO: [ app_init ] --START--
INFO: Run Behavior\BuildLiteBehavior [ RunTime:0.000020s ]
INFO: [ app_init ] --END-- [ RunTime:0.000843s ]
INFO: [ app_begin ] --START--
INFO: Run Behavior\ReadHtmlCacheBehavior [ RunTime:0.001302s ]
INFO: [ app_begin ] --END-- [ RunTime:0.001382s ]
NOTIC: [8] Undefined index: sid D:\www\phpweb\music.xingzhi.com\Common\Common\function.php 第 70 行.
SQL: SHOW COLUMNS FROM `song` [ RunTime:0.0047s ]
SQL: SHOW COLUMNS FROM `song` [ RunTime:0.0034s ]
SQL: SELECT song.*, 
				(SELECT singername from singer a WHERE a.id = song.singerid)  as singername,
				(SELECT albumname from singeralbum b WHERE b.id = song.albumnid)  as albumname,
				(SELECT thumbnail from singeralbum b WHERE b.id = song.albumnid)  as thumbnail 
				FROM song WHERE (filetype = 'mp3' OR filetype = 'm4a') AND songtype = 1 ORDER BY RAND() LIMIT 1 [ RunTime:0.0674s ]
SQL: UPDATE song SET listentime = listentime + 1 WHERE id = 1227 [ RunTime:0.0029s ]
INFO: [ app_end ] --START--
INFO: Run Behavior\ShowPageTraceBehavior [ RunTime:0.000776s ]
INFO: [ app_end ] --END-- [ RunTime:0.000811s ]

[ 2018-03-01T23:36:49+08:00 ] 127.0.0.1 /apimusic/get_song_info?songid=1227
INFO: [ app_init ] --START--
INFO: Run Behavior\BuildLiteBehavior [ RunTime:0.000011s ]
INFO: [ app_init ] --END-- [ RunTime:0.000432s ]
INFO: [ app_begin ] --START--
INFO: Run Behavior\ReadHtmlCacheBehavior [ RunTime:0.000677s ]
INFO: [ app_begin ] --END-- [ RunTime:0.000713s ]
SQL: SHOW COLUMNS FROM `song` [ RunTime:0.0032s ]
SQL: SHOW COLUMNS FROM `song` [ RunTime:0.0032s ]
SQL: SELECT a.*,b.albumname,b.issueyear,c.singername FROM song a INNER JOIN singeralbum b ON b.id = a.albumnid INNER JOIN singer c ON c.id = a.singerid WHERE a.id = 1227 [ RunTime:0.0003s ]
SQL: SHOW COLUMNS FROM `singer` [ RunTime:0.0029s ]
SQL: SHOW COLUMNS FROM `singer` [ RunTime:0.0030s ]
SQL: SELECT * FROM `singer` WHERE ( id = 5 )  [ RunTime:0.0002s ]
SQL: SHOW COLUMNS FROM `songlistenrecord` [ RunTime:0.0032s ]
SQL: SHOW COLUMNS FROM `songlistenrecord` [ RunTime:0.0030s ]
SQL: INSERT INTO `songlistenrecord` (`songid`,`songname`,`singername`,`addtime`) VALUES ('1227','红叶舞秋山','张学友','2018-03-01 23:36:49.000000') [ RunTime:0.0017s ]
SQL: select DISTINCT b.*,c.singername from songlistenrecord a INNER JOIN song b ON b.id = a.songid INNER JOIN singer c ON c.id = b.singerid order by a.id DESC limit 0,15 [ RunTime:0.1348s ]
INFO: [ app_end ] --START--
INFO: Run Behavior\ShowPageTraceBehavior [ RunTime:0.000640s ]
INFO: [ app_end ] --END-- [ RunTime:0.000675s ]

[ 2018-03-01T23:41:03+08:00 ] 127.0.0.1 /apimusic/get_song_random?callback=jQuery111101144012672587893_1519912199947&songtype=1&_=1519912199976
INFO: [ app_init ] --START--
INFO: Run Behavior\BuildLiteBehavior [ RunTime:0.000017s ]
INFO: [ app_init ] --END-- [ RunTime:0.000750s ]
INFO: [ app_begin ] --START--
INFO: Run Behavior\ReadHtmlCacheBehavior [ RunTime:0.001047s ]
INFO: [ app_begin ] --END-- [ RunTime:0.001117s ]
NOTIC: [8] Undefined index: sid D:\www\phpweb\music.xingzhi.com\Common\Common\function.php 第 70 行.
SQL: SHOW COLUMNS FROM `song` [ RunTime:0.0033s ]
SQL: SHOW COLUMNS FROM `song` [ RunTime:0.0031s ]
SQL: SELECT song.*, 
				(SELECT singername from singer a WHERE a.id = song.singerid)  as singername,
				(SELECT albumname from singeralbum b WHERE b.id = song.albumnid)  as albumname,
				(SELECT thumbnail from singeralbum b WHERE b.id = song.albumnid)  as thumbnail 
				FROM song WHERE (filetype = 'mp3' OR filetype = 'm4a') AND songtype = 1 ORDER BY RAND() LIMIT 1 [ RunTime:0.0278s ]
SQL: UPDATE song SET listentime = listentime + 1 WHERE id = 2683 [ RunTime:0.0042s ]
INFO: [ app_end ] --START--
INFO: Run Behavior\ShowPageTraceBehavior [ RunTime:0.000616s ]
INFO: [ app_end ] --END-- [ RunTime:0.000647s ]

[ 2018-03-01T23:41:03+08:00 ] 127.0.0.1 /apimusic/get_song_info?songid=2683
INFO: [ app_init ] --START--
INFO: Run Behavior\BuildLiteBehavior [ RunTime:0.000012s ]
INFO: [ app_init ] --END-- [ RunTime:0.000407s ]
INFO: [ app_begin ] --START--
INFO: Run Behavior\ReadHtmlCacheBehavior [ RunTime:0.000538s ]
INFO: [ app_begin ] --END-- [ RunTime:0.000576s ]
SQL: SHOW COLUMNS FROM `song` [ RunTime:0.0037s ]
SQL: SHOW COLUMNS FROM `song` [ RunTime:0.0033s ]
SQL: SELECT a.*,b.albumname,b.issueyear,c.singername FROM song a INNER JOIN singeralbum b ON b.id = a.albumnid INNER JOIN singer c ON c.id = a.singerid WHERE a.id = 2683 [ RunTime:0.0003s ]
SQL: SHOW COLUMNS FROM `singer` [ RunTime:0.0033s ]
SQL: SHOW COLUMNS FROM `singer` [ RunTime:0.0032s ]
SQL: SELECT * FROM `singer` WHERE ( id = 11 )  [ RunTime:0.0002s ]
SQL: SHOW COLUMNS FROM `songlistenrecord` [ RunTime:0.0030s ]
SQL: SHOW COLUMNS FROM `songlistenrecord` [ RunTime:0.0032s ]
SQL: INSERT INTO `songlistenrecord` (`songid`,`songname`,`singername`,`addtime`) VALUES ('2683','你的名字写满在我心里','王杰','2018-03-01 23:41:03.000000') [ RunTime:0.0014s ]
SQL: select DISTINCT b.*,c.singername from songlistenrecord a INNER JOIN song b ON b.id = a.songid INNER JOIN singer c ON c.id = b.singerid order by a.id DESC limit 0,15 [ RunTime:0.1530s ]
INFO: [ app_end ] --START--
INFO: Run Behavior\ShowPageTraceBehavior [ RunTime:0.000560s ]
INFO: [ app_end ] --END-- [ RunTime:0.000594s ]

[ 2018-03-01T23:44:59+08:00 ] 127.0.0.1 /apimusic/get_song_random?callback=jQuery111101144012672587893_1519912199947&songtype=1&_=1519912199977
INFO: [ app_init ] --START--
INFO: Run Behavior\BuildLiteBehavior [ RunTime:0.000014s ]
INFO: [ app_init ] --END-- [ RunTime:0.000648s ]
INFO: [ app_begin ] --START--
INFO: Run Behavior\ReadHtmlCacheBehavior [ RunTime:0.000826s ]
INFO: [ app_begin ] --END-- [ RunTime:0.000884s ]
NOTIC: [8] Undefined index: sid D:\www\phpweb\music.xingzhi.com\Common\Common\function.php 第 70 行.
SQL: SHOW COLUMNS FROM `song` [ RunTime:0.0061s ]
SQL: SHOW COLUMNS FROM `song` [ RunTime:0.0047s ]
SQL: SELECT song.*, 
				(SELECT singername from singer a WHERE a.id = song.singerid)  as singername,
				(SELECT albumname from singeralbum b WHERE b.id = song.albumnid)  as albumname,
				(SELECT thumbnail from singeralbum b WHERE b.id = song.albumnid)  as thumbnail 
				FROM song WHERE (filetype = 'mp3' OR filetype = 'm4a') AND songtype = 1 ORDER BY RAND() LIMIT 1 [ RunTime:0.0325s ]
SQL: UPDATE song SET listentime = listentime + 1 WHERE id = 2198 [ RunTime:0.0013s ]
INFO: [ app_end ] --START--
INFO: Run Behavior\ShowPageTraceBehavior [ RunTime:0.000651s ]
INFO: [ app_end ] --END-- [ RunTime:0.000683s ]

[ 2018-03-01T23:44:59+08:00 ] 127.0.0.1 /apimusic/get_song_info?songid=2198
INFO: [ app_init ] --START--
INFO: Run Behavior\BuildLiteBehavior [ RunTime:0.000049s ]
INFO: [ app_init ] --END-- [ RunTime:0.000505s ]
INFO: [ app_begin ] --START--
INFO: Run Behavior\ReadHtmlCacheBehavior [ RunTime:0.000517s ]
INFO: [ app_begin ] --END-- [ RunTime:0.000551s ]
SQL: SHOW COLUMNS FROM `song` [ RunTime:0.0033s ]
SQL: SHOW COLUMNS FROM `song` [ RunTime:0.0033s ]
SQL: SELECT a.*,b.albumname,b.issueyear,c.singername FROM song a INNER JOIN singeralbum b ON b.id = a.albumnid INNER JOIN singer c ON c.id = a.singerid WHERE a.id = 2198 [ RunTime:0.0003s ]
SQL: SHOW COLUMNS FROM `singer` [ RunTime:0.0030s ]
SQL: SHOW COLUMNS FROM `singer` [ RunTime:0.0032s ]
SQL: SELECT * FROM `singer` WHERE ( id = 3 )  [ RunTime:0.0002s ]
SQL: SHOW COLUMNS FROM `songlistenrecord` [ RunTime:0.0050s ]
SQL: SHOW COLUMNS FROM `songlistenrecord` [ RunTime:0.0061s ]
SQL: INSERT INTO `songlistenrecord` (`songid`,`songname`,`singername`,`addtime`) VALUES ('2198','与孤独在奔往','刘德华','2018-03-01 23:44:59.000000') [ RunTime:0.0019s ]
SQL: select DISTINCT b.*,c.singername from songlistenrecord a INNER JOIN song b ON b.id = a.songid INNER JOIN singer c ON c.id = b.singerid order by a.id DESC limit 0,15 [ RunTime:0.1693s ]
INFO: [ app_end ] --START--
INFO: Run Behavior\ShowPageTraceBehavior [ RunTime:0.000572s ]
INFO: [ app_end ] --END-- [ RunTime:0.000606s ]

[ 2018-03-01T23:49:41+08:00 ] 127.0.0.1 /apimusic/get_song_random?callback=jQuery111101144012672587893_1519912199947&songtype=1&_=1519912199978
INFO: [ app_init ] --START--
INFO: Run Behavior\BuildLiteBehavior [ RunTime:0.000017s ]
INFO: [ app_init ] --END-- [ RunTime:0.000751s ]
INFO: [ app_begin ] --START--
INFO: Run Behavior\ReadHtmlCacheBehavior [ RunTime:0.001066s ]
INFO: [ app_begin ] --END-- [ RunTime:0.001138s ]
NOTIC: [8] Undefined index: sid D:\www\phpweb\music.xingzhi.com\Common\Common\function.php 第 70 行.
SQL: SHOW COLUMNS FROM `song` [ RunTime:0.0055s ]
SQL: SHOW COLUMNS FROM `song` [ RunTime:0.0040s ]
SQL: SELECT song.*, 
				(SELECT singername from singer a WHERE a.id = song.singerid)  as singername,
				(SELECT albumname from singeralbum b WHERE b.id = song.albumnid)  as albumname,
				(SELECT thumbnail from singeralbum b WHERE b.id = song.albumnid)  as thumbnail 
				FROM song WHERE (filetype = 'mp3' OR filetype = 'm4a') AND songtype = 1 ORDER BY RAND() LIMIT 1 [ RunTime:0.0339s ]
SQL: UPDATE song SET listentime = listentime + 1 WHERE id = 3084 [ RunTime:0.0016s ]
INFO: [ app_end ] --START--
INFO: Run Behavior\ShowPageTraceBehavior [ RunTime:0.000636s ]
INFO: [ app_end ] --END-- [ RunTime:0.000668s ]

[ 2018-03-01T23:49:41+08:00 ] 127.0.0.1 /apimusic/get_song_info?songid=3084
INFO: [ app_init ] --START--
INFO: Run Behavior\BuildLiteBehavior [ RunTime:0.000011s ]
INFO: [ app_init ] --END-- [ RunTime:0.000418s ]
INFO: [ app_begin ] --START--
INFO: Run Behavior\ReadHtmlCacheBehavior [ RunTime:0.000604s ]
INFO: [ app_begin ] --END-- [ RunTime:0.000647s ]
SQL: SHOW COLUMNS FROM `song` [ RunTime:0.0032s ]
SQL: SHOW COLUMNS FROM `song` [ RunTime:0.0031s ]
SQL: SELECT a.*,b.albumname,b.issueyear,c.singername FROM song a INNER JOIN singeralbum b ON b.id = a.albumnid INNER JOIN singer c ON c.id = a.singerid WHERE a.id = 3084 [ RunTime:0.0003s ]
SQL: SHOW COLUMNS FROM `singer` [ RunTime:0.0031s ]
SQL: SHOW COLUMNS FROM `singer` [ RunTime:0.0030s ]
SQL: SELECT * FROM `singer` WHERE ( id = 101 )  [ RunTime:0.0002s ]
SQL: SHOW COLUMNS FROM `songlistenrecord` [ RunTime:0.0028s ]
SQL: SHOW COLUMNS FROM `songlistenrecord` [ RunTime:0.0028s ]
SQL: INSERT INTO `songlistenrecord` (`songid`,`songname`,`singername`,`addtime`) VALUES ('3084','Daddys Girl','Emilia Rydberg','2018-03-01 23:49:41.000000') [ RunTime:0.0014s ]
SQL: select DISTINCT b.*,c.singername from songlistenrecord a INNER JOIN song b ON b.id = a.songid INNER JOIN singer c ON c.id = b.singerid order by a.id DESC limit 0,15 [ RunTime:0.1366s ]
INFO: [ app_end ] --START--
INFO: Run Behavior\ShowPageTraceBehavior [ RunTime:0.000489s ]
INFO: [ app_end ] --END-- [ RunTime:0.000524s ]

[ 2018-03-01T23:52:43+08:00 ] 127.0.0.1 /apimusic/get_song_random?callback=jQuery111101144012672587893_1519912199947&songtype=1&_=1519912199979
INFO: [ app_init ] --START--
INFO: Run Behavior\BuildLiteBehavior [ RunTime:0.000017s ]
INFO: [ app_init ] --END-- [ RunTime:0.000749s ]
INFO: [ app_begin ] --START--
INFO: Run Behavior\ReadHtmlCacheBehavior [ RunTime:0.000986s ]
INFO: [ app_begin ] --END-- [ RunTime:0.001054s ]
NOTIC: [8] Undefined index: sid D:\www\phpweb\music.xingzhi.com\Common\Common\function.php 第 70 行.
SQL: SHOW COLUMNS FROM `song` [ RunTime:0.0045s ]
SQL: SHOW COLUMNS FROM `song` [ RunTime:0.0029s ]
SQL: SELECT song.*, 
				(SELECT singername from singer a WHERE a.id = song.singerid)  as singername,
				(SELECT albumname from singeralbum b WHERE b.id = song.albumnid)  as albumname,
				(SELECT thumbnail from singeralbum b WHERE b.id = song.albumnid)  as thumbnail 
				FROM song WHERE (filetype = 'mp3' OR filetype = 'm4a') AND songtype = 1 ORDER BY RAND() LIMIT 1 [ RunTime:0.0522s ]
SQL: UPDATE song SET listentime = listentime + 1 WHERE id = 1690 [ RunTime:0.0017s ]
INFO: [ app_end ] --START--
INFO: Run Behavior\ShowPageTraceBehavior [ RunTime:0.000735s ]
INFO: [ app_end ] --END-- [ RunTime:0.000778s ]

[ 2018-03-01T23:52:43+08:00 ] 127.0.0.1 /apimusic/get_song_info?songid=1690
INFO: [ app_init ] --START--
INFO: Run Behavior\BuildLiteBehavior [ RunTime:0.000011s ]
INFO: [ app_init ] --END-- [ RunTime:0.000439s ]
INFO: [ app_begin ] --START--
INFO: Run Behavior\ReadHtmlCacheBehavior [ RunTime:0.000508s ]
INFO: [ app_begin ] --END-- [ RunTime:0.000553s ]
SQL: SHOW COLUMNS FROM `song` [ RunTime:0.0034s ]
SQL: SHOW COLUMNS FROM `song` [ RunTime:0.0030s ]
SQL: SELECT a.*,b.albumname,b.issueyear,c.singername FROM song a INNER JOIN singeralbum b ON b.id = a.albumnid INNER JOIN singer c ON c.id = a.singerid WHERE a.id = 1690 [ RunTime:0.0003s ]
SQL: SHOW COLUMNS FROM `singer` [ RunTime:0.0029s ]
SQL: SHOW COLUMNS FROM `singer` [ RunTime:0.0030s ]
SQL: SELECT * FROM `singer` WHERE ( id = 59 )  [ RunTime:0.0002s ]
SQL: SHOW COLUMNS FROM `songlistenrecord` [ RunTime:0.0028s ]
SQL: SHOW COLUMNS FROM `songlistenrecord` [ RunTime:0.0030s ]
SQL: INSERT INTO `songlistenrecord` (`songid`,`songname`,`singername`,`addtime`) VALUES ('1690','萍聚','李翊君','2018-03-01 23:52:43.000000') [ RunTime:0.0016s ]
SQL: select DISTINCT b.*,c.singername from songlistenrecord a INNER JOIN song b ON b.id = a.songid INNER JOIN singer c ON c.id = b.singerid order by a.id DESC limit 0,15 [ RunTime:0.1332s ]
INFO: [ app_end ] --START--
INFO: Run Behavior\ShowPageTraceBehavior [ RunTime:0.000472s ]
INFO: [ app_end ] --END-- [ RunTime:0.000507s ]

[ 2018-03-01T23:55:59+08:00 ] 127.0.0.1 /apimusic/get_song_random?callback=jQuery111101144012672587893_1519912199947&songtype=1&_=1519912199980
INFO: [ app_init ] --START--
INFO: Run Behavior\BuildLiteBehavior [ RunTime:0.000017s ]
INFO: [ app_init ] --END-- [ RunTime:0.000753s ]
INFO: [ app_begin ] --START--
INFO: Run Behavior\ReadHtmlCacheBehavior [ RunTime:0.001060s ]
INFO: [ app_begin ] --END-- [ RunTime:0.001130s ]
NOTIC: [8] Undefined index: sid D:\www\phpweb\music.xingzhi.com\Common\Common\function.php 第 70 行.
SQL: SHOW COLUMNS FROM `song` [ RunTime:0.0046s ]
SQL: SHOW COLUMNS FROM `song` [ RunTime:0.0067s ]
SQL: SELECT song.*, 
				(SELECT singername from singer a WHERE a.id = song.singerid)  as singername,
				(SELECT albumname from singeralbum b WHERE b.id = song.albumnid)  as albumname,
				(SELECT thumbnail from singeralbum b WHERE b.id = song.albumnid)  as thumbnail 
				FROM song WHERE (filetype = 'mp3' OR filetype = 'm4a') AND songtype = 1 ORDER BY RAND() LIMIT 1 [ RunTime:0.0466s ]
SQL: UPDATE song SET listentime = listentime + 1 WHERE id = 1476 [ RunTime:0.0017s ]
INFO: [ app_end ] --START--
INFO: Run Behavior\ShowPageTraceBehavior [ RunTime:0.000685s ]
INFO: [ app_end ] --END-- [ RunTime:0.000721s ]

[ 2018-03-01T23:55:59+08:00 ] 127.0.0.1 /apimusic/get_song_info?songid=1476
INFO: [ app_init ] --START--
INFO: Run Behavior\BuildLiteBehavior [ RunTime:0.000014s ]
INFO: [ app_init ] --END-- [ RunTime:0.000378s ]
INFO: [ app_begin ] --START--
INFO: Run Behavior\ReadHtmlCacheBehavior [ RunTime:0.000544s ]
INFO: [ app_begin ] --END-- [ RunTime:0.000579s ]
SQL: SHOW COLUMNS FROM `song` [ RunTime:0.0039s ]
SQL: SHOW COLUMNS FROM `song` [ RunTime:0.0033s ]
SQL: SELECT a.*,b.albumname,b.issueyear,c.singername FROM song a INNER JOIN singeralbum b ON b.id = a.albumnid INNER JOIN singer c ON c.id = a.singerid WHERE a.id = 1476 [ RunTime:0.0004s ]
SQL: SHOW COLUMNS FROM `singer` [ RunTime:0.0029s ]
SQL: SHOW COLUMNS FROM `singer` [ RunTime:0.0031s ]
SQL: SELECT * FROM `singer` WHERE ( id = 11 )  [ RunTime:0.0002s ]
SQL: SHOW COLUMNS FROM `songlistenrecord` [ RunTime:0.0033s ]
SQL: SHOW COLUMNS FROM `songlistenrecord` [ RunTime:0.0028s ]
SQL: INSERT INTO `songlistenrecord` (`songid`,`songname`,`singername`,`addtime`) VALUES ('1476','爱我爱到够','王杰','2018-03-01 23:55:59.000000') [ RunTime:0.0014s ]
SQL: select DISTINCT b.*,c.singername from songlistenrecord a INNER JOIN song b ON b.id = a.songid INNER JOIN singer c ON c.id = b.singerid order by a.id DESC limit 0,15 [ RunTime:0.1366s ]
INFO: [ app_end ] --START--
INFO: Run Behavior\ShowPageTraceBehavior [ RunTime:0.000543s ]
INFO: [ app_end ] --END-- [ RunTime:0.000578s ]

[ 2018-03-01T23:56:01+08:00 ] 127.0.0.1 /apimusic/get_song_random?callback=jQuery111101144012672587893_1519912199947&songtype=1&_=1519912199981
INFO: [ app_init ] --START--
INFO: Run Behavior\BuildLiteBehavior [ RunTime:0.000014s ]
INFO: [ app_init ] --END-- [ RunTime:0.000590s ]
INFO: [ app_begin ] --START--
INFO: Run Behavior\ReadHtmlCacheBehavior [ RunTime:0.000841s ]
INFO: [ app_begin ] --END-- [ RunTime:0.000900s ]
NOTIC: [8] Undefined index: sid D:\www\phpweb\music.xingzhi.com\Common\Common\function.php 第 70 行.
SQL: SHOW COLUMNS FROM `song` [ RunTime:0.0035s ]
SQL: SHOW COLUMNS FROM `song` [ RunTime:0.0029s ]
SQL: SELECT song.*, 
				(SELECT singername from singer a WHERE a.id = song.singerid)  as singername,
				(SELECT albumname from singeralbum b WHERE b.id = song.albumnid)  as albumname,
				(SELECT thumbnail from singeralbum b WHERE b.id = song.albumnid)  as thumbnail 
				FROM song WHERE (filetype = 'mp3' OR filetype = 'm4a') AND songtype = 1 ORDER BY RAND() LIMIT 1 [ RunTime:0.0279s ]
SQL: UPDATE song SET listentime = listentime + 1 WHERE id = 3067 [ RunTime:0.0016s ]
INFO: [ app_end ] --START--
INFO: Run Behavior\ShowPageTraceBehavior [ RunTime:0.000590s ]
INFO: [ app_end ] --END-- [ RunTime:0.000622s ]

[ 2018-03-01T23:56:01+08:00 ] 127.0.0.1 /apimusic/get_song_info?songid=3067
INFO: [ app_init ] --START--
INFO: Run Behavior\BuildLiteBehavior [ RunTime:0.000010s ]
INFO: [ app_init ] --END-- [ RunTime:0.000328s ]
INFO: [ app_begin ] --START--
INFO: Run Behavior\ReadHtmlCacheBehavior [ RunTime:0.000472s ]
INFO: [ app_begin ] --END-- [ RunTime:0.000504s ]
SQL: SHOW COLUMNS FROM `song` [ RunTime:0.0037s ]
SQL: SHOW COLUMNS FROM `song` [ RunTime:0.0037s ]
SQL: SELECT a.*,b.albumname,b.issueyear,c.singername FROM song a INNER JOIN singeralbum b ON b.id = a.albumnid INNER JOIN singer c ON c.id = a.singerid WHERE a.id = 3067 [ RunTime:0.0003s ]
SQL: SHOW COLUMNS FROM `singer` [ RunTime:0.0032s ]
SQL: SHOW COLUMNS FROM `singer` [ RunTime:0.0030s ]
SQL: SELECT * FROM `singer` WHERE ( id = 65 )  [ RunTime:0.0002s ]
SQL: SHOW COLUMNS FROM `songlistenrecord` [ RunTime:0.0030s ]
SQL: SHOW COLUMNS FROM `songlistenrecord` [ RunTime:0.0027s ]
SQL: INSERT INTO `songlistenrecord` (`songid`,`songname`,`singername`,`addtime`) VALUES ('3067','爱了半天','黄品源','2018-03-01 23:56:01.000000') [ RunTime:0.0015s ]
SQL: select DISTINCT b.*,c.singername from songlistenrecord a INNER JOIN song b ON b.id = a.songid INNER JOIN singer c ON c.id = b.singerid order by a.id DESC limit 0,15 [ RunTime:0.1555s ]
INFO: [ app_end ] --START--
INFO: Run Behavior\ShowPageTraceBehavior [ RunTime:0.000543s ]
INFO: [ app_end ] --END-- [ RunTime:0.000578s ]

