[ 2018-05-31T00:03:05+08:00 ] 127.0.0.1 /apimusic/get_song_random?callback=jQuery111105925652143134934_1527693539110&songtype=1&_=1527693539121
INFO: [ app_init ] --START--
INFO: Run Behavior\BuildLiteBehavior [ RunTime:0.000017s ]
INFO: [ app_init ] --END-- [ RunTime:0.000783s ]
INFO: [ app_begin ] --START--
INFO: Run Behavior\ReadHtmlCacheBehavior [ RunTime:0.001266s ]
INFO: [ app_begin ] --END-- [ RunTime:0.001337s ]
NOTIC: [8] Undefined index: sid D:\www\phpweb\music.xingzhi.com\Common\Common\function.php 第 70 行.
SQL: SHOW COLUMNS FROM `song` [ RunTime:0.0086s ]
SQL: SHOW COLUMNS FROM `song` [ RunTime:0.0085s ]
SQL: SELECT song.*, 
				(SELECT singername from singer a WHERE a.id = song.singerid)  as singername,
				(SELECT albumname from singeralbum b WHERE b.id = song.albumnid)  as albumname,
				(SELECT thumbnail from singeralbum b WHERE b.id = song.albumnid)  as thumbnail 
				FROM song WHERE (filetype = 'mp3' OR filetype = 'm4a') AND songtype = 1 ORDER BY RAND() LIMIT 1 [ RunTime:0.0479s ]
SQL: UPDATE song SET listentime = listentime + 1 WHERE id = 2642 [ RunTime:0.0015s ]
INFO: [ app_end ] --START--
INFO: Run Behavior\ShowPageTraceBehavior [ RunTime:0.000801s ]
INFO: [ app_end ] --END-- [ RunTime:0.000837s ]

[ 2018-05-31T00:03:06+08:00 ] 127.0.0.1 /apimusic/get_song_info?songid=2642
INFO: [ app_init ] --START--
INFO: Run Behavior\BuildLiteBehavior [ RunTime:0.000019s ]
INFO: [ app_init ] --END-- [ RunTime:0.000668s ]
INFO: [ app_begin ] --START--
INFO: Run Behavior\ReadHtmlCacheBehavior [ RunTime:0.001234s ]
INFO: [ app_begin ] --END-- [ RunTime:0.001304s ]
SQL: SHOW COLUMNS FROM `song` [ RunTime:0.0061s ]
SQL: SHOW COLUMNS FROM `song` [ RunTime:0.0047s ]
SQL: SELECT a.*,b.albumname,b.issueyear,c.singername FROM song a INNER JOIN singeralbum b ON b.id = a.albumnid INNER JOIN singer c ON c.id = a.singerid WHERE a.id = 2642 [ RunTime:0.0004s ]
SQL: SHOW COLUMNS FROM `singer` [ RunTime:0.0135s ]
SQL: SHOW COLUMNS FROM `singer` [ RunTime:0.0055s ]
SQL: SELECT * FROM `singer` WHERE ( id = 37 )  [ RunTime:0.0003s ]
SQL: SHOW COLUMNS FROM `songlistenrecord` [ RunTime:0.0051s ]
SQL: SHOW COLUMNS FROM `songlistenrecord` [ RunTime:0.0050s ]
SQL: INSERT INTO `songlistenrecord` (`songid`,`songname`,`singername`,`addtime`) VALUES ('2642','MONICA','张国荣','2018-05-31 00:03:06.000000') [ RunTime:0.0015s ]
SQL: select DISTINCT b.*,c.singername from songlistenrecord a INNER JOIN song b ON b.id = a.songid INNER JOIN singer c ON c.id = b.singerid order by a.id DESC limit 0,15 [ RunTime:0.1949s ]
INFO: [ app_end ] --START--
INFO: Run Behavior\ShowPageTraceBehavior [ RunTime:0.000857s ]
INFO: [ app_end ] --END-- [ RunTime:0.000909s ]

[ 2018-05-31T00:07:01+08:00 ] 127.0.0.1 /apimusic/get_song_random?callback=jQuery111105925652143134934_1527693539110&songtype=1&_=1527693539122
INFO: [ app_init ] --START--
INFO: Run Behavior\BuildLiteBehavior [ RunTime:0.000018s ]
INFO: [ app_init ] --END-- [ RunTime:0.000734s ]
INFO: [ app_begin ] --START--
INFO: Run Behavior\ReadHtmlCacheBehavior [ RunTime:0.001257s ]
INFO: [ app_begin ] --END-- [ RunTime:0.001328s ]
NOTIC: [8] Undefined index: sid D:\www\phpweb\music.xingzhi.com\Common\Common\function.php 第 70 行.
SQL: SHOW COLUMNS FROM `song` [ RunTime:0.0070s ]
SQL: SHOW COLUMNS FROM `song` [ RunTime:0.0049s ]
SQL: SELECT song.*, 
				(SELECT singername from singer a WHERE a.id = song.singerid)  as singername,
				(SELECT albumname from singeralbum b WHERE b.id = song.albumnid)  as albumname,
				(SELECT thumbnail from singeralbum b WHERE b.id = song.albumnid)  as thumbnail 
				FROM song WHERE (filetype = 'mp3' OR filetype = 'm4a') AND songtype = 1 ORDER BY RAND() LIMIT 1 [ RunTime:0.0314s ]
SQL: UPDATE song SET listentime = listentime + 1 WHERE id = 3039 [ RunTime:0.0017s ]
INFO: [ app_end ] --START--
INFO: Run Behavior\ShowPageTraceBehavior [ RunTime:0.000718s ]
INFO: [ app_end ] --END-- [ RunTime:0.000752s ]

[ 2018-05-31T00:07:02+08:00 ] 127.0.0.1 /apimusic/get_song_info?songid=3039
INFO: [ app_init ] --START--
INFO: Run Behavior\BuildLiteBehavior [ RunTime:0.000011s ]
INFO: [ app_init ] --END-- [ RunTime:0.000361s ]
INFO: [ app_begin ] --START--
INFO: Run Behavior\ReadHtmlCacheBehavior [ RunTime:0.000634s ]
INFO: [ app_begin ] --END-- [ RunTime:0.000668s ]
SQL: SHOW COLUMNS FROM `song` [ RunTime:0.0052s ]
SQL: SHOW COLUMNS FROM `song` [ RunTime:0.0089s ]
SQL: SELECT a.*,b.albumname,b.issueyear,c.singername FROM song a INNER JOIN singeralbum b ON b.id = a.albumnid INNER JOIN singer c ON c.id = a.singerid WHERE a.id = 3039 [ RunTime:0.0003s ]
SQL: SHOW COLUMNS FROM `singer` [ RunTime:0.0044s ]
SQL: SHOW COLUMNS FROM `singer` [ RunTime:0.0044s ]
SQL: SELECT * FROM `singer` WHERE ( id = 81 )  [ RunTime:0.0002s ]
SQL: SHOW COLUMNS FROM `songlistenrecord` [ RunTime:0.0045s ]
SQL: SHOW COLUMNS FROM `songlistenrecord` [ RunTime:0.0042s ]
SQL: INSERT INTO `songlistenrecord` (`songid`,`songname`,`singername`,`addtime`) VALUES ('3039','农家女','杨钰莹','2018-05-31 00:07:01.000000') [ RunTime:0.0017s ]
SQL: select DISTINCT b.*,c.singername from songlistenrecord a INNER JOIN song b ON b.id = a.songid INNER JOIN singer c ON c.id = b.singerid order by a.id DESC limit 0,15 [ RunTime:0.1767s ]
INFO: [ app_end ] --START--
INFO: Run Behavior\ShowPageTraceBehavior [ RunTime:0.000778s ]
INFO: [ app_end ] --END-- [ RunTime:0.000821s ]

[ 2018-05-31T00:09:41+08:00 ] 127.0.0.1 /apimusic/get_song_random?callback=jQuery111105925652143134934_1527693539110&songtype=1&_=1527693539123
INFO: [ app_init ] --START--
INFO: Run Behavior\BuildLiteBehavior [ RunTime:0.000034s ]
INFO: [ app_init ] --END-- [ RunTime:0.001336s ]
INFO: [ app_begin ] --START--
INFO: Run Behavior\ReadHtmlCacheBehavior [ RunTime:0.001271s ]
INFO: [ app_begin ] --END-- [ RunTime:0.001341s ]
NOTIC: [8] Undefined index: sid D:\www\phpweb\music.xingzhi.com\Common\Common\function.php 第 70 行.
SQL: SHOW COLUMNS FROM `song` [ RunTime:0.0105s ]
SQL: SHOW COLUMNS FROM `song` [ RunTime:0.0086s ]
SQL: SELECT song.*, 
				(SELECT singername from singer a WHERE a.id = song.singerid)  as singername,
				(SELECT albumname from singeralbum b WHERE b.id = song.albumnid)  as albumname,
				(SELECT thumbnail from singeralbum b WHERE b.id = song.albumnid)  as thumbnail 
				FROM song WHERE (filetype = 'mp3' OR filetype = 'm4a') AND songtype = 1 ORDER BY RAND() LIMIT 1 [ RunTime:0.0363s ]
SQL: UPDATE song SET listentime = listentime + 1 WHERE id = 1956 [ RunTime:0.0016s ]
INFO: [ app_end ] --START--
INFO: Run Behavior\ShowPageTraceBehavior [ RunTime:0.000826s ]
INFO: [ app_end ] --END-- [ RunTime:0.000871s ]

[ 2018-05-31T00:09:42+08:00 ] 127.0.0.1 /apimusic/get_song_info?songid=1956
INFO: [ app_init ] --START--
INFO: Run Behavior\BuildLiteBehavior [ RunTime:0.000014s ]
INFO: [ app_init ] --END-- [ RunTime:0.000352s ]
INFO: [ app_begin ] --START--
INFO: Run Behavior\ReadHtmlCacheBehavior [ RunTime:0.000587s ]
INFO: [ app_begin ] --END-- [ RunTime:0.000619s ]
SQL: SHOW COLUMNS FROM `song` [ RunTime:0.0053s ]
SQL: SHOW COLUMNS FROM `song` [ RunTime:0.0048s ]
SQL: SELECT a.*,b.albumname,b.issueyear,c.singername FROM song a INNER JOIN singeralbum b ON b.id = a.albumnid INNER JOIN singer c ON c.id = a.singerid WHERE a.id = 1956 [ RunTime:0.0003s ]
SQL: SHOW COLUMNS FROM `singer` [ RunTime:0.0049s ]
SQL: SHOW COLUMNS FROM `singer` [ RunTime:0.0043s ]
SQL: SELECT * FROM `singer` WHERE ( id = 46 )  [ RunTime:0.0003s ]
SQL: SHOW COLUMNS FROM `songlistenrecord` [ RunTime:0.0045s ]
SQL: SHOW COLUMNS FROM `songlistenrecord` [ RunTime:0.0043s ]
SQL: INSERT INTO `songlistenrecord` (`songid`,`songname`,`singername`,`addtime`) VALUES ('1956','多心','温兆伦','2018-05-31 00:09:42.000000') [ RunTime:0.0016s ]
SQL: select DISTINCT b.*,c.singername from songlistenrecord a INNER JOIN song b ON b.id = a.songid INNER JOIN singer c ON c.id = b.singerid order by a.id DESC limit 0,15 [ RunTime:0.1756s ]
INFO: [ app_end ] --START--
INFO: Run Behavior\ShowPageTraceBehavior [ RunTime:0.000785s ]
INFO: [ app_end ] --END-- [ RunTime:0.000827s ]

[ 2018-05-31T00:13:47+08:00 ] 127.0.0.1 /apimusic/get_song_random?callback=jQuery111105925652143134934_1527693539110&songtype=1&_=1527693539124
INFO: [ app_init ] --START--
INFO: Run Behavior\BuildLiteBehavior [ RunTime:0.000017s ]
INFO: [ app_init ] --END-- [ RunTime:0.000739s ]
INFO: [ app_begin ] --START--
INFO: Run Behavior\ReadHtmlCacheBehavior [ RunTime:0.001276s ]
INFO: [ app_begin ] --END-- [ RunTime:0.001343s ]
NOTIC: [8] Undefined index: sid D:\www\phpweb\music.xingzhi.com\Common\Common\function.php 第 70 行.
SQL: SHOW COLUMNS FROM `song` [ RunTime:0.0060s ]
SQL: SHOW COLUMNS FROM `song` [ RunTime:0.0059s ]
SQL: SELECT song.*, 
				(SELECT singername from singer a WHERE a.id = song.singerid)  as singername,
				(SELECT albumname from singeralbum b WHERE b.id = song.albumnid)  as albumname,
				(SELECT thumbnail from singeralbum b WHERE b.id = song.albumnid)  as thumbnail 
				FROM song WHERE (filetype = 'mp3' OR filetype = 'm4a') AND songtype = 1 ORDER BY RAND() LIMIT 1 [ RunTime:0.0319s ]
SQL: UPDATE song SET listentime = listentime + 1 WHERE id = 3841 [ RunTime:0.0014s ]
INFO: [ app_end ] --START--
INFO: Run Behavior\ShowPageTraceBehavior [ RunTime:0.000767s ]
INFO: [ app_end ] --END-- [ RunTime:0.000801s ]

[ 2018-05-31T00:13:48+08:00 ] 127.0.0.1 /apimusic/get_song_info?songid=3841
INFO: [ app_init ] --START--
INFO: Run Behavior\BuildLiteBehavior [ RunTime:0.000010s ]
INFO: [ app_init ] --END-- [ RunTime:0.000309s ]
INFO: [ app_begin ] --START--
INFO: Run Behavior\ReadHtmlCacheBehavior [ RunTime:0.000842s ]
INFO: [ app_begin ] --END-- [ RunTime:0.000876s ]
SQL: SHOW COLUMNS FROM `song` [ RunTime:0.0056s ]
SQL: SHOW COLUMNS FROM `song` [ RunTime:0.0047s ]
SQL: SELECT a.*,b.albumname,b.issueyear,c.singername FROM song a INNER JOIN singeralbum b ON b.id = a.albumnid INNER JOIN singer c ON c.id = a.singerid WHERE a.id = 3841 [ RunTime:0.0003s ]
SQL: SHOW COLUMNS FROM `singer` [ RunTime:0.0044s ]
SQL: SHOW COLUMNS FROM `singer` [ RunTime:0.0043s ]
SQL: SELECT * FROM `singer` WHERE ( id = 150 )  [ RunTime:0.0002s ]
SQL: SHOW COLUMNS FROM `songlistenrecord` [ RunTime:0.0046s ]
SQL: SHOW COLUMNS FROM `songlistenrecord` [ RunTime:0.0042s ]
SQL: INSERT INTO `songlistenrecord` (`songid`,`songname`,`singername`,`addtime`) VALUES ('3841','一生想您','李克勤','2018-05-31 00:13:47.000000') [ RunTime:0.0040s ]
SQL: select DISTINCT b.*,c.singername from songlistenrecord a INNER JOIN song b ON b.id = a.songid INNER JOIN singer c ON c.id = b.singerid order by a.id DESC limit 0,15 [ RunTime:0.1791s ]
INFO: [ app_end ] --START--
INFO: Run Behavior\ShowPageTraceBehavior [ RunTime:0.000744s ]
INFO: [ app_end ] --END-- [ RunTime:0.000784s ]

[ 2018-05-31T00:17:53+08:00 ] 127.0.0.1 /apimusic/get_song_random?callback=jQuery111105925652143134934_1527693539110&songtype=1&_=1527693539125
INFO: [ app_init ] --START--
INFO: Run Behavior\BuildLiteBehavior [ RunTime:0.000018s ]
INFO: [ app_init ] --END-- [ RunTime:0.000726s ]
INFO: [ app_begin ] --START--
INFO: Run Behavior\ReadHtmlCacheBehavior [ RunTime:0.001252s ]
INFO: [ app_begin ] --END-- [ RunTime:0.001322s ]
NOTIC: [8] Undefined index: sid D:\www\phpweb\music.xingzhi.com\Common\Common\function.php 第 70 行.
SQL: SHOW COLUMNS FROM `song` [ RunTime:0.0067s ]
SQL: SHOW COLUMNS FROM `song` [ RunTime:0.0052s ]
SQL: SELECT song.*, 
				(SELECT singername from singer a WHERE a.id = song.singerid)  as singername,
				(SELECT albumname from singeralbum b WHERE b.id = song.albumnid)  as albumname,
				(SELECT thumbnail from singeralbum b WHERE b.id = song.albumnid)  as thumbnail 
				FROM song WHERE (filetype = 'mp3' OR filetype = 'm4a') AND songtype = 1 ORDER BY RAND() LIMIT 1 [ RunTime:0.0529s ]
SQL: UPDATE song SET listentime = listentime + 1 WHERE id = 2457 [ RunTime:0.0014s ]
INFO: [ app_end ] --START--
INFO: Run Behavior\ShowPageTraceBehavior [ RunTime:0.000796s ]
INFO: [ app_end ] --END-- [ RunTime:0.000834s ]

[ 2018-05-31T00:17:54+08:00 ] 127.0.0.1 /apimusic/get_song_info?songid=2457
INFO: [ app_init ] --START--
INFO: Run Behavior\BuildLiteBehavior [ RunTime:0.000010s ]
INFO: [ app_init ] --END-- [ RunTime:0.000376s ]
INFO: [ app_begin ] --START--
INFO: Run Behavior\ReadHtmlCacheBehavior [ RunTime:0.000610s ]
INFO: [ app_begin ] --END-- [ RunTime:0.000644s ]
SQL: SHOW COLUMNS FROM `song` [ RunTime:0.0052s ]
SQL: SHOW COLUMNS FROM `song` [ RunTime:0.0048s ]
SQL: SELECT a.*,b.albumname,b.issueyear,c.singername FROM song a INNER JOIN singeralbum b ON b.id = a.albumnid INNER JOIN singer c ON c.id = a.singerid WHERE a.id = 2457 [ RunTime:0.0003s ]
SQL: SHOW COLUMNS FROM `singer` [ RunTime:0.0042s ]
SQL: SHOW COLUMNS FROM `singer` [ RunTime:0.0042s ]
SQL: SELECT * FROM `singer` WHERE ( id = 3 )  [ RunTime:0.0002s ]
SQL: SHOW COLUMNS FROM `songlistenrecord` [ RunTime:0.0042s ]
SQL: SHOW COLUMNS FROM `songlistenrecord` [ RunTime:0.0050s ]
SQL: INSERT INTO `songlistenrecord` (`songid`,`songname`,`singername`,`addtime`) VALUES ('2457','无出息的汉子','刘德华','2018-05-31 00:17:54.000000') [ RunTime:0.0018s ]
SQL: select DISTINCT b.*,c.singername from songlistenrecord a INNER JOIN song b ON b.id = a.songid INNER JOIN singer c ON c.id = b.singerid order by a.id DESC limit 0,15 [ RunTime:0.1772s ]
INFO: [ app_end ] --START--
INFO: Run Behavior\ShowPageTraceBehavior [ RunTime:0.000773s ]
INFO: [ app_end ] --END-- [ RunTime:0.000816s ]

[ 2018-05-31T00:22:13+08:00 ] 127.0.0.1 /apimusic/get_song_random?callback=jQuery111105925652143134934_1527693539110&songtype=1&_=1527693539126
INFO: [ app_init ] --START--
INFO: Run Behavior\BuildLiteBehavior [ RunTime:0.000017s ]
INFO: [ app_init ] --END-- [ RunTime:0.000711s ]
INFO: [ app_begin ] --START--
INFO: Run Behavior\ReadHtmlCacheBehavior [ RunTime:0.001190s ]
INFO: [ app_begin ] --END-- [ RunTime:0.001259s ]
NOTIC: [8] Undefined index: sid D:\www\phpweb\music.xingzhi.com\Common\Common\function.php 第 70 行.
SQL: SHOW COLUMNS FROM `song` [ RunTime:0.0062s ]
SQL: SHOW COLUMNS FROM `song` [ RunTime:0.0044s ]
SQL: SELECT song.*, 
				(SELECT singername from singer a WHERE a.id = song.singerid)  as singername,
				(SELECT albumname from singeralbum b WHERE b.id = song.albumnid)  as albumname,
				(SELECT thumbnail from singeralbum b WHERE b.id = song.albumnid)  as thumbnail 
				FROM song WHERE (filetype = 'mp3' OR filetype = 'm4a') AND songtype = 1 ORDER BY RAND() LIMIT 1 [ RunTime:0.0310s ]
SQL: UPDATE song SET listentime = listentime + 1 WHERE id = 256 [ RunTime:0.0015s ]
INFO: [ app_end ] --START--
INFO: Run Behavior\ShowPageTraceBehavior [ RunTime:0.000755s ]
INFO: [ app_end ] --END-- [ RunTime:0.000790s ]

[ 2018-05-31T00:22:14+08:00 ] 127.0.0.1 /apimusic/get_song_info?songid=256
INFO: [ app_init ] --START--
INFO: Run Behavior\BuildLiteBehavior [ RunTime:0.000009s ]
INFO: [ app_init ] --END-- [ RunTime:0.000405s ]
INFO: [ app_begin ] --START--
INFO: Run Behavior\ReadHtmlCacheBehavior [ RunTime:0.000682s ]
INFO: [ app_begin ] --END-- [ RunTime:0.000717s ]
SQL: SHOW COLUMNS FROM `song` [ RunTime:0.0200s ]
SQL: SHOW COLUMNS FROM `song` [ RunTime:0.0047s ]
SQL: SELECT a.*,b.albumname,b.issueyear,c.singername FROM song a INNER JOIN singeralbum b ON b.id = a.albumnid INNER JOIN singer c ON c.id = a.singerid WHERE a.id = 256 [ RunTime:0.0003s ]
SQL: SHOW COLUMNS FROM `singer` [ RunTime:0.0047s ]
SQL: SHOW COLUMNS FROM `singer` [ RunTime:0.0047s ]
SQL: SELECT * FROM `singer` WHERE ( id = 5 )  [ RunTime:0.0002s ]
SQL: SHOW COLUMNS FROM `songlistenrecord` [ RunTime:0.0052s ]
SQL: SHOW COLUMNS FROM `songlistenrecord` [ RunTime:0.0043s ]
SQL: INSERT INTO `songlistenrecord` (`songid`,`songname`,`singername`,`addtime`) VALUES ('256','怨偶','张学友','2018-05-31 00:22:14.000000') [ RunTime:0.0016s ]
SQL: select DISTINCT b.*,c.singername from songlistenrecord a INNER JOIN song b ON b.id = a.songid INNER JOIN singer c ON c.id = b.singerid order by a.id DESC limit 0,15 [ RunTime:0.1769s ]
INFO: [ app_end ] --START--
INFO: Run Behavior\ShowPageTraceBehavior [ RunTime:0.000757s ]
INFO: [ app_end ] --END-- [ RunTime:0.000800s ]

[ 2018-05-31T00:27:09+08:00 ] 127.0.0.1 /apimusic/get_song_random?callback=jQuery111105925652143134934_1527693539110&songtype=1&_=1527693539127
INFO: [ app_init ] --START--
INFO: Run Behavior\BuildLiteBehavior [ RunTime:0.000035s ]
INFO: [ app_init ] --END-- [ RunTime:0.001372s ]
INFO: [ app_begin ] --START--
INFO: Run Behavior\ReadHtmlCacheBehavior [ RunTime:0.002474s ]
INFO: [ app_begin ] --END-- [ RunTime:0.002627s ]
NOTIC: [8] Undefined index: sid D:\www\phpweb\music.xingzhi.com\Common\Common\function.php 第 70 行.
SQL: SHOW COLUMNS FROM `song` [ RunTime:0.0143s ]
SQL: SHOW COLUMNS FROM `song` [ RunTime:0.0171s ]
SQL: SELECT song.*, 
				(SELECT singername from singer a WHERE a.id = song.singerid)  as singername,
				(SELECT albumname from singeralbum b WHERE b.id = song.albumnid)  as albumname,
				(SELECT thumbnail from singeralbum b WHERE b.id = song.albumnid)  as thumbnail 
				FROM song WHERE (filetype = 'mp3' OR filetype = 'm4a') AND songtype = 1 ORDER BY RAND() LIMIT 1 [ RunTime:0.0639s ]
SQL: UPDATE song SET listentime = listentime + 1 WHERE id = 397 [ RunTime:0.0017s ]
INFO: [ app_end ] --START--
INFO: Run Behavior\ShowPageTraceBehavior [ RunTime:0.001328s ]
INFO: [ app_end ] --END-- [ RunTime:0.001392s ]

[ 2018-05-31T00:27:10+08:00 ] 127.0.0.1 /apimusic/get_song_info?songid=397
INFO: [ app_init ] --START--
INFO: Run Behavior\BuildLiteBehavior [ RunTime:0.000010s ]
INFO: [ app_init ] --END-- [ RunTime:0.000511s ]
INFO: [ app_begin ] --START--
INFO: Run Behavior\ReadHtmlCacheBehavior [ RunTime:0.000633s ]
INFO: [ app_begin ] --END-- [ RunTime:0.000666s ]
SQL: SHOW COLUMNS FROM `song` [ RunTime:0.0048s ]
SQL: SHOW COLUMNS FROM `song` [ RunTime:0.0063s ]
SQL: SELECT a.*,b.albumname,b.issueyear,c.singername FROM song a INNER JOIN singeralbum b ON b.id = a.albumnid INNER JOIN singer c ON c.id = a.singerid WHERE a.id = 397 [ RunTime:0.0003s ]
SQL: SHOW COLUMNS FROM `singer` [ RunTime:0.0048s ]
SQL: SHOW COLUMNS FROM `singer` [ RunTime:0.0045s ]
SQL: SELECT * FROM `singer` WHERE ( id = 8 )  [ RunTime:0.0002s ]
SQL: SHOW COLUMNS FROM `songlistenrecord` [ RunTime:0.0046s ]
SQL: SHOW COLUMNS FROM `songlistenrecord` [ RunTime:0.0045s ]
SQL: INSERT INTO `songlistenrecord` (`songid`,`songname`,`singername`,`addtime`) VALUES ('397','等你等到我心痛(国)','巫启贤','2018-05-31 00:27:10.000000') [ RunTime:0.0015s ]
SQL: select DISTINCT b.*,c.singername from songlistenrecord a INNER JOIN song b ON b.id = a.songid INNER JOIN singer c ON c.id = b.singerid order by a.id DESC limit 0,15 [ RunTime:0.1758s ]
INFO: [ app_end ] --START--
INFO: Run Behavior\ShowPageTraceBehavior [ RunTime:0.000784s ]
INFO: [ app_end ] --END-- [ RunTime:0.000826s ]

[ 2018-05-31T00:31:53+08:00 ] 127.0.0.1 /apimusic/get_song_random?callback=jQuery111105925652143134934_1527693539110&songtype=1&_=1527693539128
INFO: [ app_init ] --START--
INFO: Run Behavior\BuildLiteBehavior [ RunTime:0.000021s ]
INFO: [ app_init ] --END-- [ RunTime:0.000832s ]
INFO: [ app_begin ] --START--
INFO: Run Behavior\ReadHtmlCacheBehavior [ RunTime:0.001529s ]
INFO: [ app_begin ] --END-- [ RunTime:0.001620s ]
NOTIC: [8] Undefined index: sid D:\www\phpweb\music.xingzhi.com\Common\Common\function.php 第 70 行.
SQL: SHOW COLUMNS FROM `song` [ RunTime:0.0144s ]
SQL: SHOW COLUMNS FROM `song` [ RunTime:0.0051s ]
SQL: SELECT song.*, 
				(SELECT singername from singer a WHERE a.id = song.singerid)  as singername,
				(SELECT albumname from singeralbum b WHERE b.id = song.albumnid)  as albumname,
				(SELECT thumbnail from singeralbum b WHERE b.id = song.albumnid)  as thumbnail 
				FROM song WHERE (filetype = 'mp3' OR filetype = 'm4a') AND songtype = 1 ORDER BY RAND() LIMIT 1 [ RunTime:0.0348s ]
SQL: UPDATE song SET listentime = listentime + 1 WHERE id = 2166 [ RunTime:0.0015s ]
INFO: [ app_end ] --START--
INFO: Run Behavior\ShowPageTraceBehavior [ RunTime:0.000750s ]
INFO: [ app_end ] --END-- [ RunTime:0.000781s ]

[ 2018-05-31T00:31:54+08:00 ] 127.0.0.1 /apimusic/get_song_info?songid=2166
INFO: [ app_init ] --START--
INFO: Run Behavior\BuildLiteBehavior [ RunTime:0.000010s ]
INFO: [ app_init ] --END-- [ RunTime:0.000341s ]
INFO: [ app_begin ] --START--
INFO: Run Behavior\ReadHtmlCacheBehavior [ RunTime:0.000611s ]
INFO: [ app_begin ] --END-- [ RunTime:0.000643s ]
SQL: SHOW COLUMNS FROM `song` [ RunTime:0.0076s ]
SQL: SHOW COLUMNS FROM `song` [ RunTime:0.0044s ]
SQL: SELECT a.*,b.albumname,b.issueyear,c.singername FROM song a INNER JOIN singeralbum b ON b.id = a.albumnid INNER JOIN singer c ON c.id = a.singerid WHERE a.id = 2166 [ RunTime:0.0004s ]
SQL: SHOW COLUMNS FROM `singer` [ RunTime:0.0045s ]
SQL: SHOW COLUMNS FROM `singer` [ RunTime:0.0053s ]
SQL: SELECT * FROM `singer` WHERE ( id = 55 )  [ RunTime:0.0002s ]
SQL: SHOW COLUMNS FROM `songlistenrecord` [ RunTime:0.0045s ]
SQL: SHOW COLUMNS FROM `songlistenrecord` [ RunTime:0.0047s ]
SQL: INSERT INTO `songlistenrecord` (`songid`,`songname`,`singername`,`addtime`) VALUES ('2166','蕾丝花边','郑智化','2018-05-31 00:31:53.000000') [ RunTime:0.0014s ]
SQL: select DISTINCT b.*,c.singername from songlistenrecord a INNER JOIN song b ON b.id = a.songid INNER JOIN singer c ON c.id = b.singerid order by a.id DESC limit 0,15 [ RunTime:0.1927s ]
INFO: [ app_end ] --START--
INFO: Run Behavior\ShowPageTraceBehavior [ RunTime:0.000720s ]
INFO: [ app_end ] --END-- [ RunTime:0.000756s ]

[ 2018-05-31T00:35:27+08:00 ] 127.0.0.1 /apimusic/get_song_random?callback=jQuery111105925652143134934_1527693539110&songtype=1&_=1527693539129
INFO: [ app_init ] --START--
INFO: Run Behavior\BuildLiteBehavior [ RunTime:0.000022s ]
INFO: [ app_init ] --END-- [ RunTime:0.000886s ]
INFO: [ app_begin ] --START--
INFO: Run Behavior\ReadHtmlCacheBehavior [ RunTime:0.001455s ]
INFO: [ app_begin ] --END-- [ RunTime:0.001542s ]
NOTIC: [8] Undefined index: sid D:\www\phpweb\music.xingzhi.com\Common\Common\function.php 第 70 行.
SQL: SHOW COLUMNS FROM `song` [ RunTime:0.0055s ]
SQL: SHOW COLUMNS FROM `song` [ RunTime:0.0051s ]
SQL: SELECT song.*, 
				(SELECT singername from singer a WHERE a.id = song.singerid)  as singername,
				(SELECT albumname from singeralbum b WHERE b.id = song.albumnid)  as albumname,
				(SELECT thumbnail from singeralbum b WHERE b.id = song.albumnid)  as thumbnail 
				FROM song WHERE (filetype = 'mp3' OR filetype = 'm4a') AND songtype = 1 ORDER BY RAND() LIMIT 1 [ RunTime:0.0357s ]
SQL: UPDATE song SET listentime = listentime + 1 WHERE id = 2830 [ RunTime:0.0017s ]
INFO: [ app_end ] --START--
INFO: Run Behavior\ShowPageTraceBehavior [ RunTime:0.000832s ]
INFO: [ app_end ] --END-- [ RunTime:0.000870s ]

[ 2018-05-31T00:35:28+08:00 ] 127.0.0.1 /apimusic/get_song_info?songid=2830
INFO: [ app_init ] --START--
INFO: Run Behavior\BuildLiteBehavior [ RunTime:0.000011s ]
INFO: [ app_init ] --END-- [ RunTime:0.000443s ]
INFO: [ app_begin ] --START--
INFO: Run Behavior\ReadHtmlCacheBehavior [ RunTime:0.000697s ]
INFO: [ app_begin ] --END-- [ RunTime:0.000735s ]
SQL: SHOW COLUMNS FROM `song` [ RunTime:0.0157s ]
SQL: SHOW COLUMNS FROM `song` [ RunTime:0.0049s ]
SQL: SELECT a.*,b.albumname,b.issueyear,c.singername FROM song a INNER JOIN singeralbum b ON b.id = a.albumnid INNER JOIN singer c ON c.id = a.singerid WHERE a.id = 2830 [ RunTime:0.0004s ]
SQL: SHOW COLUMNS FROM `singer` [ RunTime:0.0045s ]
SQL: SHOW COLUMNS FROM `singer` [ RunTime:0.0042s ]
SQL: SELECT * FROM `singer` WHERE ( id = 3 )  [ RunTime:0.0002s ]
SQL: SHOW COLUMNS FROM `songlistenrecord` [ RunTime:0.0045s ]
SQL: SHOW COLUMNS FROM `songlistenrecord` [ RunTime:0.0042s ]
SQL: INSERT INTO `songlistenrecord` (`songid`,`songname`,`singername`,`addtime`) VALUES ('2830','风雨依然','刘德华','2018-05-31 00:35:28.000000') [ RunTime:0.0014s ]
SQL: select DISTINCT b.*,c.singername from songlistenrecord a INNER JOIN song b ON b.id = a.songid INNER JOIN singer c ON c.id = b.singerid order by a.id DESC limit 0,15 [ RunTime:0.2246s ]
INFO: [ app_end ] --START--
INFO: Run Behavior\ShowPageTraceBehavior [ RunTime:0.000672s ]
INFO: [ app_end ] --END-- [ RunTime:0.000717s ]

[ 2018-05-31T22:53:07+08:00 ] 127.0.0.1 /
INFO: [ app_init ] --START--
INFO: Run Behavior\BuildLiteBehavior [ RunTime:0.000038s ]
INFO: [ app_init ] --END-- [ RunTime:0.001756s ]
INFO: [ app_begin ] --START--
INFO: Run Behavior\ReadHtmlCacheBehavior [ RunTime:0.002793s ]
INFO: [ app_begin ] --END-- [ RunTime:0.002967s ]
SQL: SHOW COLUMNS FROM `song` [ RunTime:0.0176s ]
SQL: SHOW COLUMNS FROM `song` [ RunTime:0.0148s ]
SQL: SELECT COUNT(0) AS 'total' FROM song [ RunTime:0.0022s ]
INFO: [ view_parse ] --START--
INFO: [ template_filter ] --START--
INFO: Run Behavior\ContentReplaceBehavior [ RunTime:0.000230s ]
INFO: [ template_filter ] --END-- [ RunTime:0.000360s ]
INFO: Run Behavior\ParseTemplateBehavior [ RunTime:0.050660s ]
INFO: [ view_parse ] --END-- [ RunTime:0.050791s ]
INFO: [ view_filter ] --START--
INFO: Run Behavior\WriteHtmlCacheBehavior [ RunTime:0.001877s ]
INFO: [ view_filter ] --END-- [ RunTime:0.001988s ]
INFO: [ app_end ] --START--
INFO: Run Behavior\ShowPageTraceBehavior [ RunTime:0.018663s ]
INFO: [ app_end ] --END-- [ RunTime:0.018904s ]

[ 2018-05-31T22:53:07+08:00 ] 127.0.0.1 /apimusic/get_hot_song?callback=jQuery1102028151687876649456_1527778387585&index=0&rows=15&_=1527778387586
INFO: [ app_init ] --START--
INFO: Run Behavior\BuildLiteBehavior [ RunTime:0.000011s ]
INFO: [ app_init ] --END-- [ RunTime:0.000361s ]
INFO: [ app_begin ] --START--
INFO: Run Behavior\ReadHtmlCacheBehavior [ RunTime:0.000596s ]
INFO: [ app_begin ] --END-- [ RunTime:0.000640s ]
SQL: SHOW COLUMNS FROM `song` [ RunTime:0.0058s ]
SQL: SHOW COLUMNS FROM `song` [ RunTime:0.0052s ]
SQL: select b.singername, a.* from song a INNER JOIN singer b ON b.id = a.singerid ORDER BY a.listentime DESC LIMIT 15 [ RunTime:0.0019s ]
INFO: [ app_end ] --START--
INFO: Run Behavior\ShowPageTraceBehavior [ RunTime:0.000719s ]
INFO: [ app_end ] --END-- [ RunTime:0.000769s ]

[ 2018-05-31T22:53:07+08:00 ] 127.0.0.1 /apimusic/get_new_song?callback=jQuery1102028151687876649456_1527778387587&index=0&rows=15&_=1527778387588
INFO: [ app_init ] --START--
INFO: Run Behavior\BuildLiteBehavior [ RunTime:0.000012s ]
INFO: [ app_init ] --END-- [ RunTime:0.000384s ]
INFO: [ app_begin ] --START--
INFO: Run Behavior\ReadHtmlCacheBehavior [ RunTime:0.000641s ]
INFO: [ app_begin ] --END-- [ RunTime:0.000683s ]
SQL: SHOW COLUMNS FROM `song` [ RunTime:0.0048s ]
SQL: SHOW COLUMNS FROM `song` [ RunTime:0.0049s ]
SQL: select b.singername, a.* from song a INNER JOIN singer b ON b.id = a.singerid ORDER BY a.id DESC LIMIT 0, 15 [ RunTime:0.0005s ]
INFO: [ app_end ] --START--
INFO: Run Behavior\ShowPageTraceBehavior [ RunTime:0.010625s ]
INFO: [ app_end ] --END-- [ RunTime:0.010681s ]

[ 2018-05-31T22:53:07+08:00 ] 127.0.0.1 /apimusic/get_byword?callback=jQuery1102028151687876649456_1527778387591&index=0&rows=15&_=1527778387592
INFO: [ app_init ] --START--
INFO: Run Behavior\BuildLiteBehavior [ RunTime:0.000011s ]
INFO: [ app_init ] --END-- [ RunTime:0.000409s ]
INFO: [ app_begin ] --START--
INFO: Run Behavior\ReadHtmlCacheBehavior [ RunTime:0.000582s ]
INFO: [ app_begin ] --END-- [ RunTime:0.000625s ]
SQL: SHOW COLUMNS FROM `song` [ RunTime:0.0052s ]
SQL: SHOW COLUMNS FROM `song` [ RunTime:0.0051s ]
SQL: SELECT byword, COUNT(0) as total FROM song WHERE byword != '' GROUP BY byword ORDER BY total DESC LIMIT 0, 15 [ RunTime:0.0039s ]
INFO: [ app_end ] --START--
INFO: Run Behavior\ShowPageTraceBehavior [ RunTime:0.000693s ]
INFO: [ app_end ] --END-- [ RunTime:0.000736s ]

[ 2018-05-31T22:53:07+08:00 ] 127.0.0.1 /apimusic/get_record_song?callback=jQuery1102028151687876649456_1527778387589&index=0&rows=15&_=1527778387590
INFO: [ app_init ] --START--
INFO: Run Behavior\BuildLiteBehavior [ RunTime:0.000014s ]
INFO: [ app_init ] --END-- [ RunTime:0.000880s ]
INFO: [ app_begin ] --START--
INFO: Run Behavior\ReadHtmlCacheBehavior [ RunTime:0.000748s ]
INFO: [ app_begin ] --END-- [ RunTime:0.000790s ]
SQL: SHOW COLUMNS FROM `song` [ RunTime:0.0053s ]
SQL: SHOW COLUMNS FROM `song` [ RunTime:0.0054s ]
SQL: select DISTINCT b.*,c.singername from songlistenrecord a INNER JOIN song b ON b.id = a.songid INNER JOIN singer c ON c.id = b.singerid order by a.id DESC limit 0,15 [ RunTime:0.1853s ]
INFO: [ app_end ] --START--
INFO: Run Behavior\ShowPageTraceBehavior [ RunTime:0.000950s ]
INFO: [ app_end ] --END-- [ RunTime:0.001011s ]

[ 2018-05-31T23:01:44+08:00 ] 127.0.0.1 /music/song
INFO: [ app_init ] --START--
INFO: Run Behavior\BuildLiteBehavior [ RunTime:0.000010s ]
INFO: [ app_init ] --END-- [ RunTime:0.000401s ]
INFO: [ app_begin ] --START--
INFO: Run Behavior\ReadHtmlCacheBehavior [ RunTime:0.000610s ]
INFO: [ app_begin ] --END-- [ RunTime:0.000646s ]
NOTIC: [8] Undefined index: sid D:\www\phpweb\music.xingzhi.com\Common\Common\function.php 第 70 行.
INFO: [ view_parse ] --START--
INFO: [ template_filter ] --START--
INFO: Run Behavior\ContentReplaceBehavior [ RunTime:0.000103s ]
INFO: [ template_filter ] --END-- [ RunTime:0.000183s ]
NOTIC: [8] Undefined variable: songurl D:\www\phpweb\music.xingzhi.com\MusicSite\Runtime\Cache\Home\8b5c046d47b69012df43b9b33a3fd750.php 第 38 行.
INFO: Run Behavior\ParseTemplateBehavior [ RunTime:0.052778s ]
INFO: [ view_parse ] --END-- [ RunTime:0.052905s ]
INFO: [ view_filter ] --START--
INFO: Run Behavior\WriteHtmlCacheBehavior [ RunTime:0.000874s ]
INFO: [ view_filter ] --END-- [ RunTime:0.000934s ]
INFO: [ app_end ] --START--
INFO: Run Behavior\ShowPageTraceBehavior [ RunTime:0.001247s ]
INFO: [ app_end ] --END-- [ RunTime:0.001320s ]

[ 2018-05-31T23:01:44+08:00 ] 127.0.0.1 /apimusic/get_song_random?callback=jQuery111102785183047857027_1527778904121&sid=&songtype=1&_=1527778904122
INFO: [ app_init ] --START--
INFO: Run Behavior\BuildLiteBehavior [ RunTime:0.000013s ]
INFO: [ app_init ] --END-- [ RunTime:0.000381s ]
INFO: [ app_begin ] --START--
INFO: Run Behavior\ReadHtmlCacheBehavior [ RunTime:0.000613s ]
INFO: [ app_begin ] --END-- [ RunTime:0.000659s ]
SQL: SHOW COLUMNS FROM `song` [ RunTime:0.0056s ]
SQL: SHOW COLUMNS FROM `song` [ RunTime:0.0059s ]
SQL: SELECT song.*, 
				(SELECT singername from singer a WHERE a.id = song.singerid)  as singername,
				(SELECT albumname from singeralbum b WHERE b.id = song.albumnid)  as albumname,
				(SELECT thumbnail from singeralbum b WHERE b.id = song.albumnid)  as thumbnail 
				FROM song WHERE (filetype = 'mp3' OR filetype = 'm4a') AND songtype = 1 ORDER BY RAND() LIMIT 1 [ RunTime:0.0336s ]
SQL: UPDATE song SET listentime = listentime + 1 WHERE id = 2616 [ RunTime:0.0018s ]
INFO: [ app_end ] --START--
INFO: Run Behavior\ShowPageTraceBehavior [ RunTime:0.000686s ]
INFO: [ app_end ] --END-- [ RunTime:0.000721s ]

[ 2018-05-31T23:01:44+08:00 ] 127.0.0.1 /favicon.ico
INFO: [ app_init ] --START--
INFO: Run Behavior\BuildLiteBehavior [ RunTime:0.000016s ]
INFO: [ app_init ] --END-- [ RunTime:0.003568s ]

[ 2018-05-31T23:01:44+08:00 ] 127.0.0.1 /apimusic/get_song_info?songid=2616
INFO: [ app_init ] --START--
INFO: Run Behavior\BuildLiteBehavior [ RunTime:0.000012s ]
INFO: [ app_init ] --END-- [ RunTime:0.000347s ]
INFO: [ app_begin ] --START--
INFO: Run Behavior\ReadHtmlCacheBehavior [ RunTime:0.000569s ]
INFO: [ app_begin ] --END-- [ RunTime:0.000605s ]
SQL: SHOW COLUMNS FROM `song` [ RunTime:0.0053s ]
SQL: SHOW COLUMNS FROM `song` [ RunTime:0.0051s ]
SQL: SELECT a.*,b.albumname,b.issueyear,c.singername FROM song a INNER JOIN singeralbum b ON b.id = a.albumnid INNER JOIN singer c ON c.id = a.singerid WHERE a.id = 2616 [ RunTime:0.0003s ]
SQL: SHOW COLUMNS FROM `singer` [ RunTime:0.0047s ]
SQL: SHOW COLUMNS FROM `singer` [ RunTime:0.0047s ]
SQL: SELECT * FROM `singer` WHERE ( id = 5 )  [ RunTime:0.0002s ]
SQL: SHOW COLUMNS FROM `songlistenrecord` [ RunTime:0.0050s ]
SQL: SHOW COLUMNS FROM `songlistenrecord` [ RunTime:0.0045s ]
SQL: INSERT INTO `songlistenrecord` (`songid`,`songname`,`singername`,`addtime`) VALUES ('2616','葬月','张学友','2018-05-31 23:01:44.000000') [ RunTime:0.0014s ]
SQL: select DISTINCT b.*,c.singername from songlistenrecord a INNER JOIN song b ON b.id = a.songid INNER JOIN singer c ON c.id = b.singerid order by a.id DESC limit 0,15 [ RunTime:0.2166s ]
INFO: [ app_end ] --START--
INFO: Run Behavior\ShowPageTraceBehavior [ RunTime:0.000647s ]
INFO: [ app_end ] --END-- [ RunTime:0.000735s ]

[ 2018-05-31T23:05:42+08:00 ] 127.0.0.1 /apimusic/get_song_random?callback=jQuery111102785183047857027_1527778904121&songtype=1&_=1527778904123
INFO: [ app_init ] --START--
INFO: Run Behavior\BuildLiteBehavior [ RunTime:0.000011s ]
INFO: [ app_init ] --END-- [ RunTime:0.000788s ]
INFO: [ app_begin ] --START--
INFO: Run Behavior\ReadHtmlCacheBehavior [ RunTime:0.000682s ]
INFO: [ app_begin ] --END-- [ RunTime:0.000725s ]
NOTIC: [8] Undefined index: sid D:\www\phpweb\music.xingzhi.com\Common\Common\function.php 第 70 行.
SQL: SHOW COLUMNS FROM `song` [ RunTime:0.0064s ]
SQL: SHOW COLUMNS FROM `song` [ RunTime:0.0052s ]
SQL: SELECT song.*, 
				(SELECT singername from singer a WHERE a.id = song.singerid)  as singername,
				(SELECT albumname from singeralbum b WHERE b.id = song.albumnid)  as albumname,
				(SELECT thumbnail from singeralbum b WHERE b.id = song.albumnid)  as thumbnail 
				FROM song WHERE (filetype = 'mp3' OR filetype = 'm4a') AND songtype = 1 ORDER BY RAND() LIMIT 1 [ RunTime:0.0357s ]
SQL: UPDATE song SET listentime = listentime + 1 WHERE id = 261 [ RunTime:0.0015s ]
INFO: [ app_end ] --START--
INFO: Run Behavior\ShowPageTraceBehavior [ RunTime:0.000744s ]
INFO: [ app_end ] --END-- [ RunTime:0.000796s ]

[ 2018-05-31T23:05:42+08:00 ] 127.0.0.1 /apimusic/get_song_info?songid=261
INFO: [ app_init ] --START--
INFO: Run Behavior\BuildLiteBehavior [ RunTime:0.000014s ]
INFO: [ app_init ] --END-- [ RunTime:0.000421s ]
INFO: [ app_begin ] --START--
INFO: Run Behavior\ReadHtmlCacheBehavior [ RunTime:0.000636s ]
INFO: [ app_begin ] --END-- [ RunTime:0.000673s ]
SQL: SHOW COLUMNS FROM `song` [ RunTime:0.0051s ]
SQL: SHOW COLUMNS FROM `song` [ RunTime:0.0044s ]
SQL: SELECT a.*,b.albumname,b.issueyear,c.singername FROM song a INNER JOIN singeralbum b ON b.id = a.albumnid INNER JOIN singer c ON c.id = a.singerid WHERE a.id = 261 [ RunTime:0.0003s ]
SQL: SHOW COLUMNS FROM `singer` [ RunTime:0.0049s ]
SQL: SHOW COLUMNS FROM `singer` [ RunTime:0.0043s ]
SQL: SELECT * FROM `singer` WHERE ( id = 5 )  [ RunTime:0.0002s ]
SQL: SHOW COLUMNS FROM `songlistenrecord` [ RunTime:0.0041s ]
SQL: SHOW COLUMNS FROM `songlistenrecord` [ RunTime:0.0043s ]
SQL: INSERT INTO `songlistenrecord` (`songid`,`songname`,`singername`,`addtime`) VALUES ('261','春风秋雨','张学友','2018-05-31 23:05:42.000000') [ RunTime:0.0040s ]
SQL: select DISTINCT b.*,c.singername from songlistenrecord a INNER JOIN song b ON b.id = a.songid INNER JOIN singer c ON c.id = b.singerid order by a.id DESC limit 0,15 [ RunTime:0.1781s ]
INFO: [ app_end ] --START--
INFO: Run Behavior\ShowPageTraceBehavior [ RunTime:0.000619s ]
INFO: [ app_end ] --END-- [ RunTime:0.000697s ]

[ 2018-05-31T23:10:22+08:00 ] 127.0.0.1 /apimusic/get_song_random?callback=jQuery111102785183047857027_1527778904121&songtype=1&_=1527778904124
INFO: [ app_init ] --START--
INFO: Run Behavior\BuildLiteBehavior [ RunTime:0.000020s ]
INFO: [ app_init ] --END-- [ RunTime:0.000823s ]
INFO: [ app_begin ] --START--
INFO: Run Behavior\ReadHtmlCacheBehavior [ RunTime:0.001495s ]
INFO: [ app_begin ] --END-- [ RunTime:0.001582s ]
NOTIC: [8] Undefined index: sid D:\www\phpweb\music.xingzhi.com\Common\Common\function.php 第 70 行.
SQL: SHOW COLUMNS FROM `song` [ RunTime:0.0058s ]
SQL: SHOW COLUMNS FROM `song` [ RunTime:0.0101s ]
SQL: SELECT song.*, 
				(SELECT singername from singer a WHERE a.id = song.singerid)  as singername,
				(SELECT albumname from singeralbum b WHERE b.id = song.albumnid)  as albumname,
				(SELECT thumbnail from singeralbum b WHERE b.id = song.albumnid)  as thumbnail 
				FROM song WHERE (filetype = 'mp3' OR filetype = 'm4a') AND songtype = 1 ORDER BY RAND() LIMIT 1 [ RunTime:0.0508s ]
SQL: UPDATE song SET listentime = listentime + 1 WHERE id = 3635 [ RunTime:0.0016s ]
INFO: [ app_end ] --START--
INFO: Run Behavior\ShowPageTraceBehavior [ RunTime:0.000692s ]
INFO: [ app_end ] --END-- [ RunTime:0.000724s ]

[ 2018-05-31T23:10:22+08:00 ] 127.0.0.1 /apimusic/get_song_info?songid=3635
INFO: [ app_init ] --START--
INFO: Run Behavior\BuildLiteBehavior [ RunTime:0.000012s ]
INFO: [ app_init ] --END-- [ RunTime:0.000444s ]
INFO: [ app_begin ] --START--
INFO: Run Behavior\ReadHtmlCacheBehavior [ RunTime:0.000821s ]
INFO: [ app_begin ] --END-- [ RunTime:0.000880s ]
SQL: SHOW COLUMNS FROM `song` [ RunTime:0.0046s ]
SQL: SHOW COLUMNS FROM `song` [ RunTime:0.0048s ]
SQL: SELECT a.*,b.albumname,b.issueyear,c.singername FROM song a INNER JOIN singeralbum b ON b.id = a.albumnid INNER JOIN singer c ON c.id = a.singerid WHERE a.id = 3635 [ RunTime:0.0004s ]
SQL: SHOW COLUMNS FROM `singer` [ RunTime:0.0045s ]
SQL: SHOW COLUMNS FROM `singer` [ RunTime:0.0042s ]
SQL: SELECT * FROM `singer` WHERE ( id = 105 )  [ RunTime:0.0002s ]
SQL: SHOW COLUMNS FROM `songlistenrecord` [ RunTime:0.0042s ]
SQL: SHOW COLUMNS FROM `songlistenrecord` [ RunTime:0.0042s ]
SQL: INSERT INTO `songlistenrecord` (`songid`,`songname`,`singername`,`addtime`) VALUES ('3635','千千阙歌','邢志','2018-05-31 23:10:22.000000') [ RunTime:0.0019s ]
SQL: select DISTINCT b.*,c.singername from songlistenrecord a INNER JOIN song b ON b.id = a.songid INNER JOIN singer c ON c.id = b.singerid order by a.id DESC limit 0,15 [ RunTime:0.2052s ]
INFO: [ app_end ] --START--
INFO: Run Behavior\ShowPageTraceBehavior [ RunTime:0.000661s ]
INFO: [ app_end ] --END-- [ RunTime:0.000699s ]

[ 2018-05-31T23:13:39+08:00 ] 127.0.0.1 /apimusic/get_song_random?callback=jQuery111102785183047857027_1527778904121&songtype=1&_=1527778904125
INFO: [ app_init ] --START--
INFO: Run Behavior\BuildLiteBehavior [ RunTime:0.000016s ]
INFO: [ app_init ] --END-- [ RunTime:0.000368s ]
INFO: [ app_begin ] --START--
INFO: Run Behavior\ReadHtmlCacheBehavior [ RunTime:0.000585s ]
INFO: [ app_begin ] --END-- [ RunTime:0.000622s ]
NOTIC: [8] Undefined index: sid D:\www\phpweb\music.xingzhi.com\Common\Common\function.php 第 70 行.
SQL: SHOW COLUMNS FROM `song` [ RunTime:0.0058s ]
SQL: SHOW COLUMNS FROM `song` [ RunTime:0.0050s ]
SQL: SELECT song.*, 
				(SELECT singername from singer a WHERE a.id = song.singerid)  as singername,
				(SELECT albumname from singeralbum b WHERE b.id = song.albumnid)  as albumname,
				(SELECT thumbnail from singeralbum b WHERE b.id = song.albumnid)  as thumbnail 
				FROM song WHERE (filetype = 'mp3' OR filetype = 'm4a') AND songtype = 1 ORDER BY RAND() LIMIT 1 [ RunTime:0.0328s ]
SQL: UPDATE song SET listentime = listentime + 1 WHERE id = 1755 [ RunTime:0.0015s ]
INFO: [ app_end ] --START--
INFO: Run Behavior\ShowPageTraceBehavior [ RunTime:0.000679s ]
INFO: [ app_end ] --END-- [ RunTime:0.000742s ]

[ 2018-05-31T23:13:39+08:00 ] 127.0.0.1 /apimusic/get_song_info?songid=1755
INFO: [ app_init ] --START--
INFO: Run Behavior\BuildLiteBehavior [ RunTime:0.000011s ]
INFO: [ app_init ] --END-- [ RunTime:0.000473s ]
INFO: [ app_begin ] --START--
INFO: Run Behavior\ReadHtmlCacheBehavior [ RunTime:0.010602s ]
INFO: [ app_begin ] --END-- [ RunTime:0.010652s ]
SQL: SHOW COLUMNS FROM `song` [ RunTime:0.0047s ]
SQL: SHOW COLUMNS FROM `song` [ RunTime:0.0047s ]
SQL: SELECT a.*,b.albumname,b.issueyear,c.singername FROM song a INNER JOIN singeralbum b ON b.id = a.albumnid INNER JOIN singer c ON c.id = a.singerid WHERE a.id = 1755 [ RunTime:0.0004s ]
SQL: SHOW COLUMNS FROM `singer` [ RunTime:0.0054s ]
SQL: SHOW COLUMNS FROM `singer` [ RunTime:0.0051s ]
SQL: SELECT * FROM `singer` WHERE ( id = 3 )  [ RunTime:0.0002s ]
SQL: SHOW COLUMNS FROM `songlistenrecord` [ RunTime:0.0051s ]
SQL: SHOW COLUMNS FROM `songlistenrecord` [ RunTime:0.0052s ]
SQL: INSERT INTO `songlistenrecord` (`songid`,`songname`,`singername`,`addtime`) VALUES ('1755','我和我追逐的梦','刘德华','2018-05-31 23:13:39.000000') [ RunTime:0.0015s ]
SQL: select DISTINCT b.*,c.singername from songlistenrecord a INNER JOIN song b ON b.id = a.songid INNER JOIN singer c ON c.id = b.singerid order by a.id DESC limit 0,15 [ RunTime:0.1998s ]
INFO: [ app_end ] --START--
INFO: Run Behavior\ShowPageTraceBehavior [ RunTime:0.000680s ]
INFO: [ app_end ] --END-- [ RunTime:0.000714s ]

[ 2018-05-31T23:18:40+08:00 ] 127.0.0.1 /apimusic/get_song_random?callback=jQuery111102785183047857027_1527778904121&songtype=1&_=1527778904126
INFO: [ app_init ] --START--
INFO: Run Behavior\BuildLiteBehavior [ RunTime:0.000011s ]
INFO: [ app_init ] --END-- [ RunTime:0.000421s ]
INFO: [ app_begin ] --START--
INFO: Run Behavior\ReadHtmlCacheBehavior [ RunTime:0.000620s ]
INFO: [ app_begin ] --END-- [ RunTime:0.000655s ]
NOTIC: [8] Undefined index: sid D:\www\phpweb\music.xingzhi.com\Common\Common\function.php 第 70 行.
SQL: SHOW COLUMNS FROM `song` [ RunTime:0.0046s ]
SQL: SHOW COLUMNS FROM `song` [ RunTime:0.0043s ]
SQL: SELECT song.*, 
				(SELECT singername from singer a WHERE a.id = song.singerid)  as singername,
				(SELECT albumname from singeralbum b WHERE b.id = song.albumnid)  as albumname,
				(SELECT thumbnail from singeralbum b WHERE b.id = song.albumnid)  as thumbnail 
				FROM song WHERE (filetype = 'mp3' OR filetype = 'm4a') AND songtype = 1 ORDER BY RAND() LIMIT 1 [ RunTime:0.0319s ]
SQL: UPDATE song SET listentime = listentime + 1 WHERE id = 2966 [ RunTime:0.0015s ]
INFO: [ app_end ] --START--
INFO: Run Behavior\ShowPageTraceBehavior [ RunTime:0.000662s ]
INFO: [ app_end ] --END-- [ RunTime:0.000693s ]

[ 2018-05-31T23:18:40+08:00 ] 127.0.0.1 /apimusic/get_song_info?songid=2966
INFO: [ app_init ] --START--
INFO: Run Behavior\BuildLiteBehavior [ RunTime:0.000012s ]
INFO: [ app_init ] --END-- [ RunTime:0.000466s ]
INFO: [ app_begin ] --START--
INFO: Run Behavior\ReadHtmlCacheBehavior [ RunTime:0.000776s ]
INFO: [ app_begin ] --END-- [ RunTime:0.000813s ]
SQL: SHOW COLUMNS FROM `song` [ RunTime:0.0051s ]
SQL: SHOW COLUMNS FROM `song` [ RunTime:0.0051s ]
SQL: SELECT a.*,b.albumname,b.issueyear,c.singername FROM song a INNER JOIN singeralbum b ON b.id = a.albumnid INNER JOIN singer c ON c.id = a.singerid WHERE a.id = 2966 [ RunTime:0.0003s ]
SQL: SHOW COLUMNS FROM `singer` [ RunTime:0.0043s ]
SQL: SHOW COLUMNS FROM `singer` [ RunTime:0.0042s ]
SQL: SELECT * FROM `singer` WHERE ( id = 93 )  [ RunTime:0.0002s ]
SQL: SHOW COLUMNS FROM `songlistenrecord` [ RunTime:0.0044s ]
SQL: SHOW COLUMNS FROM `songlistenrecord` [ RunTime:0.0058s ]
SQL: INSERT INTO `songlistenrecord` (`songid`,`songname`,`singername`,`addtime`) VALUES ('2966','敲敲我的头','彭佳慧','2018-05-31 23:18:40.000000') [ RunTime:0.0017s ]
SQL: select DISTINCT b.*,c.singername from songlistenrecord a INNER JOIN song b ON b.id = a.songid INNER JOIN singer c ON c.id = b.singerid order by a.id DESC limit 0,15 [ RunTime:0.1771s ]
INFO: [ app_end ] --START--
INFO: Run Behavior\ShowPageTraceBehavior [ RunTime:0.000644s ]
INFO: [ app_end ] --END-- [ RunTime:0.000681s ]

[ 2018-05-31T23:22:24+08:00 ] 127.0.0.1 /apimusic/get_song_random?callback=jQuery111102785183047857027_1527778904121&songtype=1&_=1527778904127
INFO: [ app_init ] --START--
INFO: Run Behavior\BuildLiteBehavior [ RunTime:0.000021s ]
INFO: [ app_init ] --END-- [ RunTime:0.000825s ]
INFO: [ app_begin ] --START--
INFO: Run Behavior\ReadHtmlCacheBehavior [ RunTime:0.001281s ]
INFO: [ app_begin ] --END-- [ RunTime:0.001358s ]
NOTIC: [8] Undefined index: sid D:\www\phpweb\music.xingzhi.com\Common\Common\function.php 第 70 行.
SQL: SHOW COLUMNS FROM `song` [ RunTime:0.0180s ]
SQL: SHOW COLUMNS FROM `song` [ RunTime:0.0121s ]
SQL: SELECT song.*, 
				(SELECT singername from singer a WHERE a.id = song.singerid)  as singername,
				(SELECT albumname from singeralbum b WHERE b.id = song.albumnid)  as albumname,
				(SELECT thumbnail from singeralbum b WHERE b.id = song.albumnid)  as thumbnail 
				FROM song WHERE (filetype = 'mp3' OR filetype = 'm4a') AND songtype = 1 ORDER BY RAND() LIMIT 1 [ RunTime:0.0478s ]
SQL: UPDATE song SET listentime = listentime + 1 WHERE id = 1342 [ RunTime:0.0016s ]
INFO: [ app_end ] --START--
INFO: Run Behavior\ShowPageTraceBehavior [ RunTime:0.000764s ]
INFO: [ app_end ] --END-- [ RunTime:0.000800s ]

[ 2018-05-31T23:22:24+08:00 ] 127.0.0.1 /apimusic/get_song_info?songid=1342
INFO: [ app_init ] --START--
INFO: Run Behavior\BuildLiteBehavior [ RunTime:0.000012s ]
INFO: [ app_init ] --END-- [ RunTime:0.000382s ]
INFO: [ app_begin ] --START--
INFO: Run Behavior\ReadHtmlCacheBehavior [ RunTime:0.000807s ]
INFO: [ app_begin ] --END-- [ RunTime:0.000860s ]
SQL: SHOW COLUMNS FROM `song` [ RunTime:0.0055s ]
SQL: SHOW COLUMNS FROM `song` [ RunTime:0.0060s ]
SQL: SELECT a.*,b.albumname,b.issueyear,c.singername FROM song a INNER JOIN singeralbum b ON b.id = a.albumnid INNER JOIN singer c ON c.id = a.singerid WHERE a.id = 1342 [ RunTime:0.0004s ]
SQL: SHOW COLUMNS FROM `singer` [ RunTime:0.0052s ]
SQL: SHOW COLUMNS FROM `singer` [ RunTime:0.0047s ]
SQL: SELECT * FROM `singer` WHERE ( id = 5 )  [ RunTime:0.0003s ]
SQL: SHOW COLUMNS FROM `songlistenrecord` [ RunTime:0.0044s ]
SQL: SHOW COLUMNS FROM `songlistenrecord` [ RunTime:0.0046s ]
SQL: INSERT INTO `songlistenrecord` (`songid`,`songname`,`singername`,`addtime`) VALUES ('1342','地下情','张学友','2018-05-31 23:22:24.000000') [ RunTime:0.0019s ]
SQL: select DISTINCT b.*,c.singername from songlistenrecord a INNER JOIN song b ON b.id = a.songid INNER JOIN singer c ON c.id = b.singerid order by a.id DESC limit 0,15 [ RunTime:0.1954s ]
INFO: [ app_end ] --START--
INFO: Run Behavior\ShowPageTraceBehavior [ RunTime:0.000640s ]
INFO: [ app_end ] --END-- [ RunTime:0.000675s ]

[ 2018-05-31T23:26:34+08:00 ] 127.0.0.1 /apimusic/get_song_random?callback=jQuery111102785183047857027_1527778904121&songtype=1&_=1527778904128
INFO: [ app_init ] --START--
INFO: Run Behavior\BuildLiteBehavior [ RunTime:0.000017s ]
INFO: [ app_init ] --END-- [ RunTime:0.000734s ]
INFO: [ app_begin ] --START--
INFO: Run Behavior\ReadHtmlCacheBehavior [ RunTime:0.001159s ]
INFO: [ app_begin ] --END-- [ RunTime:0.001228s ]
NOTIC: [8] Undefined index: sid D:\www\phpweb\music.xingzhi.com\Common\Common\function.php 第 70 行.
SQL: SHOW COLUMNS FROM `song` [ RunTime:0.0049s ]
SQL: SHOW COLUMNS FROM `song` [ RunTime:0.0045s ]
SQL: SELECT song.*, 
				(SELECT singername from singer a WHERE a.id = song.singerid)  as singername,
				(SELECT albumname from singeralbum b WHERE b.id = song.albumnid)  as albumname,
				(SELECT thumbnail from singeralbum b WHERE b.id = song.albumnid)  as thumbnail 
				FROM song WHERE (filetype = 'mp3' OR filetype = 'm4a') AND songtype = 1 ORDER BY RAND() LIMIT 1 [ RunTime:0.0314s ]
SQL: UPDATE song SET listentime = listentime + 1 WHERE id = 1349 [ RunTime:0.0045s ]
INFO: [ app_end ] --START--
INFO: Run Behavior\ShowPageTraceBehavior [ RunTime:0.000720s ]
INFO: [ app_end ] --END-- [ RunTime:0.000752s ]

[ 2018-05-31T23:26:34+08:00 ] 127.0.0.1 /apimusic/get_song_info?songid=1349
INFO: [ app_init ] --START--
INFO: Run Behavior\BuildLiteBehavior [ RunTime:0.000010s ]
INFO: [ app_init ] --END-- [ RunTime:0.000369s ]
INFO: [ app_begin ] --START--
INFO: Run Behavior\ReadHtmlCacheBehavior [ RunTime:0.000573s ]
INFO: [ app_begin ] --END-- [ RunTime:0.000605s ]
SQL: SHOW COLUMNS FROM `song` [ RunTime:0.0133s ]
SQL: SHOW COLUMNS FROM `song` [ RunTime:0.0047s ]
SQL: SELECT a.*,b.albumname,b.issueyear,c.singername FROM song a INNER JOIN singeralbum b ON b.id = a.albumnid INNER JOIN singer c ON c.id = a.singerid WHERE a.id = 1349 [ RunTime:0.0003s ]
SQL: SHOW COLUMNS FROM `singer` [ RunTime:0.0043s ]
SQL: SHOW COLUMNS FROM `singer` [ RunTime:0.0043s ]
SQL: SELECT * FROM `singer` WHERE ( id = 5 )  [ RunTime:0.0002s ]
SQL: SHOW COLUMNS FROM `songlistenrecord` [ RunTime:0.0042s ]
SQL: SHOW COLUMNS FROM `songlistenrecord` [ RunTime:0.0059s ]
SQL: INSERT INTO `songlistenrecord` (`songid`,`songname`,`singername`,`addtime`) VALUES ('1349','同屋','张学友','2018-05-31 23:26:34.000000') [ RunTime:0.0016s ]
SQL: select DISTINCT b.*,c.singername from songlistenrecord a INNER JOIN song b ON b.id = a.songid INNER JOIN singer c ON c.id = b.singerid order by a.id DESC limit 0,15 [ RunTime:0.1789s ]
INFO: [ app_end ] --START--
INFO: Run Behavior\ShowPageTraceBehavior [ RunTime:0.000725s ]
INFO: [ app_end ] --END-- [ RunTime:0.000762s ]

[ 2018-05-31T23:30:34+08:00 ] 127.0.0.1 /apimusic/get_song_random?callback=jQuery111102785183047857027_1527778904121&songtype=1&_=1527778904129
INFO: [ app_init ] --START--
INFO: Run Behavior\BuildLiteBehavior [ RunTime:0.000016s ]
INFO: [ app_init ] --END-- [ RunTime:0.000619s ]
INFO: [ app_begin ] --START--
INFO: Run Behavior\ReadHtmlCacheBehavior [ RunTime:0.001017s ]
INFO: [ app_begin ] --END-- [ RunTime:0.001082s ]
NOTIC: [8] Undefined index: sid D:\www\phpweb\music.xingzhi.com\Common\Common\function.php 第 70 行.
SQL: SHOW COLUMNS FROM `song` [ RunTime:0.0047s ]
SQL: SHOW COLUMNS FROM `song` [ RunTime:0.0042s ]
SQL: SELECT song.*, 
				(SELECT singername from singer a WHERE a.id = song.singerid)  as singername,
				(SELECT albumname from singeralbum b WHERE b.id = song.albumnid)  as albumname,
				(SELECT thumbnail from singeralbum b WHERE b.id = song.albumnid)  as thumbnail 
				FROM song WHERE (filetype = 'mp3' OR filetype = 'm4a') AND songtype = 1 ORDER BY RAND() LIMIT 1 [ RunTime:0.0319s ]
SQL: UPDATE song SET listentime = listentime + 1 WHERE id = 3101 [ RunTime:0.0015s ]
INFO: [ app_end ] --START--
INFO: Run Behavior\ShowPageTraceBehavior [ RunTime:0.000687s ]
INFO: [ app_end ] --END-- [ RunTime:0.000718s ]

[ 2018-05-31T23:30:34+08:00 ] 127.0.0.1 /apimusic/get_song_info?songid=3101
INFO: [ app_init ] --START--
INFO: Run Behavior\BuildLiteBehavior [ RunTime:0.000011s ]
INFO: [ app_init ] --END-- [ RunTime:0.000384s ]
INFO: [ app_begin ] --START--
INFO: Run Behavior\ReadHtmlCacheBehavior [ RunTime:0.000592s ]
INFO: [ app_begin ] --END-- [ RunTime:0.000645s ]
SQL: SHOW COLUMNS FROM `song` [ RunTime:0.0047s ]
SQL: SHOW COLUMNS FROM `song` [ RunTime:0.0048s ]
SQL: SELECT a.*,b.albumname,b.issueyear,c.singername FROM song a INNER JOIN singeralbum b ON b.id = a.albumnid INNER JOIN singer c ON c.id = a.singerid WHERE a.id = 3101 [ RunTime:0.0003s ]
SQL: SHOW COLUMNS FROM `singer` [ RunTime:0.0045s ]
SQL: SHOW COLUMNS FROM `singer` [ RunTime:0.0044s ]
SQL: SELECT * FROM `singer` WHERE ( id = 103 )  [ RunTime:0.0002s ]
SQL: SHOW COLUMNS FROM `songlistenrecord` [ RunTime:0.0043s ]
SQL: SHOW COLUMNS FROM `songlistenrecord` [ RunTime:0.0046s ]
SQL: INSERT INTO `songlistenrecord` (`songid`,`songname`,`singername`,`addtime`) VALUES ('3101','Wind Of Change','Scorpions','2018-05-31 23:30:34.000000') [ RunTime:0.0015s ]
SQL: select DISTINCT b.*,c.singername from songlistenrecord a INNER JOIN song b ON b.id = a.songid INNER JOIN singer c ON c.id = b.singerid order by a.id DESC limit 0,15 [ RunTime:0.1782s ]
INFO: [ app_end ] --START--
INFO: Run Behavior\ShowPageTraceBehavior [ RunTime:0.000655s ]
INFO: [ app_end ] --END-- [ RunTime:0.000694s ]

[ 2018-05-31T23:35:48+08:00 ] 127.0.0.1 /apimusic/get_song_random?callback=jQuery111102785183047857027_1527778904121&songtype=1&_=1527778904130
INFO: [ app_init ] --START--
INFO: Run Behavior\BuildLiteBehavior [ RunTime:0.000022s ]
INFO: [ app_init ] --END-- [ RunTime:0.000879s ]
INFO: [ app_begin ] --START--
INFO: Run Behavior\ReadHtmlCacheBehavior [ RunTime:0.001316s ]
INFO: [ app_begin ] --END-- [ RunTime:0.001401s ]
NOTIC: [8] Undefined index: sid D:\www\phpweb\music.xingzhi.com\Common\Common\function.php 第 70 行.
SQL: SHOW COLUMNS FROM `song` [ RunTime:0.0055s ]
SQL: SHOW COLUMNS FROM `song` [ RunTime:0.0048s ]
SQL: SELECT song.*, 
				(SELECT singername from singer a WHERE a.id = song.singerid)  as singername,
				(SELECT albumname from singeralbum b WHERE b.id = song.albumnid)  as albumname,
				(SELECT thumbnail from singeralbum b WHERE b.id = song.albumnid)  as thumbnail 
				FROM song WHERE (filetype = 'mp3' OR filetype = 'm4a') AND songtype = 1 ORDER BY RAND() LIMIT 1 [ RunTime:0.0322s ]
SQL: UPDATE song SET listentime = listentime + 1 WHERE id = 812 [ RunTime:0.0015s ]
INFO: [ app_end ] --START--
INFO: Run Behavior\ShowPageTraceBehavior [ RunTime:0.000716s ]
INFO: [ app_end ] --END-- [ RunTime:0.000747s ]

[ 2018-05-31T23:35:48+08:00 ] 127.0.0.1 /apimusic/get_song_info?songid=812
INFO: [ app_init ] --START--
INFO: Run Behavior\BuildLiteBehavior [ RunTime:0.000010s ]
INFO: [ app_init ] --END-- [ RunTime:0.000345s ]
INFO: [ app_begin ] --START--
INFO: Run Behavior\ReadHtmlCacheBehavior [ RunTime:0.000563s ]
INFO: [ app_begin ] --END-- [ RunTime:0.000598s ]
SQL: SHOW COLUMNS FROM `song` [ RunTime:0.0055s ]
SQL: SHOW COLUMNS FROM `song` [ RunTime:0.0046s ]
SQL: SELECT a.*,b.albumname,b.issueyear,c.singername FROM song a INNER JOIN singeralbum b ON b.id = a.albumnid INNER JOIN singer c ON c.id = a.singerid WHERE a.id = 812 [ RunTime:0.0003s ]
SQL: SHOW COLUMNS FROM `singer` [ RunTime:0.0045s ]
SQL: SHOW COLUMNS FROM `singer` [ RunTime:0.0046s ]
SQL: SELECT * FROM `singer` WHERE ( id = 3 )  [ RunTime:0.0002s ]
SQL: SHOW COLUMNS FROM `songlistenrecord` [ RunTime:0.0044s ]
SQL: SHOW COLUMNS FROM `songlistenrecord` [ RunTime:0.0041s ]
SQL: INSERT INTO `songlistenrecord` (`songid`,`songname`,`singername`,`addtime`) VALUES ('812','来生缘','刘德华','2018-05-31 23:35:48.000000') [ RunTime:0.0014s ]
SQL: select DISTINCT b.*,c.singername from songlistenrecord a INNER JOIN song b ON b.id = a.songid INNER JOIN singer c ON c.id = b.singerid order by a.id DESC limit 0,15 [ RunTime:0.1765s ]
INFO: [ app_end ] --START--
INFO: Run Behavior\ShowPageTraceBehavior [ RunTime:0.000687s ]
INFO: [ app_end ] --END-- [ RunTime:0.000722s ]

[ 2018-05-31T23:39:38+08:00 ] 127.0.0.1 /apimusic/get_song_random?callback=jQuery111102785183047857027_1527778904121&songtype=1&_=1527778904131
INFO: [ app_init ] --START--
INFO: Run Behavior\BuildLiteBehavior [ RunTime:0.000015s ]
INFO: [ app_init ] --END-- [ RunTime:0.000586s ]
INFO: [ app_begin ] --START--
INFO: Run Behavior\ReadHtmlCacheBehavior [ RunTime:0.001133s ]
INFO: [ app_begin ] --END-- [ RunTime:0.001204s ]
NOTIC: [8] Undefined index: sid D:\www\phpweb\music.xingzhi.com\Common\Common\function.php 第 70 行.
SQL: SHOW COLUMNS FROM `song` [ RunTime:0.0050s ]
SQL: SHOW COLUMNS FROM `song` [ RunTime:0.0045s ]
SQL: SELECT song.*, 
				(SELECT singername from singer a WHERE a.id = song.singerid)  as singername,
				(SELECT albumname from singeralbum b WHERE b.id = song.albumnid)  as albumname,
				(SELECT thumbnail from singeralbum b WHERE b.id = song.albumnid)  as thumbnail 
				FROM song WHERE (filetype = 'mp3' OR filetype = 'm4a') AND songtype = 1 ORDER BY RAND() LIMIT 1 [ RunTime:0.0482s ]
SQL: UPDATE song SET listentime = listentime + 1 WHERE id = 2075 [ RunTime:0.0013s ]
INFO: [ app_end ] --START--
INFO: Run Behavior\ShowPageTraceBehavior [ RunTime:0.000814s ]
INFO: [ app_end ] --END-- [ RunTime:0.000846s ]

[ 2018-05-31T23:39:38+08:00 ] 127.0.0.1 /apimusic/get_song_info?songid=2075
INFO: [ app_init ] --START--
INFO: Run Behavior\BuildLiteBehavior [ RunTime:0.000011s ]
INFO: [ app_init ] --END-- [ RunTime:0.000360s ]
INFO: [ app_begin ] --START--
INFO: Run Behavior\ReadHtmlCacheBehavior [ RunTime:0.000608s ]
INFO: [ app_begin ] --END-- [ RunTime:0.000644s ]
SQL: SHOW COLUMNS FROM `song` [ RunTime:0.0060s ]
SQL: SHOW COLUMNS FROM `song` [ RunTime:0.0046s ]
SQL: SELECT a.*,b.albumname,b.issueyear,c.singername FROM song a INNER JOIN singeralbum b ON b.id = a.albumnid INNER JOIN singer c ON c.id = a.singerid WHERE a.id = 2075 [ RunTime:0.0003s ]
SQL: SHOW COLUMNS FROM `singer` [ RunTime:0.0046s ]
SQL: SHOW COLUMNS FROM `singer` [ RunTime:0.0044s ]
SQL: SELECT * FROM `singer` WHERE ( id = 71 )  [ RunTime:0.0002s ]
SQL: SHOW COLUMNS FROM `songlistenrecord` [ RunTime:0.0042s ]
SQL: SHOW COLUMNS FROM `songlistenrecord` [ RunTime:0.0043s ]
SQL: INSERT INTO `songlistenrecord` (`songid`,`songname`,`singername`,`addtime`) VALUES ('2075','不想独自快乐','苏永康','2018-05-31 23:39:38.000000') [ RunTime:0.0016s ]
SQL: select DISTINCT b.*,c.singername from songlistenrecord a INNER JOIN song b ON b.id = a.songid INNER JOIN singer c ON c.id = b.singerid order by a.id DESC limit 0,15 [ RunTime:0.1786s ]
INFO: [ app_end ] --START--
INFO: Run Behavior\ShowPageTraceBehavior [ RunTime:0.000695s ]
INFO: [ app_end ] --END-- [ RunTime:0.000730s ]

[ 2018-05-31T23:43:16+08:00 ] 127.0.0.1 /apimusic/get_song_random?callback=jQuery111102785183047857027_1527778904121&songtype=1&_=1527778904132
INFO: [ app_init ] --START--
INFO: Run Behavior\BuildLiteBehavior [ RunTime:0.000022s ]
INFO: [ app_init ] --END-- [ RunTime:0.000886s ]
INFO: [ app_begin ] --START--
INFO: Run Behavior\ReadHtmlCacheBehavior [ RunTime:0.001265s ]
INFO: [ app_begin ] --END-- [ RunTime:0.001346s ]
NOTIC: [8] Undefined index: sid D:\www\phpweb\music.xingzhi.com\Common\Common\function.php 第 70 行.
SQL: SHOW COLUMNS FROM `song` [ RunTime:0.0056s ]
SQL: SHOW COLUMNS FROM `song` [ RunTime:0.0051s ]
SQL: SELECT song.*, 
				(SELECT singername from singer a WHERE a.id = song.singerid)  as singername,
				(SELECT albumname from singeralbum b WHERE b.id = song.albumnid)  as albumname,
				(SELECT thumbnail from singeralbum b WHERE b.id = song.albumnid)  as thumbnail 
				FROM song WHERE (filetype = 'mp3' OR filetype = 'm4a') AND songtype = 1 ORDER BY RAND() LIMIT 1 [ RunTime:0.0318s ]
SQL: UPDATE song SET listentime = listentime + 1 WHERE id = 786 [ RunTime:0.0090s ]
INFO: [ app_end ] --START--
INFO: Run Behavior\ShowPageTraceBehavior [ RunTime:0.000687s ]
INFO: [ app_end ] --END-- [ RunTime:0.000718s ]

[ 2018-05-31T23:43:16+08:00 ] 127.0.0.1 /apimusic/get_song_info?songid=786
INFO: [ app_init ] --START--
INFO: Run Behavior\BuildLiteBehavior [ RunTime:0.000011s ]
INFO: [ app_init ] --END-- [ RunTime:0.000409s ]
INFO: [ app_begin ] --START--
INFO: Run Behavior\ReadHtmlCacheBehavior [ RunTime:0.000537s ]
INFO: [ app_begin ] --END-- [ RunTime:0.000569s ]
SQL: SHOW COLUMNS FROM `song` [ RunTime:0.0052s ]
SQL: SHOW COLUMNS FROM `song` [ RunTime:0.0046s ]
SQL: SELECT a.*,b.albumname,b.issueyear,c.singername FROM song a INNER JOIN singeralbum b ON b.id = a.albumnid INNER JOIN singer c ON c.id = a.singerid WHERE a.id = 786 [ RunTime:0.0003s ]
SQL: SHOW COLUMNS FROM `singer` [ RunTime:0.0045s ]
SQL: SHOW COLUMNS FROM `singer` [ RunTime:0.0047s ]
SQL: SELECT * FROM `singer` WHERE ( id = 3 )  [ RunTime:0.0003s ]
SQL: SHOW COLUMNS FROM `songlistenrecord` [ RunTime:0.0045s ]
SQL: SHOW COLUMNS FROM `songlistenrecord` [ RunTime:0.0045s ]
SQL: INSERT INTO `songlistenrecord` (`songid`,`songname`,`singername`,`addtime`) VALUES ('786','永远寂寞','刘德华','2018-05-31 23:43:16.000000') [ RunTime:0.0016s ]
SQL: select DISTINCT b.*,c.singername from songlistenrecord a INNER JOIN song b ON b.id = a.songid INNER JOIN singer c ON c.id = b.singerid order by a.id DESC limit 0,15 [ RunTime:0.1766s ]
INFO: [ app_end ] --START--
INFO: Run Behavior\ShowPageTraceBehavior [ RunTime:0.000686s ]
INFO: [ app_end ] --END-- [ RunTime:0.000721s ]

[ 2018-05-31T23:47:00+08:00 ] 127.0.0.1 /apimusic/get_song_random?callback=jQuery111102785183047857027_1527778904121&songtype=1&_=1527778904133
INFO: [ app_init ] --START--
INFO: Run Behavior\BuildLiteBehavior [ RunTime:0.000010s ]
INFO: [ app_init ] --END-- [ RunTime:0.000383s ]
INFO: [ app_begin ] --START--
INFO: Run Behavior\ReadHtmlCacheBehavior [ RunTime:0.000598s ]
INFO: [ app_begin ] --END-- [ RunTime:0.000635s ]
NOTIC: [8] Undefined index: sid D:\www\phpweb\music.xingzhi.com\Common\Common\function.php 第 70 行.
SQL: SHOW COLUMNS FROM `song` [ RunTime:0.0050s ]
SQL: SHOW COLUMNS FROM `song` [ RunTime:0.0047s ]
SQL: SELECT song.*, 
				(SELECT singername from singer a WHERE a.id = song.singerid)  as singername,
				(SELECT albumname from singeralbum b WHERE b.id = song.albumnid)  as albumname,
				(SELECT thumbnail from singeralbum b WHERE b.id = song.albumnid)  as thumbnail 
				FROM song WHERE (filetype = 'mp3' OR filetype = 'm4a') AND songtype = 1 ORDER BY RAND() LIMIT 1 [ RunTime:0.0324s ]
SQL: UPDATE song SET listentime = listentime + 1 WHERE id = 105 [ RunTime:0.0016s ]
INFO: [ app_end ] --START--
INFO: Run Behavior\ShowPageTraceBehavior [ RunTime:0.000639s ]
INFO: [ app_end ] --END-- [ RunTime:0.000670s ]

[ 2018-05-31T23:47:00+08:00 ] 127.0.0.1 /apimusic/get_song_info?songid=105
INFO: [ app_init ] --START--
INFO: Run Behavior\BuildLiteBehavior [ RunTime:0.000011s ]
INFO: [ app_init ] --END-- [ RunTime:0.000334s ]
INFO: [ app_begin ] --START--
INFO: Run Behavior\ReadHtmlCacheBehavior [ RunTime:0.000630s ]
INFO: [ app_begin ] --END-- [ RunTime:0.000663s ]
SQL: SHOW COLUMNS FROM `song` [ RunTime:0.0055s ]
SQL: SHOW COLUMNS FROM `song` [ RunTime:0.0045s ]
SQL: SELECT a.*,b.albumname,b.issueyear,c.singername FROM song a INNER JOIN singeralbum b ON b.id = a.albumnid INNER JOIN singer c ON c.id = a.singerid WHERE a.id = 105 [ RunTime:0.0003s ]
SQL: SHOW COLUMNS FROM `singer` [ RunTime:0.0042s ]
SQL: SHOW COLUMNS FROM `singer` [ RunTime:0.0045s ]
SQL: SELECT * FROM `singer` WHERE ( id = 13 )  [ RunTime:0.0002s ]
SQL: SHOW COLUMNS FROM `songlistenrecord` [ RunTime:0.0047s ]
SQL: SHOW COLUMNS FROM `songlistenrecord` [ RunTime:0.0045s ]
SQL: INSERT INTO `songlistenrecord` (`songid`,`songname`,`singername`,`addtime`) VALUES ('105','The Crow, The Owl And The Dove','Nightwish','2018-05-31 23:47:00.000000') [ RunTime:0.0041s ]
SQL: select DISTINCT b.*,c.singername from songlistenrecord a INNER JOIN song b ON b.id = a.songid INNER JOIN singer c ON c.id = b.singerid order by a.id DESC limit 0,15 [ RunTime:0.1771s ]
INFO: [ app_end ] --START--
INFO: Run Behavior\ShowPageTraceBehavior [ RunTime:0.000621s ]
INFO: [ app_end ] --END-- [ RunTime:0.000657s ]

[ 2018-05-31T23:51:12+08:00 ] 127.0.0.1 /apimusic/get_song_random?callback=jQuery111102785183047857027_1527778904121&songtype=1&_=1527778904134
INFO: [ app_init ] --START--
INFO: Run Behavior\BuildLiteBehavior [ RunTime:0.000021s ]
INFO: [ app_init ] --END-- [ RunTime:0.000779s ]
INFO: [ app_begin ] --START--
INFO: Run Behavior\ReadHtmlCacheBehavior [ RunTime:0.001166s ]
INFO: [ app_begin ] --END-- [ RunTime:0.001246s ]
NOTIC: [8] Undefined index: sid D:\www\phpweb\music.xingzhi.com\Common\Common\function.php 第 70 行.
SQL: SHOW COLUMNS FROM `song` [ RunTime:0.0055s ]
SQL: SHOW COLUMNS FROM `song` [ RunTime:0.0051s ]
SQL: SELECT song.*, 
				(SELECT singername from singer a WHERE a.id = song.singerid)  as singername,
				(SELECT albumname from singeralbum b WHERE b.id = song.albumnid)  as albumname,
				(SELECT thumbnail from singeralbum b WHERE b.id = song.albumnid)  as thumbnail 
				FROM song WHERE (filetype = 'mp3' OR filetype = 'm4a') AND songtype = 1 ORDER BY RAND() LIMIT 1 [ RunTime:0.0347s ]
SQL: UPDATE song SET listentime = listentime + 1 WHERE id = 3552 [ RunTime:0.0043s ]
INFO: [ app_end ] --START--
INFO: Run Behavior\ShowPageTraceBehavior [ RunTime:0.000673s ]
INFO: [ app_end ] --END-- [ RunTime:0.000705s ]

[ 2018-05-31T23:51:12+08:00 ] 127.0.0.1 /apimusic/get_song_info?songid=3552
INFO: [ app_init ] --START--
INFO: Run Behavior\BuildLiteBehavior [ RunTime:0.000010s ]
INFO: [ app_init ] --END-- [ RunTime:0.000356s ]
INFO: [ app_begin ] --START--
INFO: Run Behavior\ReadHtmlCacheBehavior [ RunTime:0.000528s ]
INFO: [ app_begin ] --END-- [ RunTime:0.000560s ]
SQL: SHOW COLUMNS FROM `song` [ RunTime:0.0049s ]
SQL: SHOW COLUMNS FROM `song` [ RunTime:0.0049s ]
SQL: SELECT a.*,b.albumname,b.issueyear,c.singername FROM song a INNER JOIN singeralbum b ON b.id = a.albumnid INNER JOIN singer c ON c.id = a.singerid WHERE a.id = 3552 [ RunTime:0.0003s ]
SQL: SHOW COLUMNS FROM `singer` [ RunTime:0.0043s ]
SQL: SHOW COLUMNS FROM `singer` [ RunTime:0.0045s ]
SQL: SELECT * FROM `singer` WHERE ( id = 129 )  [ RunTime:0.0002s ]
SQL: SHOW COLUMNS FROM `songlistenrecord` [ RunTime:0.0041s ]
SQL: SHOW COLUMNS FROM `songlistenrecord` [ RunTime:0.0042s ]
SQL: INSERT INTO `songlistenrecord` (`songid`,`songname`,`singername`,`addtime`) VALUES ('3552','真世界','伍佰','2018-05-31 23:51:12.000000') [ RunTime:0.0016s ]
SQL: select DISTINCT b.*,c.singername from songlistenrecord a INNER JOIN song b ON b.id = a.songid INNER JOIN singer c ON c.id = b.singerid order by a.id DESC limit 0,15 [ RunTime:0.1757s ]
INFO: [ app_end ] --START--
INFO: Run Behavior\ShowPageTraceBehavior [ RunTime:0.000634s ]
INFO: [ app_end ] --END-- [ RunTime:0.000670s ]

[ 2018-05-31T23:55:52+08:00 ] 127.0.0.1 /apimusic/get_song_random?callback=jQuery111102785183047857027_1527778904121&songtype=1&_=1527778904135
INFO: [ app_init ] --START--
INFO: Run Behavior\BuildLiteBehavior [ RunTime:0.000015s ]
INFO: [ app_init ] --END-- [ RunTime:0.000634s ]
INFO: [ app_begin ] --START--
INFO: Run Behavior\ReadHtmlCacheBehavior [ RunTime:0.000987s ]
INFO: [ app_begin ] --END-- [ RunTime:0.001048s ]
NOTIC: [8] Undefined index: sid D:\www\phpweb\music.xingzhi.com\Common\Common\function.php 第 70 行.
SQL: SHOW COLUMNS FROM `song` [ RunTime:0.0057s ]
SQL: SHOW COLUMNS FROM `song` [ RunTime:0.0044s ]
SQL: SELECT song.*, 
				(SELECT singername from singer a WHERE a.id = song.singerid)  as singername,
				(SELECT albumname from singeralbum b WHERE b.id = song.albumnid)  as albumname,
				(SELECT thumbnail from singeralbum b WHERE b.id = song.albumnid)  as thumbnail 
				FROM song WHERE (filetype = 'mp3' OR filetype = 'm4a') AND songtype = 1 ORDER BY RAND() LIMIT 1 [ RunTime:0.0307s ]
SQL: UPDATE song SET listentime = listentime + 1 WHERE id = 2759 [ RunTime:0.0014s ]
INFO: [ app_end ] --START--
INFO: Run Behavior\ShowPageTraceBehavior [ RunTime:0.000677s ]
INFO: [ app_end ] --END-- [ RunTime:0.000710s ]

[ 2018-05-31T23:55:52+08:00 ] 127.0.0.1 /apimusic/get_song_info?songid=2759
INFO: [ app_init ] --START--
INFO: Run Behavior\BuildLiteBehavior [ RunTime:0.000015s ]
INFO: [ app_init ] --END-- [ RunTime:0.003473s ]
INFO: [ app_begin ] --START--
INFO: Run Behavior\ReadHtmlCacheBehavior [ RunTime:0.000806s ]
INFO: [ app_begin ] --END-- [ RunTime:0.000861s ]
SQL: SHOW COLUMNS FROM `song` [ RunTime:0.0047s ]
SQL: SHOW COLUMNS FROM `song` [ RunTime:0.0043s ]
SQL: SELECT a.*,b.albumname,b.issueyear,c.singername FROM song a INNER JOIN singeralbum b ON b.id = a.albumnid INNER JOIN singer c ON c.id = a.singerid WHERE a.id = 2759 [ RunTime:0.0003s ]
SQL: SHOW COLUMNS FROM `singer` [ RunTime:0.0041s ]
SQL: SHOW COLUMNS FROM `singer` [ RunTime:0.0041s ]
SQL: SELECT * FROM `singer` WHERE ( id = 17 )  [ RunTime:0.0002s ]
SQL: SHOW COLUMNS FROM `songlistenrecord` [ RunTime:0.0051s ]
SQL: SHOW COLUMNS FROM `songlistenrecord` [ RunTime:0.0042s ]
SQL: INSERT INTO `songlistenrecord` (`songid`,`songname`,`singername`,`addtime`) VALUES ('2759','我站在全世界的屋顶','周华建','2018-05-31 23:55:52.000000') [ RunTime:0.0014s ]
SQL: select DISTINCT b.*,c.singername from songlistenrecord a INNER JOIN song b ON b.id = a.songid INNER JOIN singer c ON c.id = b.singerid order by a.id DESC limit 0,15 [ RunTime:0.1766s ]
INFO: [ app_end ] --START--
INFO: Run Behavior\ShowPageTraceBehavior [ RunTime:0.000689s ]
INFO: [ app_end ] --END-- [ RunTime:0.000724s ]

[ 2018-05-31T23:59:20+08:00 ] 127.0.0.1 /apimusic/get_song_random?callback=jQuery111102785183047857027_1527778904121&songtype=1&_=1527778904136
INFO: [ app_init ] --START--
INFO: Run Behavior\BuildLiteBehavior [ RunTime:0.000010s ]
INFO: [ app_init ] --END-- [ RunTime:0.000377s ]
INFO: [ app_begin ] --START--
INFO: Run Behavior\ReadHtmlCacheBehavior [ RunTime:0.000551s ]
INFO: [ app_begin ] --END-- [ RunTime:0.000587s ]
NOTIC: [8] Undefined index: sid D:\www\phpweb\music.xingzhi.com\Common\Common\function.php 第 70 行.
SQL: SHOW COLUMNS FROM `song` [ RunTime:0.0051s ]
SQL: SHOW COLUMNS FROM `song` [ RunTime:0.0049s ]
SQL: SELECT song.*, 
				(SELECT singername from singer a WHERE a.id = song.singerid)  as singername,
				(SELECT albumname from singeralbum b WHERE b.id = song.albumnid)  as albumname,
				(SELECT thumbnail from singeralbum b WHERE b.id = song.albumnid)  as thumbnail 
				FROM song WHERE (filetype = 'mp3' OR filetype = 'm4a') AND songtype = 1 ORDER BY RAND() LIMIT 1 [ RunTime:0.0327s ]
SQL: UPDATE song SET listentime = listentime + 1 WHERE id = 252 [ RunTime:0.0015s ]
INFO: [ app_end ] --START--
INFO: Run Behavior\ShowPageTraceBehavior [ RunTime:0.000751s ]
INFO: [ app_end ] --END-- [ RunTime:0.000785s ]

[ 2018-05-31T23:59:20+08:00 ] 127.0.0.1 /apimusic/get_song_info?songid=252
INFO: [ app_init ] --START--
INFO: Run Behavior\BuildLiteBehavior [ RunTime:0.000011s ]
INFO: [ app_init ] --END-- [ RunTime:0.000338s ]
INFO: [ app_begin ] --START--
INFO: Run Behavior\ReadHtmlCacheBehavior [ RunTime:0.000553s ]
INFO: [ app_begin ] --END-- [ RunTime:0.000588s ]
SQL: SHOW COLUMNS FROM `song` [ RunTime:0.0050s ]
SQL: SHOW COLUMNS FROM `song` [ RunTime:0.0049s ]
SQL: SELECT a.*,b.albumname,b.issueyear,c.singername FROM song a INNER JOIN singeralbum b ON b.id = a.albumnid INNER JOIN singer c ON c.id = a.singerid WHERE a.id = 252 [ RunTime:0.0003s ]
SQL: SHOW COLUMNS FROM `singer` [ RunTime:0.0046s ]
SQL: SHOW COLUMNS FROM `singer` [ RunTime:0.0044s ]
SQL: SELECT * FROM `singer` WHERE ( id = 5 )  [ RunTime:0.0003s ]
SQL: SHOW COLUMNS FROM `songlistenrecord` [ RunTime:0.0048s ]
SQL: SHOW COLUMNS FROM `songlistenrecord` [ RunTime:0.0045s ]
SQL: INSERT INTO `songlistenrecord` (`songid`,`songname`,`singername`,`addtime`) VALUES ('252','Merry Christmas I Love U ','张学友','2018-05-31 23:59:20.000000') [ RunTime:0.0041s ]
SQL: select DISTINCT b.*,c.singername from songlistenrecord a INNER JOIN song b ON b.id = a.songid INNER JOIN singer c ON c.id = b.singerid order by a.id DESC limit 0,15 [ RunTime:0.1893s ]
INFO: [ app_end ] --START--
INFO: Run Behavior\ShowPageTraceBehavior [ RunTime:0.000866s ]
INFO: [ app_end ] --END-- [ RunTime:0.000919s ]

