[ 2017-07-29T12:26:34+08:00 ] 192.168.1.111 /apimusic/get_new_song?callback=jQuery110209042254174621287_1501302394004&index=0&rows=20&_=1501302394005
INFO: [ app_init ] --START--
INFO: Run Behavior\BuildLiteBehavior [ RunTime:0.000014s ]
INFO: [ app_init ] --END-- [ RunTime:0.000441s ]
ERR: 无法加载模块:Apimusic

[ 2017-07-29T12:26:34+08:00 ] 192.168.1.111 /apimusic/get_hot_song?callback=jQuery110209042254174621287_1501302394002&index=0&rows=20&_=1501302394003
INFO: [ app_init ] --START--
INFO: Run Behavior\BuildLiteBehavior [ RunTime:0.000012s ]
INFO: [ app_init ] --END-- [ RunTime:0.000373s ]
ERR: 无法加载模块:Apimusic

[ 2017-07-29T12:26:34+08:00 ] 192.168.1.111 /apimusic/get_record_song?callback=jQuery110209042254174621287_1501302394006&index=0&rows=20&_=1501302394007
INFO: [ app_init ] --START--
INFO: Run Behavior\BuildLiteBehavior [ RunTime:0.000011s ]
INFO: [ app_init ] --END-- [ RunTime:0.000389s ]
ERR: 无法加载模块:Apimusic

[ 2017-07-29T12:26:35+08:00 ] 192.168.1.111 /apimusic/get_hot_song?callback=jQuery1102036141786026211165_1501302395457&index=0&rows=20&_=1501302395458
INFO: [ app_init ] --START--
INFO: Run Behavior\BuildLiteBehavior [ RunTime:0.000012s ]
INFO: [ app_init ] --END-- [ RunTime:0.000370s ]
ERR: 无法加载模块:Apimusic

[ 2017-07-29T12:26:35+08:00 ] 192.168.1.111 /apimusic/get_record_song?callback=jQuery1102036141786026211165_1501302395461&index=0&rows=20&_=1501302395462
INFO: [ app_init ] --START--
INFO: Run Behavior\BuildLiteBehavior [ RunTime:0.000012s ]
INFO: [ app_init ] --END-- [ RunTime:0.000352s ]
ERR: 无法加载模块:Apimusic

[ 2017-07-29T12:26:35+08:00 ] 192.168.1.111 /apimusic/get_new_song?callback=jQuery1102036141786026211165_1501302395459&index=0&rows=20&_=1501302395460
INFO: [ app_init ] --START--
INFO: Run Behavior\BuildLiteBehavior [ RunTime:0.000036s ]
INFO: [ app_init ] --END-- [ RunTime:0.003687s ]
ERR: 无法加载模块:Apimusic

